[2022-08-10 11:46:28,887] {processor.py:163} INFO - Started process (PID=66439) to work on /Library/Frameworks/Python.framework/Versions/3.10/lib/python3.10/site-packages/airflow/example_dags/example_bash_operator.py
[2022-08-10 11:46:28,887] {processor.py:642} INFO - Processing file /Library/Frameworks/Python.framework/Versions/3.10/lib/python3.10/site-packages/airflow/example_dags/example_bash_operator.py for tasks to queue
[2022-08-10 11:46:28,887] {logging_mixin.py:109} INFO - [2022-08-10 11:46:28,887] {dagbag.py:500} INFO - Filling up the DagBag from /Library/Frameworks/Python.framework/Versions/3.10/lib/python3.10/site-packages/airflow/example_dags/example_bash_operator.py
[2022-08-10 11:46:28,894] {processor.py:652} INFO - DAG(s) dict_keys(['example_bash_operator']) retrieved from /Library/Frameworks/Python.framework/Versions/3.10/lib/python3.10/site-packages/airflow/example_dags/example_bash_operator.py
[2022-08-10 11:46:28,909] {logging_mixin.py:109} INFO - [2022-08-10 11:46:28,909] {dag.py:2398} INFO - Sync 1 DAGs
[2022-08-10 11:46:28,930] {logging_mixin.py:109} INFO - [2022-08-10 11:46:28,929] {dag.py:2937} INFO - Setting next_dagrun for example_bash_operator to 2022-08-09 00:00:00+00:00
[2022-08-10 11:46:28,933] {processor.py:171} INFO - Processing /Library/Frameworks/Python.framework/Versions/3.10/lib/python3.10/site-packages/airflow/example_dags/example_bash_operator.py took 0.046 seconds
[2022-08-10 11:52:23,761] {processor.py:163} INFO - Started process (PID=66743) to work on /Library/Frameworks/Python.framework/Versions/3.10/lib/python3.10/site-packages/airflow/example_dags/example_bash_operator.py
[2022-08-10 11:52:23,761] {processor.py:642} INFO - Processing file /Library/Frameworks/Python.framework/Versions/3.10/lib/python3.10/site-packages/airflow/example_dags/example_bash_operator.py for tasks to queue
[2022-08-10 11:52:23,762] {logging_mixin.py:109} INFO - [2022-08-10 11:52:23,762] {dagbag.py:500} INFO - Filling up the DagBag from /Library/Frameworks/Python.framework/Versions/3.10/lib/python3.10/site-packages/airflow/example_dags/example_bash_operator.py
[2022-08-10 11:52:23,767] {processor.py:652} INFO - DAG(s) dict_keys(['example_bash_operator']) retrieved from /Library/Frameworks/Python.framework/Versions/3.10/lib/python3.10/site-packages/airflow/example_dags/example_bash_operator.py
[2022-08-10 11:52:23,779] {logging_mixin.py:109} INFO - [2022-08-10 11:52:23,779] {dag.py:2398} INFO - Sync 1 DAGs
[2022-08-10 11:52:23,796] {logging_mixin.py:109} INFO - [2022-08-10 11:52:23,796] {dag.py:2937} INFO - Setting next_dagrun for example_bash_operator to 2022-08-09 00:00:00+00:00
[2022-08-10 11:52:23,799] {processor.py:171} INFO - Processing /Library/Frameworks/Python.framework/Versions/3.10/lib/python3.10/site-packages/airflow/example_dags/example_bash_operator.py took 0.038 seconds
[2022-08-10 11:53:37,074] {processor.py:163} INFO - Started process (PID=67016) to work on /Library/Frameworks/Python.framework/Versions/3.10/lib/python3.10/site-packages/airflow/example_dags/example_bash_operator.py
[2022-08-10 11:53:37,074] {processor.py:642} INFO - Processing file /Library/Frameworks/Python.framework/Versions/3.10/lib/python3.10/site-packages/airflow/example_dags/example_bash_operator.py for tasks to queue
[2022-08-10 11:53:37,074] {logging_mixin.py:109} INFO - [2022-08-10 11:53:37,074] {dagbag.py:500} INFO - Filling up the DagBag from /Library/Frameworks/Python.framework/Versions/3.10/lib/python3.10/site-packages/airflow/example_dags/example_bash_operator.py
[2022-08-10 11:53:37,079] {processor.py:652} INFO - DAG(s) dict_keys(['example_bash_operator']) retrieved from /Library/Frameworks/Python.framework/Versions/3.10/lib/python3.10/site-packages/airflow/example_dags/example_bash_operator.py
[2022-08-10 11:53:37,091] {logging_mixin.py:109} INFO - [2022-08-10 11:53:37,091] {dag.py:2398} INFO - Sync 1 DAGs
[2022-08-10 11:53:37,108] {logging_mixin.py:109} INFO - [2022-08-10 11:53:37,108] {dag.py:2937} INFO - Setting next_dagrun for example_bash_operator to 2022-08-09 00:00:00+00:00
[2022-08-10 11:53:37,111] {processor.py:171} INFO - Processing /Library/Frameworks/Python.framework/Versions/3.10/lib/python3.10/site-packages/airflow/example_dags/example_bash_operator.py took 0.037 seconds
[2022-08-10 11:54:31,098] {processor.py:163} INFO - Started process (PID=67348) to work on /Library/Frameworks/Python.framework/Versions/3.10/lib/python3.10/site-packages/airflow/example_dags/example_bash_operator.py
[2022-08-10 11:54:31,098] {processor.py:642} INFO - Processing file /Library/Frameworks/Python.framework/Versions/3.10/lib/python3.10/site-packages/airflow/example_dags/example_bash_operator.py for tasks to queue
[2022-08-10 11:54:31,098] {logging_mixin.py:109} INFO - [2022-08-10 11:54:31,098] {dagbag.py:500} INFO - Filling up the DagBag from /Library/Frameworks/Python.framework/Versions/3.10/lib/python3.10/site-packages/airflow/example_dags/example_bash_operator.py
[2022-08-10 11:54:31,104] {processor.py:652} INFO - DAG(s) dict_keys(['example_bash_operator']) retrieved from /Library/Frameworks/Python.framework/Versions/3.10/lib/python3.10/site-packages/airflow/example_dags/example_bash_operator.py
[2022-08-10 11:54:31,116] {logging_mixin.py:109} INFO - [2022-08-10 11:54:31,116] {dag.py:2398} INFO - Sync 1 DAGs
[2022-08-10 11:54:31,134] {logging_mixin.py:109} INFO - [2022-08-10 11:54:31,134] {dag.py:2937} INFO - Setting next_dagrun for example_bash_operator to 2022-08-09 00:00:00+00:00
[2022-08-10 11:54:31,136] {processor.py:171} INFO - Processing /Library/Frameworks/Python.framework/Versions/3.10/lib/python3.10/site-packages/airflow/example_dags/example_bash_operator.py took 0.038 seconds
[2022-08-10 11:55:22,251] {processor.py:163} INFO - Started process (PID=67620) to work on /Library/Frameworks/Python.framework/Versions/3.10/lib/python3.10/site-packages/airflow/example_dags/example_bash_operator.py
[2022-08-10 11:55:22,251] {processor.py:642} INFO - Processing file /Library/Frameworks/Python.framework/Versions/3.10/lib/python3.10/site-packages/airflow/example_dags/example_bash_operator.py for tasks to queue
[2022-08-10 11:55:22,251] {logging_mixin.py:109} INFO - [2022-08-10 11:55:22,251] {dagbag.py:500} INFO - Filling up the DagBag from /Library/Frameworks/Python.framework/Versions/3.10/lib/python3.10/site-packages/airflow/example_dags/example_bash_operator.py
[2022-08-10 11:55:22,256] {processor.py:652} INFO - DAG(s) dict_keys(['example_bash_operator']) retrieved from /Library/Frameworks/Python.framework/Versions/3.10/lib/python3.10/site-packages/airflow/example_dags/example_bash_operator.py
[2022-08-10 11:55:22,268] {logging_mixin.py:109} INFO - [2022-08-10 11:55:22,268] {dag.py:2398} INFO - Sync 1 DAGs
[2022-08-10 11:55:22,285] {logging_mixin.py:109} INFO - [2022-08-10 11:55:22,285] {dag.py:2937} INFO - Setting next_dagrun for example_bash_operator to 2022-08-09 00:00:00+00:00
[2022-08-10 11:55:22,290] {processor.py:171} INFO - Processing /Library/Frameworks/Python.framework/Versions/3.10/lib/python3.10/site-packages/airflow/example_dags/example_bash_operator.py took 0.039 seconds
[2022-08-10 11:56:16,199] {processor.py:163} INFO - Started process (PID=67936) to work on /Library/Frameworks/Python.framework/Versions/3.10/lib/python3.10/site-packages/airflow/example_dags/example_bash_operator.py
[2022-08-10 11:56:16,200] {processor.py:642} INFO - Processing file /Library/Frameworks/Python.framework/Versions/3.10/lib/python3.10/site-packages/airflow/example_dags/example_bash_operator.py for tasks to queue
[2022-08-10 11:56:16,200] {logging_mixin.py:109} INFO - [2022-08-10 11:56:16,200] {dagbag.py:500} INFO - Filling up the DagBag from /Library/Frameworks/Python.framework/Versions/3.10/lib/python3.10/site-packages/airflow/example_dags/example_bash_operator.py
[2022-08-10 11:56:16,205] {processor.py:652} INFO - DAG(s) dict_keys(['example_bash_operator']) retrieved from /Library/Frameworks/Python.framework/Versions/3.10/lib/python3.10/site-packages/airflow/example_dags/example_bash_operator.py
[2022-08-10 11:56:16,217] {logging_mixin.py:109} INFO - [2022-08-10 11:56:16,217] {dag.py:2398} INFO - Sync 1 DAGs
[2022-08-10 11:56:16,235] {logging_mixin.py:109} INFO - [2022-08-10 11:56:16,235] {dag.py:2937} INFO - Setting next_dagrun for example_bash_operator to 2022-08-09 00:00:00+00:00
[2022-08-10 11:56:16,238] {processor.py:171} INFO - Processing /Library/Frameworks/Python.framework/Versions/3.10/lib/python3.10/site-packages/airflow/example_dags/example_bash_operator.py took 0.039 seconds
[2022-08-10 11:57:06,240] {processor.py:163} INFO - Started process (PID=68202) to work on /Library/Frameworks/Python.framework/Versions/3.10/lib/python3.10/site-packages/airflow/example_dags/example_bash_operator.py
[2022-08-10 11:57:06,241] {processor.py:642} INFO - Processing file /Library/Frameworks/Python.framework/Versions/3.10/lib/python3.10/site-packages/airflow/example_dags/example_bash_operator.py for tasks to queue
[2022-08-10 11:57:06,241] {logging_mixin.py:109} INFO - [2022-08-10 11:57:06,241] {dagbag.py:500} INFO - Filling up the DagBag from /Library/Frameworks/Python.framework/Versions/3.10/lib/python3.10/site-packages/airflow/example_dags/example_bash_operator.py
[2022-08-10 11:57:06,246] {processor.py:652} INFO - DAG(s) dict_keys(['example_bash_operator']) retrieved from /Library/Frameworks/Python.framework/Versions/3.10/lib/python3.10/site-packages/airflow/example_dags/example_bash_operator.py
[2022-08-10 11:57:06,258] {logging_mixin.py:109} INFO - [2022-08-10 11:57:06,258] {dag.py:2398} INFO - Sync 1 DAGs
[2022-08-10 11:57:06,275] {logging_mixin.py:109} INFO - [2022-08-10 11:57:06,275] {dag.py:2937} INFO - Setting next_dagrun for example_bash_operator to 2022-08-09 00:00:00+00:00
[2022-08-10 11:57:06,278] {processor.py:171} INFO - Processing /Library/Frameworks/Python.framework/Versions/3.10/lib/python3.10/site-packages/airflow/example_dags/example_bash_operator.py took 0.038 seconds
[2022-08-10 11:57:57,217] {processor.py:163} INFO - Started process (PID=68473) to work on /Library/Frameworks/Python.framework/Versions/3.10/lib/python3.10/site-packages/airflow/example_dags/example_bash_operator.py
[2022-08-10 11:57:57,217] {processor.py:642} INFO - Processing file /Library/Frameworks/Python.framework/Versions/3.10/lib/python3.10/site-packages/airflow/example_dags/example_bash_operator.py for tasks to queue
[2022-08-10 11:57:57,217] {logging_mixin.py:109} INFO - [2022-08-10 11:57:57,217] {dagbag.py:500} INFO - Filling up the DagBag from /Library/Frameworks/Python.framework/Versions/3.10/lib/python3.10/site-packages/airflow/example_dags/example_bash_operator.py
[2022-08-10 11:57:57,223] {processor.py:652} INFO - DAG(s) dict_keys(['example_bash_operator']) retrieved from /Library/Frameworks/Python.framework/Versions/3.10/lib/python3.10/site-packages/airflow/example_dags/example_bash_operator.py
[2022-08-10 11:57:57,235] {logging_mixin.py:109} INFO - [2022-08-10 11:57:57,235] {dag.py:2398} INFO - Sync 1 DAGs
[2022-08-10 11:57:57,253] {logging_mixin.py:109} INFO - [2022-08-10 11:57:57,253] {dag.py:2937} INFO - Setting next_dagrun for example_bash_operator to 2022-08-09 00:00:00+00:00
[2022-08-10 11:57:57,255] {processor.py:171} INFO - Processing /Library/Frameworks/Python.framework/Versions/3.10/lib/python3.10/site-packages/airflow/example_dags/example_bash_operator.py took 0.039 seconds
[2022-08-10 11:58:53,167] {processor.py:163} INFO - Started process (PID=68766) to work on /Library/Frameworks/Python.framework/Versions/3.10/lib/python3.10/site-packages/airflow/example_dags/example_bash_operator.py
[2022-08-10 11:58:53,168] {processor.py:642} INFO - Processing file /Library/Frameworks/Python.framework/Versions/3.10/lib/python3.10/site-packages/airflow/example_dags/example_bash_operator.py for tasks to queue
[2022-08-10 11:58:53,168] {logging_mixin.py:109} INFO - [2022-08-10 11:58:53,168] {dagbag.py:500} INFO - Filling up the DagBag from /Library/Frameworks/Python.framework/Versions/3.10/lib/python3.10/site-packages/airflow/example_dags/example_bash_operator.py
[2022-08-10 11:58:53,173] {processor.py:652} INFO - DAG(s) dict_keys(['example_bash_operator']) retrieved from /Library/Frameworks/Python.framework/Versions/3.10/lib/python3.10/site-packages/airflow/example_dags/example_bash_operator.py
[2022-08-10 11:58:53,186] {logging_mixin.py:109} INFO - [2022-08-10 11:58:53,185] {dag.py:2398} INFO - Sync 1 DAGs
[2022-08-10 11:58:53,202] {logging_mixin.py:109} INFO - [2022-08-10 11:58:53,202] {dag.py:2937} INFO - Setting next_dagrun for example_bash_operator to 2022-08-09 00:00:00+00:00
[2022-08-10 11:58:53,205] {processor.py:171} INFO - Processing /Library/Frameworks/Python.framework/Versions/3.10/lib/python3.10/site-packages/airflow/example_dags/example_bash_operator.py took 0.038 seconds
[2022-08-10 11:59:44,923] {processor.py:163} INFO - Started process (PID=69043) to work on /Library/Frameworks/Python.framework/Versions/3.10/lib/python3.10/site-packages/airflow/example_dags/example_bash_operator.py
[2022-08-10 11:59:44,924] {processor.py:642} INFO - Processing file /Library/Frameworks/Python.framework/Versions/3.10/lib/python3.10/site-packages/airflow/example_dags/example_bash_operator.py for tasks to queue
[2022-08-10 11:59:44,924] {logging_mixin.py:109} INFO - [2022-08-10 11:59:44,924] {dagbag.py:500} INFO - Filling up the DagBag from /Library/Frameworks/Python.framework/Versions/3.10/lib/python3.10/site-packages/airflow/example_dags/example_bash_operator.py
[2022-08-10 11:59:44,929] {processor.py:652} INFO - DAG(s) dict_keys(['example_bash_operator']) retrieved from /Library/Frameworks/Python.framework/Versions/3.10/lib/python3.10/site-packages/airflow/example_dags/example_bash_operator.py
[2022-08-10 11:59:44,941] {logging_mixin.py:109} INFO - [2022-08-10 11:59:44,941] {dag.py:2398} INFO - Sync 1 DAGs
[2022-08-10 11:59:44,958] {logging_mixin.py:109} INFO - [2022-08-10 11:59:44,958] {dag.py:2937} INFO - Setting next_dagrun for example_bash_operator to 2022-08-09 00:00:00+00:00
[2022-08-10 11:59:44,961] {processor.py:171} INFO - Processing /Library/Frameworks/Python.framework/Versions/3.10/lib/python3.10/site-packages/airflow/example_dags/example_bash_operator.py took 0.038 seconds
[2022-08-10 12:00:38,232] {processor.py:163} INFO - Started process (PID=69329) to work on /Library/Frameworks/Python.framework/Versions/3.10/lib/python3.10/site-packages/airflow/example_dags/example_bash_operator.py
[2022-08-10 12:00:38,233] {processor.py:642} INFO - Processing file /Library/Frameworks/Python.framework/Versions/3.10/lib/python3.10/site-packages/airflow/example_dags/example_bash_operator.py for tasks to queue
[2022-08-10 12:00:38,233] {logging_mixin.py:109} INFO - [2022-08-10 12:00:38,233] {dagbag.py:500} INFO - Filling up the DagBag from /Library/Frameworks/Python.framework/Versions/3.10/lib/python3.10/site-packages/airflow/example_dags/example_bash_operator.py
[2022-08-10 12:00:38,238] {processor.py:652} INFO - DAG(s) dict_keys(['example_bash_operator']) retrieved from /Library/Frameworks/Python.framework/Versions/3.10/lib/python3.10/site-packages/airflow/example_dags/example_bash_operator.py
[2022-08-10 12:00:38,250] {logging_mixin.py:109} INFO - [2022-08-10 12:00:38,250] {dag.py:2398} INFO - Sync 1 DAGs
[2022-08-10 12:00:38,267] {logging_mixin.py:109} INFO - [2022-08-10 12:00:38,267] {dag.py:2937} INFO - Setting next_dagrun for example_bash_operator to 2022-08-09 00:00:00+00:00
[2022-08-10 12:00:38,270] {processor.py:171} INFO - Processing /Library/Frameworks/Python.framework/Versions/3.10/lib/python3.10/site-packages/airflow/example_dags/example_bash_operator.py took 0.037 seconds
[2022-08-10 12:01:31,057] {processor.py:163} INFO - Started process (PID=69649) to work on /Library/Frameworks/Python.framework/Versions/3.10/lib/python3.10/site-packages/airflow/example_dags/example_bash_operator.py
[2022-08-10 12:01:31,057] {processor.py:642} INFO - Processing file /Library/Frameworks/Python.framework/Versions/3.10/lib/python3.10/site-packages/airflow/example_dags/example_bash_operator.py for tasks to queue
[2022-08-10 12:01:31,058] {logging_mixin.py:109} INFO - [2022-08-10 12:01:31,057] {dagbag.py:500} INFO - Filling up the DagBag from /Library/Frameworks/Python.framework/Versions/3.10/lib/python3.10/site-packages/airflow/example_dags/example_bash_operator.py
[2022-08-10 12:01:31,062] {processor.py:652} INFO - DAG(s) dict_keys(['example_bash_operator']) retrieved from /Library/Frameworks/Python.framework/Versions/3.10/lib/python3.10/site-packages/airflow/example_dags/example_bash_operator.py
[2022-08-10 12:01:31,075] {logging_mixin.py:109} INFO - [2022-08-10 12:01:31,074] {dag.py:2398} INFO - Sync 1 DAGs
[2022-08-10 12:01:31,091] {logging_mixin.py:109} INFO - [2022-08-10 12:01:31,091] {dag.py:2937} INFO - Setting next_dagrun for example_bash_operator to 2022-08-09 00:00:00+00:00
[2022-08-10 12:01:31,094] {processor.py:171} INFO - Processing /Library/Frameworks/Python.framework/Versions/3.10/lib/python3.10/site-packages/airflow/example_dags/example_bash_operator.py took 0.037 seconds
