[2022-08-10 11:46:24,542] {processor.py:163} INFO - Started process (PID=66421) to work on /Library/Frameworks/Python.framework/Versions/3.10/lib/python3.10/site-packages/airflow/example_dags/example_branch_labels.py
[2022-08-10 11:46:24,542] {processor.py:642} INFO - Processing file /Library/Frameworks/Python.framework/Versions/3.10/lib/python3.10/site-packages/airflow/example_dags/example_branch_labels.py for tasks to queue
[2022-08-10 11:46:24,542] {logging_mixin.py:109} INFO - [2022-08-10 11:46:24,542] {dagbag.py:500} INFO - Filling up the DagBag from /Library/Frameworks/Python.framework/Versions/3.10/lib/python3.10/site-packages/airflow/example_dags/example_branch_labels.py
[2022-08-10 11:46:24,547] {processor.py:652} INFO - DAG(s) dict_keys(['example_branch_labels']) retrieved from /Library/Frameworks/Python.framework/Versions/3.10/lib/python3.10/site-packages/airflow/example_dags/example_branch_labels.py
[2022-08-10 11:46:24,558] {logging_mixin.py:109} INFO - [2022-08-10 11:46:24,558] {dag.py:2398} INFO - Sync 1 DAGs
[2022-08-10 11:46:24,576] {logging_mixin.py:109} INFO - [2022-08-10 11:46:24,575] {dag.py:2937} INFO - Setting next_dagrun for example_branch_labels to 2022-08-09 00:00:00+00:00
[2022-08-10 11:46:24,578] {processor.py:171} INFO - Processing /Library/Frameworks/Python.framework/Versions/3.10/lib/python3.10/site-packages/airflow/example_dags/example_branch_labels.py took 0.037 seconds
[2022-08-10 11:47:16,764] {processor.py:163} INFO - Started process (PID=66713) to work on /Library/Frameworks/Python.framework/Versions/3.10/lib/python3.10/site-packages/airflow/example_dags/example_branch_labels.py
[2022-08-10 11:47:16,764] {processor.py:642} INFO - Processing file /Library/Frameworks/Python.framework/Versions/3.10/lib/python3.10/site-packages/airflow/example_dags/example_branch_labels.py for tasks to queue
[2022-08-10 11:47:16,764] {logging_mixin.py:109} INFO - [2022-08-10 11:47:16,764] {dagbag.py:500} INFO - Filling up the DagBag from /Library/Frameworks/Python.framework/Versions/3.10/lib/python3.10/site-packages/airflow/example_dags/example_branch_labels.py
[2022-08-10 11:47:16,769] {processor.py:652} INFO - DAG(s) dict_keys(['example_branch_labels']) retrieved from /Library/Frameworks/Python.framework/Versions/3.10/lib/python3.10/site-packages/airflow/example_dags/example_branch_labels.py
[2022-08-10 11:47:16,780] {logging_mixin.py:109} INFO - [2022-08-10 11:47:16,780] {dag.py:2398} INFO - Sync 1 DAGs
[2022-08-10 11:47:16,798] {logging_mixin.py:109} INFO - [2022-08-10 11:47:16,798] {dag.py:2937} INFO - Setting next_dagrun for example_branch_labels to 2022-08-09 00:00:00+00:00
[2022-08-10 11:47:16,801] {processor.py:171} INFO - Processing /Library/Frameworks/Python.framework/Versions/3.10/lib/python3.10/site-packages/airflow/example_dags/example_branch_labels.py took 0.037 seconds
[2022-08-10 11:53:23,063] {processor.py:163} INFO - Started process (PID=66945) to work on /Library/Frameworks/Python.framework/Versions/3.10/lib/python3.10/site-packages/airflow/example_dags/example_branch_labels.py
[2022-08-10 11:53:23,063] {processor.py:642} INFO - Processing file /Library/Frameworks/Python.framework/Versions/3.10/lib/python3.10/site-packages/airflow/example_dags/example_branch_labels.py for tasks to queue
[2022-08-10 11:53:23,063] {logging_mixin.py:109} INFO - [2022-08-10 11:53:23,063] {dagbag.py:500} INFO - Filling up the DagBag from /Library/Frameworks/Python.framework/Versions/3.10/lib/python3.10/site-packages/airflow/example_dags/example_branch_labels.py
[2022-08-10 11:53:23,068] {processor.py:652} INFO - DAG(s) dict_keys(['example_branch_labels']) retrieved from /Library/Frameworks/Python.framework/Versions/3.10/lib/python3.10/site-packages/airflow/example_dags/example_branch_labels.py
[2022-08-10 11:53:23,080] {logging_mixin.py:109} INFO - [2022-08-10 11:53:23,080] {dag.py:2398} INFO - Sync 1 DAGs
[2022-08-10 11:53:23,100] {logging_mixin.py:109} INFO - [2022-08-10 11:53:23,100] {dag.py:2937} INFO - Setting next_dagrun for example_branch_labels to 2022-08-09 00:00:00+00:00
[2022-08-10 11:53:23,103] {processor.py:171} INFO - Processing /Library/Frameworks/Python.framework/Versions/3.10/lib/python3.10/site-packages/airflow/example_dags/example_branch_labels.py took 0.040 seconds
[2022-08-10 11:54:16,601] {processor.py:163} INFO - Started process (PID=67279) to work on /Library/Frameworks/Python.framework/Versions/3.10/lib/python3.10/site-packages/airflow/example_dags/example_branch_labels.py
[2022-08-10 11:54:16,601] {processor.py:642} INFO - Processing file /Library/Frameworks/Python.framework/Versions/3.10/lib/python3.10/site-packages/airflow/example_dags/example_branch_labels.py for tasks to queue
[2022-08-10 11:54:16,601] {logging_mixin.py:109} INFO - [2022-08-10 11:54:16,601] {dagbag.py:500} INFO - Filling up the DagBag from /Library/Frameworks/Python.framework/Versions/3.10/lib/python3.10/site-packages/airflow/example_dags/example_branch_labels.py
[2022-08-10 11:54:16,605] {processor.py:652} INFO - DAG(s) dict_keys(['example_branch_labels']) retrieved from /Library/Frameworks/Python.framework/Versions/3.10/lib/python3.10/site-packages/airflow/example_dags/example_branch_labels.py
[2022-08-10 11:54:16,617] {logging_mixin.py:109} INFO - [2022-08-10 11:54:16,617] {dag.py:2398} INFO - Sync 1 DAGs
[2022-08-10 11:54:16,636] {logging_mixin.py:109} INFO - [2022-08-10 11:54:16,636] {dag.py:2937} INFO - Setting next_dagrun for example_branch_labels to 2022-08-09 00:00:00+00:00
[2022-08-10 11:54:16,638] {processor.py:171} INFO - Processing /Library/Frameworks/Python.framework/Versions/3.10/lib/python3.10/site-packages/airflow/example_dags/example_branch_labels.py took 0.038 seconds
[2022-08-10 11:55:07,347] {processor.py:163} INFO - Started process (PID=67548) to work on /Library/Frameworks/Python.framework/Versions/3.10/lib/python3.10/site-packages/airflow/example_dags/example_branch_labels.py
[2022-08-10 11:55:07,347] {processor.py:642} INFO - Processing file /Library/Frameworks/Python.framework/Versions/3.10/lib/python3.10/site-packages/airflow/example_dags/example_branch_labels.py for tasks to queue
[2022-08-10 11:55:07,347] {logging_mixin.py:109} INFO - [2022-08-10 11:55:07,347] {dagbag.py:500} INFO - Filling up the DagBag from /Library/Frameworks/Python.framework/Versions/3.10/lib/python3.10/site-packages/airflow/example_dags/example_branch_labels.py
[2022-08-10 11:55:07,351] {processor.py:652} INFO - DAG(s) dict_keys(['example_branch_labels']) retrieved from /Library/Frameworks/Python.framework/Versions/3.10/lib/python3.10/site-packages/airflow/example_dags/example_branch_labels.py
[2022-08-10 11:55:07,363] {logging_mixin.py:109} INFO - [2022-08-10 11:55:07,363] {dag.py:2398} INFO - Sync 1 DAGs
[2022-08-10 11:55:07,383] {logging_mixin.py:109} INFO - [2022-08-10 11:55:07,383] {dag.py:2937} INFO - Setting next_dagrun for example_branch_labels to 2022-08-09 00:00:00+00:00
[2022-08-10 11:55:07,386] {processor.py:171} INFO - Processing /Library/Frameworks/Python.framework/Versions/3.10/lib/python3.10/site-packages/airflow/example_dags/example_branch_labels.py took 0.039 seconds
[2022-08-10 11:56:01,299] {processor.py:163} INFO - Started process (PID=67845) to work on /Library/Frameworks/Python.framework/Versions/3.10/lib/python3.10/site-packages/airflow/example_dags/example_branch_labels.py
[2022-08-10 11:56:01,300] {processor.py:642} INFO - Processing file /Library/Frameworks/Python.framework/Versions/3.10/lib/python3.10/site-packages/airflow/example_dags/example_branch_labels.py for tasks to queue
[2022-08-10 11:56:01,300] {logging_mixin.py:109} INFO - [2022-08-10 11:56:01,300] {dagbag.py:500} INFO - Filling up the DagBag from /Library/Frameworks/Python.framework/Versions/3.10/lib/python3.10/site-packages/airflow/example_dags/example_branch_labels.py
[2022-08-10 11:56:01,304] {processor.py:652} INFO - DAG(s) dict_keys(['example_branch_labels']) retrieved from /Library/Frameworks/Python.framework/Versions/3.10/lib/python3.10/site-packages/airflow/example_dags/example_branch_labels.py
[2022-08-10 11:56:01,315] {logging_mixin.py:109} INFO - [2022-08-10 11:56:01,315] {dag.py:2398} INFO - Sync 1 DAGs
[2022-08-10 11:56:01,333] {logging_mixin.py:109} INFO - [2022-08-10 11:56:01,333] {dag.py:2937} INFO - Setting next_dagrun for example_branch_labels to 2022-08-09 00:00:00+00:00
[2022-08-10 11:56:01,335] {processor.py:171} INFO - Processing /Library/Frameworks/Python.framework/Versions/3.10/lib/python3.10/site-packages/airflow/example_dags/example_branch_labels.py took 0.036 seconds
[2022-08-10 11:56:52,675] {processor.py:163} INFO - Started process (PID=68129) to work on /Library/Frameworks/Python.framework/Versions/3.10/lib/python3.10/site-packages/airflow/example_dags/example_branch_labels.py
[2022-08-10 11:56:52,675] {processor.py:642} INFO - Processing file /Library/Frameworks/Python.framework/Versions/3.10/lib/python3.10/site-packages/airflow/example_dags/example_branch_labels.py for tasks to queue
[2022-08-10 11:56:52,676] {logging_mixin.py:109} INFO - [2022-08-10 11:56:52,676] {dagbag.py:500} INFO - Filling up the DagBag from /Library/Frameworks/Python.framework/Versions/3.10/lib/python3.10/site-packages/airflow/example_dags/example_branch_labels.py
[2022-08-10 11:56:52,682] {processor.py:652} INFO - DAG(s) dict_keys(['example_branch_labels']) retrieved from /Library/Frameworks/Python.framework/Versions/3.10/lib/python3.10/site-packages/airflow/example_dags/example_branch_labels.py
[2022-08-10 11:56:52,693] {logging_mixin.py:109} INFO - [2022-08-10 11:56:52,693] {dag.py:2398} INFO - Sync 1 DAGs
[2022-08-10 11:56:52,711] {logging_mixin.py:109} INFO - [2022-08-10 11:56:52,711] {dag.py:2937} INFO - Setting next_dagrun for example_branch_labels to 2022-08-09 00:00:00+00:00
[2022-08-10 11:56:52,713] {processor.py:171} INFO - Processing /Library/Frameworks/Python.framework/Versions/3.10/lib/python3.10/site-packages/airflow/example_dags/example_branch_labels.py took 0.039 seconds
[2022-08-10 11:57:42,185] {processor.py:163} INFO - Started process (PID=68389) to work on /Library/Frameworks/Python.framework/Versions/3.10/lib/python3.10/site-packages/airflow/example_dags/example_branch_labels.py
[2022-08-10 11:57:42,186] {processor.py:642} INFO - Processing file /Library/Frameworks/Python.framework/Versions/3.10/lib/python3.10/site-packages/airflow/example_dags/example_branch_labels.py for tasks to queue
[2022-08-10 11:57:42,186] {logging_mixin.py:109} INFO - [2022-08-10 11:57:42,186] {dagbag.py:500} INFO - Filling up the DagBag from /Library/Frameworks/Python.framework/Versions/3.10/lib/python3.10/site-packages/airflow/example_dags/example_branch_labels.py
[2022-08-10 11:57:42,190] {processor.py:652} INFO - DAG(s) dict_keys(['example_branch_labels']) retrieved from /Library/Frameworks/Python.framework/Versions/3.10/lib/python3.10/site-packages/airflow/example_dags/example_branch_labels.py
[2022-08-10 11:57:42,202] {logging_mixin.py:109} INFO - [2022-08-10 11:57:42,202] {dag.py:2398} INFO - Sync 1 DAGs
[2022-08-10 11:57:42,226] {logging_mixin.py:109} INFO - [2022-08-10 11:57:42,226] {dag.py:2937} INFO - Setting next_dagrun for example_branch_labels to 2022-08-09 00:00:00+00:00
[2022-08-10 11:57:42,228] {processor.py:171} INFO - Processing /Library/Frameworks/Python.framework/Versions/3.10/lib/python3.10/site-packages/airflow/example_dags/example_branch_labels.py took 0.044 seconds
[2022-08-10 11:58:25,739] {processor.py:163} INFO - Started process (PID=68620) to work on /Library/Frameworks/Python.framework/Versions/3.10/lib/python3.10/site-packages/airflow/example_dags/example_branch_labels.py
[2022-08-10 11:58:25,740] {processor.py:642} INFO - Processing file /Library/Frameworks/Python.framework/Versions/3.10/lib/python3.10/site-packages/airflow/example_dags/example_branch_labels.py for tasks to queue
[2022-08-10 11:58:25,740] {logging_mixin.py:109} INFO - [2022-08-10 11:58:25,740] {dagbag.py:500} INFO - Filling up the DagBag from /Library/Frameworks/Python.framework/Versions/3.10/lib/python3.10/site-packages/airflow/example_dags/example_branch_labels.py
[2022-08-10 11:58:25,744] {processor.py:652} INFO - DAG(s) dict_keys(['example_branch_labels']) retrieved from /Library/Frameworks/Python.framework/Versions/3.10/lib/python3.10/site-packages/airflow/example_dags/example_branch_labels.py
[2022-08-10 11:58:25,756] {logging_mixin.py:109} INFO - [2022-08-10 11:58:25,755] {dag.py:2398} INFO - Sync 1 DAGs
[2022-08-10 11:58:25,773] {logging_mixin.py:109} INFO - [2022-08-10 11:58:25,773] {dag.py:2937} INFO - Setting next_dagrun for example_branch_labels to 2022-08-09 00:00:00+00:00
[2022-08-10 11:58:25,776] {processor.py:171} INFO - Processing /Library/Frameworks/Python.framework/Versions/3.10/lib/python3.10/site-packages/airflow/example_dags/example_branch_labels.py took 0.037 seconds
[2022-08-10 11:59:20,660] {processor.py:163} INFO - Started process (PID=68909) to work on /Library/Frameworks/Python.framework/Versions/3.10/lib/python3.10/site-packages/airflow/example_dags/example_branch_labels.py
[2022-08-10 11:59:20,660] {processor.py:642} INFO - Processing file /Library/Frameworks/Python.framework/Versions/3.10/lib/python3.10/site-packages/airflow/example_dags/example_branch_labels.py for tasks to queue
[2022-08-10 11:59:20,660] {logging_mixin.py:109} INFO - [2022-08-10 11:59:20,660] {dagbag.py:500} INFO - Filling up the DagBag from /Library/Frameworks/Python.framework/Versions/3.10/lib/python3.10/site-packages/airflow/example_dags/example_branch_labels.py
[2022-08-10 11:59:20,664] {processor.py:652} INFO - DAG(s) dict_keys(['example_branch_labels']) retrieved from /Library/Frameworks/Python.framework/Versions/3.10/lib/python3.10/site-packages/airflow/example_dags/example_branch_labels.py
[2022-08-10 11:59:20,676] {logging_mixin.py:109} INFO - [2022-08-10 11:59:20,676] {dag.py:2398} INFO - Sync 1 DAGs
[2022-08-10 11:59:20,693] {logging_mixin.py:109} INFO - [2022-08-10 11:59:20,693] {dag.py:2937} INFO - Setting next_dagrun for example_branch_labels to 2022-08-09 00:00:00+00:00
[2022-08-10 11:59:20,696] {processor.py:171} INFO - Processing /Library/Frameworks/Python.framework/Versions/3.10/lib/python3.10/site-packages/airflow/example_dags/example_branch_labels.py took 0.036 seconds
[2022-08-10 12:00:10,263] {processor.py:163} INFO - Started process (PID=69175) to work on /Library/Frameworks/Python.framework/Versions/3.10/lib/python3.10/site-packages/airflow/example_dags/example_branch_labels.py
[2022-08-10 12:00:10,263] {processor.py:642} INFO - Processing file /Library/Frameworks/Python.framework/Versions/3.10/lib/python3.10/site-packages/airflow/example_dags/example_branch_labels.py for tasks to queue
[2022-08-10 12:00:10,263] {logging_mixin.py:109} INFO - [2022-08-10 12:00:10,263] {dagbag.py:500} INFO - Filling up the DagBag from /Library/Frameworks/Python.framework/Versions/3.10/lib/python3.10/site-packages/airflow/example_dags/example_branch_labels.py
[2022-08-10 12:00:10,268] {processor.py:652} INFO - DAG(s) dict_keys(['example_branch_labels']) retrieved from /Library/Frameworks/Python.framework/Versions/3.10/lib/python3.10/site-packages/airflow/example_dags/example_branch_labels.py
[2022-08-10 12:00:10,279] {logging_mixin.py:109} INFO - [2022-08-10 12:00:10,279] {dag.py:2398} INFO - Sync 1 DAGs
[2022-08-10 12:00:10,299] {logging_mixin.py:109} INFO - [2022-08-10 12:00:10,299] {dag.py:2937} INFO - Setting next_dagrun for example_branch_labels to 2022-08-09 00:00:00+00:00
[2022-08-10 12:00:10,301] {processor.py:171} INFO - Processing /Library/Frameworks/Python.framework/Versions/3.10/lib/python3.10/site-packages/airflow/example_dags/example_branch_labels.py took 0.038 seconds
[2022-08-10 12:01:05,137] {processor.py:163} INFO - Started process (PID=69466) to work on /Library/Frameworks/Python.framework/Versions/3.10/lib/python3.10/site-packages/airflow/example_dags/example_branch_labels.py
[2022-08-10 12:01:05,137] {processor.py:642} INFO - Processing file /Library/Frameworks/Python.framework/Versions/3.10/lib/python3.10/site-packages/airflow/example_dags/example_branch_labels.py for tasks to queue
[2022-08-10 12:01:05,137] {logging_mixin.py:109} INFO - [2022-08-10 12:01:05,137] {dagbag.py:500} INFO - Filling up the DagBag from /Library/Frameworks/Python.framework/Versions/3.10/lib/python3.10/site-packages/airflow/example_dags/example_branch_labels.py
[2022-08-10 12:01:05,142] {processor.py:652} INFO - DAG(s) dict_keys(['example_branch_labels']) retrieved from /Library/Frameworks/Python.framework/Versions/3.10/lib/python3.10/site-packages/airflow/example_dags/example_branch_labels.py
[2022-08-10 12:01:05,154] {logging_mixin.py:109} INFO - [2022-08-10 12:01:05,153] {dag.py:2398} INFO - Sync 1 DAGs
[2022-08-10 12:01:05,172] {logging_mixin.py:109} INFO - [2022-08-10 12:01:05,172] {dag.py:2937} INFO - Setting next_dagrun for example_branch_labels to 2022-08-09 00:00:00+00:00
[2022-08-10 12:01:05,175] {processor.py:171} INFO - Processing /Library/Frameworks/Python.framework/Versions/3.10/lib/python3.10/site-packages/airflow/example_dags/example_branch_labels.py took 0.038 seconds
[2022-08-10 12:01:55,459] {processor.py:163} INFO - Started process (PID=69827) to work on /Library/Frameworks/Python.framework/Versions/3.10/lib/python3.10/site-packages/airflow/example_dags/example_branch_labels.py
[2022-08-10 12:01:55,459] {processor.py:642} INFO - Processing file /Library/Frameworks/Python.framework/Versions/3.10/lib/python3.10/site-packages/airflow/example_dags/example_branch_labels.py for tasks to queue
[2022-08-10 12:01:55,459] {logging_mixin.py:109} INFO - [2022-08-10 12:01:55,459] {dagbag.py:500} INFO - Filling up the DagBag from /Library/Frameworks/Python.framework/Versions/3.10/lib/python3.10/site-packages/airflow/example_dags/example_branch_labels.py
[2022-08-10 12:01:55,464] {processor.py:652} INFO - DAG(s) dict_keys(['example_branch_labels']) retrieved from /Library/Frameworks/Python.framework/Versions/3.10/lib/python3.10/site-packages/airflow/example_dags/example_branch_labels.py
[2022-08-10 12:01:55,475] {logging_mixin.py:109} INFO - [2022-08-10 12:01:55,475] {dag.py:2398} INFO - Sync 1 DAGs
[2022-08-10 12:01:55,492] {logging_mixin.py:109} INFO - [2022-08-10 12:01:55,492] {dag.py:2937} INFO - Setting next_dagrun for example_branch_labels to 2022-08-09 00:00:00+00:00
[2022-08-10 12:01:55,495] {processor.py:171} INFO - Processing /Library/Frameworks/Python.framework/Versions/3.10/lib/python3.10/site-packages/airflow/example_dags/example_branch_labels.py took 0.036 seconds
