[2022-08-10 11:46:01,556] {processor.py:163} INFO - Started process (PID=66302) to work on /Library/Frameworks/Python.framework/Versions/3.10/lib/python3.10/site-packages/airflow/example_dags/example_time_delta_sensor_async.py
[2022-08-10 11:46:01,556] {processor.py:642} INFO - Processing file /Library/Frameworks/Python.framework/Versions/3.10/lib/python3.10/site-packages/airflow/example_dags/example_time_delta_sensor_async.py for tasks to queue
[2022-08-10 11:46:01,557] {logging_mixin.py:109} INFO - [2022-08-10 11:46:01,557] {dagbag.py:500} INFO - Filling up the DagBag from /Library/Frameworks/Python.framework/Versions/3.10/lib/python3.10/site-packages/airflow/example_dags/example_time_delta_sensor_async.py
[2022-08-10 11:46:01,561] {processor.py:652} INFO - DAG(s) dict_keys(['example_time_delta_sensor_async']) retrieved from /Library/Frameworks/Python.framework/Versions/3.10/lib/python3.10/site-packages/airflow/example_dags/example_time_delta_sensor_async.py
[2022-08-10 11:46:01,565] {logging_mixin.py:109} INFO - [2022-08-10 11:46:01,565] {dag.py:2398} INFO - Sync 1 DAGs
[2022-08-10 11:46:01,589] {logging_mixin.py:109} INFO - [2022-08-10 11:46:01,589] {dag.py:2937} INFO - Setting next_dagrun for example_time_delta_sensor_async to None
[2022-08-10 11:46:01,592] {processor.py:171} INFO - Processing /Library/Frameworks/Python.framework/Versions/3.10/lib/python3.10/site-packages/airflow/example_dags/example_time_delta_sensor_async.py took 0.036 seconds
[2022-08-10 11:46:43,857] {processor.py:163} INFO - Started process (PID=66555) to work on /Library/Frameworks/Python.framework/Versions/3.10/lib/python3.10/site-packages/airflow/example_dags/example_time_delta_sensor_async.py
[2022-08-10 11:46:43,857] {processor.py:642} INFO - Processing file /Library/Frameworks/Python.framework/Versions/3.10/lib/python3.10/site-packages/airflow/example_dags/example_time_delta_sensor_async.py for tasks to queue
[2022-08-10 11:46:43,857] {logging_mixin.py:109} INFO - [2022-08-10 11:46:43,857] {dagbag.py:500} INFO - Filling up the DagBag from /Library/Frameworks/Python.framework/Versions/3.10/lib/python3.10/site-packages/airflow/example_dags/example_time_delta_sensor_async.py
[2022-08-10 11:46:43,862] {processor.py:652} INFO - DAG(s) dict_keys(['example_time_delta_sensor_async']) retrieved from /Library/Frameworks/Python.framework/Versions/3.10/lib/python3.10/site-packages/airflow/example_dags/example_time_delta_sensor_async.py
[2022-08-10 11:46:43,874] {logging_mixin.py:109} INFO - [2022-08-10 11:46:43,874] {dag.py:2398} INFO - Sync 1 DAGs
[2022-08-10 11:46:43,892] {logging_mixin.py:109} INFO - [2022-08-10 11:46:43,892] {dag.py:2937} INFO - Setting next_dagrun for example_time_delta_sensor_async to None
[2022-08-10 11:46:43,894] {processor.py:171} INFO - Processing /Library/Frameworks/Python.framework/Versions/3.10/lib/python3.10/site-packages/airflow/example_dags/example_time_delta_sensor_async.py took 0.038 seconds
[2022-08-10 11:52:59,726] {processor.py:163} INFO - Started process (PID=66821) to work on /Library/Frameworks/Python.framework/Versions/3.10/lib/python3.10/site-packages/airflow/example_dags/example_time_delta_sensor_async.py
[2022-08-10 11:52:59,727] {processor.py:642} INFO - Processing file /Library/Frameworks/Python.framework/Versions/3.10/lib/python3.10/site-packages/airflow/example_dags/example_time_delta_sensor_async.py for tasks to queue
[2022-08-10 11:52:59,727] {logging_mixin.py:109} INFO - [2022-08-10 11:52:59,727] {dagbag.py:500} INFO - Filling up the DagBag from /Library/Frameworks/Python.framework/Versions/3.10/lib/python3.10/site-packages/airflow/example_dags/example_time_delta_sensor_async.py
[2022-08-10 11:52:59,733] {processor.py:652} INFO - DAG(s) dict_keys(['example_time_delta_sensor_async']) retrieved from /Library/Frameworks/Python.framework/Versions/3.10/lib/python3.10/site-packages/airflow/example_dags/example_time_delta_sensor_async.py
[2022-08-10 11:52:59,748] {logging_mixin.py:109} INFO - [2022-08-10 11:52:59,748] {dag.py:2398} INFO - Sync 1 DAGs
[2022-08-10 11:52:59,769] {logging_mixin.py:109} INFO - [2022-08-10 11:52:59,769] {dag.py:2937} INFO - Setting next_dagrun for example_time_delta_sensor_async to None
[2022-08-10 11:52:59,772] {processor.py:171} INFO - Processing /Library/Frameworks/Python.framework/Versions/3.10/lib/python3.10/site-packages/airflow/example_dags/example_time_delta_sensor_async.py took 0.046 seconds
[2022-08-10 11:53:42,555] {processor.py:163} INFO - Started process (PID=67038) to work on /Library/Frameworks/Python.framework/Versions/3.10/lib/python3.10/site-packages/airflow/example_dags/example_time_delta_sensor_async.py
[2022-08-10 11:53:42,555] {processor.py:642} INFO - Processing file /Library/Frameworks/Python.framework/Versions/3.10/lib/python3.10/site-packages/airflow/example_dags/example_time_delta_sensor_async.py for tasks to queue
[2022-08-10 11:53:42,555] {logging_mixin.py:109} INFO - [2022-08-10 11:53:42,555] {dagbag.py:500} INFO - Filling up the DagBag from /Library/Frameworks/Python.framework/Versions/3.10/lib/python3.10/site-packages/airflow/example_dags/example_time_delta_sensor_async.py
[2022-08-10 11:53:42,560] {processor.py:652} INFO - DAG(s) dict_keys(['example_time_delta_sensor_async']) retrieved from /Library/Frameworks/Python.framework/Versions/3.10/lib/python3.10/site-packages/airflow/example_dags/example_time_delta_sensor_async.py
[2022-08-10 11:53:42,572] {logging_mixin.py:109} INFO - [2022-08-10 11:53:42,572] {dag.py:2398} INFO - Sync 1 DAGs
[2022-08-10 11:53:42,589] {logging_mixin.py:109} INFO - [2022-08-10 11:53:42,589] {dag.py:2937} INFO - Setting next_dagrun for example_time_delta_sensor_async to None
[2022-08-10 11:53:42,592] {processor.py:171} INFO - Processing /Library/Frameworks/Python.framework/Versions/3.10/lib/python3.10/site-packages/airflow/example_dags/example_time_delta_sensor_async.py took 0.037 seconds
[2022-08-10 11:54:23,556] {processor.py:163} INFO - Started process (PID=67311) to work on /Library/Frameworks/Python.framework/Versions/3.10/lib/python3.10/site-packages/airflow/example_dags/example_time_delta_sensor_async.py
[2022-08-10 11:54:23,556] {processor.py:642} INFO - Processing file /Library/Frameworks/Python.framework/Versions/3.10/lib/python3.10/site-packages/airflow/example_dags/example_time_delta_sensor_async.py for tasks to queue
[2022-08-10 11:54:23,556] {logging_mixin.py:109} INFO - [2022-08-10 11:54:23,556] {dagbag.py:500} INFO - Filling up the DagBag from /Library/Frameworks/Python.framework/Versions/3.10/lib/python3.10/site-packages/airflow/example_dags/example_time_delta_sensor_async.py
[2022-08-10 11:54:23,560] {processor.py:652} INFO - DAG(s) dict_keys(['example_time_delta_sensor_async']) retrieved from /Library/Frameworks/Python.framework/Versions/3.10/lib/python3.10/site-packages/airflow/example_dags/example_time_delta_sensor_async.py
[2022-08-10 11:54:23,572] {logging_mixin.py:109} INFO - [2022-08-10 11:54:23,572] {dag.py:2398} INFO - Sync 1 DAGs
[2022-08-10 11:54:23,589] {logging_mixin.py:109} INFO - [2022-08-10 11:54:23,589] {dag.py:2937} INFO - Setting next_dagrun for example_time_delta_sensor_async to None
[2022-08-10 11:54:23,591] {processor.py:171} INFO - Processing /Library/Frameworks/Python.framework/Versions/3.10/lib/python3.10/site-packages/airflow/example_dags/example_time_delta_sensor_async.py took 0.036 seconds
[2022-08-10 11:55:01,866] {processor.py:163} INFO - Started process (PID=67513) to work on /Library/Frameworks/Python.framework/Versions/3.10/lib/python3.10/site-packages/airflow/example_dags/example_time_delta_sensor_async.py
[2022-08-10 11:55:01,867] {processor.py:642} INFO - Processing file /Library/Frameworks/Python.framework/Versions/3.10/lib/python3.10/site-packages/airflow/example_dags/example_time_delta_sensor_async.py for tasks to queue
[2022-08-10 11:55:01,867] {logging_mixin.py:109} INFO - [2022-08-10 11:55:01,867] {dagbag.py:500} INFO - Filling up the DagBag from /Library/Frameworks/Python.framework/Versions/3.10/lib/python3.10/site-packages/airflow/example_dags/example_time_delta_sensor_async.py
[2022-08-10 11:55:01,872] {processor.py:652} INFO - DAG(s) dict_keys(['example_time_delta_sensor_async']) retrieved from /Library/Frameworks/Python.framework/Versions/3.10/lib/python3.10/site-packages/airflow/example_dags/example_time_delta_sensor_async.py
[2022-08-10 11:55:01,884] {logging_mixin.py:109} INFO - [2022-08-10 11:55:01,884] {dag.py:2398} INFO - Sync 1 DAGs
[2022-08-10 11:55:01,904] {logging_mixin.py:109} INFO - [2022-08-10 11:55:01,904] {dag.py:2937} INFO - Setting next_dagrun for example_time_delta_sensor_async to None
[2022-08-10 11:55:01,907] {processor.py:171} INFO - Processing /Library/Frameworks/Python.framework/Versions/3.10/lib/python3.10/site-packages/airflow/example_dags/example_time_delta_sensor_async.py took 0.040 seconds
[2022-08-10 11:55:43,121] {processor.py:163} INFO - Started process (PID=67737) to work on /Library/Frameworks/Python.framework/Versions/3.10/lib/python3.10/site-packages/airflow/example_dags/example_time_delta_sensor_async.py
[2022-08-10 11:55:43,121] {processor.py:642} INFO - Processing file /Library/Frameworks/Python.framework/Versions/3.10/lib/python3.10/site-packages/airflow/example_dags/example_time_delta_sensor_async.py for tasks to queue
[2022-08-10 11:55:43,121] {logging_mixin.py:109} INFO - [2022-08-10 11:55:43,121] {dagbag.py:500} INFO - Filling up the DagBag from /Library/Frameworks/Python.framework/Versions/3.10/lib/python3.10/site-packages/airflow/example_dags/example_time_delta_sensor_async.py
[2022-08-10 11:55:43,125] {processor.py:652} INFO - DAG(s) dict_keys(['example_time_delta_sensor_async']) retrieved from /Library/Frameworks/Python.framework/Versions/3.10/lib/python3.10/site-packages/airflow/example_dags/example_time_delta_sensor_async.py
[2022-08-10 11:55:43,137] {logging_mixin.py:109} INFO - [2022-08-10 11:55:43,136] {dag.py:2398} INFO - Sync 1 DAGs
[2022-08-10 11:55:43,154] {logging_mixin.py:109} INFO - [2022-08-10 11:55:43,154] {dag.py:2937} INFO - Setting next_dagrun for example_time_delta_sensor_async to None
[2022-08-10 11:55:43,156] {processor.py:171} INFO - Processing /Library/Frameworks/Python.framework/Versions/3.10/lib/python3.10/site-packages/airflow/example_dags/example_time_delta_sensor_async.py took 0.036 seconds
[2022-08-10 11:56:22,321] {processor.py:163} INFO - Started process (PID=67970) to work on /Library/Frameworks/Python.framework/Versions/3.10/lib/python3.10/site-packages/airflow/example_dags/example_time_delta_sensor_async.py
[2022-08-10 11:56:22,322] {processor.py:642} INFO - Processing file /Library/Frameworks/Python.framework/Versions/3.10/lib/python3.10/site-packages/airflow/example_dags/example_time_delta_sensor_async.py for tasks to queue
[2022-08-10 11:56:22,322] {logging_mixin.py:109} INFO - [2022-08-10 11:56:22,322] {dagbag.py:500} INFO - Filling up the DagBag from /Library/Frameworks/Python.framework/Versions/3.10/lib/python3.10/site-packages/airflow/example_dags/example_time_delta_sensor_async.py
[2022-08-10 11:56:22,328] {processor.py:652} INFO - DAG(s) dict_keys(['example_time_delta_sensor_async']) retrieved from /Library/Frameworks/Python.framework/Versions/3.10/lib/python3.10/site-packages/airflow/example_dags/example_time_delta_sensor_async.py
[2022-08-10 11:56:22,340] {logging_mixin.py:109} INFO - [2022-08-10 11:56:22,340] {dag.py:2398} INFO - Sync 1 DAGs
[2022-08-10 11:56:22,357] {logging_mixin.py:109} INFO - [2022-08-10 11:56:22,357] {dag.py:2937} INFO - Setting next_dagrun for example_time_delta_sensor_async to None
[2022-08-10 11:56:22,359] {processor.py:171} INFO - Processing /Library/Frameworks/Python.framework/Versions/3.10/lib/python3.10/site-packages/airflow/example_dags/example_time_delta_sensor_async.py took 0.038 seconds
[2022-08-10 11:57:00,803] {processor.py:163} INFO - Started process (PID=68170) to work on /Library/Frameworks/Python.framework/Versions/3.10/lib/python3.10/site-packages/airflow/example_dags/example_time_delta_sensor_async.py
[2022-08-10 11:57:00,803] {processor.py:642} INFO - Processing file /Library/Frameworks/Python.framework/Versions/3.10/lib/python3.10/site-packages/airflow/example_dags/example_time_delta_sensor_async.py for tasks to queue
[2022-08-10 11:57:00,803] {logging_mixin.py:109} INFO - [2022-08-10 11:57:00,803] {dagbag.py:500} INFO - Filling up the DagBag from /Library/Frameworks/Python.framework/Versions/3.10/lib/python3.10/site-packages/airflow/example_dags/example_time_delta_sensor_async.py
[2022-08-10 11:57:00,807] {processor.py:652} INFO - DAG(s) dict_keys(['example_time_delta_sensor_async']) retrieved from /Library/Frameworks/Python.framework/Versions/3.10/lib/python3.10/site-packages/airflow/example_dags/example_time_delta_sensor_async.py
[2022-08-10 11:57:00,819] {logging_mixin.py:109} INFO - [2022-08-10 11:57:00,818] {dag.py:2398} INFO - Sync 1 DAGs
[2022-08-10 11:57:00,835] {logging_mixin.py:109} INFO - [2022-08-10 11:57:00,835] {dag.py:2937} INFO - Setting next_dagrun for example_time_delta_sensor_async to None
[2022-08-10 11:57:00,837] {processor.py:171} INFO - Processing /Library/Frameworks/Python.framework/Versions/3.10/lib/python3.10/site-packages/airflow/example_dags/example_time_delta_sensor_async.py took 0.035 seconds
[2022-08-10 11:57:38,190] {processor.py:163} INFO - Started process (PID=68370) to work on /Library/Frameworks/Python.framework/Versions/3.10/lib/python3.10/site-packages/airflow/example_dags/example_time_delta_sensor_async.py
[2022-08-10 11:57:38,190] {processor.py:642} INFO - Processing file /Library/Frameworks/Python.framework/Versions/3.10/lib/python3.10/site-packages/airflow/example_dags/example_time_delta_sensor_async.py for tasks to queue
[2022-08-10 11:57:38,190] {logging_mixin.py:109} INFO - [2022-08-10 11:57:38,190] {dagbag.py:500} INFO - Filling up the DagBag from /Library/Frameworks/Python.framework/Versions/3.10/lib/python3.10/site-packages/airflow/example_dags/example_time_delta_sensor_async.py
[2022-08-10 11:57:38,195] {processor.py:652} INFO - DAG(s) dict_keys(['example_time_delta_sensor_async']) retrieved from /Library/Frameworks/Python.framework/Versions/3.10/lib/python3.10/site-packages/airflow/example_dags/example_time_delta_sensor_async.py
[2022-08-10 11:57:38,207] {logging_mixin.py:109} INFO - [2022-08-10 11:57:38,207] {dag.py:2398} INFO - Sync 1 DAGs
[2022-08-10 11:57:38,224] {logging_mixin.py:109} INFO - [2022-08-10 11:57:38,224] {dag.py:2937} INFO - Setting next_dagrun for example_time_delta_sensor_async to None
[2022-08-10 11:57:38,227] {processor.py:171} INFO - Processing /Library/Frameworks/Python.framework/Versions/3.10/lib/python3.10/site-packages/airflow/example_dags/example_time_delta_sensor_async.py took 0.037 seconds
[2022-08-10 11:58:19,136] {processor.py:163} INFO - Started process (PID=68580) to work on /Library/Frameworks/Python.framework/Versions/3.10/lib/python3.10/site-packages/airflow/example_dags/example_time_delta_sensor_async.py
[2022-08-10 11:58:19,136] {processor.py:642} INFO - Processing file /Library/Frameworks/Python.framework/Versions/3.10/lib/python3.10/site-packages/airflow/example_dags/example_time_delta_sensor_async.py for tasks to queue
[2022-08-10 11:58:19,136] {logging_mixin.py:109} INFO - [2022-08-10 11:58:19,136] {dagbag.py:500} INFO - Filling up the DagBag from /Library/Frameworks/Python.framework/Versions/3.10/lib/python3.10/site-packages/airflow/example_dags/example_time_delta_sensor_async.py
[2022-08-10 11:58:19,140] {processor.py:652} INFO - DAG(s) dict_keys(['example_time_delta_sensor_async']) retrieved from /Library/Frameworks/Python.framework/Versions/3.10/lib/python3.10/site-packages/airflow/example_dags/example_time_delta_sensor_async.py
[2022-08-10 11:58:19,151] {logging_mixin.py:109} INFO - [2022-08-10 11:58:19,151] {dag.py:2398} INFO - Sync 1 DAGs
[2022-08-10 11:58:19,168] {logging_mixin.py:109} INFO - [2022-08-10 11:58:19,168] {dag.py:2937} INFO - Setting next_dagrun for example_time_delta_sensor_async to None
[2022-08-10 11:58:19,171] {processor.py:171} INFO - Processing /Library/Frameworks/Python.framework/Versions/3.10/lib/python3.10/site-packages/airflow/example_dags/example_time_delta_sensor_async.py took 0.035 seconds
[2022-08-10 11:59:00,189] {processor.py:163} INFO - Started process (PID=68793) to work on /Library/Frameworks/Python.framework/Versions/3.10/lib/python3.10/site-packages/airflow/example_dags/example_time_delta_sensor_async.py
[2022-08-10 11:59:00,190] {processor.py:642} INFO - Processing file /Library/Frameworks/Python.framework/Versions/3.10/lib/python3.10/site-packages/airflow/example_dags/example_time_delta_sensor_async.py for tasks to queue
[2022-08-10 11:59:00,190] {logging_mixin.py:109} INFO - [2022-08-10 11:59:00,190] {dagbag.py:500} INFO - Filling up the DagBag from /Library/Frameworks/Python.framework/Versions/3.10/lib/python3.10/site-packages/airflow/example_dags/example_time_delta_sensor_async.py
[2022-08-10 11:59:00,194] {processor.py:652} INFO - DAG(s) dict_keys(['example_time_delta_sensor_async']) retrieved from /Library/Frameworks/Python.framework/Versions/3.10/lib/python3.10/site-packages/airflow/example_dags/example_time_delta_sensor_async.py
[2022-08-10 11:59:00,205] {logging_mixin.py:109} INFO - [2022-08-10 11:59:00,205] {dag.py:2398} INFO - Sync 1 DAGs
[2022-08-10 11:59:00,222] {logging_mixin.py:109} INFO - [2022-08-10 11:59:00,222] {dag.py:2937} INFO - Setting next_dagrun for example_time_delta_sensor_async to None
[2022-08-10 11:59:00,225] {processor.py:171} INFO - Processing /Library/Frameworks/Python.framework/Versions/3.10/lib/python3.10/site-packages/airflow/example_dags/example_time_delta_sensor_async.py took 0.036 seconds
[2022-08-10 11:59:39,466] {processor.py:163} INFO - Started process (PID=69008) to work on /Library/Frameworks/Python.framework/Versions/3.10/lib/python3.10/site-packages/airflow/example_dags/example_time_delta_sensor_async.py
[2022-08-10 11:59:39,466] {processor.py:642} INFO - Processing file /Library/Frameworks/Python.framework/Versions/3.10/lib/python3.10/site-packages/airflow/example_dags/example_time_delta_sensor_async.py for tasks to queue
[2022-08-10 11:59:39,466] {logging_mixin.py:109} INFO - [2022-08-10 11:59:39,466] {dagbag.py:500} INFO - Filling up the DagBag from /Library/Frameworks/Python.framework/Versions/3.10/lib/python3.10/site-packages/airflow/example_dags/example_time_delta_sensor_async.py
[2022-08-10 11:59:39,470] {processor.py:652} INFO - DAG(s) dict_keys(['example_time_delta_sensor_async']) retrieved from /Library/Frameworks/Python.framework/Versions/3.10/lib/python3.10/site-packages/airflow/example_dags/example_time_delta_sensor_async.py
[2022-08-10 11:59:39,482] {logging_mixin.py:109} INFO - [2022-08-10 11:59:39,482] {dag.py:2398} INFO - Sync 1 DAGs
[2022-08-10 11:59:39,498] {logging_mixin.py:109} INFO - [2022-08-10 11:59:39,498] {dag.py:2937} INFO - Setting next_dagrun for example_time_delta_sensor_async to None
[2022-08-10 11:59:39,501] {processor.py:171} INFO - Processing /Library/Frameworks/Python.framework/Versions/3.10/lib/python3.10/site-packages/airflow/example_dags/example_time_delta_sensor_async.py took 0.035 seconds
[2022-08-10 12:00:17,282] {processor.py:163} INFO - Started process (PID=69224) to work on /Library/Frameworks/Python.framework/Versions/3.10/lib/python3.10/site-packages/airflow/example_dags/example_time_delta_sensor_async.py
[2022-08-10 12:00:17,282] {processor.py:642} INFO - Processing file /Library/Frameworks/Python.framework/Versions/3.10/lib/python3.10/site-packages/airflow/example_dags/example_time_delta_sensor_async.py for tasks to queue
[2022-08-10 12:00:17,282] {logging_mixin.py:109} INFO - [2022-08-10 12:00:17,282] {dagbag.py:500} INFO - Filling up the DagBag from /Library/Frameworks/Python.framework/Versions/3.10/lib/python3.10/site-packages/airflow/example_dags/example_time_delta_sensor_async.py
[2022-08-10 12:00:17,286] {processor.py:652} INFO - DAG(s) dict_keys(['example_time_delta_sensor_async']) retrieved from /Library/Frameworks/Python.framework/Versions/3.10/lib/python3.10/site-packages/airflow/example_dags/example_time_delta_sensor_async.py
[2022-08-10 12:00:17,298] {logging_mixin.py:109} INFO - [2022-08-10 12:00:17,298] {dag.py:2398} INFO - Sync 1 DAGs
[2022-08-10 12:00:17,316] {logging_mixin.py:109} INFO - [2022-08-10 12:00:17,316] {dag.py:2937} INFO - Setting next_dagrun for example_time_delta_sensor_async to None
[2022-08-10 12:00:17,319] {processor.py:171} INFO - Processing /Library/Frameworks/Python.framework/Versions/3.10/lib/python3.10/site-packages/airflow/example_dags/example_time_delta_sensor_async.py took 0.038 seconds
[2022-08-10 12:00:58,167] {processor.py:163} INFO - Started process (PID=69433) to work on /Library/Frameworks/Python.framework/Versions/3.10/lib/python3.10/site-packages/airflow/example_dags/example_time_delta_sensor_async.py
[2022-08-10 12:00:58,167] {processor.py:642} INFO - Processing file /Library/Frameworks/Python.framework/Versions/3.10/lib/python3.10/site-packages/airflow/example_dags/example_time_delta_sensor_async.py for tasks to queue
[2022-08-10 12:00:58,167] {logging_mixin.py:109} INFO - [2022-08-10 12:00:58,167] {dagbag.py:500} INFO - Filling up the DagBag from /Library/Frameworks/Python.framework/Versions/3.10/lib/python3.10/site-packages/airflow/example_dags/example_time_delta_sensor_async.py
[2022-08-10 12:00:58,171] {processor.py:652} INFO - DAG(s) dict_keys(['example_time_delta_sensor_async']) retrieved from /Library/Frameworks/Python.framework/Versions/3.10/lib/python3.10/site-packages/airflow/example_dags/example_time_delta_sensor_async.py
[2022-08-10 12:00:58,182] {logging_mixin.py:109} INFO - [2022-08-10 12:00:58,182] {dag.py:2398} INFO - Sync 1 DAGs
[2022-08-10 12:00:58,199] {logging_mixin.py:109} INFO - [2022-08-10 12:00:58,199] {dag.py:2937} INFO - Setting next_dagrun for example_time_delta_sensor_async to None
[2022-08-10 12:00:58,202] {processor.py:171} INFO - Processing /Library/Frameworks/Python.framework/Versions/3.10/lib/python3.10/site-packages/airflow/example_dags/example_time_delta_sensor_async.py took 0.036 seconds
[2022-08-10 12:01:37,965] {processor.py:163} INFO - Started process (PID=69696) to work on /Library/Frameworks/Python.framework/Versions/3.10/lib/python3.10/site-packages/airflow/example_dags/example_time_delta_sensor_async.py
[2022-08-10 12:01:37,966] {processor.py:642} INFO - Processing file /Library/Frameworks/Python.framework/Versions/3.10/lib/python3.10/site-packages/airflow/example_dags/example_time_delta_sensor_async.py for tasks to queue
[2022-08-10 12:01:37,966] {logging_mixin.py:109} INFO - [2022-08-10 12:01:37,966] {dagbag.py:500} INFO - Filling up the DagBag from /Library/Frameworks/Python.framework/Versions/3.10/lib/python3.10/site-packages/airflow/example_dags/example_time_delta_sensor_async.py
[2022-08-10 12:01:37,970] {processor.py:652} INFO - DAG(s) dict_keys(['example_time_delta_sensor_async']) retrieved from /Library/Frameworks/Python.framework/Versions/3.10/lib/python3.10/site-packages/airflow/example_dags/example_time_delta_sensor_async.py
[2022-08-10 12:01:37,981] {logging_mixin.py:109} INFO - [2022-08-10 12:01:37,981] {dag.py:2398} INFO - Sync 1 DAGs
[2022-08-10 12:01:37,998] {logging_mixin.py:109} INFO - [2022-08-10 12:01:37,998] {dag.py:2937} INFO - Setting next_dagrun for example_time_delta_sensor_async to None
[2022-08-10 12:01:38,001] {processor.py:171} INFO - Processing /Library/Frameworks/Python.framework/Versions/3.10/lib/python3.10/site-packages/airflow/example_dags/example_time_delta_sensor_async.py took 0.036 seconds
