[2022-08-10 11:46:13,546] {processor.py:163} INFO - Started process (PID=66370) to work on /Library/Frameworks/Python.framework/Versions/3.10/lib/python3.10/site-packages/airflow/example_dags/example_nested_branch_dag.py
[2022-08-10 11:46:13,546] {processor.py:642} INFO - Processing file /Library/Frameworks/Python.framework/Versions/3.10/lib/python3.10/site-packages/airflow/example_dags/example_nested_branch_dag.py for tasks to queue
[2022-08-10 11:46:13,547] {logging_mixin.py:109} INFO - [2022-08-10 11:46:13,547] {dagbag.py:500} INFO - Filling up the DagBag from /Library/Frameworks/Python.framework/Versions/3.10/lib/python3.10/site-packages/airflow/example_dags/example_nested_branch_dag.py
[2022-08-10 11:46:13,555] {processor.py:652} INFO - DAG(s) dict_keys(['example_nested_branch_dag']) retrieved from /Library/Frameworks/Python.framework/Versions/3.10/lib/python3.10/site-packages/airflow/example_dags/example_nested_branch_dag.py
[2022-08-10 11:46:13,559] {logging_mixin.py:109} INFO - [2022-08-10 11:46:13,559] {dag.py:2398} INFO - Sync 1 DAGs
[2022-08-10 11:46:13,583] {logging_mixin.py:109} INFO - [2022-08-10 11:46:13,583] {dag.py:2937} INFO - Setting next_dagrun for example_nested_branch_dag to 2022-08-09 00:00:00+00:00
[2022-08-10 11:46:13,586] {processor.py:171} INFO - Processing /Library/Frameworks/Python.framework/Versions/3.10/lib/python3.10/site-packages/airflow/example_dags/example_nested_branch_dag.py took 0.040 seconds
[2022-08-10 11:46:56,199] {processor.py:163} INFO - Started process (PID=66606) to work on /Library/Frameworks/Python.framework/Versions/3.10/lib/python3.10/site-packages/airflow/example_dags/example_nested_branch_dag.py
[2022-08-10 11:46:56,201] {processor.py:642} INFO - Processing file /Library/Frameworks/Python.framework/Versions/3.10/lib/python3.10/site-packages/airflow/example_dags/example_nested_branch_dag.py for tasks to queue
[2022-08-10 11:46:56,201] {logging_mixin.py:109} INFO - [2022-08-10 11:46:56,201] {dagbag.py:500} INFO - Filling up the DagBag from /Library/Frameworks/Python.framework/Versions/3.10/lib/python3.10/site-packages/airflow/example_dags/example_nested_branch_dag.py
[2022-08-10 11:46:56,210] {processor.py:652} INFO - DAG(s) dict_keys(['example_nested_branch_dag']) retrieved from /Library/Frameworks/Python.framework/Versions/3.10/lib/python3.10/site-packages/airflow/example_dags/example_nested_branch_dag.py
[2022-08-10 11:46:56,235] {logging_mixin.py:109} INFO - [2022-08-10 11:46:56,235] {dag.py:2398} INFO - Sync 1 DAGs
[2022-08-10 11:46:56,239] {logging_mixin.py:109} INFO - [2022-08-10 11:46:56,239] {dag.py:2937} INFO - Setting next_dagrun for example_nested_branch_dag to 2022-08-09 00:00:00+00:00
[2022-08-10 11:46:56,241] {processor.py:171} INFO - Processing /Library/Frameworks/Python.framework/Versions/3.10/lib/python3.10/site-packages/airflow/example_dags/example_nested_branch_dag.py took 0.042 seconds
[2022-08-10 11:53:12,131] {processor.py:163} INFO - Started process (PID=66888) to work on /Library/Frameworks/Python.framework/Versions/3.10/lib/python3.10/site-packages/airflow/example_dags/example_nested_branch_dag.py
[2022-08-10 11:53:12,131] {processor.py:642} INFO - Processing file /Library/Frameworks/Python.framework/Versions/3.10/lib/python3.10/site-packages/airflow/example_dags/example_nested_branch_dag.py for tasks to queue
[2022-08-10 11:53:12,131] {logging_mixin.py:109} INFO - [2022-08-10 11:53:12,131] {dagbag.py:500} INFO - Filling up the DagBag from /Library/Frameworks/Python.framework/Versions/3.10/lib/python3.10/site-packages/airflow/example_dags/example_nested_branch_dag.py
[2022-08-10 11:53:12,140] {processor.py:652} INFO - DAG(s) dict_keys(['example_nested_branch_dag']) retrieved from /Library/Frameworks/Python.framework/Versions/3.10/lib/python3.10/site-packages/airflow/example_dags/example_nested_branch_dag.py
[2022-08-10 11:53:12,166] {logging_mixin.py:109} INFO - [2022-08-10 11:53:12,166] {dag.py:2398} INFO - Sync 1 DAGs
[2022-08-10 11:53:12,173] {logging_mixin.py:109} INFO - [2022-08-10 11:53:12,173] {dag.py:2937} INFO - Setting next_dagrun for example_nested_branch_dag to 2022-08-09 00:00:00+00:00
[2022-08-10 11:53:12,191] {processor.py:171} INFO - Processing /Library/Frameworks/Python.framework/Versions/3.10/lib/python3.10/site-packages/airflow/example_dags/example_nested_branch_dag.py took 0.061 seconds
[2022-08-10 11:53:54,722] {processor.py:163} INFO - Started process (PID=67100) to work on /Library/Frameworks/Python.framework/Versions/3.10/lib/python3.10/site-packages/airflow/example_dags/example_nested_branch_dag.py
[2022-08-10 11:53:54,722] {processor.py:642} INFO - Processing file /Library/Frameworks/Python.framework/Versions/3.10/lib/python3.10/site-packages/airflow/example_dags/example_nested_branch_dag.py for tasks to queue
[2022-08-10 11:53:54,722] {logging_mixin.py:109} INFO - [2022-08-10 11:53:54,722] {dagbag.py:500} INFO - Filling up the DagBag from /Library/Frameworks/Python.framework/Versions/3.10/lib/python3.10/site-packages/airflow/example_dags/example_nested_branch_dag.py
[2022-08-10 11:53:54,733] {processor.py:652} INFO - DAG(s) dict_keys(['example_nested_branch_dag']) retrieved from /Library/Frameworks/Python.framework/Versions/3.10/lib/python3.10/site-packages/airflow/example_dags/example_nested_branch_dag.py
[2022-08-10 11:53:54,760] {logging_mixin.py:109} INFO - [2022-08-10 11:53:54,760] {dag.py:2398} INFO - Sync 1 DAGs
[2022-08-10 11:53:54,764] {logging_mixin.py:109} INFO - [2022-08-10 11:53:54,764] {dag.py:2937} INFO - Setting next_dagrun for example_nested_branch_dag to 2022-08-09 00:00:00+00:00
[2022-08-10 11:53:54,767] {processor.py:171} INFO - Processing /Library/Frameworks/Python.framework/Versions/3.10/lib/python3.10/site-packages/airflow/example_dags/example_nested_branch_dag.py took 0.045 seconds
[2022-08-10 11:54:37,367] {processor.py:163} INFO - Started process (PID=67386) to work on /Library/Frameworks/Python.framework/Versions/3.10/lib/python3.10/site-packages/airflow/example_dags/example_nested_branch_dag.py
[2022-08-10 11:54:37,368] {processor.py:642} INFO - Processing file /Library/Frameworks/Python.framework/Versions/3.10/lib/python3.10/site-packages/airflow/example_dags/example_nested_branch_dag.py for tasks to queue
[2022-08-10 11:54:37,368] {logging_mixin.py:109} INFO - [2022-08-10 11:54:37,368] {dagbag.py:500} INFO - Filling up the DagBag from /Library/Frameworks/Python.framework/Versions/3.10/lib/python3.10/site-packages/airflow/example_dags/example_nested_branch_dag.py
[2022-08-10 11:54:37,377] {processor.py:652} INFO - DAG(s) dict_keys(['example_nested_branch_dag']) retrieved from /Library/Frameworks/Python.framework/Versions/3.10/lib/python3.10/site-packages/airflow/example_dags/example_nested_branch_dag.py
[2022-08-10 11:54:37,404] {logging_mixin.py:109} INFO - [2022-08-10 11:54:37,404] {dag.py:2398} INFO - Sync 1 DAGs
[2022-08-10 11:54:37,407] {logging_mixin.py:109} INFO - [2022-08-10 11:54:37,407] {dag.py:2937} INFO - Setting next_dagrun for example_nested_branch_dag to 2022-08-09 00:00:00+00:00
[2022-08-10 11:54:37,410] {processor.py:171} INFO - Processing /Library/Frameworks/Python.framework/Versions/3.10/lib/python3.10/site-packages/airflow/example_dags/example_nested_branch_dag.py took 0.043 seconds
[2022-08-10 11:55:18,254] {processor.py:163} INFO - Started process (PID=67603) to work on /Library/Frameworks/Python.framework/Versions/3.10/lib/python3.10/site-packages/airflow/example_dags/example_nested_branch_dag.py
[2022-08-10 11:55:18,254] {processor.py:642} INFO - Processing file /Library/Frameworks/Python.framework/Versions/3.10/lib/python3.10/site-packages/airflow/example_dags/example_nested_branch_dag.py for tasks to queue
[2022-08-10 11:55:18,254] {logging_mixin.py:109} INFO - [2022-08-10 11:55:18,254] {dagbag.py:500} INFO - Filling up the DagBag from /Library/Frameworks/Python.framework/Versions/3.10/lib/python3.10/site-packages/airflow/example_dags/example_nested_branch_dag.py
[2022-08-10 11:55:18,263] {processor.py:652} INFO - DAG(s) dict_keys(['example_nested_branch_dag']) retrieved from /Library/Frameworks/Python.framework/Versions/3.10/lib/python3.10/site-packages/airflow/example_dags/example_nested_branch_dag.py
[2022-08-10 11:55:18,288] {logging_mixin.py:109} INFO - [2022-08-10 11:55:18,288] {dag.py:2398} INFO - Sync 1 DAGs
[2022-08-10 11:55:18,292] {logging_mixin.py:109} INFO - [2022-08-10 11:55:18,292] {dag.py:2937} INFO - Setting next_dagrun for example_nested_branch_dag to 2022-08-09 00:00:00+00:00
[2022-08-10 11:55:18,294] {processor.py:171} INFO - Processing /Library/Frameworks/Python.framework/Versions/3.10/lib/python3.10/site-packages/airflow/example_dags/example_nested_branch_dag.py took 0.041 seconds
[2022-08-10 11:55:59,678] {processor.py:163} INFO - Started process (PID=67826) to work on /Library/Frameworks/Python.framework/Versions/3.10/lib/python3.10/site-packages/airflow/example_dags/example_nested_branch_dag.py
[2022-08-10 11:55:59,679] {processor.py:642} INFO - Processing file /Library/Frameworks/Python.framework/Versions/3.10/lib/python3.10/site-packages/airflow/example_dags/example_nested_branch_dag.py for tasks to queue
[2022-08-10 11:55:59,679] {logging_mixin.py:109} INFO - [2022-08-10 11:55:59,679] {dagbag.py:500} INFO - Filling up the DagBag from /Library/Frameworks/Python.framework/Versions/3.10/lib/python3.10/site-packages/airflow/example_dags/example_nested_branch_dag.py
[2022-08-10 11:55:59,688] {processor.py:652} INFO - DAG(s) dict_keys(['example_nested_branch_dag']) retrieved from /Library/Frameworks/Python.framework/Versions/3.10/lib/python3.10/site-packages/airflow/example_dags/example_nested_branch_dag.py
[2022-08-10 11:55:59,713] {logging_mixin.py:109} INFO - [2022-08-10 11:55:59,713] {dag.py:2398} INFO - Sync 1 DAGs
[2022-08-10 11:55:59,716] {logging_mixin.py:109} INFO - [2022-08-10 11:55:59,716] {dag.py:2937} INFO - Setting next_dagrun for example_nested_branch_dag to 2022-08-09 00:00:00+00:00
[2022-08-10 11:55:59,719] {processor.py:171} INFO - Processing /Library/Frameworks/Python.framework/Versions/3.10/lib/python3.10/site-packages/airflow/example_dags/example_nested_branch_dag.py took 0.041 seconds
[2022-08-10 11:56:49,767] {processor.py:163} INFO - Started process (PID=68109) to work on /Library/Frameworks/Python.framework/Versions/3.10/lib/python3.10/site-packages/airflow/example_dags/example_nested_branch_dag.py
[2022-08-10 11:56:49,767] {processor.py:642} INFO - Processing file /Library/Frameworks/Python.framework/Versions/3.10/lib/python3.10/site-packages/airflow/example_dags/example_nested_branch_dag.py for tasks to queue
[2022-08-10 11:56:49,768] {logging_mixin.py:109} INFO - [2022-08-10 11:56:49,768] {dagbag.py:500} INFO - Filling up the DagBag from /Library/Frameworks/Python.framework/Versions/3.10/lib/python3.10/site-packages/airflow/example_dags/example_nested_branch_dag.py
[2022-08-10 11:56:49,777] {processor.py:652} INFO - DAG(s) dict_keys(['example_nested_branch_dag']) retrieved from /Library/Frameworks/Python.framework/Versions/3.10/lib/python3.10/site-packages/airflow/example_dags/example_nested_branch_dag.py
[2022-08-10 11:56:49,802] {logging_mixin.py:109} INFO - [2022-08-10 11:56:49,802] {dag.py:2398} INFO - Sync 1 DAGs
[2022-08-10 11:56:49,806] {logging_mixin.py:109} INFO - [2022-08-10 11:56:49,806] {dag.py:2937} INFO - Setting next_dagrun for example_nested_branch_dag to 2022-08-09 00:00:00+00:00
[2022-08-10 11:56:49,808] {processor.py:171} INFO - Processing /Library/Frameworks/Python.framework/Versions/3.10/lib/python3.10/site-packages/airflow/example_dags/example_nested_branch_dag.py took 0.042 seconds
[2022-08-10 11:57:39,226] {processor.py:163} INFO - Started process (PID=68371) to work on /Library/Frameworks/Python.framework/Versions/3.10/lib/python3.10/site-packages/airflow/example_dags/example_nested_branch_dag.py
[2022-08-10 11:57:39,226] {processor.py:642} INFO - Processing file /Library/Frameworks/Python.framework/Versions/3.10/lib/python3.10/site-packages/airflow/example_dags/example_nested_branch_dag.py for tasks to queue
[2022-08-10 11:57:39,226] {logging_mixin.py:109} INFO - [2022-08-10 11:57:39,226] {dagbag.py:500} INFO - Filling up the DagBag from /Library/Frameworks/Python.framework/Versions/3.10/lib/python3.10/site-packages/airflow/example_dags/example_nested_branch_dag.py
[2022-08-10 11:57:39,236] {processor.py:652} INFO - DAG(s) dict_keys(['example_nested_branch_dag']) retrieved from /Library/Frameworks/Python.framework/Versions/3.10/lib/python3.10/site-packages/airflow/example_dags/example_nested_branch_dag.py
[2022-08-10 11:57:39,262] {logging_mixin.py:109} INFO - [2022-08-10 11:57:39,262] {dag.py:2398} INFO - Sync 1 DAGs
[2022-08-10 11:57:39,265] {logging_mixin.py:109} INFO - [2022-08-10 11:57:39,265] {dag.py:2937} INFO - Setting next_dagrun for example_nested_branch_dag to 2022-08-09 00:00:00+00:00
[2022-08-10 11:57:39,267] {processor.py:171} INFO - Processing /Library/Frameworks/Python.framework/Versions/3.10/lib/python3.10/site-packages/airflow/example_dags/example_nested_branch_dag.py took 0.042 seconds
[2022-08-10 11:58:19,687] {processor.py:163} INFO - Started process (PID=68581) to work on /Library/Frameworks/Python.framework/Versions/3.10/lib/python3.10/site-packages/airflow/example_dags/example_nested_branch_dag.py
[2022-08-10 11:58:19,687] {processor.py:642} INFO - Processing file /Library/Frameworks/Python.framework/Versions/3.10/lib/python3.10/site-packages/airflow/example_dags/example_nested_branch_dag.py for tasks to queue
[2022-08-10 11:58:19,687] {logging_mixin.py:109} INFO - [2022-08-10 11:58:19,687] {dagbag.py:500} INFO - Filling up the DagBag from /Library/Frameworks/Python.framework/Versions/3.10/lib/python3.10/site-packages/airflow/example_dags/example_nested_branch_dag.py
[2022-08-10 11:58:19,696] {processor.py:652} INFO - DAG(s) dict_keys(['example_nested_branch_dag']) retrieved from /Library/Frameworks/Python.framework/Versions/3.10/lib/python3.10/site-packages/airflow/example_dags/example_nested_branch_dag.py
[2022-08-10 11:58:19,721] {logging_mixin.py:109} INFO - [2022-08-10 11:58:19,721] {dag.py:2398} INFO - Sync 1 DAGs
[2022-08-10 11:58:19,725] {logging_mixin.py:109} INFO - [2022-08-10 11:58:19,725] {dag.py:2937} INFO - Setting next_dagrun for example_nested_branch_dag to 2022-08-09 00:00:00+00:00
[2022-08-10 11:58:19,727] {processor.py:171} INFO - Processing /Library/Frameworks/Python.framework/Versions/3.10/lib/python3.10/site-packages/airflow/example_dags/example_nested_branch_dag.py took 0.041 seconds
[2022-08-10 11:59:01,287] {processor.py:163} INFO - Started process (PID=68810) to work on /Library/Frameworks/Python.framework/Versions/3.10/lib/python3.10/site-packages/airflow/example_dags/example_nested_branch_dag.py
[2022-08-10 11:59:01,288] {processor.py:642} INFO - Processing file /Library/Frameworks/Python.framework/Versions/3.10/lib/python3.10/site-packages/airflow/example_dags/example_nested_branch_dag.py for tasks to queue
[2022-08-10 11:59:01,288] {logging_mixin.py:109} INFO - [2022-08-10 11:59:01,288] {dagbag.py:500} INFO - Filling up the DagBag from /Library/Frameworks/Python.framework/Versions/3.10/lib/python3.10/site-packages/airflow/example_dags/example_nested_branch_dag.py
[2022-08-10 11:59:01,296] {processor.py:652} INFO - DAG(s) dict_keys(['example_nested_branch_dag']) retrieved from /Library/Frameworks/Python.framework/Versions/3.10/lib/python3.10/site-packages/airflow/example_dags/example_nested_branch_dag.py
[2022-08-10 11:59:01,323] {logging_mixin.py:109} INFO - [2022-08-10 11:59:01,323] {dag.py:2398} INFO - Sync 1 DAGs
[2022-08-10 11:59:01,326] {logging_mixin.py:109} INFO - [2022-08-10 11:59:01,326] {dag.py:2937} INFO - Setting next_dagrun for example_nested_branch_dag to 2022-08-09 00:00:00+00:00
[2022-08-10 11:59:01,329] {processor.py:171} INFO - Processing /Library/Frameworks/Python.framework/Versions/3.10/lib/python3.10/site-packages/airflow/example_dags/example_nested_branch_dag.py took 0.041 seconds
[2022-08-10 11:59:40,923] {processor.py:163} INFO - Started process (PID=69019) to work on /Library/Frameworks/Python.framework/Versions/3.10/lib/python3.10/site-packages/airflow/example_dags/example_nested_branch_dag.py
[2022-08-10 11:59:40,924] {processor.py:642} INFO - Processing file /Library/Frameworks/Python.framework/Versions/3.10/lib/python3.10/site-packages/airflow/example_dags/example_nested_branch_dag.py for tasks to queue
[2022-08-10 11:59:40,924] {logging_mixin.py:109} INFO - [2022-08-10 11:59:40,924] {dagbag.py:500} INFO - Filling up the DagBag from /Library/Frameworks/Python.framework/Versions/3.10/lib/python3.10/site-packages/airflow/example_dags/example_nested_branch_dag.py
[2022-08-10 11:59:40,933] {processor.py:652} INFO - DAG(s) dict_keys(['example_nested_branch_dag']) retrieved from /Library/Frameworks/Python.framework/Versions/3.10/lib/python3.10/site-packages/airflow/example_dags/example_nested_branch_dag.py
[2022-08-10 11:59:40,959] {logging_mixin.py:109} INFO - [2022-08-10 11:59:40,959] {dag.py:2398} INFO - Sync 1 DAGs
[2022-08-10 11:59:40,962] {logging_mixin.py:109} INFO - [2022-08-10 11:59:40,962] {dag.py:2937} INFO - Setting next_dagrun for example_nested_branch_dag to 2022-08-09 00:00:00+00:00
[2022-08-10 11:59:40,965] {processor.py:171} INFO - Processing /Library/Frameworks/Python.framework/Versions/3.10/lib/python3.10/site-packages/airflow/example_dags/example_nested_branch_dag.py took 0.042 seconds
[2022-08-10 12:00:21,785] {processor.py:163} INFO - Started process (PID=69244) to work on /Library/Frameworks/Python.framework/Versions/3.10/lib/python3.10/site-packages/airflow/example_dags/example_nested_branch_dag.py
[2022-08-10 12:00:21,785] {processor.py:642} INFO - Processing file /Library/Frameworks/Python.framework/Versions/3.10/lib/python3.10/site-packages/airflow/example_dags/example_nested_branch_dag.py for tasks to queue
[2022-08-10 12:00:21,785] {logging_mixin.py:109} INFO - [2022-08-10 12:00:21,785] {dagbag.py:500} INFO - Filling up the DagBag from /Library/Frameworks/Python.framework/Versions/3.10/lib/python3.10/site-packages/airflow/example_dags/example_nested_branch_dag.py
[2022-08-10 12:00:21,794] {processor.py:652} INFO - DAG(s) dict_keys(['example_nested_branch_dag']) retrieved from /Library/Frameworks/Python.framework/Versions/3.10/lib/python3.10/site-packages/airflow/example_dags/example_nested_branch_dag.py
[2022-08-10 12:00:21,820] {logging_mixin.py:109} INFO - [2022-08-10 12:00:21,819] {dag.py:2398} INFO - Sync 1 DAGs
[2022-08-10 12:00:21,823] {logging_mixin.py:109} INFO - [2022-08-10 12:00:21,823] {dag.py:2937} INFO - Setting next_dagrun for example_nested_branch_dag to 2022-08-09 00:00:00+00:00
[2022-08-10 12:00:21,825] {processor.py:171} INFO - Processing /Library/Frameworks/Python.framework/Versions/3.10/lib/python3.10/site-packages/airflow/example_dags/example_nested_branch_dag.py took 0.041 seconds
[2022-08-10 12:01:02,183] {processor.py:163} INFO - Started process (PID=69453) to work on /Library/Frameworks/Python.framework/Versions/3.10/lib/python3.10/site-packages/airflow/example_dags/example_nested_branch_dag.py
[2022-08-10 12:01:02,183] {processor.py:642} INFO - Processing file /Library/Frameworks/Python.framework/Versions/3.10/lib/python3.10/site-packages/airflow/example_dags/example_nested_branch_dag.py for tasks to queue
[2022-08-10 12:01:02,183] {logging_mixin.py:109} INFO - [2022-08-10 12:01:02,183] {dagbag.py:500} INFO - Filling up the DagBag from /Library/Frameworks/Python.framework/Versions/3.10/lib/python3.10/site-packages/airflow/example_dags/example_nested_branch_dag.py
[2022-08-10 12:01:02,192] {processor.py:652} INFO - DAG(s) dict_keys(['example_nested_branch_dag']) retrieved from /Library/Frameworks/Python.framework/Versions/3.10/lib/python3.10/site-packages/airflow/example_dags/example_nested_branch_dag.py
[2022-08-10 12:01:02,218] {logging_mixin.py:109} INFO - [2022-08-10 12:01:02,218] {dag.py:2398} INFO - Sync 1 DAGs
[2022-08-10 12:01:02,221] {logging_mixin.py:109} INFO - [2022-08-10 12:01:02,221] {dag.py:2937} INFO - Setting next_dagrun for example_nested_branch_dag to 2022-08-09 00:00:00+00:00
[2022-08-10 12:01:02,224] {processor.py:171} INFO - Processing /Library/Frameworks/Python.framework/Versions/3.10/lib/python3.10/site-packages/airflow/example_dags/example_nested_branch_dag.py took 0.041 seconds
[2022-08-10 12:01:52,916] {processor.py:163} INFO - Started process (PID=69806) to work on /Library/Frameworks/Python.framework/Versions/3.10/lib/python3.10/site-packages/airflow/example_dags/example_nested_branch_dag.py
[2022-08-10 12:01:52,916] {processor.py:642} INFO - Processing file /Library/Frameworks/Python.framework/Versions/3.10/lib/python3.10/site-packages/airflow/example_dags/example_nested_branch_dag.py for tasks to queue
[2022-08-10 12:01:52,916] {logging_mixin.py:109} INFO - [2022-08-10 12:01:52,916] {dagbag.py:500} INFO - Filling up the DagBag from /Library/Frameworks/Python.framework/Versions/3.10/lib/python3.10/site-packages/airflow/example_dags/example_nested_branch_dag.py
[2022-08-10 12:01:52,925] {processor.py:652} INFO - DAG(s) dict_keys(['example_nested_branch_dag']) retrieved from /Library/Frameworks/Python.framework/Versions/3.10/lib/python3.10/site-packages/airflow/example_dags/example_nested_branch_dag.py
[2022-08-10 12:01:52,950] {logging_mixin.py:109} INFO - [2022-08-10 12:01:52,950] {dag.py:2398} INFO - Sync 1 DAGs
[2022-08-10 12:01:52,953] {logging_mixin.py:109} INFO - [2022-08-10 12:01:52,953] {dag.py:2937} INFO - Setting next_dagrun for example_nested_branch_dag to 2022-08-09 00:00:00+00:00
[2022-08-10 12:01:52,956] {processor.py:171} INFO - Processing /Library/Frameworks/Python.framework/Versions/3.10/lib/python3.10/site-packages/airflow/example_dags/example_nested_branch_dag.py took 0.040 seconds
