[2022-08-10 11:46:10,997] {processor.py:163} INFO - Started process (PID=66350) to work on /Library/Frameworks/Python.framework/Versions/3.10/lib/python3.10/site-packages/airflow/example_dags/example_python_operator.py
[2022-08-10 11:46:10,997] {processor.py:642} INFO - Processing file /Library/Frameworks/Python.framework/Versions/3.10/lib/python3.10/site-packages/airflow/example_dags/example_python_operator.py for tasks to queue
[2022-08-10 11:46:10,998] {logging_mixin.py:109} INFO - [2022-08-10 11:46:10,998] {dagbag.py:500} INFO - Filling up the DagBag from /Library/Frameworks/Python.framework/Versions/3.10/lib/python3.10/site-packages/airflow/example_dags/example_python_operator.py
[2022-08-10 11:46:11,005] {logging_mixin.py:109} INFO - [2022-08-10 11:46:11,005] {example_python_operator.py:68} WARNING - The virtalenv_python example task requires virtualenv, please install it.
[2022-08-10 11:46:11,007] {processor.py:652} INFO - DAG(s) dict_keys(['example_python_operator']) retrieved from /Library/Frameworks/Python.framework/Versions/3.10/lib/python3.10/site-packages/airflow/example_dags/example_python_operator.py
[2022-08-10 11:46:11,011] {logging_mixin.py:109} INFO - [2022-08-10 11:46:11,011] {dag.py:2398} INFO - Sync 1 DAGs
[2022-08-10 11:46:11,035] {logging_mixin.py:109} INFO - [2022-08-10 11:46:11,035] {dag.py:2937} INFO - Setting next_dagrun for example_python_operator to None
[2022-08-10 11:46:11,037] {processor.py:171} INFO - Processing /Library/Frameworks/Python.framework/Versions/3.10/lib/python3.10/site-packages/airflow/example_dags/example_python_operator.py took 0.040 seconds
[2022-08-10 11:46:53,295] {processor.py:163} INFO - Started process (PID=66602) to work on /Library/Frameworks/Python.framework/Versions/3.10/lib/python3.10/site-packages/airflow/example_dags/example_python_operator.py
[2022-08-10 11:46:53,296] {processor.py:642} INFO - Processing file /Library/Frameworks/Python.framework/Versions/3.10/lib/python3.10/site-packages/airflow/example_dags/example_python_operator.py for tasks to queue
[2022-08-10 11:46:53,297] {logging_mixin.py:109} INFO - [2022-08-10 11:46:53,297] {dagbag.py:500} INFO - Filling up the DagBag from /Library/Frameworks/Python.framework/Versions/3.10/lib/python3.10/site-packages/airflow/example_dags/example_python_operator.py
[2022-08-10 11:46:53,304] {logging_mixin.py:109} INFO - [2022-08-10 11:46:53,304] {example_python_operator.py:68} WARNING - The virtalenv_python example task requires virtualenv, please install it.
[2022-08-10 11:46:53,306] {processor.py:652} INFO - DAG(s) dict_keys(['example_python_operator']) retrieved from /Library/Frameworks/Python.framework/Versions/3.10/lib/python3.10/site-packages/airflow/example_dags/example_python_operator.py
[2022-08-10 11:46:53,332] {logging_mixin.py:109} INFO - [2022-08-10 11:46:53,332] {dag.py:2398} INFO - Sync 1 DAGs
[2022-08-10 11:46:53,334] {logging_mixin.py:109} INFO - [2022-08-10 11:46:53,334] {dag.py:2937} INFO - Setting next_dagrun for example_python_operator to None
[2022-08-10 11:46:53,337] {processor.py:171} INFO - Processing /Library/Frameworks/Python.framework/Versions/3.10/lib/python3.10/site-packages/airflow/example_dags/example_python_operator.py took 0.042 seconds
[2022-08-10 11:53:09,538] {processor.py:163} INFO - Started process (PID=66873) to work on /Library/Frameworks/Python.framework/Versions/3.10/lib/python3.10/site-packages/airflow/example_dags/example_python_operator.py
[2022-08-10 11:53:09,538] {processor.py:642} INFO - Processing file /Library/Frameworks/Python.framework/Versions/3.10/lib/python3.10/site-packages/airflow/example_dags/example_python_operator.py for tasks to queue
[2022-08-10 11:53:09,539] {logging_mixin.py:109} INFO - [2022-08-10 11:53:09,539] {dagbag.py:500} INFO - Filling up the DagBag from /Library/Frameworks/Python.framework/Versions/3.10/lib/python3.10/site-packages/airflow/example_dags/example_python_operator.py
[2022-08-10 11:53:09,546] {logging_mixin.py:109} INFO - [2022-08-10 11:53:09,546] {example_python_operator.py:68} WARNING - The virtalenv_python example task requires virtualenv, please install it.
[2022-08-10 11:53:09,548] {processor.py:652} INFO - DAG(s) dict_keys(['example_python_operator']) retrieved from /Library/Frameworks/Python.framework/Versions/3.10/lib/python3.10/site-packages/airflow/example_dags/example_python_operator.py
[2022-08-10 11:53:09,575] {logging_mixin.py:109} INFO - [2022-08-10 11:53:09,575] {dag.py:2398} INFO - Sync 1 DAGs
[2022-08-10 11:53:09,578] {logging_mixin.py:109} INFO - [2022-08-10 11:53:09,578] {dag.py:2937} INFO - Setting next_dagrun for example_python_operator to None
[2022-08-10 11:53:09,581] {processor.py:171} INFO - Processing /Library/Frameworks/Python.framework/Versions/3.10/lib/python3.10/site-packages/airflow/example_dags/example_python_operator.py took 0.043 seconds
[2022-08-10 11:53:52,182] {processor.py:163} INFO - Started process (PID=67089) to work on /Library/Frameworks/Python.framework/Versions/3.10/lib/python3.10/site-packages/airflow/example_dags/example_python_operator.py
[2022-08-10 11:53:52,182] {processor.py:642} INFO - Processing file /Library/Frameworks/Python.framework/Versions/3.10/lib/python3.10/site-packages/airflow/example_dags/example_python_operator.py for tasks to queue
[2022-08-10 11:53:52,182] {logging_mixin.py:109} INFO - [2022-08-10 11:53:52,182] {dagbag.py:500} INFO - Filling up the DagBag from /Library/Frameworks/Python.framework/Versions/3.10/lib/python3.10/site-packages/airflow/example_dags/example_python_operator.py
[2022-08-10 11:53:52,189] {logging_mixin.py:109} INFO - [2022-08-10 11:53:52,189] {example_python_operator.py:68} WARNING - The virtalenv_python example task requires virtualenv, please install it.
[2022-08-10 11:53:52,191] {processor.py:652} INFO - DAG(s) dict_keys(['example_python_operator']) retrieved from /Library/Frameworks/Python.framework/Versions/3.10/lib/python3.10/site-packages/airflow/example_dags/example_python_operator.py
[2022-08-10 11:53:52,217] {logging_mixin.py:109} INFO - [2022-08-10 11:53:52,217] {dag.py:2398} INFO - Sync 1 DAGs
[2022-08-10 11:53:52,220] {logging_mixin.py:109} INFO - [2022-08-10 11:53:52,220] {dag.py:2937} INFO - Setting next_dagrun for example_python_operator to None
[2022-08-10 11:53:52,222] {processor.py:171} INFO - Processing /Library/Frameworks/Python.framework/Versions/3.10/lib/python3.10/site-packages/airflow/example_dags/example_python_operator.py took 0.040 seconds
[2022-08-10 11:54:34,466] {processor.py:163} INFO - Started process (PID=67366) to work on /Library/Frameworks/Python.framework/Versions/3.10/lib/python3.10/site-packages/airflow/example_dags/example_python_operator.py
[2022-08-10 11:54:34,466] {processor.py:642} INFO - Processing file /Library/Frameworks/Python.framework/Versions/3.10/lib/python3.10/site-packages/airflow/example_dags/example_python_operator.py for tasks to queue
[2022-08-10 11:54:34,467] {logging_mixin.py:109} INFO - [2022-08-10 11:54:34,467] {dagbag.py:500} INFO - Filling up the DagBag from /Library/Frameworks/Python.framework/Versions/3.10/lib/python3.10/site-packages/airflow/example_dags/example_python_operator.py
[2022-08-10 11:54:34,474] {logging_mixin.py:109} INFO - [2022-08-10 11:54:34,474] {example_python_operator.py:68} WARNING - The virtalenv_python example task requires virtualenv, please install it.
[2022-08-10 11:54:34,476] {processor.py:652} INFO - DAG(s) dict_keys(['example_python_operator']) retrieved from /Library/Frameworks/Python.framework/Versions/3.10/lib/python3.10/site-packages/airflow/example_dags/example_python_operator.py
[2022-08-10 11:54:34,502] {logging_mixin.py:109} INFO - [2022-08-10 11:54:34,502] {dag.py:2398} INFO - Sync 1 DAGs
[2022-08-10 11:54:34,505] {logging_mixin.py:109} INFO - [2022-08-10 11:54:34,505] {dag.py:2937} INFO - Setting next_dagrun for example_python_operator to None
[2022-08-10 11:54:34,507] {processor.py:171} INFO - Processing /Library/Frameworks/Python.framework/Versions/3.10/lib/python3.10/site-packages/airflow/example_dags/example_python_operator.py took 0.042 seconds
[2022-08-10 11:55:15,718] {processor.py:163} INFO - Started process (PID=67584) to work on /Library/Frameworks/Python.framework/Versions/3.10/lib/python3.10/site-packages/airflow/example_dags/example_python_operator.py
[2022-08-10 11:55:15,718] {processor.py:642} INFO - Processing file /Library/Frameworks/Python.framework/Versions/3.10/lib/python3.10/site-packages/airflow/example_dags/example_python_operator.py for tasks to queue
[2022-08-10 11:55:15,718] {logging_mixin.py:109} INFO - [2022-08-10 11:55:15,718] {dagbag.py:500} INFO - Filling up the DagBag from /Library/Frameworks/Python.framework/Versions/3.10/lib/python3.10/site-packages/airflow/example_dags/example_python_operator.py
[2022-08-10 11:55:15,725] {logging_mixin.py:109} INFO - [2022-08-10 11:55:15,725] {example_python_operator.py:68} WARNING - The virtalenv_python example task requires virtualenv, please install it.
[2022-08-10 11:55:15,727] {processor.py:652} INFO - DAG(s) dict_keys(['example_python_operator']) retrieved from /Library/Frameworks/Python.framework/Versions/3.10/lib/python3.10/site-packages/airflow/example_dags/example_python_operator.py
[2022-08-10 11:55:15,753] {logging_mixin.py:109} INFO - [2022-08-10 11:55:15,753] {dag.py:2398} INFO - Sync 1 DAGs
[2022-08-10 11:55:15,756] {logging_mixin.py:109} INFO - [2022-08-10 11:55:15,756] {dag.py:2937} INFO - Setting next_dagrun for example_python_operator to None
[2022-08-10 11:55:15,758] {processor.py:171} INFO - Processing /Library/Frameworks/Python.framework/Versions/3.10/lib/python3.10/site-packages/airflow/example_dags/example_python_operator.py took 0.041 seconds
[2022-08-10 11:55:56,777] {processor.py:163} INFO - Started process (PID=67812) to work on /Library/Frameworks/Python.framework/Versions/3.10/lib/python3.10/site-packages/airflow/example_dags/example_python_operator.py
[2022-08-10 11:55:56,777] {processor.py:642} INFO - Processing file /Library/Frameworks/Python.framework/Versions/3.10/lib/python3.10/site-packages/airflow/example_dags/example_python_operator.py for tasks to queue
[2022-08-10 11:55:56,778] {logging_mixin.py:109} INFO - [2022-08-10 11:55:56,778] {dagbag.py:500} INFO - Filling up the DagBag from /Library/Frameworks/Python.framework/Versions/3.10/lib/python3.10/site-packages/airflow/example_dags/example_python_operator.py
[2022-08-10 11:55:56,785] {logging_mixin.py:109} INFO - [2022-08-10 11:55:56,785] {example_python_operator.py:68} WARNING - The virtalenv_python example task requires virtualenv, please install it.
[2022-08-10 11:55:56,787] {processor.py:652} INFO - DAG(s) dict_keys(['example_python_operator']) retrieved from /Library/Frameworks/Python.framework/Versions/3.10/lib/python3.10/site-packages/airflow/example_dags/example_python_operator.py
[2022-08-10 11:55:56,813] {logging_mixin.py:109} INFO - [2022-08-10 11:55:56,813] {dag.py:2398} INFO - Sync 1 DAGs
[2022-08-10 11:55:56,816] {logging_mixin.py:109} INFO - [2022-08-10 11:55:56,816] {dag.py:2937} INFO - Setting next_dagrun for example_python_operator to None
[2022-08-10 11:55:56,818] {processor.py:171} INFO - Processing /Library/Frameworks/Python.framework/Versions/3.10/lib/python3.10/site-packages/airflow/example_dags/example_python_operator.py took 0.041 seconds
[2022-08-10 11:56:34,871] {processor.py:163} INFO - Started process (PID=68033) to work on /Library/Frameworks/Python.framework/Versions/3.10/lib/python3.10/site-packages/airflow/example_dags/example_python_operator.py
[2022-08-10 11:56:34,872] {processor.py:642} INFO - Processing file /Library/Frameworks/Python.framework/Versions/3.10/lib/python3.10/site-packages/airflow/example_dags/example_python_operator.py for tasks to queue
[2022-08-10 11:56:34,872] {logging_mixin.py:109} INFO - [2022-08-10 11:56:34,872] {dagbag.py:500} INFO - Filling up the DagBag from /Library/Frameworks/Python.framework/Versions/3.10/lib/python3.10/site-packages/airflow/example_dags/example_python_operator.py
[2022-08-10 11:56:34,880] {logging_mixin.py:109} INFO - [2022-08-10 11:56:34,880] {example_python_operator.py:68} WARNING - The virtalenv_python example task requires virtualenv, please install it.
[2022-08-10 11:56:34,882] {processor.py:652} INFO - DAG(s) dict_keys(['example_python_operator']) retrieved from /Library/Frameworks/Python.framework/Versions/3.10/lib/python3.10/site-packages/airflow/example_dags/example_python_operator.py
[2022-08-10 11:56:34,907] {logging_mixin.py:109} INFO - [2022-08-10 11:56:34,907] {dag.py:2398} INFO - Sync 1 DAGs
[2022-08-10 11:56:34,910] {logging_mixin.py:109} INFO - [2022-08-10 11:56:34,910] {dag.py:2937} INFO - Setting next_dagrun for example_python_operator to None
[2022-08-10 11:56:34,913] {processor.py:171} INFO - Processing /Library/Frameworks/Python.framework/Versions/3.10/lib/python3.10/site-packages/airflow/example_dags/example_python_operator.py took 0.042 seconds
[2022-08-10 11:57:14,660] {processor.py:163} INFO - Started process (PID=68244) to work on /Library/Frameworks/Python.framework/Versions/3.10/lib/python3.10/site-packages/airflow/example_dags/example_python_operator.py
[2022-08-10 11:57:14,660] {processor.py:642} INFO - Processing file /Library/Frameworks/Python.framework/Versions/3.10/lib/python3.10/site-packages/airflow/example_dags/example_python_operator.py for tasks to queue
[2022-08-10 11:57:14,660] {logging_mixin.py:109} INFO - [2022-08-10 11:57:14,660] {dagbag.py:500} INFO - Filling up the DagBag from /Library/Frameworks/Python.framework/Versions/3.10/lib/python3.10/site-packages/airflow/example_dags/example_python_operator.py
[2022-08-10 11:57:14,667] {logging_mixin.py:109} INFO - [2022-08-10 11:57:14,667] {example_python_operator.py:68} WARNING - The virtalenv_python example task requires virtualenv, please install it.
[2022-08-10 11:57:14,670] {processor.py:652} INFO - DAG(s) dict_keys(['example_python_operator']) retrieved from /Library/Frameworks/Python.framework/Versions/3.10/lib/python3.10/site-packages/airflow/example_dags/example_python_operator.py
[2022-08-10 11:57:14,696] {logging_mixin.py:109} INFO - [2022-08-10 11:57:14,696] {dag.py:2398} INFO - Sync 1 DAGs
[2022-08-10 11:57:14,699] {logging_mixin.py:109} INFO - [2022-08-10 11:57:14,699] {dag.py:2937} INFO - Setting next_dagrun for example_python_operator to None
[2022-08-10 11:57:14,701] {processor.py:171} INFO - Processing /Library/Frameworks/Python.framework/Versions/3.10/lib/python3.10/site-packages/airflow/example_dags/example_python_operator.py took 0.042 seconds
[2022-08-10 11:58:06,675] {processor.py:163} INFO - Started process (PID=68520) to work on /Library/Frameworks/Python.framework/Versions/3.10/lib/python3.10/site-packages/airflow/example_dags/example_python_operator.py
[2022-08-10 11:58:06,676] {processor.py:642} INFO - Processing file /Library/Frameworks/Python.framework/Versions/3.10/lib/python3.10/site-packages/airflow/example_dags/example_python_operator.py for tasks to queue
[2022-08-10 11:58:06,676] {logging_mixin.py:109} INFO - [2022-08-10 11:58:06,676] {dagbag.py:500} INFO - Filling up the DagBag from /Library/Frameworks/Python.framework/Versions/3.10/lib/python3.10/site-packages/airflow/example_dags/example_python_operator.py
[2022-08-10 11:58:06,684] {logging_mixin.py:109} INFO - [2022-08-10 11:58:06,684] {example_python_operator.py:68} WARNING - The virtalenv_python example task requires virtualenv, please install it.
[2022-08-10 11:58:06,686] {processor.py:652} INFO - DAG(s) dict_keys(['example_python_operator']) retrieved from /Library/Frameworks/Python.framework/Versions/3.10/lib/python3.10/site-packages/airflow/example_dags/example_python_operator.py
[2022-08-10 11:58:06,713] {logging_mixin.py:109} INFO - [2022-08-10 11:58:06,713] {dag.py:2398} INFO - Sync 1 DAGs
[2022-08-10 11:58:06,717] {logging_mixin.py:109} INFO - [2022-08-10 11:58:06,717] {dag.py:2937} INFO - Setting next_dagrun for example_python_operator to None
[2022-08-10 11:58:06,720] {processor.py:171} INFO - Processing /Library/Frameworks/Python.framework/Versions/3.10/lib/python3.10/site-packages/airflow/example_dags/example_python_operator.py took 0.046 seconds
[2022-08-10 11:58:49,205] {processor.py:163} INFO - Started process (PID=68741) to work on /Library/Frameworks/Python.framework/Versions/3.10/lib/python3.10/site-packages/airflow/example_dags/example_python_operator.py
[2022-08-10 11:58:49,206] {processor.py:642} INFO - Processing file /Library/Frameworks/Python.framework/Versions/3.10/lib/python3.10/site-packages/airflow/example_dags/example_python_operator.py for tasks to queue
[2022-08-10 11:58:49,207] {logging_mixin.py:109} INFO - [2022-08-10 11:58:49,207] {dagbag.py:500} INFO - Filling up the DagBag from /Library/Frameworks/Python.framework/Versions/3.10/lib/python3.10/site-packages/airflow/example_dags/example_python_operator.py
[2022-08-10 11:58:49,214] {logging_mixin.py:109} INFO - [2022-08-10 11:58:49,214] {example_python_operator.py:68} WARNING - The virtalenv_python example task requires virtualenv, please install it.
[2022-08-10 11:58:49,216] {processor.py:652} INFO - DAG(s) dict_keys(['example_python_operator']) retrieved from /Library/Frameworks/Python.framework/Versions/3.10/lib/python3.10/site-packages/airflow/example_dags/example_python_operator.py
[2022-08-10 11:58:49,242] {logging_mixin.py:109} INFO - [2022-08-10 11:58:49,242] {dag.py:2398} INFO - Sync 1 DAGs
[2022-08-10 11:58:49,245] {logging_mixin.py:109} INFO - [2022-08-10 11:58:49,245] {dag.py:2937} INFO - Setting next_dagrun for example_python_operator to None
[2022-08-10 11:58:49,248] {processor.py:171} INFO - Processing /Library/Frameworks/Python.framework/Versions/3.10/lib/python3.10/site-packages/airflow/example_dags/example_python_operator.py took 0.043 seconds
[2022-08-10 11:59:28,624] {processor.py:163} INFO - Started process (PID=68954) to work on /Library/Frameworks/Python.framework/Versions/3.10/lib/python3.10/site-packages/airflow/example_dags/example_python_operator.py
[2022-08-10 11:59:28,624] {processor.py:642} INFO - Processing file /Library/Frameworks/Python.framework/Versions/3.10/lib/python3.10/site-packages/airflow/example_dags/example_python_operator.py for tasks to queue
[2022-08-10 11:59:28,624] {logging_mixin.py:109} INFO - [2022-08-10 11:59:28,624] {dagbag.py:500} INFO - Filling up the DagBag from /Library/Frameworks/Python.framework/Versions/3.10/lib/python3.10/site-packages/airflow/example_dags/example_python_operator.py
[2022-08-10 11:59:28,631] {logging_mixin.py:109} INFO - [2022-08-10 11:59:28,631] {example_python_operator.py:68} WARNING - The virtalenv_python example task requires virtualenv, please install it.
[2022-08-10 11:59:28,633] {processor.py:652} INFO - DAG(s) dict_keys(['example_python_operator']) retrieved from /Library/Frameworks/Python.framework/Versions/3.10/lib/python3.10/site-packages/airflow/example_dags/example_python_operator.py
[2022-08-10 11:59:28,658] {logging_mixin.py:109} INFO - [2022-08-10 11:59:28,658] {dag.py:2398} INFO - Sync 1 DAGs
[2022-08-10 11:59:28,661] {logging_mixin.py:109} INFO - [2022-08-10 11:59:28,661] {dag.py:2937} INFO - Setting next_dagrun for example_python_operator to None
[2022-08-10 11:59:28,664] {processor.py:171} INFO - Processing /Library/Frameworks/Python.framework/Versions/3.10/lib/python3.10/site-packages/airflow/example_dags/example_python_operator.py took 0.040 seconds
[2022-08-10 12:00:18,784] {processor.py:163} INFO - Started process (PID=69226) to work on /Library/Frameworks/Python.framework/Versions/3.10/lib/python3.10/site-packages/airflow/example_dags/example_python_operator.py
[2022-08-10 12:00:18,784] {processor.py:642} INFO - Processing file /Library/Frameworks/Python.framework/Versions/3.10/lib/python3.10/site-packages/airflow/example_dags/example_python_operator.py for tasks to queue
[2022-08-10 12:00:18,784] {logging_mixin.py:109} INFO - [2022-08-10 12:00:18,784] {dagbag.py:500} INFO - Filling up the DagBag from /Library/Frameworks/Python.framework/Versions/3.10/lib/python3.10/site-packages/airflow/example_dags/example_python_operator.py
[2022-08-10 12:00:18,792] {logging_mixin.py:109} INFO - [2022-08-10 12:00:18,792] {example_python_operator.py:68} WARNING - The virtalenv_python example task requires virtualenv, please install it.
[2022-08-10 12:00:18,794] {processor.py:652} INFO - DAG(s) dict_keys(['example_python_operator']) retrieved from /Library/Frameworks/Python.framework/Versions/3.10/lib/python3.10/site-packages/airflow/example_dags/example_python_operator.py
[2022-08-10 12:00:18,820] {logging_mixin.py:109} INFO - [2022-08-10 12:00:18,820] {dag.py:2398} INFO - Sync 1 DAGs
[2022-08-10 12:00:18,823] {logging_mixin.py:109} INFO - [2022-08-10 12:00:18,823] {dag.py:2937} INFO - Setting next_dagrun for example_python_operator to None
[2022-08-10 12:00:18,826] {processor.py:171} INFO - Processing /Library/Frameworks/Python.framework/Versions/3.10/lib/python3.10/site-packages/airflow/example_dags/example_python_operator.py took 0.042 seconds
[2022-08-10 12:00:59,611] {processor.py:163} INFO - Started process (PID=69435) to work on /Library/Frameworks/Python.framework/Versions/3.10/lib/python3.10/site-packages/airflow/example_dags/example_python_operator.py
[2022-08-10 12:00:59,611] {processor.py:642} INFO - Processing file /Library/Frameworks/Python.framework/Versions/3.10/lib/python3.10/site-packages/airflow/example_dags/example_python_operator.py for tasks to queue
[2022-08-10 12:00:59,611] {logging_mixin.py:109} INFO - [2022-08-10 12:00:59,611] {dagbag.py:500} INFO - Filling up the DagBag from /Library/Frameworks/Python.framework/Versions/3.10/lib/python3.10/site-packages/airflow/example_dags/example_python_operator.py
[2022-08-10 12:00:59,618] {logging_mixin.py:109} INFO - [2022-08-10 12:00:59,618] {example_python_operator.py:68} WARNING - The virtalenv_python example task requires virtualenv, please install it.
[2022-08-10 12:00:59,620] {processor.py:652} INFO - DAG(s) dict_keys(['example_python_operator']) retrieved from /Library/Frameworks/Python.framework/Versions/3.10/lib/python3.10/site-packages/airflow/example_dags/example_python_operator.py
[2022-08-10 12:00:59,646] {logging_mixin.py:109} INFO - [2022-08-10 12:00:59,646] {dag.py:2398} INFO - Sync 1 DAGs
[2022-08-10 12:00:59,648] {logging_mixin.py:109} INFO - [2022-08-10 12:00:59,648] {dag.py:2937} INFO - Setting next_dagrun for example_python_operator to None
[2022-08-10 12:00:59,651] {processor.py:171} INFO - Processing /Library/Frameworks/Python.framework/Versions/3.10/lib/python3.10/site-packages/airflow/example_dags/example_python_operator.py took 0.041 seconds
[2022-08-10 12:01:39,049] {processor.py:163} INFO - Started process (PID=69705) to work on /Library/Frameworks/Python.framework/Versions/3.10/lib/python3.10/site-packages/airflow/example_dags/example_python_operator.py
[2022-08-10 12:01:39,049] {processor.py:642} INFO - Processing file /Library/Frameworks/Python.framework/Versions/3.10/lib/python3.10/site-packages/airflow/example_dags/example_python_operator.py for tasks to queue
[2022-08-10 12:01:39,049] {logging_mixin.py:109} INFO - [2022-08-10 12:01:39,049] {dagbag.py:500} INFO - Filling up the DagBag from /Library/Frameworks/Python.framework/Versions/3.10/lib/python3.10/site-packages/airflow/example_dags/example_python_operator.py
[2022-08-10 12:01:39,057] {logging_mixin.py:109} INFO - [2022-08-10 12:01:39,056] {example_python_operator.py:68} WARNING - The virtalenv_python example task requires virtualenv, please install it.
[2022-08-10 12:01:39,059] {processor.py:652} INFO - DAG(s) dict_keys(['example_python_operator']) retrieved from /Library/Frameworks/Python.framework/Versions/3.10/lib/python3.10/site-packages/airflow/example_dags/example_python_operator.py
[2022-08-10 12:01:39,086] {logging_mixin.py:109} INFO - [2022-08-10 12:01:39,086] {dag.py:2398} INFO - Sync 1 DAGs
[2022-08-10 12:01:39,089] {logging_mixin.py:109} INFO - [2022-08-10 12:01:39,089] {dag.py:2937} INFO - Setting next_dagrun for example_python_operator to None
[2022-08-10 12:01:39,092] {processor.py:171} INFO - Processing /Library/Frameworks/Python.framework/Versions/3.10/lib/python3.10/site-packages/airflow/example_dags/example_python_operator.py took 0.043 seconds
