[2022-08-10 11:46:09,550] {processor.py:163} INFO - Started process (PID=66345) to work on /Library/Frameworks/Python.framework/Versions/3.10/lib/python3.10/site-packages/airflow/example_dags/example_short_circuit_operator.py
[2022-08-10 11:46:09,550] {processor.py:642} INFO - Processing file /Library/Frameworks/Python.framework/Versions/3.10/lib/python3.10/site-packages/airflow/example_dags/example_short_circuit_operator.py for tasks to queue
[2022-08-10 11:46:09,550] {logging_mixin.py:109} INFO - [2022-08-10 11:46:09,550] {dagbag.py:500} INFO - Filling up the DagBag from /Library/Frameworks/Python.framework/Versions/3.10/lib/python3.10/site-packages/airflow/example_dags/example_short_circuit_operator.py
[2022-08-10 11:46:09,559] {processor.py:652} INFO - DAG(s) dict_keys(['example_short_circuit_operator']) retrieved from /Library/Frameworks/Python.framework/Versions/3.10/lib/python3.10/site-packages/airflow/example_dags/example_short_circuit_operator.py
[2022-08-10 11:46:09,562] {logging_mixin.py:109} INFO - [2022-08-10 11:46:09,562] {dag.py:2398} INFO - Sync 1 DAGs
[2022-08-10 11:46:09,586] {logging_mixin.py:109} INFO - [2022-08-10 11:46:09,586] {dag.py:2937} INFO - Setting next_dagrun for example_short_circuit_operator to 2022-08-09T09:46:09.586698+00:00
[2022-08-10 11:46:09,589] {processor.py:171} INFO - Processing /Library/Frameworks/Python.framework/Versions/3.10/lib/python3.10/site-packages/airflow/example_dags/example_short_circuit_operator.py took 0.040 seconds
[2022-08-10 11:46:51,820] {processor.py:163} INFO - Started process (PID=66589) to work on /Library/Frameworks/Python.framework/Versions/3.10/lib/python3.10/site-packages/airflow/example_dags/example_short_circuit_operator.py
[2022-08-10 11:46:51,821] {processor.py:642} INFO - Processing file /Library/Frameworks/Python.framework/Versions/3.10/lib/python3.10/site-packages/airflow/example_dags/example_short_circuit_operator.py for tasks to queue
[2022-08-10 11:46:51,821] {logging_mixin.py:109} INFO - [2022-08-10 11:46:51,821] {dagbag.py:500} INFO - Filling up the DagBag from /Library/Frameworks/Python.framework/Versions/3.10/lib/python3.10/site-packages/airflow/example_dags/example_short_circuit_operator.py
[2022-08-10 11:46:51,830] {processor.py:652} INFO - DAG(s) dict_keys(['example_short_circuit_operator']) retrieved from /Library/Frameworks/Python.framework/Versions/3.10/lib/python3.10/site-packages/airflow/example_dags/example_short_circuit_operator.py
[2022-08-10 11:46:51,856] {logging_mixin.py:109} INFO - [2022-08-10 11:46:51,856] {dag.py:2398} INFO - Sync 1 DAGs
[2022-08-10 11:46:51,859] {logging_mixin.py:109} INFO - [2022-08-10 11:46:51,859] {dag.py:2937} INFO - Setting next_dagrun for example_short_circuit_operator to 2022-08-09T09:46:51.858996+00:00
[2022-08-10 11:46:51,861] {processor.py:171} INFO - Processing /Library/Frameworks/Python.framework/Versions/3.10/lib/python3.10/site-packages/airflow/example_dags/example_short_circuit_operator.py took 0.041 seconds
[2022-08-10 11:53:08,103] {processor.py:163} INFO - Started process (PID=66872) to work on /Library/Frameworks/Python.framework/Versions/3.10/lib/python3.10/site-packages/airflow/example_dags/example_short_circuit_operator.py
[2022-08-10 11:53:08,103] {processor.py:642} INFO - Processing file /Library/Frameworks/Python.framework/Versions/3.10/lib/python3.10/site-packages/airflow/example_dags/example_short_circuit_operator.py for tasks to queue
[2022-08-10 11:53:08,103] {logging_mixin.py:109} INFO - [2022-08-10 11:53:08,103] {dagbag.py:500} INFO - Filling up the DagBag from /Library/Frameworks/Python.framework/Versions/3.10/lib/python3.10/site-packages/airflow/example_dags/example_short_circuit_operator.py
[2022-08-10 11:53:08,111] {processor.py:652} INFO - DAG(s) dict_keys(['example_short_circuit_operator']) retrieved from /Library/Frameworks/Python.framework/Versions/3.10/lib/python3.10/site-packages/airflow/example_dags/example_short_circuit_operator.py
[2022-08-10 11:53:08,137] {logging_mixin.py:109} INFO - [2022-08-10 11:53:08,137] {dag.py:2398} INFO - Sync 1 DAGs
[2022-08-10 11:53:08,140] {logging_mixin.py:109} INFO - [2022-08-10 11:53:08,140] {dag.py:2937} INFO - Setting next_dagrun for example_short_circuit_operator to 2022-08-09T09:53:08.140430+00:00
[2022-08-10 11:53:08,143] {processor.py:171} INFO - Processing /Library/Frameworks/Python.framework/Versions/3.10/lib/python3.10/site-packages/airflow/example_dags/example_short_circuit_operator.py took 0.040 seconds
[2022-08-10 11:53:50,699] {processor.py:163} INFO - Started process (PID=67082) to work on /Library/Frameworks/Python.framework/Versions/3.10/lib/python3.10/site-packages/airflow/example_dags/example_short_circuit_operator.py
[2022-08-10 11:53:50,700] {processor.py:642} INFO - Processing file /Library/Frameworks/Python.framework/Versions/3.10/lib/python3.10/site-packages/airflow/example_dags/example_short_circuit_operator.py for tasks to queue
[2022-08-10 11:53:50,700] {logging_mixin.py:109} INFO - [2022-08-10 11:53:50,700] {dagbag.py:500} INFO - Filling up the DagBag from /Library/Frameworks/Python.framework/Versions/3.10/lib/python3.10/site-packages/airflow/example_dags/example_short_circuit_operator.py
[2022-08-10 11:53:50,709] {processor.py:652} INFO - DAG(s) dict_keys(['example_short_circuit_operator']) retrieved from /Library/Frameworks/Python.framework/Versions/3.10/lib/python3.10/site-packages/airflow/example_dags/example_short_circuit_operator.py
[2022-08-10 11:53:50,736] {logging_mixin.py:109} INFO - [2022-08-10 11:53:50,736] {dag.py:2398} INFO - Sync 1 DAGs
[2022-08-10 11:53:50,739] {logging_mixin.py:109} INFO - [2022-08-10 11:53:50,739] {dag.py:2937} INFO - Setting next_dagrun for example_short_circuit_operator to 2022-08-09T09:53:50.739613+00:00
[2022-08-10 11:53:50,742] {processor.py:171} INFO - Processing /Library/Frameworks/Python.framework/Versions/3.10/lib/python3.10/site-packages/airflow/example_dags/example_short_circuit_operator.py took 0.043 seconds
[2022-08-10 11:54:32,993] {processor.py:163} INFO - Started process (PID=67361) to work on /Library/Frameworks/Python.framework/Versions/3.10/lib/python3.10/site-packages/airflow/example_dags/example_short_circuit_operator.py
[2022-08-10 11:54:32,993] {processor.py:642} INFO - Processing file /Library/Frameworks/Python.framework/Versions/3.10/lib/python3.10/site-packages/airflow/example_dags/example_short_circuit_operator.py for tasks to queue
[2022-08-10 11:54:32,993] {logging_mixin.py:109} INFO - [2022-08-10 11:54:32,993] {dagbag.py:500} INFO - Filling up the DagBag from /Library/Frameworks/Python.framework/Versions/3.10/lib/python3.10/site-packages/airflow/example_dags/example_short_circuit_operator.py
[2022-08-10 11:54:33,001] {processor.py:652} INFO - DAG(s) dict_keys(['example_short_circuit_operator']) retrieved from /Library/Frameworks/Python.framework/Versions/3.10/lib/python3.10/site-packages/airflow/example_dags/example_short_circuit_operator.py
[2022-08-10 11:54:33,027] {logging_mixin.py:109} INFO - [2022-08-10 11:54:33,027] {dag.py:2398} INFO - Sync 1 DAGs
[2022-08-10 11:54:33,030] {logging_mixin.py:109} INFO - [2022-08-10 11:54:33,030] {dag.py:2937} INFO - Setting next_dagrun for example_short_circuit_operator to 2022-08-09T09:54:33.030471+00:00
[2022-08-10 11:54:33,033] {processor.py:171} INFO - Processing /Library/Frameworks/Python.framework/Versions/3.10/lib/python3.10/site-packages/airflow/example_dags/example_short_circuit_operator.py took 0.040 seconds
[2022-08-10 11:55:14,265] {processor.py:163} INFO - Started process (PID=67573) to work on /Library/Frameworks/Python.framework/Versions/3.10/lib/python3.10/site-packages/airflow/example_dags/example_short_circuit_operator.py
[2022-08-10 11:55:14,265] {processor.py:642} INFO - Processing file /Library/Frameworks/Python.framework/Versions/3.10/lib/python3.10/site-packages/airflow/example_dags/example_short_circuit_operator.py for tasks to queue
[2022-08-10 11:55:14,265] {logging_mixin.py:109} INFO - [2022-08-10 11:55:14,265] {dagbag.py:500} INFO - Filling up the DagBag from /Library/Frameworks/Python.framework/Versions/3.10/lib/python3.10/site-packages/airflow/example_dags/example_short_circuit_operator.py
[2022-08-10 11:55:14,274] {processor.py:652} INFO - DAG(s) dict_keys(['example_short_circuit_operator']) retrieved from /Library/Frameworks/Python.framework/Versions/3.10/lib/python3.10/site-packages/airflow/example_dags/example_short_circuit_operator.py
[2022-08-10 11:55:14,299] {logging_mixin.py:109} INFO - [2022-08-10 11:55:14,299] {dag.py:2398} INFO - Sync 1 DAGs
[2022-08-10 11:55:14,302] {logging_mixin.py:109} INFO - [2022-08-10 11:55:14,302] {dag.py:2937} INFO - Setting next_dagrun for example_short_circuit_operator to 2022-08-09T09:55:14.302327+00:00
[2022-08-10 11:55:14,305] {processor.py:171} INFO - Processing /Library/Frameworks/Python.framework/Versions/3.10/lib/python3.10/site-packages/airflow/example_dags/example_short_circuit_operator.py took 0.040 seconds
[2022-08-10 11:55:55,319] {processor.py:163} INFO - Started process (PID=67801) to work on /Library/Frameworks/Python.framework/Versions/3.10/lib/python3.10/site-packages/airflow/example_dags/example_short_circuit_operator.py
[2022-08-10 11:55:55,319] {processor.py:642} INFO - Processing file /Library/Frameworks/Python.framework/Versions/3.10/lib/python3.10/site-packages/airflow/example_dags/example_short_circuit_operator.py for tasks to queue
[2022-08-10 11:55:55,320] {logging_mixin.py:109} INFO - [2022-08-10 11:55:55,320] {dagbag.py:500} INFO - Filling up the DagBag from /Library/Frameworks/Python.framework/Versions/3.10/lib/python3.10/site-packages/airflow/example_dags/example_short_circuit_operator.py
[2022-08-10 11:55:55,328] {processor.py:652} INFO - DAG(s) dict_keys(['example_short_circuit_operator']) retrieved from /Library/Frameworks/Python.framework/Versions/3.10/lib/python3.10/site-packages/airflow/example_dags/example_short_circuit_operator.py
[2022-08-10 11:55:55,353] {logging_mixin.py:109} INFO - [2022-08-10 11:55:55,353] {dag.py:2398} INFO - Sync 1 DAGs
[2022-08-10 11:55:55,356] {logging_mixin.py:109} INFO - [2022-08-10 11:55:55,356] {dag.py:2937} INFO - Setting next_dagrun for example_short_circuit_operator to 2022-08-09T09:55:55.356375+00:00
[2022-08-10 11:55:55,359] {processor.py:171} INFO - Processing /Library/Frameworks/Python.framework/Versions/3.10/lib/python3.10/site-packages/airflow/example_dags/example_short_circuit_operator.py took 0.040 seconds
[2022-08-10 11:56:33,403] {processor.py:163} INFO - Started process (PID=68028) to work on /Library/Frameworks/Python.framework/Versions/3.10/lib/python3.10/site-packages/airflow/example_dags/example_short_circuit_operator.py
[2022-08-10 11:56:33,404] {processor.py:642} INFO - Processing file /Library/Frameworks/Python.framework/Versions/3.10/lib/python3.10/site-packages/airflow/example_dags/example_short_circuit_operator.py for tasks to queue
[2022-08-10 11:56:33,404] {logging_mixin.py:109} INFO - [2022-08-10 11:56:33,404] {dagbag.py:500} INFO - Filling up the DagBag from /Library/Frameworks/Python.framework/Versions/3.10/lib/python3.10/site-packages/airflow/example_dags/example_short_circuit_operator.py
[2022-08-10 11:56:33,413] {processor.py:652} INFO - DAG(s) dict_keys(['example_short_circuit_operator']) retrieved from /Library/Frameworks/Python.framework/Versions/3.10/lib/python3.10/site-packages/airflow/example_dags/example_short_circuit_operator.py
[2022-08-10 11:56:33,438] {logging_mixin.py:109} INFO - [2022-08-10 11:56:33,438] {dag.py:2398} INFO - Sync 1 DAGs
[2022-08-10 11:56:33,441] {logging_mixin.py:109} INFO - [2022-08-10 11:56:33,441] {dag.py:2937} INFO - Setting next_dagrun for example_short_circuit_operator to 2022-08-09T09:56:33.441466+00:00
[2022-08-10 11:56:33,444] {processor.py:171} INFO - Processing /Library/Frameworks/Python.framework/Versions/3.10/lib/python3.10/site-packages/airflow/example_dags/example_short_circuit_operator.py took 0.040 seconds
[2022-08-10 11:57:13,161] {processor.py:163} INFO - Started process (PID=68239) to work on /Library/Frameworks/Python.framework/Versions/3.10/lib/python3.10/site-packages/airflow/example_dags/example_short_circuit_operator.py
[2022-08-10 11:57:13,161] {processor.py:642} INFO - Processing file /Library/Frameworks/Python.framework/Versions/3.10/lib/python3.10/site-packages/airflow/example_dags/example_short_circuit_operator.py for tasks to queue
[2022-08-10 11:57:13,161] {logging_mixin.py:109} INFO - [2022-08-10 11:57:13,161] {dagbag.py:500} INFO - Filling up the DagBag from /Library/Frameworks/Python.framework/Versions/3.10/lib/python3.10/site-packages/airflow/example_dags/example_short_circuit_operator.py
[2022-08-10 11:57:13,169] {processor.py:652} INFO - DAG(s) dict_keys(['example_short_circuit_operator']) retrieved from /Library/Frameworks/Python.framework/Versions/3.10/lib/python3.10/site-packages/airflow/example_dags/example_short_circuit_operator.py
[2022-08-10 11:57:13,195] {logging_mixin.py:109} INFO - [2022-08-10 11:57:13,195] {dag.py:2398} INFO - Sync 1 DAGs
[2022-08-10 11:57:13,198] {logging_mixin.py:109} INFO - [2022-08-10 11:57:13,198] {dag.py:2937} INFO - Setting next_dagrun for example_short_circuit_operator to 2022-08-09T09:57:13.197975+00:00
[2022-08-10 11:57:13,200] {processor.py:171} INFO - Processing /Library/Frameworks/Python.framework/Versions/3.10/lib/python3.10/site-packages/airflow/example_dags/example_short_circuit_operator.py took 0.040 seconds
[2022-08-10 11:57:51,712] {processor.py:163} INFO - Started process (PID=68441) to work on /Library/Frameworks/Python.framework/Versions/3.10/lib/python3.10/site-packages/airflow/example_dags/example_short_circuit_operator.py
[2022-08-10 11:57:51,713] {processor.py:642} INFO - Processing file /Library/Frameworks/Python.framework/Versions/3.10/lib/python3.10/site-packages/airflow/example_dags/example_short_circuit_operator.py for tasks to queue
[2022-08-10 11:57:51,713] {logging_mixin.py:109} INFO - [2022-08-10 11:57:51,713] {dagbag.py:500} INFO - Filling up the DagBag from /Library/Frameworks/Python.framework/Versions/3.10/lib/python3.10/site-packages/airflow/example_dags/example_short_circuit_operator.py
[2022-08-10 11:57:51,722] {processor.py:652} INFO - DAG(s) dict_keys(['example_short_circuit_operator']) retrieved from /Library/Frameworks/Python.framework/Versions/3.10/lib/python3.10/site-packages/airflow/example_dags/example_short_circuit_operator.py
[2022-08-10 11:57:51,748] {logging_mixin.py:109} INFO - [2022-08-10 11:57:51,748] {dag.py:2398} INFO - Sync 1 DAGs
[2022-08-10 11:57:51,751] {logging_mixin.py:109} INFO - [2022-08-10 11:57:51,751] {dag.py:2937} INFO - Setting next_dagrun for example_short_circuit_operator to 2022-08-09T09:57:51.751783+00:00
[2022-08-10 11:57:51,754] {processor.py:171} INFO - Processing /Library/Frameworks/Python.framework/Versions/3.10/lib/python3.10/site-packages/airflow/example_dags/example_short_circuit_operator.py took 0.042 seconds
[2022-08-10 11:58:33,726] {processor.py:163} INFO - Started process (PID=68663) to work on /Library/Frameworks/Python.framework/Versions/3.10/lib/python3.10/site-packages/airflow/example_dags/example_short_circuit_operator.py
[2022-08-10 11:58:33,727] {processor.py:642} INFO - Processing file /Library/Frameworks/Python.framework/Versions/3.10/lib/python3.10/site-packages/airflow/example_dags/example_short_circuit_operator.py for tasks to queue
[2022-08-10 11:58:33,727] {logging_mixin.py:109} INFO - [2022-08-10 11:58:33,727] {dagbag.py:500} INFO - Filling up the DagBag from /Library/Frameworks/Python.framework/Versions/3.10/lib/python3.10/site-packages/airflow/example_dags/example_short_circuit_operator.py
[2022-08-10 11:58:33,735] {processor.py:652} INFO - DAG(s) dict_keys(['example_short_circuit_operator']) retrieved from /Library/Frameworks/Python.framework/Versions/3.10/lib/python3.10/site-packages/airflow/example_dags/example_short_circuit_operator.py
[2022-08-10 11:58:33,761] {logging_mixin.py:109} INFO - [2022-08-10 11:58:33,760] {dag.py:2398} INFO - Sync 1 DAGs
[2022-08-10 11:58:33,763] {logging_mixin.py:109} INFO - [2022-08-10 11:58:33,763] {dag.py:2937} INFO - Setting next_dagrun for example_short_circuit_operator to 2022-08-09T09:58:33.763907+00:00
[2022-08-10 11:58:33,766] {processor.py:171} INFO - Processing /Library/Frameworks/Python.framework/Versions/3.10/lib/python3.10/site-packages/airflow/example_dags/example_short_circuit_operator.py took 0.040 seconds
[2022-08-10 11:59:15,189] {processor.py:163} INFO - Started process (PID=68877) to work on /Library/Frameworks/Python.framework/Versions/3.10/lib/python3.10/site-packages/airflow/example_dags/example_short_circuit_operator.py
[2022-08-10 11:59:15,189] {processor.py:642} INFO - Processing file /Library/Frameworks/Python.framework/Versions/3.10/lib/python3.10/site-packages/airflow/example_dags/example_short_circuit_operator.py for tasks to queue
[2022-08-10 11:59:15,190] {logging_mixin.py:109} INFO - [2022-08-10 11:59:15,190] {dagbag.py:500} INFO - Filling up the DagBag from /Library/Frameworks/Python.framework/Versions/3.10/lib/python3.10/site-packages/airflow/example_dags/example_short_circuit_operator.py
[2022-08-10 11:59:15,198] {processor.py:652} INFO - DAG(s) dict_keys(['example_short_circuit_operator']) retrieved from /Library/Frameworks/Python.framework/Versions/3.10/lib/python3.10/site-packages/airflow/example_dags/example_short_circuit_operator.py
[2022-08-10 11:59:15,224] {logging_mixin.py:109} INFO - [2022-08-10 11:59:15,224] {dag.py:2398} INFO - Sync 1 DAGs
[2022-08-10 11:59:15,227] {logging_mixin.py:109} INFO - [2022-08-10 11:59:15,227] {dag.py:2937} INFO - Setting next_dagrun for example_short_circuit_operator to 2022-08-09T09:59:15.227152+00:00
[2022-08-10 11:59:15,229] {processor.py:171} INFO - Processing /Library/Frameworks/Python.framework/Versions/3.10/lib/python3.10/site-packages/airflow/example_dags/example_short_circuit_operator.py took 0.040 seconds
[2022-08-10 11:59:53,370] {processor.py:163} INFO - Started process (PID=69094) to work on /Library/Frameworks/Python.framework/Versions/3.10/lib/python3.10/site-packages/airflow/example_dags/example_short_circuit_operator.py
[2022-08-10 11:59:53,370] {processor.py:642} INFO - Processing file /Library/Frameworks/Python.framework/Versions/3.10/lib/python3.10/site-packages/airflow/example_dags/example_short_circuit_operator.py for tasks to queue
[2022-08-10 11:59:53,371] {logging_mixin.py:109} INFO - [2022-08-10 11:59:53,371] {dagbag.py:500} INFO - Filling up the DagBag from /Library/Frameworks/Python.framework/Versions/3.10/lib/python3.10/site-packages/airflow/example_dags/example_short_circuit_operator.py
[2022-08-10 11:59:53,379] {processor.py:652} INFO - DAG(s) dict_keys(['example_short_circuit_operator']) retrieved from /Library/Frameworks/Python.framework/Versions/3.10/lib/python3.10/site-packages/airflow/example_dags/example_short_circuit_operator.py
[2022-08-10 11:59:53,405] {logging_mixin.py:109} INFO - [2022-08-10 11:59:53,405] {dag.py:2398} INFO - Sync 1 DAGs
[2022-08-10 11:59:53,408] {logging_mixin.py:109} INFO - [2022-08-10 11:59:53,408] {dag.py:2937} INFO - Setting next_dagrun for example_short_circuit_operator to 2022-08-09T09:59:53.408562+00:00
[2022-08-10 11:59:53,411] {processor.py:171} INFO - Processing /Library/Frameworks/Python.framework/Versions/3.10/lib/python3.10/site-packages/airflow/example_dags/example_short_circuit_operator.py took 0.041 seconds
[2022-08-10 12:00:32,714] {processor.py:163} INFO - Started process (PID=69298) to work on /Library/Frameworks/Python.framework/Versions/3.10/lib/python3.10/site-packages/airflow/example_dags/example_short_circuit_operator.py
[2022-08-10 12:00:32,714] {processor.py:642} INFO - Processing file /Library/Frameworks/Python.framework/Versions/3.10/lib/python3.10/site-packages/airflow/example_dags/example_short_circuit_operator.py for tasks to queue
[2022-08-10 12:00:32,714] {logging_mixin.py:109} INFO - [2022-08-10 12:00:32,714] {dagbag.py:500} INFO - Filling up the DagBag from /Library/Frameworks/Python.framework/Versions/3.10/lib/python3.10/site-packages/airflow/example_dags/example_short_circuit_operator.py
[2022-08-10 12:00:32,723] {processor.py:652} INFO - DAG(s) dict_keys(['example_short_circuit_operator']) retrieved from /Library/Frameworks/Python.framework/Versions/3.10/lib/python3.10/site-packages/airflow/example_dags/example_short_circuit_operator.py
[2022-08-10 12:00:32,748] {logging_mixin.py:109} INFO - [2022-08-10 12:00:32,748] {dag.py:2398} INFO - Sync 1 DAGs
[2022-08-10 12:00:32,751] {logging_mixin.py:109} INFO - [2022-08-10 12:00:32,751] {dag.py:2937} INFO - Setting next_dagrun for example_short_circuit_operator to 2022-08-09T10:00:32.751580+00:00
[2022-08-10 12:00:32,754] {processor.py:171} INFO - Processing /Library/Frameworks/Python.framework/Versions/3.10/lib/python3.10/site-packages/airflow/example_dags/example_short_circuit_operator.py took 0.040 seconds
[2022-08-10 12:01:13,222] {processor.py:163} INFO - Started process (PID=69513) to work on /Library/Frameworks/Python.framework/Versions/3.10/lib/python3.10/site-packages/airflow/example_dags/example_short_circuit_operator.py
[2022-08-10 12:01:13,223] {processor.py:642} INFO - Processing file /Library/Frameworks/Python.framework/Versions/3.10/lib/python3.10/site-packages/airflow/example_dags/example_short_circuit_operator.py for tasks to queue
[2022-08-10 12:01:13,223] {logging_mixin.py:109} INFO - [2022-08-10 12:01:13,223] {dagbag.py:500} INFO - Filling up the DagBag from /Library/Frameworks/Python.framework/Versions/3.10/lib/python3.10/site-packages/airflow/example_dags/example_short_circuit_operator.py
[2022-08-10 12:01:13,231] {processor.py:652} INFO - DAG(s) dict_keys(['example_short_circuit_operator']) retrieved from /Library/Frameworks/Python.framework/Versions/3.10/lib/python3.10/site-packages/airflow/example_dags/example_short_circuit_operator.py
[2022-08-10 12:01:13,257] {logging_mixin.py:109} INFO - [2022-08-10 12:01:13,257] {dag.py:2398} INFO - Sync 1 DAGs
[2022-08-10 12:01:13,260] {logging_mixin.py:109} INFO - [2022-08-10 12:01:13,260] {dag.py:2937} INFO - Setting next_dagrun for example_short_circuit_operator to 2022-08-09T10:01:13.260363+00:00
[2022-08-10 12:01:13,262] {processor.py:171} INFO - Processing /Library/Frameworks/Python.framework/Versions/3.10/lib/python3.10/site-packages/airflow/example_dags/example_short_circuit_operator.py took 0.040 seconds
[2022-08-10 12:01:51,471] {processor.py:163} INFO - Started process (PID=69798) to work on /Library/Frameworks/Python.framework/Versions/3.10/lib/python3.10/site-packages/airflow/example_dags/example_short_circuit_operator.py
[2022-08-10 12:01:51,471] {processor.py:642} INFO - Processing file /Library/Frameworks/Python.framework/Versions/3.10/lib/python3.10/site-packages/airflow/example_dags/example_short_circuit_operator.py for tasks to queue
[2022-08-10 12:01:51,471] {logging_mixin.py:109} INFO - [2022-08-10 12:01:51,471] {dagbag.py:500} INFO - Filling up the DagBag from /Library/Frameworks/Python.framework/Versions/3.10/lib/python3.10/site-packages/airflow/example_dags/example_short_circuit_operator.py
[2022-08-10 12:01:51,479] {processor.py:652} INFO - DAG(s) dict_keys(['example_short_circuit_operator']) retrieved from /Library/Frameworks/Python.framework/Versions/3.10/lib/python3.10/site-packages/airflow/example_dags/example_short_circuit_operator.py
[2022-08-10 12:01:51,504] {logging_mixin.py:109} INFO - [2022-08-10 12:01:51,504] {dag.py:2398} INFO - Sync 1 DAGs
[2022-08-10 12:01:51,507] {logging_mixin.py:109} INFO - [2022-08-10 12:01:51,507] {dag.py:2937} INFO - Setting next_dagrun for example_short_circuit_operator to 2022-08-09T10:01:51.507756+00:00
[2022-08-10 12:01:51,511] {processor.py:171} INFO - Processing /Library/Frameworks/Python.framework/Versions/3.10/lib/python3.10/site-packages/airflow/example_dags/example_short_circuit_operator.py took 0.041 seconds
