[2022-08-10 11:46:00,098] {processor.py:163} INFO - Started process (PID=66297) to work on /Library/Frameworks/Python.framework/Versions/3.10/lib/python3.10/site-packages/airflow/example_dags/example_trigger_controller_dag.py
[2022-08-10 11:46:00,099] {processor.py:642} INFO - Processing file /Library/Frameworks/Python.framework/Versions/3.10/lib/python3.10/site-packages/airflow/example_dags/example_trigger_controller_dag.py for tasks to queue
[2022-08-10 11:46:00,099] {logging_mixin.py:109} INFO - [2022-08-10 11:46:00,099] {dagbag.py:500} INFO - Filling up the DagBag from /Library/Frameworks/Python.framework/Versions/3.10/lib/python3.10/site-packages/airflow/example_dags/example_trigger_controller_dag.py
[2022-08-10 11:46:00,103] {processor.py:652} INFO - DAG(s) dict_keys(['example_trigger_controller_dag']) retrieved from /Library/Frameworks/Python.framework/Versions/3.10/lib/python3.10/site-packages/airflow/example_dags/example_trigger_controller_dag.py
[2022-08-10 11:46:00,108] {logging_mixin.py:109} INFO - [2022-08-10 11:46:00,108] {dag.py:2398} INFO - Sync 1 DAGs
[2022-08-10 11:46:00,134] {logging_mixin.py:109} INFO - [2022-08-10 11:46:00,134] {dag.py:2937} INFO - Setting next_dagrun for example_trigger_controller_dag to 2021-01-01T00:00:00+00:00
[2022-08-10 11:46:00,137] {processor.py:171} INFO - Processing /Library/Frameworks/Python.framework/Versions/3.10/lib/python3.10/site-packages/airflow/example_dags/example_trigger_controller_dag.py took 0.039 seconds
[2022-08-10 11:46:42,401] {processor.py:163} INFO - Started process (PID=66546) to work on /Library/Frameworks/Python.framework/Versions/3.10/lib/python3.10/site-packages/airflow/example_dags/example_trigger_controller_dag.py
[2022-08-10 11:46:42,402] {processor.py:642} INFO - Processing file /Library/Frameworks/Python.framework/Versions/3.10/lib/python3.10/site-packages/airflow/example_dags/example_trigger_controller_dag.py for tasks to queue
[2022-08-10 11:46:42,402] {logging_mixin.py:109} INFO - [2022-08-10 11:46:42,402] {dagbag.py:500} INFO - Filling up the DagBag from /Library/Frameworks/Python.framework/Versions/3.10/lib/python3.10/site-packages/airflow/example_dags/example_trigger_controller_dag.py
[2022-08-10 11:46:42,407] {processor.py:652} INFO - DAG(s) dict_keys(['example_trigger_controller_dag']) retrieved from /Library/Frameworks/Python.framework/Versions/3.10/lib/python3.10/site-packages/airflow/example_dags/example_trigger_controller_dag.py
[2022-08-10 11:46:42,419] {logging_mixin.py:109} INFO - [2022-08-10 11:46:42,419] {dag.py:2398} INFO - Sync 1 DAGs
[2022-08-10 11:46:42,436] {logging_mixin.py:109} INFO - [2022-08-10 11:46:42,436] {dag.py:2937} INFO - Setting next_dagrun for example_trigger_controller_dag to 2021-01-01T00:00:00+00:00
[2022-08-10 11:46:42,439] {processor.py:171} INFO - Processing /Library/Frameworks/Python.framework/Versions/3.10/lib/python3.10/site-packages/airflow/example_dags/example_trigger_controller_dag.py took 0.039 seconds
[2022-08-10 11:52:58,727] {processor.py:163} INFO - Started process (PID=66820) to work on /Library/Frameworks/Python.framework/Versions/3.10/lib/python3.10/site-packages/airflow/example_dags/example_trigger_controller_dag.py
[2022-08-10 11:52:58,728] {processor.py:642} INFO - Processing file /Library/Frameworks/Python.framework/Versions/3.10/lib/python3.10/site-packages/airflow/example_dags/example_trigger_controller_dag.py for tasks to queue
[2022-08-10 11:52:58,728] {logging_mixin.py:109} INFO - [2022-08-10 11:52:58,728] {dagbag.py:500} INFO - Filling up the DagBag from /Library/Frameworks/Python.framework/Versions/3.10/lib/python3.10/site-packages/airflow/example_dags/example_trigger_controller_dag.py
[2022-08-10 11:52:58,733] {processor.py:652} INFO - DAG(s) dict_keys(['example_trigger_controller_dag']) retrieved from /Library/Frameworks/Python.framework/Versions/3.10/lib/python3.10/site-packages/airflow/example_dags/example_trigger_controller_dag.py
[2022-08-10 11:52:58,746] {logging_mixin.py:109} INFO - [2022-08-10 11:52:58,746] {dag.py:2398} INFO - Sync 1 DAGs
[2022-08-10 11:52:58,765] {logging_mixin.py:109} INFO - [2022-08-10 11:52:58,765] {dag.py:2937} INFO - Setting next_dagrun for example_trigger_controller_dag to 2021-01-01T00:00:00+00:00
[2022-08-10 11:52:58,767] {processor.py:171} INFO - Processing /Library/Frameworks/Python.framework/Versions/3.10/lib/python3.10/site-packages/airflow/example_dags/example_trigger_controller_dag.py took 0.040 seconds
[2022-08-10 11:53:41,078] {processor.py:163} INFO - Started process (PID=67030) to work on /Library/Frameworks/Python.framework/Versions/3.10/lib/python3.10/site-packages/airflow/example_dags/example_trigger_controller_dag.py
[2022-08-10 11:53:41,078] {processor.py:642} INFO - Processing file /Library/Frameworks/Python.framework/Versions/3.10/lib/python3.10/site-packages/airflow/example_dags/example_trigger_controller_dag.py for tasks to queue
[2022-08-10 11:53:41,078] {logging_mixin.py:109} INFO - [2022-08-10 11:53:41,078] {dagbag.py:500} INFO - Filling up the DagBag from /Library/Frameworks/Python.framework/Versions/3.10/lib/python3.10/site-packages/airflow/example_dags/example_trigger_controller_dag.py
[2022-08-10 11:53:41,082] {processor.py:652} INFO - DAG(s) dict_keys(['example_trigger_controller_dag']) retrieved from /Library/Frameworks/Python.framework/Versions/3.10/lib/python3.10/site-packages/airflow/example_dags/example_trigger_controller_dag.py
[2022-08-10 11:53:41,094] {logging_mixin.py:109} INFO - [2022-08-10 11:53:41,094] {dag.py:2398} INFO - Sync 1 DAGs
[2022-08-10 11:53:41,111] {logging_mixin.py:109} INFO - [2022-08-10 11:53:41,111] {dag.py:2937} INFO - Setting next_dagrun for example_trigger_controller_dag to 2021-01-01T00:00:00+00:00
[2022-08-10 11:53:41,113] {processor.py:171} INFO - Processing /Library/Frameworks/Python.framework/Versions/3.10/lib/python3.10/site-packages/airflow/example_dags/example_trigger_controller_dag.py took 0.035 seconds
[2022-08-10 11:54:22,093] {processor.py:163} INFO - Started process (PID=67304) to work on /Library/Frameworks/Python.framework/Versions/3.10/lib/python3.10/site-packages/airflow/example_dags/example_trigger_controller_dag.py
[2022-08-10 11:54:22,097] {processor.py:642} INFO - Processing file /Library/Frameworks/Python.framework/Versions/3.10/lib/python3.10/site-packages/airflow/example_dags/example_trigger_controller_dag.py for tasks to queue
[2022-08-10 11:54:22,097] {logging_mixin.py:109} INFO - [2022-08-10 11:54:22,097] {dagbag.py:500} INFO - Filling up the DagBag from /Library/Frameworks/Python.framework/Versions/3.10/lib/python3.10/site-packages/airflow/example_dags/example_trigger_controller_dag.py
[2022-08-10 11:54:22,101] {processor.py:652} INFO - DAG(s) dict_keys(['example_trigger_controller_dag']) retrieved from /Library/Frameworks/Python.framework/Versions/3.10/lib/python3.10/site-packages/airflow/example_dags/example_trigger_controller_dag.py
[2022-08-10 11:54:22,113] {logging_mixin.py:109} INFO - [2022-08-10 11:54:22,113] {dag.py:2398} INFO - Sync 1 DAGs
[2022-08-10 11:54:22,130] {logging_mixin.py:109} INFO - [2022-08-10 11:54:22,130] {dag.py:2937} INFO - Setting next_dagrun for example_trigger_controller_dag to 2021-01-01T00:00:00+00:00
[2022-08-10 11:54:22,133] {processor.py:171} INFO - Processing /Library/Frameworks/Python.framework/Versions/3.10/lib/python3.10/site-packages/airflow/example_dags/example_trigger_controller_dag.py took 0.040 seconds
[2022-08-10 11:55:00,403] {processor.py:163} INFO - Started process (PID=67504) to work on /Library/Frameworks/Python.framework/Versions/3.10/lib/python3.10/site-packages/airflow/example_dags/example_trigger_controller_dag.py
[2022-08-10 11:55:00,403] {processor.py:642} INFO - Processing file /Library/Frameworks/Python.framework/Versions/3.10/lib/python3.10/site-packages/airflow/example_dags/example_trigger_controller_dag.py for tasks to queue
[2022-08-10 11:55:00,403] {logging_mixin.py:109} INFO - [2022-08-10 11:55:00,403] {dagbag.py:500} INFO - Filling up the DagBag from /Library/Frameworks/Python.framework/Versions/3.10/lib/python3.10/site-packages/airflow/example_dags/example_trigger_controller_dag.py
[2022-08-10 11:55:00,407] {processor.py:652} INFO - DAG(s) dict_keys(['example_trigger_controller_dag']) retrieved from /Library/Frameworks/Python.framework/Versions/3.10/lib/python3.10/site-packages/airflow/example_dags/example_trigger_controller_dag.py
[2022-08-10 11:55:00,419] {logging_mixin.py:109} INFO - [2022-08-10 11:55:00,419] {dag.py:2398} INFO - Sync 1 DAGs
[2022-08-10 11:55:00,437] {logging_mixin.py:109} INFO - [2022-08-10 11:55:00,436] {dag.py:2937} INFO - Setting next_dagrun for example_trigger_controller_dag to 2021-01-01T00:00:00+00:00
[2022-08-10 11:55:00,439] {processor.py:171} INFO - Processing /Library/Frameworks/Python.framework/Versions/3.10/lib/python3.10/site-packages/airflow/example_dags/example_trigger_controller_dag.py took 0.036 seconds
[2022-08-10 11:55:41,676] {processor.py:163} INFO - Started process (PID=67728) to work on /Library/Frameworks/Python.framework/Versions/3.10/lib/python3.10/site-packages/airflow/example_dags/example_trigger_controller_dag.py
[2022-08-10 11:55:41,676] {processor.py:642} INFO - Processing file /Library/Frameworks/Python.framework/Versions/3.10/lib/python3.10/site-packages/airflow/example_dags/example_trigger_controller_dag.py for tasks to queue
[2022-08-10 11:55:41,676] {logging_mixin.py:109} INFO - [2022-08-10 11:55:41,676] {dagbag.py:500} INFO - Filling up the DagBag from /Library/Frameworks/Python.framework/Versions/3.10/lib/python3.10/site-packages/airflow/example_dags/example_trigger_controller_dag.py
[2022-08-10 11:55:41,680] {processor.py:652} INFO - DAG(s) dict_keys(['example_trigger_controller_dag']) retrieved from /Library/Frameworks/Python.framework/Versions/3.10/lib/python3.10/site-packages/airflow/example_dags/example_trigger_controller_dag.py
[2022-08-10 11:55:41,692] {logging_mixin.py:109} INFO - [2022-08-10 11:55:41,691] {dag.py:2398} INFO - Sync 1 DAGs
[2022-08-10 11:55:41,708] {logging_mixin.py:109} INFO - [2022-08-10 11:55:41,708] {dag.py:2937} INFO - Setting next_dagrun for example_trigger_controller_dag to 2021-01-01T00:00:00+00:00
[2022-08-10 11:55:41,711] {processor.py:171} INFO - Processing /Library/Frameworks/Python.framework/Versions/3.10/lib/python3.10/site-packages/airflow/example_dags/example_trigger_controller_dag.py took 0.036 seconds
[2022-08-10 11:56:21,433] {processor.py:163} INFO - Started process (PID=67967) to work on /Library/Frameworks/Python.framework/Versions/3.10/lib/python3.10/site-packages/airflow/example_dags/example_trigger_controller_dag.py
[2022-08-10 11:56:21,434] {processor.py:642} INFO - Processing file /Library/Frameworks/Python.framework/Versions/3.10/lib/python3.10/site-packages/airflow/example_dags/example_trigger_controller_dag.py for tasks to queue
[2022-08-10 11:56:21,434] {logging_mixin.py:109} INFO - [2022-08-10 11:56:21,434] {dagbag.py:500} INFO - Filling up the DagBag from /Library/Frameworks/Python.framework/Versions/3.10/lib/python3.10/site-packages/airflow/example_dags/example_trigger_controller_dag.py
[2022-08-10 11:56:21,439] {processor.py:652} INFO - DAG(s) dict_keys(['example_trigger_controller_dag']) retrieved from /Library/Frameworks/Python.framework/Versions/3.10/lib/python3.10/site-packages/airflow/example_dags/example_trigger_controller_dag.py
[2022-08-10 11:56:21,450] {logging_mixin.py:109} INFO - [2022-08-10 11:56:21,450] {dag.py:2398} INFO - Sync 1 DAGs
[2022-08-10 11:56:21,467] {logging_mixin.py:109} INFO - [2022-08-10 11:56:21,467] {dag.py:2937} INFO - Setting next_dagrun for example_trigger_controller_dag to 2021-01-01T00:00:00+00:00
[2022-08-10 11:56:21,470] {processor.py:171} INFO - Processing /Library/Frameworks/Python.framework/Versions/3.10/lib/python3.10/site-packages/airflow/example_dags/example_trigger_controller_dag.py took 0.036 seconds
[2022-08-10 11:56:59,843] {processor.py:163} INFO - Started process (PID=68161) to work on /Library/Frameworks/Python.framework/Versions/3.10/lib/python3.10/site-packages/airflow/example_dags/example_trigger_controller_dag.py
[2022-08-10 11:56:59,843] {processor.py:642} INFO - Processing file /Library/Frameworks/Python.framework/Versions/3.10/lib/python3.10/site-packages/airflow/example_dags/example_trigger_controller_dag.py for tasks to queue
[2022-08-10 11:56:59,843] {logging_mixin.py:109} INFO - [2022-08-10 11:56:59,843] {dagbag.py:500} INFO - Filling up the DagBag from /Library/Frameworks/Python.framework/Versions/3.10/lib/python3.10/site-packages/airflow/example_dags/example_trigger_controller_dag.py
[2022-08-10 11:56:59,847] {processor.py:652} INFO - DAG(s) dict_keys(['example_trigger_controller_dag']) retrieved from /Library/Frameworks/Python.framework/Versions/3.10/lib/python3.10/site-packages/airflow/example_dags/example_trigger_controller_dag.py
[2022-08-10 11:56:59,859] {logging_mixin.py:109} INFO - [2022-08-10 11:56:59,859] {dag.py:2398} INFO - Sync 1 DAGs
[2022-08-10 11:56:59,878] {logging_mixin.py:109} INFO - [2022-08-10 11:56:59,878] {dag.py:2937} INFO - Setting next_dagrun for example_trigger_controller_dag to 2021-01-01T00:00:00+00:00
[2022-08-10 11:56:59,880] {processor.py:171} INFO - Processing /Library/Frameworks/Python.framework/Versions/3.10/lib/python3.10/site-packages/airflow/example_dags/example_trigger_controller_dag.py took 0.038 seconds
[2022-08-10 11:57:36,717] {processor.py:163} INFO - Started process (PID=68363) to work on /Library/Frameworks/Python.framework/Versions/3.10/lib/python3.10/site-packages/airflow/example_dags/example_trigger_controller_dag.py
[2022-08-10 11:57:36,718] {processor.py:642} INFO - Processing file /Library/Frameworks/Python.framework/Versions/3.10/lib/python3.10/site-packages/airflow/example_dags/example_trigger_controller_dag.py for tasks to queue
[2022-08-10 11:57:36,718] {logging_mixin.py:109} INFO - [2022-08-10 11:57:36,718] {dagbag.py:500} INFO - Filling up the DagBag from /Library/Frameworks/Python.framework/Versions/3.10/lib/python3.10/site-packages/airflow/example_dags/example_trigger_controller_dag.py
[2022-08-10 11:57:36,723] {processor.py:652} INFO - DAG(s) dict_keys(['example_trigger_controller_dag']) retrieved from /Library/Frameworks/Python.framework/Versions/3.10/lib/python3.10/site-packages/airflow/example_dags/example_trigger_controller_dag.py
[2022-08-10 11:57:36,734] {logging_mixin.py:109} INFO - [2022-08-10 11:57:36,734] {dag.py:2398} INFO - Sync 1 DAGs
[2022-08-10 11:57:36,752] {logging_mixin.py:109} INFO - [2022-08-10 11:57:36,752] {dag.py:2937} INFO - Setting next_dagrun for example_trigger_controller_dag to 2021-01-01T00:00:00+00:00
[2022-08-10 11:57:36,755] {processor.py:171} INFO - Processing /Library/Frameworks/Python.framework/Versions/3.10/lib/python3.10/site-packages/airflow/example_dags/example_trigger_controller_dag.py took 0.038 seconds
[2022-08-10 11:58:17,645] {processor.py:163} INFO - Started process (PID=68578) to work on /Library/Frameworks/Python.framework/Versions/3.10/lib/python3.10/site-packages/airflow/example_dags/example_trigger_controller_dag.py
[2022-08-10 11:58:17,646] {processor.py:642} INFO - Processing file /Library/Frameworks/Python.framework/Versions/3.10/lib/python3.10/site-packages/airflow/example_dags/example_trigger_controller_dag.py for tasks to queue
[2022-08-10 11:58:17,646] {logging_mixin.py:109} INFO - [2022-08-10 11:58:17,646] {dagbag.py:500} INFO - Filling up the DagBag from /Library/Frameworks/Python.framework/Versions/3.10/lib/python3.10/site-packages/airflow/example_dags/example_trigger_controller_dag.py
[2022-08-10 11:58:17,650] {processor.py:652} INFO - DAG(s) dict_keys(['example_trigger_controller_dag']) retrieved from /Library/Frameworks/Python.framework/Versions/3.10/lib/python3.10/site-packages/airflow/example_dags/example_trigger_controller_dag.py
[2022-08-10 11:58:17,662] {logging_mixin.py:109} INFO - [2022-08-10 11:58:17,662] {dag.py:2398} INFO - Sync 1 DAGs
[2022-08-10 11:58:17,681] {logging_mixin.py:109} INFO - [2022-08-10 11:58:17,681] {dag.py:2937} INFO - Setting next_dagrun for example_trigger_controller_dag to 2021-01-01T00:00:00+00:00
[2022-08-10 11:58:17,684] {processor.py:171} INFO - Processing /Library/Frameworks/Python.framework/Versions/3.10/lib/python3.10/site-packages/airflow/example_dags/example_trigger_controller_dag.py took 0.039 seconds
[2022-08-10 11:58:58,720] {processor.py:163} INFO - Started process (PID=68792) to work on /Library/Frameworks/Python.framework/Versions/3.10/lib/python3.10/site-packages/airflow/example_dags/example_trigger_controller_dag.py
[2022-08-10 11:58:58,720] {processor.py:642} INFO - Processing file /Library/Frameworks/Python.framework/Versions/3.10/lib/python3.10/site-packages/airflow/example_dags/example_trigger_controller_dag.py for tasks to queue
[2022-08-10 11:58:58,721] {logging_mixin.py:109} INFO - [2022-08-10 11:58:58,721] {dagbag.py:500} INFO - Filling up the DagBag from /Library/Frameworks/Python.framework/Versions/3.10/lib/python3.10/site-packages/airflow/example_dags/example_trigger_controller_dag.py
[2022-08-10 11:58:58,724] {processor.py:652} INFO - DAG(s) dict_keys(['example_trigger_controller_dag']) retrieved from /Library/Frameworks/Python.framework/Versions/3.10/lib/python3.10/site-packages/airflow/example_dags/example_trigger_controller_dag.py
[2022-08-10 11:58:58,736] {logging_mixin.py:109} INFO - [2022-08-10 11:58:58,736] {dag.py:2398} INFO - Sync 1 DAGs
[2022-08-10 11:58:58,755] {logging_mixin.py:109} INFO - [2022-08-10 11:58:58,755] {dag.py:2937} INFO - Setting next_dagrun for example_trigger_controller_dag to 2021-01-01T00:00:00+00:00
[2022-08-10 11:58:58,758] {processor.py:171} INFO - Processing /Library/Frameworks/Python.framework/Versions/3.10/lib/python3.10/site-packages/airflow/example_dags/example_trigger_controller_dag.py took 0.038 seconds
[2022-08-10 11:59:38,016] {processor.py:163} INFO - Started process (PID=69006) to work on /Library/Frameworks/Python.framework/Versions/3.10/lib/python3.10/site-packages/airflow/example_dags/example_trigger_controller_dag.py
[2022-08-10 11:59:38,016] {processor.py:642} INFO - Processing file /Library/Frameworks/Python.framework/Versions/3.10/lib/python3.10/site-packages/airflow/example_dags/example_trigger_controller_dag.py for tasks to queue
[2022-08-10 11:59:38,016] {logging_mixin.py:109} INFO - [2022-08-10 11:59:38,016] {dagbag.py:500} INFO - Filling up the DagBag from /Library/Frameworks/Python.framework/Versions/3.10/lib/python3.10/site-packages/airflow/example_dags/example_trigger_controller_dag.py
[2022-08-10 11:59:38,020] {processor.py:652} INFO - DAG(s) dict_keys(['example_trigger_controller_dag']) retrieved from /Library/Frameworks/Python.framework/Versions/3.10/lib/python3.10/site-packages/airflow/example_dags/example_trigger_controller_dag.py
[2022-08-10 11:59:38,032] {logging_mixin.py:109} INFO - [2022-08-10 11:59:38,032] {dag.py:2398} INFO - Sync 1 DAGs
[2022-08-10 11:59:38,049] {logging_mixin.py:109} INFO - [2022-08-10 11:59:38,049] {dag.py:2937} INFO - Setting next_dagrun for example_trigger_controller_dag to 2021-01-01T00:00:00+00:00
[2022-08-10 11:59:38,052] {processor.py:171} INFO - Processing /Library/Frameworks/Python.framework/Versions/3.10/lib/python3.10/site-packages/airflow/example_dags/example_trigger_controller_dag.py took 0.036 seconds
[2022-08-10 12:00:16,445] {processor.py:163} INFO - Started process (PID=69213) to work on /Library/Frameworks/Python.framework/Versions/3.10/lib/python3.10/site-packages/airflow/example_dags/example_trigger_controller_dag.py
[2022-08-10 12:00:16,445] {processor.py:642} INFO - Processing file /Library/Frameworks/Python.framework/Versions/3.10/lib/python3.10/site-packages/airflow/example_dags/example_trigger_controller_dag.py for tasks to queue
[2022-08-10 12:00:16,445] {logging_mixin.py:109} INFO - [2022-08-10 12:00:16,445] {dagbag.py:500} INFO - Filling up the DagBag from /Library/Frameworks/Python.framework/Versions/3.10/lib/python3.10/site-packages/airflow/example_dags/example_trigger_controller_dag.py
[2022-08-10 12:00:16,449] {processor.py:652} INFO - DAG(s) dict_keys(['example_trigger_controller_dag']) retrieved from /Library/Frameworks/Python.framework/Versions/3.10/lib/python3.10/site-packages/airflow/example_dags/example_trigger_controller_dag.py
[2022-08-10 12:00:16,461] {logging_mixin.py:109} INFO - [2022-08-10 12:00:16,461] {dag.py:2398} INFO - Sync 1 DAGs
[2022-08-10 12:00:16,478] {logging_mixin.py:109} INFO - [2022-08-10 12:00:16,478] {dag.py:2937} INFO - Setting next_dagrun for example_trigger_controller_dag to 2021-01-01T00:00:00+00:00
[2022-08-10 12:00:16,481] {processor.py:171} INFO - Processing /Library/Frameworks/Python.framework/Versions/3.10/lib/python3.10/site-packages/airflow/example_dags/example_trigger_controller_dag.py took 0.037 seconds
[2022-08-10 12:00:56,706] {processor.py:163} INFO - Started process (PID=69426) to work on /Library/Frameworks/Python.framework/Versions/3.10/lib/python3.10/site-packages/airflow/example_dags/example_trigger_controller_dag.py
[2022-08-10 12:00:56,706] {processor.py:642} INFO - Processing file /Library/Frameworks/Python.framework/Versions/3.10/lib/python3.10/site-packages/airflow/example_dags/example_trigger_controller_dag.py for tasks to queue
[2022-08-10 12:00:56,706] {logging_mixin.py:109} INFO - [2022-08-10 12:00:56,706] {dagbag.py:500} INFO - Filling up the DagBag from /Library/Frameworks/Python.framework/Versions/3.10/lib/python3.10/site-packages/airflow/example_dags/example_trigger_controller_dag.py
[2022-08-10 12:00:56,711] {processor.py:652} INFO - DAG(s) dict_keys(['example_trigger_controller_dag']) retrieved from /Library/Frameworks/Python.framework/Versions/3.10/lib/python3.10/site-packages/airflow/example_dags/example_trigger_controller_dag.py
[2022-08-10 12:00:56,722] {logging_mixin.py:109} INFO - [2022-08-10 12:00:56,722] {dag.py:2398} INFO - Sync 1 DAGs
[2022-08-10 12:00:56,739] {logging_mixin.py:109} INFO - [2022-08-10 12:00:56,739] {dag.py:2937} INFO - Setting next_dagrun for example_trigger_controller_dag to 2021-01-01T00:00:00+00:00
[2022-08-10 12:00:56,742] {processor.py:171} INFO - Processing /Library/Frameworks/Python.framework/Versions/3.10/lib/python3.10/site-packages/airflow/example_dags/example_trigger_controller_dag.py took 0.036 seconds
[2022-08-10 12:01:36,518] {processor.py:163} INFO - Started process (PID=69685) to work on /Library/Frameworks/Python.framework/Versions/3.10/lib/python3.10/site-packages/airflow/example_dags/example_trigger_controller_dag.py
[2022-08-10 12:01:36,518] {processor.py:642} INFO - Processing file /Library/Frameworks/Python.framework/Versions/3.10/lib/python3.10/site-packages/airflow/example_dags/example_trigger_controller_dag.py for tasks to queue
[2022-08-10 12:01:36,518] {logging_mixin.py:109} INFO - [2022-08-10 12:01:36,518] {dagbag.py:500} INFO - Filling up the DagBag from /Library/Frameworks/Python.framework/Versions/3.10/lib/python3.10/site-packages/airflow/example_dags/example_trigger_controller_dag.py
[2022-08-10 12:01:36,522] {processor.py:652} INFO - DAG(s) dict_keys(['example_trigger_controller_dag']) retrieved from /Library/Frameworks/Python.framework/Versions/3.10/lib/python3.10/site-packages/airflow/example_dags/example_trigger_controller_dag.py
[2022-08-10 12:01:36,534] {logging_mixin.py:109} INFO - [2022-08-10 12:01:36,534] {dag.py:2398} INFO - Sync 1 DAGs
[2022-08-10 12:01:36,552] {logging_mixin.py:109} INFO - [2022-08-10 12:01:36,552] {dag.py:2937} INFO - Setting next_dagrun for example_trigger_controller_dag to 2021-01-01T00:00:00+00:00
[2022-08-10 12:01:36,554] {processor.py:171} INFO - Processing /Library/Frameworks/Python.framework/Versions/3.10/lib/python3.10/site-packages/airflow/example_dags/example_trigger_controller_dag.py took 0.037 seconds
