[2022-08-10 11:46:25,998] {processor.py:163} INFO - Started process (PID=66423) to work on /Library/Frameworks/Python.framework/Versions/3.10/lib/python3.10/site-packages/airflow/example_dags/example_branch_day_of_week_operator.py
[2022-08-10 11:46:25,998] {processor.py:642} INFO - Processing file /Library/Frameworks/Python.framework/Versions/3.10/lib/python3.10/site-packages/airflow/example_dags/example_branch_day_of_week_operator.py for tasks to queue
[2022-08-10 11:46:25,998] {logging_mixin.py:109} INFO - [2022-08-10 11:46:25,998] {dagbag.py:500} INFO - Filling up the DagBag from /Library/Frameworks/Python.framework/Versions/3.10/lib/python3.10/site-packages/airflow/example_dags/example_branch_day_of_week_operator.py
[2022-08-10 11:46:26,004] {processor.py:652} INFO - DAG(s) dict_keys(['example_weekday_branch_operator']) retrieved from /Library/Frameworks/Python.framework/Versions/3.10/lib/python3.10/site-packages/airflow/example_dags/example_branch_day_of_week_operator.py
[2022-08-10 11:46:26,015] {logging_mixin.py:109} INFO - [2022-08-10 11:46:26,015] {dag.py:2398} INFO - Sync 1 DAGs
[2022-08-10 11:46:26,033] {logging_mixin.py:109} INFO - [2022-08-10 11:46:26,033] {dag.py:2937} INFO - Setting next_dagrun for example_weekday_branch_operator to 2022-08-09 00:00:00+00:00
[2022-08-10 11:46:26,036] {processor.py:171} INFO - Processing /Library/Frameworks/Python.framework/Versions/3.10/lib/python3.10/site-packages/airflow/example_dags/example_branch_day_of_week_operator.py took 0.038 seconds
[2022-08-10 11:47:18,257] {processor.py:163} INFO - Started process (PID=66724) to work on /Library/Frameworks/Python.framework/Versions/3.10/lib/python3.10/site-packages/airflow/example_dags/example_branch_day_of_week_operator.py
[2022-08-10 11:47:18,258] {processor.py:642} INFO - Processing file /Library/Frameworks/Python.framework/Versions/3.10/lib/python3.10/site-packages/airflow/example_dags/example_branch_day_of_week_operator.py for tasks to queue
[2022-08-10 11:47:18,259] {logging_mixin.py:109} INFO - [2022-08-10 11:47:18,259] {dagbag.py:500} INFO - Filling up the DagBag from /Library/Frameworks/Python.framework/Versions/3.10/lib/python3.10/site-packages/airflow/example_dags/example_branch_day_of_week_operator.py
[2022-08-10 11:47:18,264] {processor.py:652} INFO - DAG(s) dict_keys(['example_weekday_branch_operator']) retrieved from /Library/Frameworks/Python.framework/Versions/3.10/lib/python3.10/site-packages/airflow/example_dags/example_branch_day_of_week_operator.py
[2022-08-10 11:47:18,276] {logging_mixin.py:109} INFO - [2022-08-10 11:47:18,276] {dag.py:2398} INFO - Sync 1 DAGs
[2022-08-10 11:47:18,293] {logging_mixin.py:109} INFO - [2022-08-10 11:47:18,293] {dag.py:2937} INFO - Setting next_dagrun for example_weekday_branch_operator to 2022-08-09 00:00:00+00:00
[2022-08-10 11:47:18,295] {processor.py:171} INFO - Processing /Library/Frameworks/Python.framework/Versions/3.10/lib/python3.10/site-packages/airflow/example_dags/example_branch_day_of_week_operator.py took 0.038 seconds
[2022-08-10 11:53:24,520] {processor.py:163} INFO - Started process (PID=66950) to work on /Library/Frameworks/Python.framework/Versions/3.10/lib/python3.10/site-packages/airflow/example_dags/example_branch_day_of_week_operator.py
[2022-08-10 11:53:24,521] {processor.py:642} INFO - Processing file /Library/Frameworks/Python.framework/Versions/3.10/lib/python3.10/site-packages/airflow/example_dags/example_branch_day_of_week_operator.py for tasks to queue
[2022-08-10 11:53:24,521] {logging_mixin.py:109} INFO - [2022-08-10 11:53:24,521] {dagbag.py:500} INFO - Filling up the DagBag from /Library/Frameworks/Python.framework/Versions/3.10/lib/python3.10/site-packages/airflow/example_dags/example_branch_day_of_week_operator.py
[2022-08-10 11:53:24,525] {processor.py:652} INFO - DAG(s) dict_keys(['example_weekday_branch_operator']) retrieved from /Library/Frameworks/Python.framework/Versions/3.10/lib/python3.10/site-packages/airflow/example_dags/example_branch_day_of_week_operator.py
[2022-08-10 11:53:24,537] {logging_mixin.py:109} INFO - [2022-08-10 11:53:24,537] {dag.py:2398} INFO - Sync 1 DAGs
[2022-08-10 11:53:24,554] {logging_mixin.py:109} INFO - [2022-08-10 11:53:24,554] {dag.py:2937} INFO - Setting next_dagrun for example_weekday_branch_operator to 2022-08-09 00:00:00+00:00
[2022-08-10 11:53:24,557] {processor.py:171} INFO - Processing /Library/Frameworks/Python.framework/Versions/3.10/lib/python3.10/site-packages/airflow/example_dags/example_branch_day_of_week_operator.py took 0.037 seconds
[2022-08-10 11:54:18,060] {processor.py:163} INFO - Started process (PID=67289) to work on /Library/Frameworks/Python.framework/Versions/3.10/lib/python3.10/site-packages/airflow/example_dags/example_branch_day_of_week_operator.py
[2022-08-10 11:54:18,060] {processor.py:642} INFO - Processing file /Library/Frameworks/Python.framework/Versions/3.10/lib/python3.10/site-packages/airflow/example_dags/example_branch_day_of_week_operator.py for tasks to queue
[2022-08-10 11:54:18,060] {logging_mixin.py:109} INFO - [2022-08-10 11:54:18,060] {dagbag.py:500} INFO - Filling up the DagBag from /Library/Frameworks/Python.framework/Versions/3.10/lib/python3.10/site-packages/airflow/example_dags/example_branch_day_of_week_operator.py
[2022-08-10 11:54:18,065] {processor.py:652} INFO - DAG(s) dict_keys(['example_weekday_branch_operator']) retrieved from /Library/Frameworks/Python.framework/Versions/3.10/lib/python3.10/site-packages/airflow/example_dags/example_branch_day_of_week_operator.py
[2022-08-10 11:54:18,076] {logging_mixin.py:109} INFO - [2022-08-10 11:54:18,076] {dag.py:2398} INFO - Sync 1 DAGs
[2022-08-10 11:54:18,094] {logging_mixin.py:109} INFO - [2022-08-10 11:54:18,094] {dag.py:2937} INFO - Setting next_dagrun for example_weekday_branch_operator to 2022-08-09 00:00:00+00:00
[2022-08-10 11:54:18,096] {processor.py:171} INFO - Processing /Library/Frameworks/Python.framework/Versions/3.10/lib/python3.10/site-packages/airflow/example_dags/example_branch_day_of_week_operator.py took 0.037 seconds
[2022-08-10 11:55:08,804] {processor.py:163} INFO - Started process (PID=67551) to work on /Library/Frameworks/Python.framework/Versions/3.10/lib/python3.10/site-packages/airflow/example_dags/example_branch_day_of_week_operator.py
[2022-08-10 11:55:08,805] {processor.py:642} INFO - Processing file /Library/Frameworks/Python.framework/Versions/3.10/lib/python3.10/site-packages/airflow/example_dags/example_branch_day_of_week_operator.py for tasks to queue
[2022-08-10 11:55:08,805] {logging_mixin.py:109} INFO - [2022-08-10 11:55:08,805] {dagbag.py:500} INFO - Filling up the DagBag from /Library/Frameworks/Python.framework/Versions/3.10/lib/python3.10/site-packages/airflow/example_dags/example_branch_day_of_week_operator.py
[2022-08-10 11:55:08,809] {processor.py:652} INFO - DAG(s) dict_keys(['example_weekday_branch_operator']) retrieved from /Library/Frameworks/Python.framework/Versions/3.10/lib/python3.10/site-packages/airflow/example_dags/example_branch_day_of_week_operator.py
[2022-08-10 11:55:08,820] {logging_mixin.py:109} INFO - [2022-08-10 11:55:08,820] {dag.py:2398} INFO - Sync 1 DAGs
[2022-08-10 11:55:08,837] {logging_mixin.py:109} INFO - [2022-08-10 11:55:08,837] {dag.py:2937} INFO - Setting next_dagrun for example_weekday_branch_operator to 2022-08-09 00:00:00+00:00
[2022-08-10 11:55:08,840] {processor.py:171} INFO - Processing /Library/Frameworks/Python.framework/Versions/3.10/lib/python3.10/site-packages/airflow/example_dags/example_branch_day_of_week_operator.py took 0.036 seconds
[2022-08-10 11:56:02,765] {processor.py:163} INFO - Started process (PID=67854) to work on /Library/Frameworks/Python.framework/Versions/3.10/lib/python3.10/site-packages/airflow/example_dags/example_branch_day_of_week_operator.py
[2022-08-10 11:56:02,766] {processor.py:642} INFO - Processing file /Library/Frameworks/Python.framework/Versions/3.10/lib/python3.10/site-packages/airflow/example_dags/example_branch_day_of_week_operator.py for tasks to queue
[2022-08-10 11:56:02,766] {logging_mixin.py:109} INFO - [2022-08-10 11:56:02,766] {dagbag.py:500} INFO - Filling up the DagBag from /Library/Frameworks/Python.framework/Versions/3.10/lib/python3.10/site-packages/airflow/example_dags/example_branch_day_of_week_operator.py
[2022-08-10 11:56:02,770] {processor.py:652} INFO - DAG(s) dict_keys(['example_weekday_branch_operator']) retrieved from /Library/Frameworks/Python.framework/Versions/3.10/lib/python3.10/site-packages/airflow/example_dags/example_branch_day_of_week_operator.py
[2022-08-10 11:56:02,782] {logging_mixin.py:109} INFO - [2022-08-10 11:56:02,782] {dag.py:2398} INFO - Sync 1 DAGs
[2022-08-10 11:56:02,799] {logging_mixin.py:109} INFO - [2022-08-10 11:56:02,799] {dag.py:2937} INFO - Setting next_dagrun for example_weekday_branch_operator to 2022-08-09 00:00:00+00:00
[2022-08-10 11:56:02,802] {processor.py:171} INFO - Processing /Library/Frameworks/Python.framework/Versions/3.10/lib/python3.10/site-packages/airflow/example_dags/example_branch_day_of_week_operator.py took 0.036 seconds
[2022-08-10 11:56:54,158] {processor.py:163} INFO - Started process (PID=68134) to work on /Library/Frameworks/Python.framework/Versions/3.10/lib/python3.10/site-packages/airflow/example_dags/example_branch_day_of_week_operator.py
[2022-08-10 11:56:54,160] {processor.py:642} INFO - Processing file /Library/Frameworks/Python.framework/Versions/3.10/lib/python3.10/site-packages/airflow/example_dags/example_branch_day_of_week_operator.py for tasks to queue
[2022-08-10 11:56:54,160] {logging_mixin.py:109} INFO - [2022-08-10 11:56:54,160] {dagbag.py:500} INFO - Filling up the DagBag from /Library/Frameworks/Python.framework/Versions/3.10/lib/python3.10/site-packages/airflow/example_dags/example_branch_day_of_week_operator.py
[2022-08-10 11:56:54,165] {processor.py:652} INFO - DAG(s) dict_keys(['example_weekday_branch_operator']) retrieved from /Library/Frameworks/Python.framework/Versions/3.10/lib/python3.10/site-packages/airflow/example_dags/example_branch_day_of_week_operator.py
[2022-08-10 11:56:54,176] {logging_mixin.py:109} INFO - [2022-08-10 11:56:54,176] {dag.py:2398} INFO - Sync 1 DAGs
[2022-08-10 11:56:54,194] {logging_mixin.py:109} INFO - [2022-08-10 11:56:54,194] {dag.py:2937} INFO - Setting next_dagrun for example_weekday_branch_operator to 2022-08-09 00:00:00+00:00
[2022-08-10 11:56:54,196] {processor.py:171} INFO - Processing /Library/Frameworks/Python.framework/Versions/3.10/lib/python3.10/site-packages/airflow/example_dags/example_branch_day_of_week_operator.py took 0.038 seconds
[2022-08-10 11:57:43,678] {processor.py:163} INFO - Started process (PID=68396) to work on /Library/Frameworks/Python.framework/Versions/3.10/lib/python3.10/site-packages/airflow/example_dags/example_branch_day_of_week_operator.py
[2022-08-10 11:57:43,679] {processor.py:642} INFO - Processing file /Library/Frameworks/Python.framework/Versions/3.10/lib/python3.10/site-packages/airflow/example_dags/example_branch_day_of_week_operator.py for tasks to queue
[2022-08-10 11:57:43,679] {logging_mixin.py:109} INFO - [2022-08-10 11:57:43,679] {dagbag.py:500} INFO - Filling up the DagBag from /Library/Frameworks/Python.framework/Versions/3.10/lib/python3.10/site-packages/airflow/example_dags/example_branch_day_of_week_operator.py
[2022-08-10 11:57:43,685] {processor.py:652} INFO - DAG(s) dict_keys(['example_weekday_branch_operator']) retrieved from /Library/Frameworks/Python.framework/Versions/3.10/lib/python3.10/site-packages/airflow/example_dags/example_branch_day_of_week_operator.py
[2022-08-10 11:57:43,697] {logging_mixin.py:109} INFO - [2022-08-10 11:57:43,697] {dag.py:2398} INFO - Sync 1 DAGs
[2022-08-10 11:57:43,717] {logging_mixin.py:109} INFO - [2022-08-10 11:57:43,717] {dag.py:2937} INFO - Setting next_dagrun for example_weekday_branch_operator to 2022-08-09 00:00:00+00:00
[2022-08-10 11:57:43,720] {processor.py:171} INFO - Processing /Library/Frameworks/Python.framework/Versions/3.10/lib/python3.10/site-packages/airflow/example_dags/example_branch_day_of_week_operator.py took 0.042 seconds
[2022-08-10 11:58:38,081] {processor.py:163} INFO - Started process (PID=68688) to work on /Library/Frameworks/Python.framework/Versions/3.10/lib/python3.10/site-packages/airflow/example_dags/example_branch_day_of_week_operator.py
[2022-08-10 11:58:38,081] {processor.py:642} INFO - Processing file /Library/Frameworks/Python.framework/Versions/3.10/lib/python3.10/site-packages/airflow/example_dags/example_branch_day_of_week_operator.py for tasks to queue
[2022-08-10 11:58:38,082] {logging_mixin.py:109} INFO - [2022-08-10 11:58:38,082] {dagbag.py:500} INFO - Filling up the DagBag from /Library/Frameworks/Python.framework/Versions/3.10/lib/python3.10/site-packages/airflow/example_dags/example_branch_day_of_week_operator.py
[2022-08-10 11:58:38,087] {processor.py:652} INFO - DAG(s) dict_keys(['example_weekday_branch_operator']) retrieved from /Library/Frameworks/Python.framework/Versions/3.10/lib/python3.10/site-packages/airflow/example_dags/example_branch_day_of_week_operator.py
[2022-08-10 11:58:38,098] {logging_mixin.py:109} INFO - [2022-08-10 11:58:38,098] {dag.py:2398} INFO - Sync 1 DAGs
[2022-08-10 11:58:38,115] {logging_mixin.py:109} INFO - [2022-08-10 11:58:38,115] {dag.py:2937} INFO - Setting next_dagrun for example_weekday_branch_operator to 2022-08-09 00:00:00+00:00
[2022-08-10 11:58:38,118] {processor.py:171} INFO - Processing /Library/Frameworks/Python.framework/Versions/3.10/lib/python3.10/site-packages/airflow/example_dags/example_branch_day_of_week_operator.py took 0.037 seconds
[2022-08-10 11:59:31,595] {processor.py:163} INFO - Started process (PID=68972) to work on /Library/Frameworks/Python.framework/Versions/3.10/lib/python3.10/site-packages/airflow/example_dags/example_branch_day_of_week_operator.py
[2022-08-10 11:59:31,595] {processor.py:642} INFO - Processing file /Library/Frameworks/Python.framework/Versions/3.10/lib/python3.10/site-packages/airflow/example_dags/example_branch_day_of_week_operator.py for tasks to queue
[2022-08-10 11:59:31,595] {logging_mixin.py:109} INFO - [2022-08-10 11:59:31,595] {dagbag.py:500} INFO - Filling up the DagBag from /Library/Frameworks/Python.framework/Versions/3.10/lib/python3.10/site-packages/airflow/example_dags/example_branch_day_of_week_operator.py
[2022-08-10 11:59:31,600] {processor.py:652} INFO - DAG(s) dict_keys(['example_weekday_branch_operator']) retrieved from /Library/Frameworks/Python.framework/Versions/3.10/lib/python3.10/site-packages/airflow/example_dags/example_branch_day_of_week_operator.py
[2022-08-10 11:59:31,611] {logging_mixin.py:109} INFO - [2022-08-10 11:59:31,611] {dag.py:2398} INFO - Sync 1 DAGs
[2022-08-10 11:59:31,629] {logging_mixin.py:109} INFO - [2022-08-10 11:59:31,629] {dag.py:2937} INFO - Setting next_dagrun for example_weekday_branch_operator to 2022-08-09 00:00:00+00:00
[2022-08-10 11:59:31,631] {processor.py:171} INFO - Processing /Library/Frameworks/Python.framework/Versions/3.10/lib/python3.10/site-packages/airflow/example_dags/example_branch_day_of_week_operator.py took 0.037 seconds
[2022-08-10 12:00:22,777] {processor.py:163} INFO - Started process (PID=69249) to work on /Library/Frameworks/Python.framework/Versions/3.10/lib/python3.10/site-packages/airflow/example_dags/example_branch_day_of_week_operator.py
[2022-08-10 12:00:22,777] {processor.py:642} INFO - Processing file /Library/Frameworks/Python.framework/Versions/3.10/lib/python3.10/site-packages/airflow/example_dags/example_branch_day_of_week_operator.py for tasks to queue
[2022-08-10 12:00:22,777] {logging_mixin.py:109} INFO - [2022-08-10 12:00:22,777] {dagbag.py:500} INFO - Filling up the DagBag from /Library/Frameworks/Python.framework/Versions/3.10/lib/python3.10/site-packages/airflow/example_dags/example_branch_day_of_week_operator.py
[2022-08-10 12:00:22,781] {processor.py:652} INFO - DAG(s) dict_keys(['example_weekday_branch_operator']) retrieved from /Library/Frameworks/Python.framework/Versions/3.10/lib/python3.10/site-packages/airflow/example_dags/example_branch_day_of_week_operator.py
[2022-08-10 12:00:22,793] {logging_mixin.py:109} INFO - [2022-08-10 12:00:22,793] {dag.py:2398} INFO - Sync 1 DAGs
[2022-08-10 12:00:22,810] {logging_mixin.py:109} INFO - [2022-08-10 12:00:22,810] {dag.py:2937} INFO - Setting next_dagrun for example_weekday_branch_operator to 2022-08-09 00:00:00+00:00
[2022-08-10 12:00:22,813] {processor.py:171} INFO - Processing /Library/Frameworks/Python.framework/Versions/3.10/lib/python3.10/site-packages/airflow/example_dags/example_branch_day_of_week_operator.py took 0.036 seconds
[2022-08-10 12:01:17,180] {processor.py:163} INFO - Started process (PID=69537) to work on /Library/Frameworks/Python.framework/Versions/3.10/lib/python3.10/site-packages/airflow/example_dags/example_branch_day_of_week_operator.py
[2022-08-10 12:01:17,180] {processor.py:642} INFO - Processing file /Library/Frameworks/Python.framework/Versions/3.10/lib/python3.10/site-packages/airflow/example_dags/example_branch_day_of_week_operator.py for tasks to queue
[2022-08-10 12:01:17,180] {logging_mixin.py:109} INFO - [2022-08-10 12:01:17,180] {dagbag.py:500} INFO - Filling up the DagBag from /Library/Frameworks/Python.framework/Versions/3.10/lib/python3.10/site-packages/airflow/example_dags/example_branch_day_of_week_operator.py
[2022-08-10 12:01:17,185] {processor.py:652} INFO - DAG(s) dict_keys(['example_weekday_branch_operator']) retrieved from /Library/Frameworks/Python.framework/Versions/3.10/lib/python3.10/site-packages/airflow/example_dags/example_branch_day_of_week_operator.py
[2022-08-10 12:01:17,197] {logging_mixin.py:109} INFO - [2022-08-10 12:01:17,197] {dag.py:2398} INFO - Sync 1 DAGs
[2022-08-10 12:01:17,218] {logging_mixin.py:109} INFO - [2022-08-10 12:01:17,218] {dag.py:2937} INFO - Setting next_dagrun for example_weekday_branch_operator to 2022-08-09 00:00:00+00:00
[2022-08-10 12:01:17,221] {processor.py:171} INFO - Processing /Library/Frameworks/Python.framework/Versions/3.10/lib/python3.10/site-packages/airflow/example_dags/example_branch_day_of_week_operator.py took 0.042 seconds
[2022-08-10 12:02:07,920] {processor.py:163} INFO - Started process (PID=69907) to work on /Library/Frameworks/Python.framework/Versions/3.10/lib/python3.10/site-packages/airflow/example_dags/example_branch_day_of_week_operator.py
[2022-08-10 12:02:07,920] {processor.py:642} INFO - Processing file /Library/Frameworks/Python.framework/Versions/3.10/lib/python3.10/site-packages/airflow/example_dags/example_branch_day_of_week_operator.py for tasks to queue
[2022-08-10 12:02:07,920] {logging_mixin.py:109} INFO - [2022-08-10 12:02:07,920] {dagbag.py:500} INFO - Filling up the DagBag from /Library/Frameworks/Python.framework/Versions/3.10/lib/python3.10/site-packages/airflow/example_dags/example_branch_day_of_week_operator.py
[2022-08-10 12:02:07,924] {processor.py:652} INFO - DAG(s) dict_keys(['example_weekday_branch_operator']) retrieved from /Library/Frameworks/Python.framework/Versions/3.10/lib/python3.10/site-packages/airflow/example_dags/example_branch_day_of_week_operator.py
[2022-08-10 12:02:07,936] {logging_mixin.py:109} INFO - [2022-08-10 12:02:07,936] {dag.py:2398} INFO - Sync 1 DAGs
[2022-08-10 12:02:07,953] {logging_mixin.py:109} INFO - [2022-08-10 12:02:07,953] {dag.py:2937} INFO - Setting next_dagrun for example_weekday_branch_operator to 2022-08-09 00:00:00+00:00
[2022-08-10 12:02:07,955] {processor.py:171} INFO - Processing /Library/Frameworks/Python.framework/Versions/3.10/lib/python3.10/site-packages/airflow/example_dags/example_branch_day_of_week_operator.py took 0.036 seconds
