[2022-08-10 11:45:58,638] {processor.py:163} INFO - Started process (PID=66292) to work on /Library/Frameworks/Python.framework/Versions/3.10/lib/python3.10/site-packages/airflow/example_dags/example_trigger_target_dag.py
[2022-08-10 11:45:58,639] {processor.py:642} INFO - Processing file /Library/Frameworks/Python.framework/Versions/3.10/lib/python3.10/site-packages/airflow/example_dags/example_trigger_target_dag.py for tasks to queue
[2022-08-10 11:45:58,639] {logging_mixin.py:109} INFO - [2022-08-10 11:45:58,639] {dagbag.py:500} INFO - Filling up the DagBag from /Library/Frameworks/Python.framework/Versions/3.10/lib/python3.10/site-packages/airflow/example_dags/example_trigger_target_dag.py
[2022-08-10 11:45:58,648] {processor.py:652} INFO - DAG(s) dict_keys(['example_trigger_target_dag']) retrieved from /Library/Frameworks/Python.framework/Versions/3.10/lib/python3.10/site-packages/airflow/example_dags/example_trigger_target_dag.py
[2022-08-10 11:45:58,652] {logging_mixin.py:109} INFO - [2022-08-10 11:45:58,652] {dag.py:2398} INFO - Sync 1 DAGs
[2022-08-10 11:45:58,678] {logging_mixin.py:109} INFO - [2022-08-10 11:45:58,678] {dag.py:2937} INFO - Setting next_dagrun for example_trigger_target_dag to None
[2022-08-10 11:45:58,681] {processor.py:171} INFO - Processing /Library/Frameworks/Python.framework/Versions/3.10/lib/python3.10/site-packages/airflow/example_dags/example_trigger_target_dag.py took 0.043 seconds
[2022-08-10 11:46:40,936] {processor.py:163} INFO - Started process (PID=66535) to work on /Library/Frameworks/Python.framework/Versions/3.10/lib/python3.10/site-packages/airflow/example_dags/example_trigger_target_dag.py
[2022-08-10 11:46:40,937] {processor.py:642} INFO - Processing file /Library/Frameworks/Python.framework/Versions/3.10/lib/python3.10/site-packages/airflow/example_dags/example_trigger_target_dag.py for tasks to queue
[2022-08-10 11:46:40,937] {logging_mixin.py:109} INFO - [2022-08-10 11:46:40,937] {dagbag.py:500} INFO - Filling up the DagBag from /Library/Frameworks/Python.framework/Versions/3.10/lib/python3.10/site-packages/airflow/example_dags/example_trigger_target_dag.py
[2022-08-10 11:46:40,947] {processor.py:652} INFO - DAG(s) dict_keys(['example_trigger_target_dag']) retrieved from /Library/Frameworks/Python.framework/Versions/3.10/lib/python3.10/site-packages/airflow/example_dags/example_trigger_target_dag.py
[2022-08-10 11:46:40,973] {logging_mixin.py:109} INFO - [2022-08-10 11:46:40,973] {dag.py:2398} INFO - Sync 1 DAGs
[2022-08-10 11:46:40,976] {logging_mixin.py:109} INFO - [2022-08-10 11:46:40,976] {dag.py:2937} INFO - Setting next_dagrun for example_trigger_target_dag to None
[2022-08-10 11:46:40,979] {processor.py:171} INFO - Processing /Library/Frameworks/Python.framework/Versions/3.10/lib/python3.10/site-packages/airflow/example_dags/example_trigger_target_dag.py took 0.043 seconds
[2022-08-10 11:52:57,279] {processor.py:163} INFO - Started process (PID=66819) to work on /Library/Frameworks/Python.framework/Versions/3.10/lib/python3.10/site-packages/airflow/example_dags/example_trigger_target_dag.py
[2022-08-10 11:52:57,279] {processor.py:642} INFO - Processing file /Library/Frameworks/Python.framework/Versions/3.10/lib/python3.10/site-packages/airflow/example_dags/example_trigger_target_dag.py for tasks to queue
[2022-08-10 11:52:57,279] {logging_mixin.py:109} INFO - [2022-08-10 11:52:57,279] {dagbag.py:500} INFO - Filling up the DagBag from /Library/Frameworks/Python.framework/Versions/3.10/lib/python3.10/site-packages/airflow/example_dags/example_trigger_target_dag.py
[2022-08-10 11:52:57,289] {processor.py:652} INFO - DAG(s) dict_keys(['example_trigger_target_dag']) retrieved from /Library/Frameworks/Python.framework/Versions/3.10/lib/python3.10/site-packages/airflow/example_dags/example_trigger_target_dag.py
[2022-08-10 11:52:57,314] {logging_mixin.py:109} INFO - [2022-08-10 11:52:57,314] {dag.py:2398} INFO - Sync 1 DAGs
[2022-08-10 11:52:57,317] {logging_mixin.py:109} INFO - [2022-08-10 11:52:57,317] {dag.py:2937} INFO - Setting next_dagrun for example_trigger_target_dag to None
[2022-08-10 11:52:57,319] {processor.py:171} INFO - Processing /Library/Frameworks/Python.framework/Versions/3.10/lib/python3.10/site-packages/airflow/example_dags/example_trigger_target_dag.py took 0.040 seconds
[2022-08-10 11:53:39,609] {processor.py:163} INFO - Started process (PID=67021) to work on /Library/Frameworks/Python.framework/Versions/3.10/lib/python3.10/site-packages/airflow/example_dags/example_trigger_target_dag.py
[2022-08-10 11:53:39,609] {processor.py:642} INFO - Processing file /Library/Frameworks/Python.framework/Versions/3.10/lib/python3.10/site-packages/airflow/example_dags/example_trigger_target_dag.py for tasks to queue
[2022-08-10 11:53:39,609] {logging_mixin.py:109} INFO - [2022-08-10 11:53:39,609] {dagbag.py:500} INFO - Filling up the DagBag from /Library/Frameworks/Python.framework/Versions/3.10/lib/python3.10/site-packages/airflow/example_dags/example_trigger_target_dag.py
[2022-08-10 11:53:39,618] {processor.py:652} INFO - DAG(s) dict_keys(['example_trigger_target_dag']) retrieved from /Library/Frameworks/Python.framework/Versions/3.10/lib/python3.10/site-packages/airflow/example_dags/example_trigger_target_dag.py
[2022-08-10 11:53:39,644] {logging_mixin.py:109} INFO - [2022-08-10 11:53:39,643] {dag.py:2398} INFO - Sync 1 DAGs
[2022-08-10 11:53:39,646] {logging_mixin.py:109} INFO - [2022-08-10 11:53:39,646] {dag.py:2937} INFO - Setting next_dagrun for example_trigger_target_dag to None
[2022-08-10 11:53:39,649] {processor.py:171} INFO - Processing /Library/Frameworks/Python.framework/Versions/3.10/lib/python3.10/site-packages/airflow/example_dags/example_trigger_target_dag.py took 0.040 seconds
[2022-08-10 11:54:21,100] {processor.py:163} INFO - Started process (PID=67299) to work on /Library/Frameworks/Python.framework/Versions/3.10/lib/python3.10/site-packages/airflow/example_dags/example_trigger_target_dag.py
[2022-08-10 11:54:21,100] {processor.py:642} INFO - Processing file /Library/Frameworks/Python.framework/Versions/3.10/lib/python3.10/site-packages/airflow/example_dags/example_trigger_target_dag.py for tasks to queue
[2022-08-10 11:54:21,100] {logging_mixin.py:109} INFO - [2022-08-10 11:54:21,100] {dagbag.py:500} INFO - Filling up the DagBag from /Library/Frameworks/Python.framework/Versions/3.10/lib/python3.10/site-packages/airflow/example_dags/example_trigger_target_dag.py
[2022-08-10 11:54:21,110] {processor.py:652} INFO - DAG(s) dict_keys(['example_trigger_target_dag']) retrieved from /Library/Frameworks/Python.framework/Versions/3.10/lib/python3.10/site-packages/airflow/example_dags/example_trigger_target_dag.py
[2022-08-10 11:54:21,135] {logging_mixin.py:109} INFO - [2022-08-10 11:54:21,135] {dag.py:2398} INFO - Sync 1 DAGs
[2022-08-10 11:54:21,137] {logging_mixin.py:109} INFO - [2022-08-10 11:54:21,137] {dag.py:2937} INFO - Setting next_dagrun for example_trigger_target_dag to None
[2022-08-10 11:54:21,140] {processor.py:171} INFO - Processing /Library/Frameworks/Python.framework/Versions/3.10/lib/python3.10/site-packages/airflow/example_dags/example_trigger_target_dag.py took 0.040 seconds
[2022-08-10 11:54:59,433] {processor.py:163} INFO - Started process (PID=67499) to work on /Library/Frameworks/Python.framework/Versions/3.10/lib/python3.10/site-packages/airflow/example_dags/example_trigger_target_dag.py
[2022-08-10 11:54:59,434] {processor.py:642} INFO - Processing file /Library/Frameworks/Python.framework/Versions/3.10/lib/python3.10/site-packages/airflow/example_dags/example_trigger_target_dag.py for tasks to queue
[2022-08-10 11:54:59,434] {logging_mixin.py:109} INFO - [2022-08-10 11:54:59,434] {dagbag.py:500} INFO - Filling up the DagBag from /Library/Frameworks/Python.framework/Versions/3.10/lib/python3.10/site-packages/airflow/example_dags/example_trigger_target_dag.py
[2022-08-10 11:54:59,443] {processor.py:652} INFO - DAG(s) dict_keys(['example_trigger_target_dag']) retrieved from /Library/Frameworks/Python.framework/Versions/3.10/lib/python3.10/site-packages/airflow/example_dags/example_trigger_target_dag.py
[2022-08-10 11:54:59,468] {logging_mixin.py:109} INFO - [2022-08-10 11:54:59,468] {dag.py:2398} INFO - Sync 1 DAGs
[2022-08-10 11:54:59,471] {logging_mixin.py:109} INFO - [2022-08-10 11:54:59,471] {dag.py:2937} INFO - Setting next_dagrun for example_trigger_target_dag to None
[2022-08-10 11:54:59,474] {processor.py:171} INFO - Processing /Library/Frameworks/Python.framework/Versions/3.10/lib/python3.10/site-packages/airflow/example_dags/example_trigger_target_dag.py took 0.041 seconds
[2022-08-10 11:55:40,217] {processor.py:163} INFO - Started process (PID=67715) to work on /Library/Frameworks/Python.framework/Versions/3.10/lib/python3.10/site-packages/airflow/example_dags/example_trigger_target_dag.py
[2022-08-10 11:55:40,217] {processor.py:642} INFO - Processing file /Library/Frameworks/Python.framework/Versions/3.10/lib/python3.10/site-packages/airflow/example_dags/example_trigger_target_dag.py for tasks to queue
[2022-08-10 11:55:40,217] {logging_mixin.py:109} INFO - [2022-08-10 11:55:40,217] {dagbag.py:500} INFO - Filling up the DagBag from /Library/Frameworks/Python.framework/Versions/3.10/lib/python3.10/site-packages/airflow/example_dags/example_trigger_target_dag.py
[2022-08-10 11:55:40,226] {processor.py:652} INFO - DAG(s) dict_keys(['example_trigger_target_dag']) retrieved from /Library/Frameworks/Python.framework/Versions/3.10/lib/python3.10/site-packages/airflow/example_dags/example_trigger_target_dag.py
[2022-08-10 11:55:40,252] {logging_mixin.py:109} INFO - [2022-08-10 11:55:40,252] {dag.py:2398} INFO - Sync 1 DAGs
[2022-08-10 11:55:40,255] {logging_mixin.py:109} INFO - [2022-08-10 11:55:40,255] {dag.py:2937} INFO - Setting next_dagrun for example_trigger_target_dag to None
[2022-08-10 11:55:40,257] {processor.py:171} INFO - Processing /Library/Frameworks/Python.framework/Versions/3.10/lib/python3.10/site-packages/airflow/example_dags/example_trigger_target_dag.py took 0.041 seconds
[2022-08-10 11:56:19,961] {processor.py:163} INFO - Started process (PID=67950) to work on /Library/Frameworks/Python.framework/Versions/3.10/lib/python3.10/site-packages/airflow/example_dags/example_trigger_target_dag.py
[2022-08-10 11:56:19,962] {processor.py:642} INFO - Processing file /Library/Frameworks/Python.framework/Versions/3.10/lib/python3.10/site-packages/airflow/example_dags/example_trigger_target_dag.py for tasks to queue
[2022-08-10 11:56:19,962] {logging_mixin.py:109} INFO - [2022-08-10 11:56:19,962] {dagbag.py:500} INFO - Filling up the DagBag from /Library/Frameworks/Python.framework/Versions/3.10/lib/python3.10/site-packages/airflow/example_dags/example_trigger_target_dag.py
[2022-08-10 11:56:19,972] {processor.py:652} INFO - DAG(s) dict_keys(['example_trigger_target_dag']) retrieved from /Library/Frameworks/Python.framework/Versions/3.10/lib/python3.10/site-packages/airflow/example_dags/example_trigger_target_dag.py
[2022-08-10 11:56:19,998] {logging_mixin.py:109} INFO - [2022-08-10 11:56:19,998] {dag.py:2398} INFO - Sync 1 DAGs
[2022-08-10 11:56:20,001] {logging_mixin.py:109} INFO - [2022-08-10 11:56:20,001] {dag.py:2937} INFO - Setting next_dagrun for example_trigger_target_dag to None
[2022-08-10 11:56:20,003] {processor.py:171} INFO - Processing /Library/Frameworks/Python.framework/Versions/3.10/lib/python3.10/site-packages/airflow/example_dags/example_trigger_target_dag.py took 0.043 seconds
[2022-08-10 11:56:58,381] {processor.py:163} INFO - Started process (PID=68160) to work on /Library/Frameworks/Python.framework/Versions/3.10/lib/python3.10/site-packages/airflow/example_dags/example_trigger_target_dag.py
[2022-08-10 11:56:58,381] {processor.py:642} INFO - Processing file /Library/Frameworks/Python.framework/Versions/3.10/lib/python3.10/site-packages/airflow/example_dags/example_trigger_target_dag.py for tasks to queue
[2022-08-10 11:56:58,381] {logging_mixin.py:109} INFO - [2022-08-10 11:56:58,381] {dagbag.py:500} INFO - Filling up the DagBag from /Library/Frameworks/Python.framework/Versions/3.10/lib/python3.10/site-packages/airflow/example_dags/example_trigger_target_dag.py
[2022-08-10 11:56:58,391] {processor.py:652} INFO - DAG(s) dict_keys(['example_trigger_target_dag']) retrieved from /Library/Frameworks/Python.framework/Versions/3.10/lib/python3.10/site-packages/airflow/example_dags/example_trigger_target_dag.py
[2022-08-10 11:56:58,420] {logging_mixin.py:109} INFO - [2022-08-10 11:56:58,420] {dag.py:2398} INFO - Sync 1 DAGs
[2022-08-10 11:56:58,423] {logging_mixin.py:109} INFO - [2022-08-10 11:56:58,423] {dag.py:2937} INFO - Setting next_dagrun for example_trigger_target_dag to None
[2022-08-10 11:56:58,425] {processor.py:171} INFO - Processing /Library/Frameworks/Python.framework/Versions/3.10/lib/python3.10/site-packages/airflow/example_dags/example_trigger_target_dag.py took 0.045 seconds
[2022-08-10 11:57:35,235] {processor.py:163} INFO - Started process (PID=68350) to work on /Library/Frameworks/Python.framework/Versions/3.10/lib/python3.10/site-packages/airflow/example_dags/example_trigger_target_dag.py
[2022-08-10 11:57:35,235] {processor.py:642} INFO - Processing file /Library/Frameworks/Python.framework/Versions/3.10/lib/python3.10/site-packages/airflow/example_dags/example_trigger_target_dag.py for tasks to queue
[2022-08-10 11:57:35,236] {logging_mixin.py:109} INFO - [2022-08-10 11:57:35,236] {dagbag.py:500} INFO - Filling up the DagBag from /Library/Frameworks/Python.framework/Versions/3.10/lib/python3.10/site-packages/airflow/example_dags/example_trigger_target_dag.py
[2022-08-10 11:57:35,246] {processor.py:652} INFO - DAG(s) dict_keys(['example_trigger_target_dag']) retrieved from /Library/Frameworks/Python.framework/Versions/3.10/lib/python3.10/site-packages/airflow/example_dags/example_trigger_target_dag.py
[2022-08-10 11:57:35,274] {logging_mixin.py:109} INFO - [2022-08-10 11:57:35,273] {dag.py:2398} INFO - Sync 1 DAGs
[2022-08-10 11:57:35,277] {logging_mixin.py:109} INFO - [2022-08-10 11:57:35,277] {dag.py:2937} INFO - Setting next_dagrun for example_trigger_target_dag to None
[2022-08-10 11:57:35,280] {processor.py:171} INFO - Processing /Library/Frameworks/Python.framework/Versions/3.10/lib/python3.10/site-packages/airflow/example_dags/example_trigger_target_dag.py took 0.045 seconds
[2022-08-10 11:58:16,784] {processor.py:163} INFO - Started process (PID=68571) to work on /Library/Frameworks/Python.framework/Versions/3.10/lib/python3.10/site-packages/airflow/example_dags/example_trigger_target_dag.py
[2022-08-10 11:58:16,784] {processor.py:642} INFO - Processing file /Library/Frameworks/Python.framework/Versions/3.10/lib/python3.10/site-packages/airflow/example_dags/example_trigger_target_dag.py for tasks to queue
[2022-08-10 11:58:16,785] {logging_mixin.py:109} INFO - [2022-08-10 11:58:16,785] {dagbag.py:500} INFO - Filling up the DagBag from /Library/Frameworks/Python.framework/Versions/3.10/lib/python3.10/site-packages/airflow/example_dags/example_trigger_target_dag.py
[2022-08-10 11:58:16,794] {processor.py:652} INFO - DAG(s) dict_keys(['example_trigger_target_dag']) retrieved from /Library/Frameworks/Python.framework/Versions/3.10/lib/python3.10/site-packages/airflow/example_dags/example_trigger_target_dag.py
[2022-08-10 11:58:16,820] {logging_mixin.py:109} INFO - [2022-08-10 11:58:16,820] {dag.py:2398} INFO - Sync 1 DAGs
[2022-08-10 11:58:16,823] {logging_mixin.py:109} INFO - [2022-08-10 11:58:16,823] {dag.py:2937} INFO - Setting next_dagrun for example_trigger_target_dag to None
[2022-08-10 11:58:16,825] {processor.py:171} INFO - Processing /Library/Frameworks/Python.framework/Versions/3.10/lib/python3.10/site-packages/airflow/example_dags/example_trigger_target_dag.py took 0.041 seconds
[2022-08-10 11:58:57,278] {processor.py:163} INFO - Started process (PID=68791) to work on /Library/Frameworks/Python.framework/Versions/3.10/lib/python3.10/site-packages/airflow/example_dags/example_trigger_target_dag.py
[2022-08-10 11:58:57,278] {processor.py:642} INFO - Processing file /Library/Frameworks/Python.framework/Versions/3.10/lib/python3.10/site-packages/airflow/example_dags/example_trigger_target_dag.py for tasks to queue
[2022-08-10 11:58:57,278] {logging_mixin.py:109} INFO - [2022-08-10 11:58:57,278] {dagbag.py:500} INFO - Filling up the DagBag from /Library/Frameworks/Python.framework/Versions/3.10/lib/python3.10/site-packages/airflow/example_dags/example_trigger_target_dag.py
[2022-08-10 11:58:57,287] {processor.py:652} INFO - DAG(s) dict_keys(['example_trigger_target_dag']) retrieved from /Library/Frameworks/Python.framework/Versions/3.10/lib/python3.10/site-packages/airflow/example_dags/example_trigger_target_dag.py
[2022-08-10 11:58:57,313] {logging_mixin.py:109} INFO - [2022-08-10 11:58:57,313] {dag.py:2398} INFO - Sync 1 DAGs
[2022-08-10 11:58:57,316] {logging_mixin.py:109} INFO - [2022-08-10 11:58:57,316] {dag.py:2937} INFO - Setting next_dagrun for example_trigger_target_dag to None
[2022-08-10 11:58:57,318] {processor.py:171} INFO - Processing /Library/Frameworks/Python.framework/Versions/3.10/lib/python3.10/site-packages/airflow/example_dags/example_trigger_target_dag.py took 0.041 seconds
[2022-08-10 11:59:36,574] {processor.py:163} INFO - Started process (PID=68996) to work on /Library/Frameworks/Python.framework/Versions/3.10/lib/python3.10/site-packages/airflow/example_dags/example_trigger_target_dag.py
[2022-08-10 11:59:36,574] {processor.py:642} INFO - Processing file /Library/Frameworks/Python.framework/Versions/3.10/lib/python3.10/site-packages/airflow/example_dags/example_trigger_target_dag.py for tasks to queue
[2022-08-10 11:59:36,574] {logging_mixin.py:109} INFO - [2022-08-10 11:59:36,574] {dagbag.py:500} INFO - Filling up the DagBag from /Library/Frameworks/Python.framework/Versions/3.10/lib/python3.10/site-packages/airflow/example_dags/example_trigger_target_dag.py
[2022-08-10 11:59:36,583] {processor.py:652} INFO - DAG(s) dict_keys(['example_trigger_target_dag']) retrieved from /Library/Frameworks/Python.framework/Versions/3.10/lib/python3.10/site-packages/airflow/example_dags/example_trigger_target_dag.py
[2022-08-10 11:59:36,608] {logging_mixin.py:109} INFO - [2022-08-10 11:59:36,608] {dag.py:2398} INFO - Sync 1 DAGs
[2022-08-10 11:59:36,611] {logging_mixin.py:109} INFO - [2022-08-10 11:59:36,611] {dag.py:2937} INFO - Setting next_dagrun for example_trigger_target_dag to None
[2022-08-10 11:59:36,614] {processor.py:171} INFO - Processing /Library/Frameworks/Python.framework/Versions/3.10/lib/python3.10/site-packages/airflow/example_dags/example_trigger_target_dag.py took 0.040 seconds
[2022-08-10 12:00:14,962] {processor.py:163} INFO - Started process (PID=69204) to work on /Library/Frameworks/Python.framework/Versions/3.10/lib/python3.10/site-packages/airflow/example_dags/example_trigger_target_dag.py
[2022-08-10 12:00:14,962] {processor.py:642} INFO - Processing file /Library/Frameworks/Python.framework/Versions/3.10/lib/python3.10/site-packages/airflow/example_dags/example_trigger_target_dag.py for tasks to queue
[2022-08-10 12:00:14,962] {logging_mixin.py:109} INFO - [2022-08-10 12:00:14,962] {dagbag.py:500} INFO - Filling up the DagBag from /Library/Frameworks/Python.framework/Versions/3.10/lib/python3.10/site-packages/airflow/example_dags/example_trigger_target_dag.py
[2022-08-10 12:00:14,972] {processor.py:652} INFO - DAG(s) dict_keys(['example_trigger_target_dag']) retrieved from /Library/Frameworks/Python.framework/Versions/3.10/lib/python3.10/site-packages/airflow/example_dags/example_trigger_target_dag.py
[2022-08-10 12:00:14,997] {logging_mixin.py:109} INFO - [2022-08-10 12:00:14,997] {dag.py:2398} INFO - Sync 1 DAGs
[2022-08-10 12:00:15,000] {logging_mixin.py:109} INFO - [2022-08-10 12:00:15,000] {dag.py:2937} INFO - Setting next_dagrun for example_trigger_target_dag to None
[2022-08-10 12:00:15,002] {processor.py:171} INFO - Processing /Library/Frameworks/Python.framework/Versions/3.10/lib/python3.10/site-packages/airflow/example_dags/example_trigger_target_dag.py took 0.040 seconds
[2022-08-10 12:00:55,231] {processor.py:163} INFO - Started process (PID=69413) to work on /Library/Frameworks/Python.framework/Versions/3.10/lib/python3.10/site-packages/airflow/example_dags/example_trigger_target_dag.py
[2022-08-10 12:00:55,231] {processor.py:642} INFO - Processing file /Library/Frameworks/Python.framework/Versions/3.10/lib/python3.10/site-packages/airflow/example_dags/example_trigger_target_dag.py for tasks to queue
[2022-08-10 12:00:55,231] {logging_mixin.py:109} INFO - [2022-08-10 12:00:55,231] {dagbag.py:500} INFO - Filling up the DagBag from /Library/Frameworks/Python.framework/Versions/3.10/lib/python3.10/site-packages/airflow/example_dags/example_trigger_target_dag.py
[2022-08-10 12:00:55,240] {processor.py:652} INFO - DAG(s) dict_keys(['example_trigger_target_dag']) retrieved from /Library/Frameworks/Python.framework/Versions/3.10/lib/python3.10/site-packages/airflow/example_dags/example_trigger_target_dag.py
[2022-08-10 12:00:55,265] {logging_mixin.py:109} INFO - [2022-08-10 12:00:55,265] {dag.py:2398} INFO - Sync 1 DAGs
[2022-08-10 12:00:55,268] {logging_mixin.py:109} INFO - [2022-08-10 12:00:55,268] {dag.py:2937} INFO - Setting next_dagrun for example_trigger_target_dag to None
[2022-08-10 12:00:55,270] {processor.py:171} INFO - Processing /Library/Frameworks/Python.framework/Versions/3.10/lib/python3.10/site-packages/airflow/example_dags/example_trigger_target_dag.py took 0.040 seconds
[2022-08-10 12:01:35,065] {processor.py:163} INFO - Started process (PID=69676) to work on /Library/Frameworks/Python.framework/Versions/3.10/lib/python3.10/site-packages/airflow/example_dags/example_trigger_target_dag.py
[2022-08-10 12:01:35,065] {processor.py:642} INFO - Processing file /Library/Frameworks/Python.framework/Versions/3.10/lib/python3.10/site-packages/airflow/example_dags/example_trigger_target_dag.py for tasks to queue
[2022-08-10 12:01:35,066] {logging_mixin.py:109} INFO - [2022-08-10 12:01:35,066] {dagbag.py:500} INFO - Filling up the DagBag from /Library/Frameworks/Python.framework/Versions/3.10/lib/python3.10/site-packages/airflow/example_dags/example_trigger_target_dag.py
[2022-08-10 12:01:35,075] {processor.py:652} INFO - DAG(s) dict_keys(['example_trigger_target_dag']) retrieved from /Library/Frameworks/Python.framework/Versions/3.10/lib/python3.10/site-packages/airflow/example_dags/example_trigger_target_dag.py
[2022-08-10 12:01:35,100] {logging_mixin.py:109} INFO - [2022-08-10 12:01:35,100] {dag.py:2398} INFO - Sync 1 DAGs
[2022-08-10 12:01:35,103] {logging_mixin.py:109} INFO - [2022-08-10 12:01:35,103] {dag.py:2937} INFO - Setting next_dagrun for example_trigger_target_dag to None
[2022-08-10 12:01:35,105] {processor.py:171} INFO - Processing /Library/Frameworks/Python.framework/Versions/3.10/lib/python3.10/site-packages/airflow/example_dags/example_trigger_target_dag.py took 0.040 seconds
