[2022-08-10 11:45:56,070] {processor.py:163} INFO - Started process (PID=66276) to work on /Library/Frameworks/Python.framework/Versions/3.10/lib/python3.10/site-packages/airflow/example_dags/example_xcomargs.py
[2022-08-10 11:45:56,071] {processor.py:642} INFO - Processing file /Library/Frameworks/Python.framework/Versions/3.10/lib/python3.10/site-packages/airflow/example_dags/example_xcomargs.py for tasks to queue
[2022-08-10 11:45:56,071] {logging_mixin.py:109} INFO - [2022-08-10 11:45:56,071] {dagbag.py:500} INFO - Filling up the DagBag from /Library/Frameworks/Python.framework/Versions/3.10/lib/python3.10/site-packages/airflow/example_dags/example_xcomargs.py
[2022-08-10 11:45:56,080] {processor.py:652} INFO - DAG(s) dict_keys(['example_xcom_args', 'example_xcom_args_with_operators']) retrieved from /Library/Frameworks/Python.framework/Versions/3.10/lib/python3.10/site-packages/airflow/example_dags/example_xcomargs.py
[2022-08-10 11:45:56,084] {logging_mixin.py:109} INFO - [2022-08-10 11:45:56,084] {dag.py:2398} INFO - Sync 2 DAGs
[2022-08-10 11:45:56,108] {logging_mixin.py:109} INFO - [2022-08-10 11:45:56,108] {dag.py:2937} INFO - Setting next_dagrun for example_xcom_args to None
[2022-08-10 11:45:56,108] {logging_mixin.py:109} INFO - [2022-08-10 11:45:56,108] {dag.py:2937} INFO - Setting next_dagrun for example_xcom_args_with_operators to None
[2022-08-10 11:45:56,111] {processor.py:171} INFO - Processing /Library/Frameworks/Python.framework/Versions/3.10/lib/python3.10/site-packages/airflow/example_dags/example_xcomargs.py took 0.041 seconds
[2022-08-10 11:46:38,452] {processor.py:163} INFO - Started process (PID=66524) to work on /Library/Frameworks/Python.framework/Versions/3.10/lib/python3.10/site-packages/airflow/example_dags/example_xcomargs.py
[2022-08-10 11:46:38,452] {processor.py:642} INFO - Processing file /Library/Frameworks/Python.framework/Versions/3.10/lib/python3.10/site-packages/airflow/example_dags/example_xcomargs.py for tasks to queue
[2022-08-10 11:46:38,452] {logging_mixin.py:109} INFO - [2022-08-10 11:46:38,452] {dagbag.py:500} INFO - Filling up the DagBag from /Library/Frameworks/Python.framework/Versions/3.10/lib/python3.10/site-packages/airflow/example_dags/example_xcomargs.py
[2022-08-10 11:46:38,463] {processor.py:652} INFO - DAG(s) dict_keys(['example_xcom_args', 'example_xcom_args_with_operators']) retrieved from /Library/Frameworks/Python.framework/Versions/3.10/lib/python3.10/site-packages/airflow/example_dags/example_xcomargs.py
[2022-08-10 11:46:38,568] {logging_mixin.py:109} INFO - [2022-08-10 11:46:38,568] {dag.py:2398} INFO - Sync 2 DAGs
[2022-08-10 11:46:38,571] {logging_mixin.py:109} INFO - [2022-08-10 11:46:38,571] {dag.py:2937} INFO - Setting next_dagrun for example_xcom_args to None
[2022-08-10 11:46:38,571] {logging_mixin.py:109} INFO - [2022-08-10 11:46:38,571] {dag.py:2937} INFO - Setting next_dagrun for example_xcom_args_with_operators to None
[2022-08-10 11:46:38,574] {processor.py:171} INFO - Processing /Library/Frameworks/Python.framework/Versions/3.10/lib/python3.10/site-packages/airflow/example_dags/example_xcomargs.py took 0.122 seconds
[2022-08-10 11:52:54,164] {processor.py:163} INFO - Started process (PID=66793) to work on /Library/Frameworks/Python.framework/Versions/3.10/lib/python3.10/site-packages/airflow/example_dags/example_xcomargs.py
[2022-08-10 11:52:54,164] {processor.py:642} INFO - Processing file /Library/Frameworks/Python.framework/Versions/3.10/lib/python3.10/site-packages/airflow/example_dags/example_xcomargs.py for tasks to queue
[2022-08-10 11:52:54,165] {logging_mixin.py:109} INFO - [2022-08-10 11:52:54,165] {dagbag.py:500} INFO - Filling up the DagBag from /Library/Frameworks/Python.framework/Versions/3.10/lib/python3.10/site-packages/airflow/example_dags/example_xcomargs.py
[2022-08-10 11:52:54,175] {processor.py:652} INFO - DAG(s) dict_keys(['example_xcom_args', 'example_xcom_args_with_operators']) retrieved from /Library/Frameworks/Python.framework/Versions/3.10/lib/python3.10/site-packages/airflow/example_dags/example_xcomargs.py
[2022-08-10 11:52:54,277] {logging_mixin.py:109} INFO - [2022-08-10 11:52:54,277] {dag.py:2398} INFO - Sync 2 DAGs
[2022-08-10 11:52:54,280] {logging_mixin.py:109} INFO - [2022-08-10 11:52:54,280] {dag.py:2937} INFO - Setting next_dagrun for example_xcom_args to None
[2022-08-10 11:52:54,280] {logging_mixin.py:109} INFO - [2022-08-10 11:52:54,280] {dag.py:2937} INFO - Setting next_dagrun for example_xcom_args_with_operators to None
[2022-08-10 11:52:54,283] {processor.py:171} INFO - Processing /Library/Frameworks/Python.framework/Versions/3.10/lib/python3.10/site-packages/airflow/example_dags/example_xcomargs.py took 0.119 seconds
[2022-08-10 11:53:34,037] {processor.py:163} INFO - Started process (PID=66994) to work on /Library/Frameworks/Python.framework/Versions/3.10/lib/python3.10/site-packages/airflow/example_dags/example_xcomargs.py
[2022-08-10 11:53:34,037] {processor.py:642} INFO - Processing file /Library/Frameworks/Python.framework/Versions/3.10/lib/python3.10/site-packages/airflow/example_dags/example_xcomargs.py for tasks to queue
[2022-08-10 11:53:34,037] {logging_mixin.py:109} INFO - [2022-08-10 11:53:34,037] {dagbag.py:500} INFO - Filling up the DagBag from /Library/Frameworks/Python.framework/Versions/3.10/lib/python3.10/site-packages/airflow/example_dags/example_xcomargs.py
[2022-08-10 11:53:34,048] {processor.py:652} INFO - DAG(s) dict_keys(['example_xcom_args', 'example_xcom_args_with_operators']) retrieved from /Library/Frameworks/Python.framework/Versions/3.10/lib/python3.10/site-packages/airflow/example_dags/example_xcomargs.py
[2022-08-10 11:53:34,155] {logging_mixin.py:109} INFO - [2022-08-10 11:53:34,155] {dag.py:2398} INFO - Sync 2 DAGs
[2022-08-10 11:53:34,158] {logging_mixin.py:109} INFO - [2022-08-10 11:53:34,158] {dag.py:2937} INFO - Setting next_dagrun for example_xcom_args to None
[2022-08-10 11:53:34,158] {logging_mixin.py:109} INFO - [2022-08-10 11:53:34,158] {dag.py:2937} INFO - Setting next_dagrun for example_xcom_args_with_operators to None
[2022-08-10 11:53:34,161] {processor.py:171} INFO - Processing /Library/Frameworks/Python.framework/Versions/3.10/lib/python3.10/site-packages/airflow/example_dags/example_xcomargs.py took 0.125 seconds
[2022-08-10 11:54:12,608] {processor.py:163} INFO - Started process (PID=67255) to work on /Library/Frameworks/Python.framework/Versions/3.10/lib/python3.10/site-packages/airflow/example_dags/example_xcomargs.py
[2022-08-10 11:54:12,608] {processor.py:642} INFO - Processing file /Library/Frameworks/Python.framework/Versions/3.10/lib/python3.10/site-packages/airflow/example_dags/example_xcomargs.py for tasks to queue
[2022-08-10 11:54:12,608] {logging_mixin.py:109} INFO - [2022-08-10 11:54:12,608] {dagbag.py:500} INFO - Filling up the DagBag from /Library/Frameworks/Python.framework/Versions/3.10/lib/python3.10/site-packages/airflow/example_dags/example_xcomargs.py
[2022-08-10 11:54:12,618] {processor.py:652} INFO - DAG(s) dict_keys(['example_xcom_args', 'example_xcom_args_with_operators']) retrieved from /Library/Frameworks/Python.framework/Versions/3.10/lib/python3.10/site-packages/airflow/example_dags/example_xcomargs.py
[2022-08-10 11:54:12,722] {logging_mixin.py:109} INFO - [2022-08-10 11:54:12,721] {dag.py:2398} INFO - Sync 2 DAGs
[2022-08-10 11:54:12,725] {logging_mixin.py:109} INFO - [2022-08-10 11:54:12,725] {dag.py:2937} INFO - Setting next_dagrun for example_xcom_args to None
[2022-08-10 11:54:12,725] {logging_mixin.py:109} INFO - [2022-08-10 11:54:12,725] {dag.py:2937} INFO - Setting next_dagrun for example_xcom_args_with_operators to None
[2022-08-10 11:54:12,727] {processor.py:171} INFO - Processing /Library/Frameworks/Python.framework/Versions/3.10/lib/python3.10/site-packages/airflow/example_dags/example_xcomargs.py took 0.120 seconds
[2022-08-10 11:54:53,857] {processor.py:163} INFO - Started process (PID=67473) to work on /Library/Frameworks/Python.framework/Versions/3.10/lib/python3.10/site-packages/airflow/example_dags/example_xcomargs.py
[2022-08-10 11:54:53,857] {processor.py:642} INFO - Processing file /Library/Frameworks/Python.framework/Versions/3.10/lib/python3.10/site-packages/airflow/example_dags/example_xcomargs.py for tasks to queue
[2022-08-10 11:54:53,857] {logging_mixin.py:109} INFO - [2022-08-10 11:54:53,857] {dagbag.py:500} INFO - Filling up the DagBag from /Library/Frameworks/Python.framework/Versions/3.10/lib/python3.10/site-packages/airflow/example_dags/example_xcomargs.py
[2022-08-10 11:54:53,867] {processor.py:652} INFO - DAG(s) dict_keys(['example_xcom_args', 'example_xcom_args_with_operators']) retrieved from /Library/Frameworks/Python.framework/Versions/3.10/lib/python3.10/site-packages/airflow/example_dags/example_xcomargs.py
[2022-08-10 11:54:53,970] {logging_mixin.py:109} INFO - [2022-08-10 11:54:53,969] {dag.py:2398} INFO - Sync 2 DAGs
[2022-08-10 11:54:53,973] {logging_mixin.py:109} INFO - [2022-08-10 11:54:53,972] {dag.py:2937} INFO - Setting next_dagrun for example_xcom_args to None
[2022-08-10 11:54:53,973] {logging_mixin.py:109} INFO - [2022-08-10 11:54:53,973] {dag.py:2937} INFO - Setting next_dagrun for example_xcom_args_with_operators to None
[2022-08-10 11:54:53,976] {processor.py:171} INFO - Processing /Library/Frameworks/Python.framework/Versions/3.10/lib/python3.10/site-packages/airflow/example_dags/example_xcomargs.py took 0.119 seconds
[2022-08-10 11:55:37,690] {processor.py:163} INFO - Started process (PID=67707) to work on /Library/Frameworks/Python.framework/Versions/3.10/lib/python3.10/site-packages/airflow/example_dags/example_xcomargs.py
[2022-08-10 11:55:37,691] {processor.py:642} INFO - Processing file /Library/Frameworks/Python.framework/Versions/3.10/lib/python3.10/site-packages/airflow/example_dags/example_xcomargs.py for tasks to queue
[2022-08-10 11:55:37,691] {logging_mixin.py:109} INFO - [2022-08-10 11:55:37,691] {dagbag.py:500} INFO - Filling up the DagBag from /Library/Frameworks/Python.framework/Versions/3.10/lib/python3.10/site-packages/airflow/example_dags/example_xcomargs.py
[2022-08-10 11:55:37,700] {processor.py:652} INFO - DAG(s) dict_keys(['example_xcom_args', 'example_xcom_args_with_operators']) retrieved from /Library/Frameworks/Python.framework/Versions/3.10/lib/python3.10/site-packages/airflow/example_dags/example_xcomargs.py
[2022-08-10 11:55:37,802] {logging_mixin.py:109} INFO - [2022-08-10 11:55:37,802] {dag.py:2398} INFO - Sync 2 DAGs
[2022-08-10 11:55:37,805] {logging_mixin.py:109} INFO - [2022-08-10 11:55:37,805] {dag.py:2937} INFO - Setting next_dagrun for example_xcom_args to None
[2022-08-10 11:55:37,805] {logging_mixin.py:109} INFO - [2022-08-10 11:55:37,805] {dag.py:2937} INFO - Setting next_dagrun for example_xcom_args_with_operators to None
[2022-08-10 11:55:37,808] {processor.py:171} INFO - Processing /Library/Frameworks/Python.framework/Versions/3.10/lib/python3.10/site-packages/airflow/example_dags/example_xcomargs.py took 0.118 seconds
[2022-08-10 11:56:16,761] {processor.py:163} INFO - Started process (PID=67941) to work on /Library/Frameworks/Python.framework/Versions/3.10/lib/python3.10/site-packages/airflow/example_dags/example_xcomargs.py
[2022-08-10 11:56:16,762] {processor.py:642} INFO - Processing file /Library/Frameworks/Python.framework/Versions/3.10/lib/python3.10/site-packages/airflow/example_dags/example_xcomargs.py for tasks to queue
[2022-08-10 11:56:16,762] {logging_mixin.py:109} INFO - [2022-08-10 11:56:16,762] {dagbag.py:500} INFO - Filling up the DagBag from /Library/Frameworks/Python.framework/Versions/3.10/lib/python3.10/site-packages/airflow/example_dags/example_xcomargs.py
[2022-08-10 11:56:16,773] {processor.py:652} INFO - DAG(s) dict_keys(['example_xcom_args', 'example_xcom_args_with_operators']) retrieved from /Library/Frameworks/Python.framework/Versions/3.10/lib/python3.10/site-packages/airflow/example_dags/example_xcomargs.py
[2022-08-10 11:56:16,887] {logging_mixin.py:109} INFO - [2022-08-10 11:56:16,887] {dag.py:2398} INFO - Sync 2 DAGs
[2022-08-10 11:56:16,891] {logging_mixin.py:109} INFO - [2022-08-10 11:56:16,891] {dag.py:2937} INFO - Setting next_dagrun for example_xcom_args to None
[2022-08-10 11:56:16,891] {logging_mixin.py:109} INFO - [2022-08-10 11:56:16,891] {dag.py:2937} INFO - Setting next_dagrun for example_xcom_args_with_operators to None
[2022-08-10 11:56:16,894] {processor.py:171} INFO - Processing /Library/Frameworks/Python.framework/Versions/3.10/lib/python3.10/site-packages/airflow/example_dags/example_xcomargs.py took 0.133 seconds
[2022-08-10 11:56:55,244] {processor.py:163} INFO - Started process (PID=68139) to work on /Library/Frameworks/Python.framework/Versions/3.10/lib/python3.10/site-packages/airflow/example_dags/example_xcomargs.py
[2022-08-10 11:56:55,245] {processor.py:642} INFO - Processing file /Library/Frameworks/Python.framework/Versions/3.10/lib/python3.10/site-packages/airflow/example_dags/example_xcomargs.py for tasks to queue
[2022-08-10 11:56:55,245] {logging_mixin.py:109} INFO - [2022-08-10 11:56:55,245] {dagbag.py:500} INFO - Filling up the DagBag from /Library/Frameworks/Python.framework/Versions/3.10/lib/python3.10/site-packages/airflow/example_dags/example_xcomargs.py
[2022-08-10 11:56:55,255] {processor.py:652} INFO - DAG(s) dict_keys(['example_xcom_args', 'example_xcom_args_with_operators']) retrieved from /Library/Frameworks/Python.framework/Versions/3.10/lib/python3.10/site-packages/airflow/example_dags/example_xcomargs.py
[2022-08-10 11:56:55,357] {logging_mixin.py:109} INFO - [2022-08-10 11:56:55,357] {dag.py:2398} INFO - Sync 2 DAGs
[2022-08-10 11:56:55,360] {logging_mixin.py:109} INFO - [2022-08-10 11:56:55,360] {dag.py:2937} INFO - Setting next_dagrun for example_xcom_args to None
[2022-08-10 11:56:55,360] {logging_mixin.py:109} INFO - [2022-08-10 11:56:55,360] {dag.py:2937} INFO - Setting next_dagrun for example_xcom_args_with_operators to None
[2022-08-10 11:56:55,364] {processor.py:171} INFO - Processing /Library/Frameworks/Python.framework/Versions/3.10/lib/python3.10/site-packages/airflow/example_dags/example_xcomargs.py took 0.120 seconds
[2022-08-10 11:57:32,746] {processor.py:163} INFO - Started process (PID=68339) to work on /Library/Frameworks/Python.framework/Versions/3.10/lib/python3.10/site-packages/airflow/example_dags/example_xcomargs.py
[2022-08-10 11:57:32,746] {processor.py:642} INFO - Processing file /Library/Frameworks/Python.framework/Versions/3.10/lib/python3.10/site-packages/airflow/example_dags/example_xcomargs.py for tasks to queue
[2022-08-10 11:57:32,746] {logging_mixin.py:109} INFO - [2022-08-10 11:57:32,746] {dagbag.py:500} INFO - Filling up the DagBag from /Library/Frameworks/Python.framework/Versions/3.10/lib/python3.10/site-packages/airflow/example_dags/example_xcomargs.py
[2022-08-10 11:57:32,758] {processor.py:652} INFO - DAG(s) dict_keys(['example_xcom_args', 'example_xcom_args_with_operators']) retrieved from /Library/Frameworks/Python.framework/Versions/3.10/lib/python3.10/site-packages/airflow/example_dags/example_xcomargs.py
[2022-08-10 11:57:32,874] {logging_mixin.py:109} INFO - [2022-08-10 11:57:32,874] {dag.py:2398} INFO - Sync 2 DAGs
[2022-08-10 11:57:32,877] {logging_mixin.py:109} INFO - [2022-08-10 11:57:32,877] {dag.py:2937} INFO - Setting next_dagrun for example_xcom_args to None
[2022-08-10 11:57:32,877] {logging_mixin.py:109} INFO - [2022-08-10 11:57:32,877] {dag.py:2937} INFO - Setting next_dagrun for example_xcom_args_with_operators to None
[2022-08-10 11:57:32,880] {processor.py:171} INFO - Processing /Library/Frameworks/Python.framework/Versions/3.10/lib/python3.10/site-packages/airflow/example_dags/example_xcomargs.py took 0.135 seconds
[2022-08-10 11:58:13,634] {processor.py:163} INFO - Started process (PID=68553) to work on /Library/Frameworks/Python.framework/Versions/3.10/lib/python3.10/site-packages/airflow/example_dags/example_xcomargs.py
[2022-08-10 11:58:13,634] {processor.py:642} INFO - Processing file /Library/Frameworks/Python.framework/Versions/3.10/lib/python3.10/site-packages/airflow/example_dags/example_xcomargs.py for tasks to queue
[2022-08-10 11:58:13,635] {logging_mixin.py:109} INFO - [2022-08-10 11:58:13,634] {dagbag.py:500} INFO - Filling up the DagBag from /Library/Frameworks/Python.framework/Versions/3.10/lib/python3.10/site-packages/airflow/example_dags/example_xcomargs.py
[2022-08-10 11:58:13,644] {processor.py:652} INFO - DAG(s) dict_keys(['example_xcom_args', 'example_xcom_args_with_operators']) retrieved from /Library/Frameworks/Python.framework/Versions/3.10/lib/python3.10/site-packages/airflow/example_dags/example_xcomargs.py
[2022-08-10 11:58:13,746] {logging_mixin.py:109} INFO - [2022-08-10 11:58:13,746] {dag.py:2398} INFO - Sync 2 DAGs
[2022-08-10 11:58:13,749] {logging_mixin.py:109} INFO - [2022-08-10 11:58:13,749] {dag.py:2937} INFO - Setting next_dagrun for example_xcom_args to None
[2022-08-10 11:58:13,749] {logging_mixin.py:109} INFO - [2022-08-10 11:58:13,749] {dag.py:2937} INFO - Setting next_dagrun for example_xcom_args_with_operators to None
[2022-08-10 11:58:13,752] {processor.py:171} INFO - Processing /Library/Frameworks/Python.framework/Versions/3.10/lib/python3.10/site-packages/airflow/example_dags/example_xcomargs.py took 0.118 seconds
[2022-08-10 11:58:54,641] {processor.py:163} INFO - Started process (PID=68771) to work on /Library/Frameworks/Python.framework/Versions/3.10/lib/python3.10/site-packages/airflow/example_dags/example_xcomargs.py
[2022-08-10 11:58:54,641] {processor.py:642} INFO - Processing file /Library/Frameworks/Python.framework/Versions/3.10/lib/python3.10/site-packages/airflow/example_dags/example_xcomargs.py for tasks to queue
[2022-08-10 11:58:54,641] {logging_mixin.py:109} INFO - [2022-08-10 11:58:54,641] {dagbag.py:500} INFO - Filling up the DagBag from /Library/Frameworks/Python.framework/Versions/3.10/lib/python3.10/site-packages/airflow/example_dags/example_xcomargs.py
[2022-08-10 11:58:54,651] {processor.py:652} INFO - DAG(s) dict_keys(['example_xcom_args', 'example_xcom_args_with_operators']) retrieved from /Library/Frameworks/Python.framework/Versions/3.10/lib/python3.10/site-packages/airflow/example_dags/example_xcomargs.py
[2022-08-10 11:58:54,761] {logging_mixin.py:109} INFO - [2022-08-10 11:58:54,761] {dag.py:2398} INFO - Sync 2 DAGs
[2022-08-10 11:58:54,764] {logging_mixin.py:109} INFO - [2022-08-10 11:58:54,764] {dag.py:2937} INFO - Setting next_dagrun for example_xcom_args to None
[2022-08-10 11:58:54,764] {logging_mixin.py:109} INFO - [2022-08-10 11:58:54,764] {dag.py:2937} INFO - Setting next_dagrun for example_xcom_args_with_operators to None
[2022-08-10 11:58:54,767] {processor.py:171} INFO - Processing /Library/Frameworks/Python.framework/Versions/3.10/lib/python3.10/site-packages/airflow/example_dags/example_xcomargs.py took 0.126 seconds
[2022-08-10 11:59:34,123] {processor.py:163} INFO - Started process (PID=68981) to work on /Library/Frameworks/Python.framework/Versions/3.10/lib/python3.10/site-packages/airflow/example_dags/example_xcomargs.py
[2022-08-10 11:59:34,123] {processor.py:642} INFO - Processing file /Library/Frameworks/Python.framework/Versions/3.10/lib/python3.10/site-packages/airflow/example_dags/example_xcomargs.py for tasks to queue
[2022-08-10 11:59:34,123] {logging_mixin.py:109} INFO - [2022-08-10 11:59:34,123] {dagbag.py:500} INFO - Filling up the DagBag from /Library/Frameworks/Python.framework/Versions/3.10/lib/python3.10/site-packages/airflow/example_dags/example_xcomargs.py
[2022-08-10 11:59:34,133] {processor.py:652} INFO - DAG(s) dict_keys(['example_xcom_args', 'example_xcom_args_with_operators']) retrieved from /Library/Frameworks/Python.framework/Versions/3.10/lib/python3.10/site-packages/airflow/example_dags/example_xcomargs.py
[2022-08-10 11:59:34,236] {logging_mixin.py:109} INFO - [2022-08-10 11:59:34,236] {dag.py:2398} INFO - Sync 2 DAGs
[2022-08-10 11:59:34,239] {logging_mixin.py:109} INFO - [2022-08-10 11:59:34,239] {dag.py:2937} INFO - Setting next_dagrun for example_xcom_args to None
[2022-08-10 11:59:34,239] {logging_mixin.py:109} INFO - [2022-08-10 11:59:34,239] {dag.py:2937} INFO - Setting next_dagrun for example_xcom_args_with_operators to None
[2022-08-10 11:59:34,242] {processor.py:171} INFO - Processing /Library/Frameworks/Python.framework/Versions/3.10/lib/python3.10/site-packages/airflow/example_dags/example_xcomargs.py took 0.120 seconds
[2022-08-10 12:00:11,747] {processor.py:163} INFO - Started process (PID=69192) to work on /Library/Frameworks/Python.framework/Versions/3.10/lib/python3.10/site-packages/airflow/example_dags/example_xcomargs.py
[2022-08-10 12:00:11,747] {processor.py:642} INFO - Processing file /Library/Frameworks/Python.framework/Versions/3.10/lib/python3.10/site-packages/airflow/example_dags/example_xcomargs.py for tasks to queue
[2022-08-10 12:00:11,747] {logging_mixin.py:109} INFO - [2022-08-10 12:00:11,747] {dagbag.py:500} INFO - Filling up the DagBag from /Library/Frameworks/Python.framework/Versions/3.10/lib/python3.10/site-packages/airflow/example_dags/example_xcomargs.py
[2022-08-10 12:00:11,758] {processor.py:652} INFO - DAG(s) dict_keys(['example_xcom_args', 'example_xcom_args_with_operators']) retrieved from /Library/Frameworks/Python.framework/Versions/3.10/lib/python3.10/site-packages/airflow/example_dags/example_xcomargs.py
[2022-08-10 12:00:11,861] {logging_mixin.py:109} INFO - [2022-08-10 12:00:11,861] {dag.py:2398} INFO - Sync 2 DAGs
[2022-08-10 12:00:11,864] {logging_mixin.py:109} INFO - [2022-08-10 12:00:11,864] {dag.py:2937} INFO - Setting next_dagrun for example_xcom_args to None
[2022-08-10 12:00:11,864] {logging_mixin.py:109} INFO - [2022-08-10 12:00:11,864] {dag.py:2937} INFO - Setting next_dagrun for example_xcom_args_with_operators to None
[2022-08-10 12:00:11,867] {processor.py:171} INFO - Processing /Library/Frameworks/Python.framework/Versions/3.10/lib/python3.10/site-packages/airflow/example_dags/example_xcomargs.py took 0.120 seconds
[2022-08-10 12:00:53,085] {processor.py:163} INFO - Started process (PID=69407) to work on /Library/Frameworks/Python.framework/Versions/3.10/lib/python3.10/site-packages/airflow/example_dags/example_xcomargs.py
[2022-08-10 12:00:53,085] {processor.py:642} INFO - Processing file /Library/Frameworks/Python.framework/Versions/3.10/lib/python3.10/site-packages/airflow/example_dags/example_xcomargs.py for tasks to queue
[2022-08-10 12:00:53,085] {logging_mixin.py:109} INFO - [2022-08-10 12:00:53,085] {dagbag.py:500} INFO - Filling up the DagBag from /Library/Frameworks/Python.framework/Versions/3.10/lib/python3.10/site-packages/airflow/example_dags/example_xcomargs.py
[2022-08-10 12:00:53,095] {processor.py:652} INFO - DAG(s) dict_keys(['example_xcom_args', 'example_xcom_args_with_operators']) retrieved from /Library/Frameworks/Python.framework/Versions/3.10/lib/python3.10/site-packages/airflow/example_dags/example_xcomargs.py
[2022-08-10 12:00:53,198] {logging_mixin.py:109} INFO - [2022-08-10 12:00:53,198] {dag.py:2398} INFO - Sync 2 DAGs
[2022-08-10 12:00:53,201] {logging_mixin.py:109} INFO - [2022-08-10 12:00:53,201] {dag.py:2937} INFO - Setting next_dagrun for example_xcom_args to None
[2022-08-10 12:00:53,201] {logging_mixin.py:109} INFO - [2022-08-10 12:00:53,201] {dag.py:2937} INFO - Setting next_dagrun for example_xcom_args_with_operators to None
[2022-08-10 12:00:53,204] {processor.py:171} INFO - Processing /Library/Frameworks/Python.framework/Versions/3.10/lib/python3.10/site-packages/airflow/example_dags/example_xcomargs.py took 0.119 seconds
[2022-08-10 12:01:32,513] {processor.py:163} INFO - Started process (PID=69659) to work on /Library/Frameworks/Python.framework/Versions/3.10/lib/python3.10/site-packages/airflow/example_dags/example_xcomargs.py
[2022-08-10 12:01:32,513] {processor.py:642} INFO - Processing file /Library/Frameworks/Python.framework/Versions/3.10/lib/python3.10/site-packages/airflow/example_dags/example_xcomargs.py for tasks to queue
[2022-08-10 12:01:32,513] {logging_mixin.py:109} INFO - [2022-08-10 12:01:32,513] {dagbag.py:500} INFO - Filling up the DagBag from /Library/Frameworks/Python.framework/Versions/3.10/lib/python3.10/site-packages/airflow/example_dags/example_xcomargs.py
[2022-08-10 12:01:32,523] {processor.py:652} INFO - DAG(s) dict_keys(['example_xcom_args', 'example_xcom_args_with_operators']) retrieved from /Library/Frameworks/Python.framework/Versions/3.10/lib/python3.10/site-packages/airflow/example_dags/example_xcomargs.py
[2022-08-10 12:01:32,625] {logging_mixin.py:109} INFO - [2022-08-10 12:01:32,625] {dag.py:2398} INFO - Sync 2 DAGs
[2022-08-10 12:01:32,628] {logging_mixin.py:109} INFO - [2022-08-10 12:01:32,628] {dag.py:2937} INFO - Setting next_dagrun for example_xcom_args to None
[2022-08-10 12:01:32,628] {logging_mixin.py:109} INFO - [2022-08-10 12:01:32,628] {dag.py:2937} INFO - Setting next_dagrun for example_xcom_args_with_operators to None
[2022-08-10 12:01:32,631] {processor.py:171} INFO - Processing /Library/Frameworks/Python.framework/Versions/3.10/lib/python3.10/site-packages/airflow/example_dags/example_xcomargs.py took 0.118 seconds
[2022-08-10 12:02:10,824] {processor.py:163} INFO - Started process (PID=69923) to work on /Library/Frameworks/Python.framework/Versions/3.10/lib/python3.10/site-packages/airflow/example_dags/example_xcomargs.py
[2022-08-10 12:02:10,824] {processor.py:642} INFO - Processing file /Library/Frameworks/Python.framework/Versions/3.10/lib/python3.10/site-packages/airflow/example_dags/example_xcomargs.py for tasks to queue
[2022-08-10 12:02:10,824] {logging_mixin.py:109} INFO - [2022-08-10 12:02:10,824] {dagbag.py:500} INFO - Filling up the DagBag from /Library/Frameworks/Python.framework/Versions/3.10/lib/python3.10/site-packages/airflow/example_dags/example_xcomargs.py
[2022-08-10 12:02:10,834] {processor.py:652} INFO - DAG(s) dict_keys(['example_xcom_args', 'example_xcom_args_with_operators']) retrieved from /Library/Frameworks/Python.framework/Versions/3.10/lib/python3.10/site-packages/airflow/example_dags/example_xcomargs.py
