[2022-08-10 11:46:22,010] {processor.py:163} INFO - Started process (PID=66406) to work on /Library/Frameworks/Python.framework/Versions/3.10/lib/python3.10/site-packages/airflow/example_dags/example_branch_python_dop_operator_3.py
[2022-08-10 11:46:22,010] {processor.py:642} INFO - Processing file /Library/Frameworks/Python.framework/Versions/3.10/lib/python3.10/site-packages/airflow/example_dags/example_branch_python_dop_operator_3.py for tasks to queue
[2022-08-10 11:46:22,010] {logging_mixin.py:109} INFO - [2022-08-10 11:46:22,010] {dagbag.py:500} INFO - Filling up the DagBag from /Library/Frameworks/Python.framework/Versions/3.10/lib/python3.10/site-packages/airflow/example_dags/example_branch_python_dop_operator_3.py
[2022-08-10 11:46:22,020] {processor.py:652} INFO - DAG(s) dict_keys(['example_branch_dop_operator_v3']) retrieved from /Library/Frameworks/Python.framework/Versions/3.10/lib/python3.10/site-packages/airflow/example_dags/example_branch_python_dop_operator_3.py
[2022-08-10 11:46:22,048] {logging_mixin.py:109} INFO - [2022-08-10 11:46:22,047] {dag.py:2398} INFO - Sync 1 DAGs
[2022-08-10 11:46:22,052] {logging_mixin.py:109} INFO - [2022-08-10 11:46:22,052] {dag.py:2937} INFO - Setting next_dagrun for example_branch_dop_operator_v3 to 2022-08-10T09:45:00+00:00
[2022-08-10 11:46:22,055] {processor.py:171} INFO - Processing /Library/Frameworks/Python.framework/Versions/3.10/lib/python3.10/site-packages/airflow/example_dags/example_branch_python_dop_operator_3.py took 0.045 seconds
[2022-08-10 11:47:05,829] {processor.py:163} INFO - Started process (PID=66653) to work on /Library/Frameworks/Python.framework/Versions/3.10/lib/python3.10/site-packages/airflow/example_dags/example_branch_python_dop_operator_3.py
[2022-08-10 11:47:05,829] {processor.py:642} INFO - Processing file /Library/Frameworks/Python.framework/Versions/3.10/lib/python3.10/site-packages/airflow/example_dags/example_branch_python_dop_operator_3.py for tasks to queue
[2022-08-10 11:47:05,830] {logging_mixin.py:109} INFO - [2022-08-10 11:47:05,830] {dagbag.py:500} INFO - Filling up the DagBag from /Library/Frameworks/Python.framework/Versions/3.10/lib/python3.10/site-packages/airflow/example_dags/example_branch_python_dop_operator_3.py
[2022-08-10 11:47:05,839] {processor.py:652} INFO - DAG(s) dict_keys(['example_branch_dop_operator_v3']) retrieved from /Library/Frameworks/Python.framework/Versions/3.10/lib/python3.10/site-packages/airflow/example_dags/example_branch_python_dop_operator_3.py
[2022-08-10 11:47:05,865] {logging_mixin.py:109} INFO - [2022-08-10 11:47:05,865] {dag.py:2398} INFO - Sync 1 DAGs
[2022-08-10 11:47:05,870] {logging_mixin.py:109} INFO - [2022-08-10 11:47:05,870] {dag.py:2937} INFO - Setting next_dagrun for example_branch_dop_operator_v3 to 2022-08-10T09:46:00+00:00
[2022-08-10 11:47:05,873] {processor.py:171} INFO - Processing /Library/Frameworks/Python.framework/Versions/3.10/lib/python3.10/site-packages/airflow/example_dags/example_branch_python_dop_operator_3.py took 0.044 seconds
[2022-08-10 11:53:20,590] {processor.py:163} INFO - Started process (PID=66931) to work on /Library/Frameworks/Python.framework/Versions/3.10/lib/python3.10/site-packages/airflow/example_dags/example_branch_python_dop_operator_3.py
[2022-08-10 11:53:20,590] {processor.py:642} INFO - Processing file /Library/Frameworks/Python.framework/Versions/3.10/lib/python3.10/site-packages/airflow/example_dags/example_branch_python_dop_operator_3.py for tasks to queue
[2022-08-10 11:53:20,590] {logging_mixin.py:109} INFO - [2022-08-10 11:53:20,590] {dagbag.py:500} INFO - Filling up the DagBag from /Library/Frameworks/Python.framework/Versions/3.10/lib/python3.10/site-packages/airflow/example_dags/example_branch_python_dop_operator_3.py
[2022-08-10 11:53:20,599] {processor.py:652} INFO - DAG(s) dict_keys(['example_branch_dop_operator_v3']) retrieved from /Library/Frameworks/Python.framework/Versions/3.10/lib/python3.10/site-packages/airflow/example_dags/example_branch_python_dop_operator_3.py
[2022-08-10 11:53:20,625] {logging_mixin.py:109} INFO - [2022-08-10 11:53:20,625] {dag.py:2398} INFO - Sync 1 DAGs
[2022-08-10 11:53:20,629] {logging_mixin.py:109} INFO - [2022-08-10 11:53:20,629] {dag.py:2937} INFO - Setting next_dagrun for example_branch_dop_operator_v3 to 2022-08-10T09:52:00+00:00
[2022-08-10 11:53:20,632] {processor.py:171} INFO - Processing /Library/Frameworks/Python.framework/Versions/3.10/lib/python3.10/site-packages/airflow/example_dags/example_branch_python_dop_operator_3.py took 0.042 seconds
[2022-08-10 11:54:14,175] {processor.py:163} INFO - Started process (PID=67261) to work on /Library/Frameworks/Python.framework/Versions/3.10/lib/python3.10/site-packages/airflow/example_dags/example_branch_python_dop_operator_3.py
[2022-08-10 11:54:14,179] {processor.py:642} INFO - Processing file /Library/Frameworks/Python.framework/Versions/3.10/lib/python3.10/site-packages/airflow/example_dags/example_branch_python_dop_operator_3.py for tasks to queue
[2022-08-10 11:54:14,179] {logging_mixin.py:109} INFO - [2022-08-10 11:54:14,179] {dagbag.py:500} INFO - Filling up the DagBag from /Library/Frameworks/Python.framework/Versions/3.10/lib/python3.10/site-packages/airflow/example_dags/example_branch_python_dop_operator_3.py
[2022-08-10 11:54:14,187] {processor.py:652} INFO - DAG(s) dict_keys(['example_branch_dop_operator_v3']) retrieved from /Library/Frameworks/Python.framework/Versions/3.10/lib/python3.10/site-packages/airflow/example_dags/example_branch_python_dop_operator_3.py
[2022-08-10 11:54:14,212] {logging_mixin.py:109} INFO - [2022-08-10 11:54:14,212] {dag.py:2398} INFO - Sync 1 DAGs
[2022-08-10 11:54:14,217] {logging_mixin.py:109} INFO - [2022-08-10 11:54:14,217] {dag.py:2937} INFO - Setting next_dagrun for example_branch_dop_operator_v3 to 2022-08-10T09:53:00+00:00
[2022-08-10 11:54:14,219] {processor.py:171} INFO - Processing /Library/Frameworks/Python.framework/Versions/3.10/lib/python3.10/site-packages/airflow/example_dags/example_branch_python_dop_operator_3.py took 0.044 seconds
[2022-08-10 11:54:56,417] {processor.py:163} INFO - Started process (PID=67487) to work on /Library/Frameworks/Python.framework/Versions/3.10/lib/python3.10/site-packages/airflow/example_dags/example_branch_python_dop_operator_3.py
[2022-08-10 11:54:56,417] {processor.py:642} INFO - Processing file /Library/Frameworks/Python.framework/Versions/3.10/lib/python3.10/site-packages/airflow/example_dags/example_branch_python_dop_operator_3.py for tasks to queue
[2022-08-10 11:54:56,417] {logging_mixin.py:109} INFO - [2022-08-10 11:54:56,417] {dagbag.py:500} INFO - Filling up the DagBag from /Library/Frameworks/Python.framework/Versions/3.10/lib/python3.10/site-packages/airflow/example_dags/example_branch_python_dop_operator_3.py
[2022-08-10 11:54:56,427] {processor.py:652} INFO - DAG(s) dict_keys(['example_branch_dop_operator_v3']) retrieved from /Library/Frameworks/Python.framework/Versions/3.10/lib/python3.10/site-packages/airflow/example_dags/example_branch_python_dop_operator_3.py
[2022-08-10 11:54:56,456] {logging_mixin.py:109} INFO - [2022-08-10 11:54:56,456] {dag.py:2398} INFO - Sync 1 DAGs
[2022-08-10 11:54:56,460] {logging_mixin.py:109} INFO - [2022-08-10 11:54:56,460] {dag.py:2937} INFO - Setting next_dagrun for example_branch_dop_operator_v3 to 2022-08-10T09:53:00+00:00
[2022-08-10 11:54:56,463] {processor.py:171} INFO - Processing /Library/Frameworks/Python.framework/Versions/3.10/lib/python3.10/site-packages/airflow/example_dags/example_branch_python_dop_operator_3.py took 0.046 seconds
[2022-08-10 11:55:48,769] {processor.py:163} INFO - Started process (PID=67766) to work on /Library/Frameworks/Python.framework/Versions/3.10/lib/python3.10/site-packages/airflow/example_dags/example_branch_python_dop_operator_3.py
[2022-08-10 11:55:48,769] {processor.py:642} INFO - Processing file /Library/Frameworks/Python.framework/Versions/3.10/lib/python3.10/site-packages/airflow/example_dags/example_branch_python_dop_operator_3.py for tasks to queue
[2022-08-10 11:55:48,769] {logging_mixin.py:109} INFO - [2022-08-10 11:55:48,769] {dagbag.py:500} INFO - Filling up the DagBag from /Library/Frameworks/Python.framework/Versions/3.10/lib/python3.10/site-packages/airflow/example_dags/example_branch_python_dop_operator_3.py
[2022-08-10 11:55:48,778] {processor.py:652} INFO - DAG(s) dict_keys(['example_branch_dop_operator_v3']) retrieved from /Library/Frameworks/Python.framework/Versions/3.10/lib/python3.10/site-packages/airflow/example_dags/example_branch_python_dop_operator_3.py
[2022-08-10 11:55:48,803] {logging_mixin.py:109} INFO - [2022-08-10 11:55:48,803] {dag.py:2398} INFO - Sync 1 DAGs
[2022-08-10 11:55:48,807] {logging_mixin.py:109} INFO - [2022-08-10 11:55:48,807] {dag.py:2937} INFO - Setting next_dagrun for example_branch_dop_operator_v3 to 2022-08-10T09:54:00+00:00
[2022-08-10 11:55:48,810] {processor.py:171} INFO - Processing /Library/Frameworks/Python.framework/Versions/3.10/lib/python3.10/site-packages/airflow/example_dags/example_branch_python_dop_operator_3.py took 0.041 seconds
[2022-08-10 11:56:38,857] {processor.py:163} INFO - Started process (PID=68055) to work on /Library/Frameworks/Python.framework/Versions/3.10/lib/python3.10/site-packages/airflow/example_dags/example_branch_python_dop_operator_3.py
[2022-08-10 11:56:38,857] {processor.py:642} INFO - Processing file /Library/Frameworks/Python.framework/Versions/3.10/lib/python3.10/site-packages/airflow/example_dags/example_branch_python_dop_operator_3.py for tasks to queue
[2022-08-10 11:56:38,857] {logging_mixin.py:109} INFO - [2022-08-10 11:56:38,857] {dagbag.py:500} INFO - Filling up the DagBag from /Library/Frameworks/Python.framework/Versions/3.10/lib/python3.10/site-packages/airflow/example_dags/example_branch_python_dop_operator_3.py
[2022-08-10 11:56:38,866] {processor.py:652} INFO - DAG(s) dict_keys(['example_branch_dop_operator_v3']) retrieved from /Library/Frameworks/Python.framework/Versions/3.10/lib/python3.10/site-packages/airflow/example_dags/example_branch_python_dop_operator_3.py
[2022-08-10 11:56:38,893] {logging_mixin.py:109} INFO - [2022-08-10 11:56:38,893] {dag.py:2398} INFO - Sync 1 DAGs
[2022-08-10 11:56:38,898] {logging_mixin.py:109} INFO - [2022-08-10 11:56:38,898] {dag.py:2937} INFO - Setting next_dagrun for example_branch_dop_operator_v3 to 2022-08-10T09:55:00+00:00
[2022-08-10 11:56:38,901] {processor.py:171} INFO - Processing /Library/Frameworks/Python.framework/Versions/3.10/lib/python3.10/site-packages/airflow/example_dags/example_branch_python_dop_operator_3.py took 0.045 seconds
[2022-08-10 11:57:29,689] {processor.py:163} INFO - Started process (PID=68319) to work on /Library/Frameworks/Python.framework/Versions/3.10/lib/python3.10/site-packages/airflow/example_dags/example_branch_python_dop_operator_3.py
[2022-08-10 11:57:29,690] {processor.py:642} INFO - Processing file /Library/Frameworks/Python.framework/Versions/3.10/lib/python3.10/site-packages/airflow/example_dags/example_branch_python_dop_operator_3.py for tasks to queue
[2022-08-10 11:57:29,690] {logging_mixin.py:109} INFO - [2022-08-10 11:57:29,690] {dagbag.py:500} INFO - Filling up the DagBag from /Library/Frameworks/Python.framework/Versions/3.10/lib/python3.10/site-packages/airflow/example_dags/example_branch_python_dop_operator_3.py
[2022-08-10 11:57:29,700] {processor.py:652} INFO - DAG(s) dict_keys(['example_branch_dop_operator_v3']) retrieved from /Library/Frameworks/Python.framework/Versions/3.10/lib/python3.10/site-packages/airflow/example_dags/example_branch_python_dop_operator_3.py
[2022-08-10 11:57:29,730] {logging_mixin.py:109} INFO - [2022-08-10 11:57:29,730] {dag.py:2398} INFO - Sync 1 DAGs
[2022-08-10 11:57:29,735] {logging_mixin.py:109} INFO - [2022-08-10 11:57:29,735] {dag.py:2937} INFO - Setting next_dagrun for example_branch_dop_operator_v3 to 2022-08-10T09:56:00+00:00
[2022-08-10 11:57:29,738] {processor.py:171} INFO - Processing /Library/Frameworks/Python.framework/Versions/3.10/lib/python3.10/site-packages/airflow/example_dags/example_branch_python_dop_operator_3.py took 0.049 seconds
[2022-08-10 11:58:22,758] {processor.py:163} INFO - Started process (PID=68603) to work on /Library/Frameworks/Python.framework/Versions/3.10/lib/python3.10/site-packages/airflow/example_dags/example_branch_python_dop_operator_3.py
[2022-08-10 11:58:22,760] {processor.py:642} INFO - Processing file /Library/Frameworks/Python.framework/Versions/3.10/lib/python3.10/site-packages/airflow/example_dags/example_branch_python_dop_operator_3.py for tasks to queue
[2022-08-10 11:58:22,760] {logging_mixin.py:109} INFO - [2022-08-10 11:58:22,760] {dagbag.py:500} INFO - Filling up the DagBag from /Library/Frameworks/Python.framework/Versions/3.10/lib/python3.10/site-packages/airflow/example_dags/example_branch_python_dop_operator_3.py
[2022-08-10 11:58:22,777] {processor.py:652} INFO - DAG(s) dict_keys(['example_branch_dop_operator_v3']) retrieved from /Library/Frameworks/Python.framework/Versions/3.10/lib/python3.10/site-packages/airflow/example_dags/example_branch_python_dop_operator_3.py
[2022-08-10 11:58:22,811] {logging_mixin.py:109} INFO - [2022-08-10 11:58:22,811] {dag.py:2398} INFO - Sync 1 DAGs
[2022-08-10 11:58:22,817] {logging_mixin.py:109} INFO - [2022-08-10 11:58:22,817] {dag.py:2937} INFO - Setting next_dagrun for example_branch_dop_operator_v3 to 2022-08-10T09:57:00+00:00
[2022-08-10 11:58:22,820] {processor.py:171} INFO - Processing /Library/Frameworks/Python.framework/Versions/3.10/lib/python3.10/site-packages/airflow/example_dags/example_branch_python_dop_operator_3.py took 0.062 seconds
[2022-08-10 11:59:06,760] {processor.py:163} INFO - Started process (PID=68838) to work on /Library/Frameworks/Python.framework/Versions/3.10/lib/python3.10/site-packages/airflow/example_dags/example_branch_python_dop_operator_3.py
[2022-08-10 11:59:06,760] {processor.py:642} INFO - Processing file /Library/Frameworks/Python.framework/Versions/3.10/lib/python3.10/site-packages/airflow/example_dags/example_branch_python_dop_operator_3.py for tasks to queue
[2022-08-10 11:59:06,760] {logging_mixin.py:109} INFO - [2022-08-10 11:59:06,760] {dagbag.py:500} INFO - Filling up the DagBag from /Library/Frameworks/Python.framework/Versions/3.10/lib/python3.10/site-packages/airflow/example_dags/example_branch_python_dop_operator_3.py
[2022-08-10 11:59:06,769] {processor.py:652} INFO - DAG(s) dict_keys(['example_branch_dop_operator_v3']) retrieved from /Library/Frameworks/Python.framework/Versions/3.10/lib/python3.10/site-packages/airflow/example_dags/example_branch_python_dop_operator_3.py
[2022-08-10 11:59:06,794] {logging_mixin.py:109} INFO - [2022-08-10 11:59:06,794] {dag.py:2398} INFO - Sync 1 DAGs
[2022-08-10 11:59:06,798] {logging_mixin.py:109} INFO - [2022-08-10 11:59:06,798] {dag.py:2937} INFO - Setting next_dagrun for example_branch_dop_operator_v3 to 2022-08-10T09:58:00+00:00
[2022-08-10 11:59:06,801] {processor.py:171} INFO - Processing /Library/Frameworks/Python.framework/Versions/3.10/lib/python3.10/site-packages/airflow/example_dags/example_branch_python_dop_operator_3.py took 0.041 seconds
[2022-08-10 11:59:57,311] {processor.py:163} INFO - Started process (PID=69119) to work on /Library/Frameworks/Python.framework/Versions/3.10/lib/python3.10/site-packages/airflow/example_dags/example_branch_python_dop_operator_3.py
[2022-08-10 11:59:57,311] {processor.py:642} INFO - Processing file /Library/Frameworks/Python.framework/Versions/3.10/lib/python3.10/site-packages/airflow/example_dags/example_branch_python_dop_operator_3.py for tasks to queue
[2022-08-10 11:59:57,311] {logging_mixin.py:109} INFO - [2022-08-10 11:59:57,311] {dagbag.py:500} INFO - Filling up the DagBag from /Library/Frameworks/Python.framework/Versions/3.10/lib/python3.10/site-packages/airflow/example_dags/example_branch_python_dop_operator_3.py
[2022-08-10 11:59:57,320] {processor.py:652} INFO - DAG(s) dict_keys(['example_branch_dop_operator_v3']) retrieved from /Library/Frameworks/Python.framework/Versions/3.10/lib/python3.10/site-packages/airflow/example_dags/example_branch_python_dop_operator_3.py
[2022-08-10 11:59:57,346] {logging_mixin.py:109} INFO - [2022-08-10 11:59:57,346] {dag.py:2398} INFO - Sync 1 DAGs
[2022-08-10 11:59:57,351] {logging_mixin.py:109} INFO - [2022-08-10 11:59:57,351] {dag.py:2937} INFO - Setting next_dagrun for example_branch_dop_operator_v3 to 2022-08-10T09:58:00+00:00
[2022-08-10 11:59:57,353] {processor.py:171} INFO - Processing /Library/Frameworks/Python.framework/Versions/3.10/lib/python3.10/site-packages/airflow/example_dags/example_branch_python_dop_operator_3.py took 0.042 seconds
[2022-08-10 12:00:51,621] {processor.py:163} INFO - Started process (PID=69400) to work on /Library/Frameworks/Python.framework/Versions/3.10/lib/python3.10/site-packages/airflow/example_dags/example_branch_python_dop_operator_3.py
[2022-08-10 12:00:51,621] {processor.py:642} INFO - Processing file /Library/Frameworks/Python.framework/Versions/3.10/lib/python3.10/site-packages/airflow/example_dags/example_branch_python_dop_operator_3.py for tasks to queue
[2022-08-10 12:00:51,621] {logging_mixin.py:109} INFO - [2022-08-10 12:00:51,621] {dagbag.py:500} INFO - Filling up the DagBag from /Library/Frameworks/Python.framework/Versions/3.10/lib/python3.10/site-packages/airflow/example_dags/example_branch_python_dop_operator_3.py
[2022-08-10 12:00:51,630] {processor.py:652} INFO - DAG(s) dict_keys(['example_branch_dop_operator_v3']) retrieved from /Library/Frameworks/Python.framework/Versions/3.10/lib/python3.10/site-packages/airflow/example_dags/example_branch_python_dop_operator_3.py
[2022-08-10 12:00:51,655] {logging_mixin.py:109} INFO - [2022-08-10 12:00:51,655] {dag.py:2398} INFO - Sync 1 DAGs
[2022-08-10 12:00:51,660] {logging_mixin.py:109} INFO - [2022-08-10 12:00:51,660] {dag.py:2937} INFO - Setting next_dagrun for example_branch_dop_operator_v3 to 2022-08-10T09:59:00+00:00
[2022-08-10 12:00:51,662] {processor.py:171} INFO - Processing /Library/Frameworks/Python.framework/Versions/3.10/lib/python3.10/site-packages/airflow/example_dags/example_branch_python_dop_operator_3.py took 0.041 seconds
[2022-08-10 12:01:43,022] {processor.py:163} INFO - Started process (PID=69730) to work on /Library/Frameworks/Python.framework/Versions/3.10/lib/python3.10/site-packages/airflow/example_dags/example_branch_python_dop_operator_3.py
[2022-08-10 12:01:43,022] {processor.py:642} INFO - Processing file /Library/Frameworks/Python.framework/Versions/3.10/lib/python3.10/site-packages/airflow/example_dags/example_branch_python_dop_operator_3.py for tasks to queue
[2022-08-10 12:01:43,022] {logging_mixin.py:109} INFO - [2022-08-10 12:01:43,022] {dagbag.py:500} INFO - Filling up the DagBag from /Library/Frameworks/Python.framework/Versions/3.10/lib/python3.10/site-packages/airflow/example_dags/example_branch_python_dop_operator_3.py
[2022-08-10 12:01:43,031] {processor.py:652} INFO - DAG(s) dict_keys(['example_branch_dop_operator_v3']) retrieved from /Library/Frameworks/Python.framework/Versions/3.10/lib/python3.10/site-packages/airflow/example_dags/example_branch_python_dop_operator_3.py
[2022-08-10 12:01:43,056] {logging_mixin.py:109} INFO - [2022-08-10 12:01:43,056] {dag.py:2398} INFO - Sync 1 DAGs
[2022-08-10 12:01:43,060] {logging_mixin.py:109} INFO - [2022-08-10 12:01:43,060] {dag.py:2937} INFO - Setting next_dagrun for example_branch_dop_operator_v3 to 2022-08-10T10:00:00+00:00
[2022-08-10 12:01:43,063] {processor.py:171} INFO - Processing /Library/Frameworks/Python.framework/Versions/3.10/lib/python3.10/site-packages/airflow/example_dags/example_branch_python_dop_operator_3.py took 0.042 seconds
