[2022-08-10 11:46:18,446] {processor.py:163} INFO - Started process (PID=66388) to work on /Library/Frameworks/Python.framework/Versions/3.10/lib/python3.10/site-packages/airflow/example_dags/example_external_task_marker_dag.py
[2022-08-10 11:46:18,446] {processor.py:642} INFO - Processing file /Library/Frameworks/Python.framework/Versions/3.10/lib/python3.10/site-packages/airflow/example_dags/example_external_task_marker_dag.py for tasks to queue
[2022-08-10 11:46:18,446] {logging_mixin.py:109} INFO - [2022-08-10 11:46:18,446] {dagbag.py:500} INFO - Filling up the DagBag from /Library/Frameworks/Python.framework/Versions/3.10/lib/python3.10/site-packages/airflow/example_dags/example_external_task_marker_dag.py
[2022-08-10 11:46:18,450] {processor.py:652} INFO - DAG(s) dict_keys(['example_external_task_marker_parent', 'example_external_task_marker_child']) retrieved from /Library/Frameworks/Python.framework/Versions/3.10/lib/python3.10/site-packages/airflow/example_dags/example_external_task_marker_dag.py
[2022-08-10 11:46:18,463] {logging_mixin.py:109} INFO - [2022-08-10 11:46:18,462] {dag.py:2398} INFO - Sync 2 DAGs
[2022-08-10 11:46:18,479] {logging_mixin.py:109} INFO - [2022-08-10 11:46:18,479] {dag.py:2937} INFO - Setting next_dagrun for example_external_task_marker_child to None
[2022-08-10 11:46:18,480] {logging_mixin.py:109} INFO - [2022-08-10 11:46:18,480] {dag.py:2937} INFO - Setting next_dagrun for example_external_task_marker_parent to None
[2022-08-10 11:46:18,482] {processor.py:171} INFO - Processing /Library/Frameworks/Python.framework/Versions/3.10/lib/python3.10/site-packages/airflow/example_dags/example_external_task_marker_dag.py took 0.037 seconds
[2022-08-10 11:47:01,705] {processor.py:163} INFO - Started process (PID=66632) to work on /Library/Frameworks/Python.framework/Versions/3.10/lib/python3.10/site-packages/airflow/example_dags/example_external_task_marker_dag.py
[2022-08-10 11:47:01,706] {processor.py:642} INFO - Processing file /Library/Frameworks/Python.framework/Versions/3.10/lib/python3.10/site-packages/airflow/example_dags/example_external_task_marker_dag.py for tasks to queue
[2022-08-10 11:47:01,706] {logging_mixin.py:109} INFO - [2022-08-10 11:47:01,706] {dagbag.py:500} INFO - Filling up the DagBag from /Library/Frameworks/Python.framework/Versions/3.10/lib/python3.10/site-packages/airflow/example_dags/example_external_task_marker_dag.py
[2022-08-10 11:47:01,711] {processor.py:652} INFO - DAG(s) dict_keys(['example_external_task_marker_parent', 'example_external_task_marker_child']) retrieved from /Library/Frameworks/Python.framework/Versions/3.10/lib/python3.10/site-packages/airflow/example_dags/example_external_task_marker_dag.py
[2022-08-10 11:47:01,724] {logging_mixin.py:109} INFO - [2022-08-10 11:47:01,724] {dag.py:2398} INFO - Sync 2 DAGs
[2022-08-10 11:47:01,741] {logging_mixin.py:109} INFO - [2022-08-10 11:47:01,741] {dag.py:2937} INFO - Setting next_dagrun for example_external_task_marker_child to None
[2022-08-10 11:47:01,741] {logging_mixin.py:109} INFO - [2022-08-10 11:47:01,741] {dag.py:2937} INFO - Setting next_dagrun for example_external_task_marker_parent to None
[2022-08-10 11:47:01,745] {processor.py:171} INFO - Processing /Library/Frameworks/Python.framework/Versions/3.10/lib/python3.10/site-packages/airflow/example_dags/example_external_task_marker_dag.py took 0.040 seconds
[2022-08-10 11:53:16,098] {processor.py:163} INFO - Started process (PID=66910) to work on /Library/Frameworks/Python.framework/Versions/3.10/lib/python3.10/site-packages/airflow/example_dags/example_external_task_marker_dag.py
[2022-08-10 11:53:16,099] {processor.py:642} INFO - Processing file /Library/Frameworks/Python.framework/Versions/3.10/lib/python3.10/site-packages/airflow/example_dags/example_external_task_marker_dag.py for tasks to queue
[2022-08-10 11:53:16,100] {logging_mixin.py:109} INFO - [2022-08-10 11:53:16,099] {dagbag.py:500} INFO - Filling up the DagBag from /Library/Frameworks/Python.framework/Versions/3.10/lib/python3.10/site-packages/airflow/example_dags/example_external_task_marker_dag.py
[2022-08-10 11:53:16,104] {processor.py:652} INFO - DAG(s) dict_keys(['example_external_task_marker_parent', 'example_external_task_marker_child']) retrieved from /Library/Frameworks/Python.framework/Versions/3.10/lib/python3.10/site-packages/airflow/example_dags/example_external_task_marker_dag.py
[2022-08-10 11:53:16,117] {logging_mixin.py:109} INFO - [2022-08-10 11:53:16,117] {dag.py:2398} INFO - Sync 2 DAGs
[2022-08-10 11:53:16,134] {logging_mixin.py:109} INFO - [2022-08-10 11:53:16,134] {dag.py:2937} INFO - Setting next_dagrun for example_external_task_marker_child to None
[2022-08-10 11:53:16,134] {logging_mixin.py:109} INFO - [2022-08-10 11:53:16,134] {dag.py:2937} INFO - Setting next_dagrun for example_external_task_marker_parent to None
[2022-08-10 11:53:16,137] {processor.py:171} INFO - Processing /Library/Frameworks/Python.framework/Versions/3.10/lib/python3.10/site-packages/airflow/example_dags/example_external_task_marker_dag.py took 0.039 seconds
[2022-08-10 11:54:00,209] {processor.py:163} INFO - Started process (PID=67144) to work on /Library/Frameworks/Python.framework/Versions/3.10/lib/python3.10/site-packages/airflow/example_dags/example_external_task_marker_dag.py
[2022-08-10 11:54:00,209] {processor.py:642} INFO - Processing file /Library/Frameworks/Python.framework/Versions/3.10/lib/python3.10/site-packages/airflow/example_dags/example_external_task_marker_dag.py for tasks to queue
[2022-08-10 11:54:00,210] {logging_mixin.py:109} INFO - [2022-08-10 11:54:00,209] {dagbag.py:500} INFO - Filling up the DagBag from /Library/Frameworks/Python.framework/Versions/3.10/lib/python3.10/site-packages/airflow/example_dags/example_external_task_marker_dag.py
[2022-08-10 11:54:00,214] {processor.py:652} INFO - DAG(s) dict_keys(['example_external_task_marker_parent', 'example_external_task_marker_child']) retrieved from /Library/Frameworks/Python.framework/Versions/3.10/lib/python3.10/site-packages/airflow/example_dags/example_external_task_marker_dag.py
[2022-08-10 11:54:00,226] {logging_mixin.py:109} INFO - [2022-08-10 11:54:00,226] {dag.py:2398} INFO - Sync 2 DAGs
[2022-08-10 11:54:00,243] {logging_mixin.py:109} INFO - [2022-08-10 11:54:00,243] {dag.py:2937} INFO - Setting next_dagrun for example_external_task_marker_child to None
[2022-08-10 11:54:00,243] {logging_mixin.py:109} INFO - [2022-08-10 11:54:00,243] {dag.py:2937} INFO - Setting next_dagrun for example_external_task_marker_parent to None
[2022-08-10 11:54:00,245] {processor.py:171} INFO - Processing /Library/Frameworks/Python.framework/Versions/3.10/lib/python3.10/site-packages/airflow/example_dags/example_external_task_marker_dag.py took 0.036 seconds
[2022-08-10 11:54:42,858] {processor.py:163} INFO - Started process (PID=67422) to work on /Library/Frameworks/Python.framework/Versions/3.10/lib/python3.10/site-packages/airflow/example_dags/example_external_task_marker_dag.py
[2022-08-10 11:54:42,858] {processor.py:642} INFO - Processing file /Library/Frameworks/Python.framework/Versions/3.10/lib/python3.10/site-packages/airflow/example_dags/example_external_task_marker_dag.py for tasks to queue
[2022-08-10 11:54:42,859] {logging_mixin.py:109} INFO - [2022-08-10 11:54:42,859] {dagbag.py:500} INFO - Filling up the DagBag from /Library/Frameworks/Python.framework/Versions/3.10/lib/python3.10/site-packages/airflow/example_dags/example_external_task_marker_dag.py
[2022-08-10 11:54:42,863] {processor.py:652} INFO - DAG(s) dict_keys(['example_external_task_marker_parent', 'example_external_task_marker_child']) retrieved from /Library/Frameworks/Python.framework/Versions/3.10/lib/python3.10/site-packages/airflow/example_dags/example_external_task_marker_dag.py
[2022-08-10 11:54:42,876] {logging_mixin.py:109} INFO - [2022-08-10 11:54:42,876] {dag.py:2398} INFO - Sync 2 DAGs
[2022-08-10 11:54:42,894] {logging_mixin.py:109} INFO - [2022-08-10 11:54:42,894] {dag.py:2937} INFO - Setting next_dagrun for example_external_task_marker_child to None
[2022-08-10 11:54:42,895] {logging_mixin.py:109} INFO - [2022-08-10 11:54:42,895] {dag.py:2937} INFO - Setting next_dagrun for example_external_task_marker_parent to None
[2022-08-10 11:54:42,897] {processor.py:171} INFO - Processing /Library/Frameworks/Python.framework/Versions/3.10/lib/python3.10/site-packages/airflow/example_dags/example_external_task_marker_dag.py took 0.039 seconds
[2022-08-10 11:55:34,686] {processor.py:163} INFO - Started process (PID=67681) to work on /Library/Frameworks/Python.framework/Versions/3.10/lib/python3.10/site-packages/airflow/example_dags/example_external_task_marker_dag.py
[2022-08-10 11:55:34,686] {processor.py:642} INFO - Processing file /Library/Frameworks/Python.framework/Versions/3.10/lib/python3.10/site-packages/airflow/example_dags/example_external_task_marker_dag.py for tasks to queue
[2022-08-10 11:55:34,686] {logging_mixin.py:109} INFO - [2022-08-10 11:55:34,686] {dagbag.py:500} INFO - Filling up the DagBag from /Library/Frameworks/Python.framework/Versions/3.10/lib/python3.10/site-packages/airflow/example_dags/example_external_task_marker_dag.py
[2022-08-10 11:55:34,691] {processor.py:652} INFO - DAG(s) dict_keys(['example_external_task_marker_parent', 'example_external_task_marker_child']) retrieved from /Library/Frameworks/Python.framework/Versions/3.10/lib/python3.10/site-packages/airflow/example_dags/example_external_task_marker_dag.py
[2022-08-10 11:55:34,703] {logging_mixin.py:109} INFO - [2022-08-10 11:55:34,703] {dag.py:2398} INFO - Sync 2 DAGs
[2022-08-10 11:55:34,721] {logging_mixin.py:109} INFO - [2022-08-10 11:55:34,721] {dag.py:2937} INFO - Setting next_dagrun for example_external_task_marker_child to None
[2022-08-10 11:55:34,721] {logging_mixin.py:109} INFO - [2022-08-10 11:55:34,721] {dag.py:2937} INFO - Setting next_dagrun for example_external_task_marker_parent to None
[2022-08-10 11:55:34,723] {processor.py:171} INFO - Processing /Library/Frameworks/Python.framework/Versions/3.10/lib/python3.10/site-packages/airflow/example_dags/example_external_task_marker_dag.py took 0.038 seconds
[2022-08-10 11:56:26,866] {processor.py:163} INFO - Started process (PID=67993) to work on /Library/Frameworks/Python.framework/Versions/3.10/lib/python3.10/site-packages/airflow/example_dags/example_external_task_marker_dag.py
[2022-08-10 11:56:26,866] {processor.py:642} INFO - Processing file /Library/Frameworks/Python.framework/Versions/3.10/lib/python3.10/site-packages/airflow/example_dags/example_external_task_marker_dag.py for tasks to queue
[2022-08-10 11:56:26,866] {logging_mixin.py:109} INFO - [2022-08-10 11:56:26,866] {dagbag.py:500} INFO - Filling up the DagBag from /Library/Frameworks/Python.framework/Versions/3.10/lib/python3.10/site-packages/airflow/example_dags/example_external_task_marker_dag.py
[2022-08-10 11:56:26,871] {processor.py:652} INFO - DAG(s) dict_keys(['example_external_task_marker_parent', 'example_external_task_marker_child']) retrieved from /Library/Frameworks/Python.framework/Versions/3.10/lib/python3.10/site-packages/airflow/example_dags/example_external_task_marker_dag.py
[2022-08-10 11:56:26,884] {logging_mixin.py:109} INFO - [2022-08-10 11:56:26,884] {dag.py:2398} INFO - Sync 2 DAGs
[2022-08-10 11:56:26,904] {logging_mixin.py:109} INFO - [2022-08-10 11:56:26,904] {dag.py:2937} INFO - Setting next_dagrun for example_external_task_marker_child to None
[2022-08-10 11:56:26,904] {logging_mixin.py:109} INFO - [2022-08-10 11:56:26,904] {dag.py:2937} INFO - Setting next_dagrun for example_external_task_marker_parent to None
[2022-08-10 11:56:26,907] {processor.py:171} INFO - Processing /Library/Frameworks/Python.framework/Versions/3.10/lib/python3.10/site-packages/airflow/example_dags/example_external_task_marker_dag.py took 0.041 seconds
[2022-08-10 11:57:17,185] {processor.py:163} INFO - Started process (PID=68262) to work on /Library/Frameworks/Python.framework/Versions/3.10/lib/python3.10/site-packages/airflow/example_dags/example_external_task_marker_dag.py
[2022-08-10 11:57:17,185] {processor.py:642} INFO - Processing file /Library/Frameworks/Python.framework/Versions/3.10/lib/python3.10/site-packages/airflow/example_dags/example_external_task_marker_dag.py for tasks to queue
[2022-08-10 11:57:17,185] {logging_mixin.py:109} INFO - [2022-08-10 11:57:17,185] {dagbag.py:500} INFO - Filling up the DagBag from /Library/Frameworks/Python.framework/Versions/3.10/lib/python3.10/site-packages/airflow/example_dags/example_external_task_marker_dag.py
[2022-08-10 11:57:17,189] {processor.py:652} INFO - DAG(s) dict_keys(['example_external_task_marker_parent', 'example_external_task_marker_child']) retrieved from /Library/Frameworks/Python.framework/Versions/3.10/lib/python3.10/site-packages/airflow/example_dags/example_external_task_marker_dag.py
[2022-08-10 11:57:17,202] {logging_mixin.py:109} INFO - [2022-08-10 11:57:17,201] {dag.py:2398} INFO - Sync 2 DAGs
[2022-08-10 11:57:17,218] {logging_mixin.py:109} INFO - [2022-08-10 11:57:17,218] {dag.py:2937} INFO - Setting next_dagrun for example_external_task_marker_child to None
[2022-08-10 11:57:17,219] {logging_mixin.py:109} INFO - [2022-08-10 11:57:17,219] {dag.py:2937} INFO - Setting next_dagrun for example_external_task_marker_parent to None
[2022-08-10 11:57:17,221] {processor.py:171} INFO - Processing /Library/Frameworks/Python.framework/Versions/3.10/lib/python3.10/site-packages/airflow/example_dags/example_external_task_marker_dag.py took 0.037 seconds
[2022-08-10 11:58:09,631] {processor.py:163} INFO - Started process (PID=68528) to work on /Library/Frameworks/Python.framework/Versions/3.10/lib/python3.10/site-packages/airflow/example_dags/example_external_task_marker_dag.py
[2022-08-10 11:58:09,632] {processor.py:642} INFO - Processing file /Library/Frameworks/Python.framework/Versions/3.10/lib/python3.10/site-packages/airflow/example_dags/example_external_task_marker_dag.py for tasks to queue
[2022-08-10 11:58:09,633] {logging_mixin.py:109} INFO - [2022-08-10 11:58:09,633] {dagbag.py:500} INFO - Filling up the DagBag from /Library/Frameworks/Python.framework/Versions/3.10/lib/python3.10/site-packages/airflow/example_dags/example_external_task_marker_dag.py
[2022-08-10 11:58:09,637] {processor.py:652} INFO - DAG(s) dict_keys(['example_external_task_marker_parent', 'example_external_task_marker_child']) retrieved from /Library/Frameworks/Python.framework/Versions/3.10/lib/python3.10/site-packages/airflow/example_dags/example_external_task_marker_dag.py
[2022-08-10 11:58:09,650] {logging_mixin.py:109} INFO - [2022-08-10 11:58:09,649] {dag.py:2398} INFO - Sync 2 DAGs
[2022-08-10 11:58:09,666] {logging_mixin.py:109} INFO - [2022-08-10 11:58:09,666] {dag.py:2937} INFO - Setting next_dagrun for example_external_task_marker_child to None
[2022-08-10 11:58:09,667] {logging_mixin.py:109} INFO - [2022-08-10 11:58:09,667] {dag.py:2937} INFO - Setting next_dagrun for example_external_task_marker_parent to None
[2022-08-10 11:58:09,669] {processor.py:171} INFO - Processing /Library/Frameworks/Python.framework/Versions/3.10/lib/python3.10/site-packages/airflow/example_dags/example_external_task_marker_dag.py took 0.038 seconds
[2022-08-10 11:58:51,704] {processor.py:163} INFO - Started process (PID=68759) to work on /Library/Frameworks/Python.framework/Versions/3.10/lib/python3.10/site-packages/airflow/example_dags/example_external_task_marker_dag.py
[2022-08-10 11:58:51,706] {processor.py:642} INFO - Processing file /Library/Frameworks/Python.framework/Versions/3.10/lib/python3.10/site-packages/airflow/example_dags/example_external_task_marker_dag.py for tasks to queue
[2022-08-10 11:58:51,706] {logging_mixin.py:109} INFO - [2022-08-10 11:58:51,706] {dagbag.py:500} INFO - Filling up the DagBag from /Library/Frameworks/Python.framework/Versions/3.10/lib/python3.10/site-packages/airflow/example_dags/example_external_task_marker_dag.py
[2022-08-10 11:58:51,711] {processor.py:652} INFO - DAG(s) dict_keys(['example_external_task_marker_parent', 'example_external_task_marker_child']) retrieved from /Library/Frameworks/Python.framework/Versions/3.10/lib/python3.10/site-packages/airflow/example_dags/example_external_task_marker_dag.py
[2022-08-10 11:58:51,723] {logging_mixin.py:109} INFO - [2022-08-10 11:58:51,723] {dag.py:2398} INFO - Sync 2 DAGs
[2022-08-10 11:58:51,740] {logging_mixin.py:109} INFO - [2022-08-10 11:58:51,740] {dag.py:2937} INFO - Setting next_dagrun for example_external_task_marker_child to None
[2022-08-10 11:58:51,740] {logging_mixin.py:109} INFO - [2022-08-10 11:58:51,740] {dag.py:2937} INFO - Setting next_dagrun for example_external_task_marker_parent to None
[2022-08-10 11:58:51,742] {processor.py:171} INFO - Processing /Library/Frameworks/Python.framework/Versions/3.10/lib/python3.10/site-packages/airflow/example_dags/example_external_task_marker_dag.py took 0.038 seconds
[2022-08-10 11:59:43,829] {processor.py:163} INFO - Started process (PID=69038) to work on /Library/Frameworks/Python.framework/Versions/3.10/lib/python3.10/site-packages/airflow/example_dags/example_external_task_marker_dag.py
[2022-08-10 11:59:43,829] {processor.py:642} INFO - Processing file /Library/Frameworks/Python.framework/Versions/3.10/lib/python3.10/site-packages/airflow/example_dags/example_external_task_marker_dag.py for tasks to queue
[2022-08-10 11:59:43,829] {logging_mixin.py:109} INFO - [2022-08-10 11:59:43,829] {dagbag.py:500} INFO - Filling up the DagBag from /Library/Frameworks/Python.framework/Versions/3.10/lib/python3.10/site-packages/airflow/example_dags/example_external_task_marker_dag.py
[2022-08-10 11:59:43,833] {processor.py:652} INFO - DAG(s) dict_keys(['example_external_task_marker_parent', 'example_external_task_marker_child']) retrieved from /Library/Frameworks/Python.framework/Versions/3.10/lib/python3.10/site-packages/airflow/example_dags/example_external_task_marker_dag.py
[2022-08-10 11:59:43,847] {logging_mixin.py:109} INFO - [2022-08-10 11:59:43,847] {dag.py:2398} INFO - Sync 2 DAGs
[2022-08-10 11:59:43,866] {logging_mixin.py:109} INFO - [2022-08-10 11:59:43,866] {dag.py:2937} INFO - Setting next_dagrun for example_external_task_marker_child to None
[2022-08-10 11:59:43,866] {logging_mixin.py:109} INFO - [2022-08-10 11:59:43,866] {dag.py:2937} INFO - Setting next_dagrun for example_external_task_marker_parent to None
[2022-08-10 11:59:43,869] {processor.py:171} INFO - Processing /Library/Frameworks/Python.framework/Versions/3.10/lib/python3.10/site-packages/airflow/example_dags/example_external_task_marker_dag.py took 0.040 seconds
[2022-08-10 12:00:35,214] {processor.py:163} INFO - Started process (PID=69309) to work on /Library/Frameworks/Python.framework/Versions/3.10/lib/python3.10/site-packages/airflow/example_dags/example_external_task_marker_dag.py
[2022-08-10 12:00:35,214] {processor.py:642} INFO - Processing file /Library/Frameworks/Python.framework/Versions/3.10/lib/python3.10/site-packages/airflow/example_dags/example_external_task_marker_dag.py for tasks to queue
[2022-08-10 12:00:35,214] {logging_mixin.py:109} INFO - [2022-08-10 12:00:35,214] {dagbag.py:500} INFO - Filling up the DagBag from /Library/Frameworks/Python.framework/Versions/3.10/lib/python3.10/site-packages/airflow/example_dags/example_external_task_marker_dag.py
[2022-08-10 12:00:35,219] {processor.py:652} INFO - DAG(s) dict_keys(['example_external_task_marker_parent', 'example_external_task_marker_child']) retrieved from /Library/Frameworks/Python.framework/Versions/3.10/lib/python3.10/site-packages/airflow/example_dags/example_external_task_marker_dag.py
[2022-08-10 12:00:35,233] {logging_mixin.py:109} INFO - [2022-08-10 12:00:35,233] {dag.py:2398} INFO - Sync 2 DAGs
[2022-08-10 12:00:35,252] {logging_mixin.py:109} INFO - [2022-08-10 12:00:35,252] {dag.py:2937} INFO - Setting next_dagrun for example_external_task_marker_child to None
[2022-08-10 12:00:35,253] {logging_mixin.py:109} INFO - [2022-08-10 12:00:35,253] {dag.py:2937} INFO - Setting next_dagrun for example_external_task_marker_parent to None
[2022-08-10 12:00:35,255] {processor.py:171} INFO - Processing /Library/Frameworks/Python.framework/Versions/3.10/lib/python3.10/site-packages/airflow/example_dags/example_external_task_marker_dag.py took 0.042 seconds
[2022-08-10 12:01:16,201] {processor.py:163} INFO - Started process (PID=69527) to work on /Library/Frameworks/Python.framework/Versions/3.10/lib/python3.10/site-packages/airflow/example_dags/example_external_task_marker_dag.py
[2022-08-10 12:01:16,202] {processor.py:642} INFO - Processing file /Library/Frameworks/Python.framework/Versions/3.10/lib/python3.10/site-packages/airflow/example_dags/example_external_task_marker_dag.py for tasks to queue
[2022-08-10 12:01:16,202] {logging_mixin.py:109} INFO - [2022-08-10 12:01:16,202] {dagbag.py:500} INFO - Filling up the DagBag from /Library/Frameworks/Python.framework/Versions/3.10/lib/python3.10/site-packages/airflow/example_dags/example_external_task_marker_dag.py
[2022-08-10 12:01:16,206] {processor.py:652} INFO - DAG(s) dict_keys(['example_external_task_marker_parent', 'example_external_task_marker_child']) retrieved from /Library/Frameworks/Python.framework/Versions/3.10/lib/python3.10/site-packages/airflow/example_dags/example_external_task_marker_dag.py
[2022-08-10 12:01:16,218] {logging_mixin.py:109} INFO - [2022-08-10 12:01:16,218] {dag.py:2398} INFO - Sync 2 DAGs
[2022-08-10 12:01:16,235] {logging_mixin.py:109} INFO - [2022-08-10 12:01:16,235] {dag.py:2937} INFO - Setting next_dagrun for example_external_task_marker_child to None
[2022-08-10 12:01:16,236] {logging_mixin.py:109} INFO - [2022-08-10 12:01:16,236] {dag.py:2937} INFO - Setting next_dagrun for example_external_task_marker_parent to None
[2022-08-10 12:01:16,238] {processor.py:171} INFO - Processing /Library/Frameworks/Python.framework/Versions/3.10/lib/python3.10/site-packages/airflow/example_dags/example_external_task_marker_dag.py took 0.037 seconds
[2022-08-10 12:02:06,457] {processor.py:163} INFO - Started process (PID=69896) to work on /Library/Frameworks/Python.framework/Versions/3.10/lib/python3.10/site-packages/airflow/example_dags/example_external_task_marker_dag.py
[2022-08-10 12:02:06,457] {processor.py:642} INFO - Processing file /Library/Frameworks/Python.framework/Versions/3.10/lib/python3.10/site-packages/airflow/example_dags/example_external_task_marker_dag.py for tasks to queue
[2022-08-10 12:02:06,457] {logging_mixin.py:109} INFO - [2022-08-10 12:02:06,457] {dagbag.py:500} INFO - Filling up the DagBag from /Library/Frameworks/Python.framework/Versions/3.10/lib/python3.10/site-packages/airflow/example_dags/example_external_task_marker_dag.py
[2022-08-10 12:02:06,462] {processor.py:652} INFO - DAG(s) dict_keys(['example_external_task_marker_parent', 'example_external_task_marker_child']) retrieved from /Library/Frameworks/Python.framework/Versions/3.10/lib/python3.10/site-packages/airflow/example_dags/example_external_task_marker_dag.py
[2022-08-10 12:02:06,474] {logging_mixin.py:109} INFO - [2022-08-10 12:02:06,474] {dag.py:2398} INFO - Sync 2 DAGs
[2022-08-10 12:02:06,491] {logging_mixin.py:109} INFO - [2022-08-10 12:02:06,491] {dag.py:2937} INFO - Setting next_dagrun for example_external_task_marker_child to None
[2022-08-10 12:02:06,491] {logging_mixin.py:109} INFO - [2022-08-10 12:02:06,491] {dag.py:2937} INFO - Setting next_dagrun for example_external_task_marker_parent to None
[2022-08-10 12:02:06,493] {processor.py:171} INFO - Processing /Library/Frameworks/Python.framework/Versions/3.10/lib/python3.10/site-packages/airflow/example_dags/example_external_task_marker_dag.py took 0.037 seconds
