[2022-08-10 11:46:04,090] {processor.py:163} INFO - Started process (PID=66322) to work on /Library/Frameworks/Python.framework/Versions/3.10/lib/python3.10/site-packages/airflow/example_dags/example_task_group.py
[2022-08-10 11:46:04,090] {processor.py:642} INFO - Processing file /Library/Frameworks/Python.framework/Versions/3.10/lib/python3.10/site-packages/airflow/example_dags/example_task_group.py for tasks to queue
[2022-08-10 11:46:04,090] {logging_mixin.py:109} INFO - [2022-08-10 11:46:04,090] {dagbag.py:500} INFO - Filling up the DagBag from /Library/Frameworks/Python.framework/Versions/3.10/lib/python3.10/site-packages/airflow/example_dags/example_task_group.py
[2022-08-10 11:46:04,095] {processor.py:652} INFO - DAG(s) dict_keys(['example_task_group']) retrieved from /Library/Frameworks/Python.framework/Versions/3.10/lib/python3.10/site-packages/airflow/example_dags/example_task_group.py
[2022-08-10 11:46:04,099] {logging_mixin.py:109} INFO - [2022-08-10 11:46:04,099] {dag.py:2398} INFO - Sync 1 DAGs
[2022-08-10 11:46:04,122] {logging_mixin.py:109} INFO - [2022-08-10 11:46:04,122] {dag.py:2937} INFO - Setting next_dagrun for example_task_group to 2022-08-09T09:46:04.122555+00:00
[2022-08-10 11:46:04,125] {processor.py:171} INFO - Processing /Library/Frameworks/Python.framework/Versions/3.10/lib/python3.10/site-packages/airflow/example_dags/example_task_group.py took 0.035 seconds
[2022-08-10 11:46:46,376] {processor.py:163} INFO - Started process (PID=66557) to work on /Library/Frameworks/Python.framework/Versions/3.10/lib/python3.10/site-packages/airflow/example_dags/example_task_group.py
[2022-08-10 11:46:46,377] {processor.py:642} INFO - Processing file /Library/Frameworks/Python.framework/Versions/3.10/lib/python3.10/site-packages/airflow/example_dags/example_task_group.py for tasks to queue
[2022-08-10 11:46:46,378] {logging_mixin.py:109} INFO - [2022-08-10 11:46:46,378] {dagbag.py:500} INFO - Filling up the DagBag from /Library/Frameworks/Python.framework/Versions/3.10/lib/python3.10/site-packages/airflow/example_dags/example_task_group.py
[2022-08-10 11:46:46,383] {processor.py:652} INFO - DAG(s) dict_keys(['example_task_group']) retrieved from /Library/Frameworks/Python.framework/Versions/3.10/lib/python3.10/site-packages/airflow/example_dags/example_task_group.py
[2022-08-10 11:46:46,395] {logging_mixin.py:109} INFO - [2022-08-10 11:46:46,395] {dag.py:2398} INFO - Sync 1 DAGs
[2022-08-10 11:46:46,414] {logging_mixin.py:109} INFO - [2022-08-10 11:46:46,414] {dag.py:2937} INFO - Setting next_dagrun for example_task_group to 2022-08-09T09:46:46.414730+00:00
[2022-08-10 11:46:46,417] {processor.py:171} INFO - Processing /Library/Frameworks/Python.framework/Versions/3.10/lib/python3.10/site-packages/airflow/example_dags/example_task_group.py took 0.041 seconds
[2022-08-10 11:53:02,770] {processor.py:163} INFO - Started process (PID=66845) to work on /Library/Frameworks/Python.framework/Versions/3.10/lib/python3.10/site-packages/airflow/example_dags/example_task_group.py
[2022-08-10 11:53:02,770] {processor.py:642} INFO - Processing file /Library/Frameworks/Python.framework/Versions/3.10/lib/python3.10/site-packages/airflow/example_dags/example_task_group.py for tasks to queue
[2022-08-10 11:53:02,771] {logging_mixin.py:109} INFO - [2022-08-10 11:53:02,771] {dagbag.py:500} INFO - Filling up the DagBag from /Library/Frameworks/Python.framework/Versions/3.10/lib/python3.10/site-packages/airflow/example_dags/example_task_group.py
[2022-08-10 11:53:02,775] {processor.py:652} INFO - DAG(s) dict_keys(['example_task_group']) retrieved from /Library/Frameworks/Python.framework/Versions/3.10/lib/python3.10/site-packages/airflow/example_dags/example_task_group.py
[2022-08-10 11:53:02,787] {logging_mixin.py:109} INFO - [2022-08-10 11:53:02,787] {dag.py:2398} INFO - Sync 1 DAGs
[2022-08-10 11:53:02,804] {logging_mixin.py:109} INFO - [2022-08-10 11:53:02,804] {dag.py:2937} INFO - Setting next_dagrun for example_task_group to 2022-08-09T09:53:02.804614+00:00
[2022-08-10 11:53:02,807] {processor.py:171} INFO - Processing /Library/Frameworks/Python.framework/Versions/3.10/lib/python3.10/site-packages/airflow/example_dags/example_task_group.py took 0.037 seconds
[2022-08-10 11:53:45,230] {processor.py:163} INFO - Started process (PID=67049) to work on /Library/Frameworks/Python.framework/Versions/3.10/lib/python3.10/site-packages/airflow/example_dags/example_task_group.py
[2022-08-10 11:53:45,230] {processor.py:642} INFO - Processing file /Library/Frameworks/Python.framework/Versions/3.10/lib/python3.10/site-packages/airflow/example_dags/example_task_group.py for tasks to queue
[2022-08-10 11:53:45,231] {logging_mixin.py:109} INFO - [2022-08-10 11:53:45,231] {dagbag.py:500} INFO - Filling up the DagBag from /Library/Frameworks/Python.framework/Versions/3.10/lib/python3.10/site-packages/airflow/example_dags/example_task_group.py
[2022-08-10 11:53:45,235] {processor.py:652} INFO - DAG(s) dict_keys(['example_task_group']) retrieved from /Library/Frameworks/Python.framework/Versions/3.10/lib/python3.10/site-packages/airflow/example_dags/example_task_group.py
[2022-08-10 11:53:45,247] {logging_mixin.py:109} INFO - [2022-08-10 11:53:45,247] {dag.py:2398} INFO - Sync 1 DAGs
[2022-08-10 11:53:45,266] {logging_mixin.py:109} INFO - [2022-08-10 11:53:45,266] {dag.py:2937} INFO - Setting next_dagrun for example_task_group to 2022-08-09T09:53:45.266134+00:00
[2022-08-10 11:53:45,269] {processor.py:171} INFO - Processing /Library/Frameworks/Python.framework/Versions/3.10/lib/python3.10/site-packages/airflow/example_dags/example_task_group.py took 0.039 seconds
[2022-08-10 11:54:26,574] {processor.py:163} INFO - Started process (PID=67329) to work on /Library/Frameworks/Python.framework/Versions/3.10/lib/python3.10/site-packages/airflow/example_dags/example_task_group.py
[2022-08-10 11:54:26,575] {processor.py:642} INFO - Processing file /Library/Frameworks/Python.framework/Versions/3.10/lib/python3.10/site-packages/airflow/example_dags/example_task_group.py for tasks to queue
[2022-08-10 11:54:26,575] {logging_mixin.py:109} INFO - [2022-08-10 11:54:26,575] {dagbag.py:500} INFO - Filling up the DagBag from /Library/Frameworks/Python.framework/Versions/3.10/lib/python3.10/site-packages/airflow/example_dags/example_task_group.py
[2022-08-10 11:54:26,579] {processor.py:652} INFO - DAG(s) dict_keys(['example_task_group']) retrieved from /Library/Frameworks/Python.framework/Versions/3.10/lib/python3.10/site-packages/airflow/example_dags/example_task_group.py
[2022-08-10 11:54:26,592] {logging_mixin.py:109} INFO - [2022-08-10 11:54:26,592] {dag.py:2398} INFO - Sync 1 DAGs
[2022-08-10 11:54:26,609] {logging_mixin.py:109} INFO - [2022-08-10 11:54:26,609] {dag.py:2937} INFO - Setting next_dagrun for example_task_group to 2022-08-09T09:54:26.609375+00:00
[2022-08-10 11:54:26,612] {processor.py:171} INFO - Processing /Library/Frameworks/Python.framework/Versions/3.10/lib/python3.10/site-packages/airflow/example_dags/example_task_group.py took 0.037 seconds
[2022-08-10 11:55:04,883] {processor.py:163} INFO - Started process (PID=67528) to work on /Library/Frameworks/Python.framework/Versions/3.10/lib/python3.10/site-packages/airflow/example_dags/example_task_group.py
[2022-08-10 11:55:04,883] {processor.py:642} INFO - Processing file /Library/Frameworks/Python.framework/Versions/3.10/lib/python3.10/site-packages/airflow/example_dags/example_task_group.py for tasks to queue
[2022-08-10 11:55:04,883] {logging_mixin.py:109} INFO - [2022-08-10 11:55:04,883] {dagbag.py:500} INFO - Filling up the DagBag from /Library/Frameworks/Python.framework/Versions/3.10/lib/python3.10/site-packages/airflow/example_dags/example_task_group.py
[2022-08-10 11:55:04,888] {processor.py:652} INFO - DAG(s) dict_keys(['example_task_group']) retrieved from /Library/Frameworks/Python.framework/Versions/3.10/lib/python3.10/site-packages/airflow/example_dags/example_task_group.py
[2022-08-10 11:55:04,900] {logging_mixin.py:109} INFO - [2022-08-10 11:55:04,900] {dag.py:2398} INFO - Sync 1 DAGs
[2022-08-10 11:55:04,918] {logging_mixin.py:109} INFO - [2022-08-10 11:55:04,918] {dag.py:2937} INFO - Setting next_dagrun for example_task_group to 2022-08-09T09:55:04.918622+00:00
[2022-08-10 11:55:04,921] {processor.py:171} INFO - Processing /Library/Frameworks/Python.framework/Versions/3.10/lib/python3.10/site-packages/airflow/example_dags/example_task_group.py took 0.039 seconds
[2022-08-10 11:55:45,866] {processor.py:163} INFO - Started process (PID=67753) to work on /Library/Frameworks/Python.framework/Versions/3.10/lib/python3.10/site-packages/airflow/example_dags/example_task_group.py
[2022-08-10 11:55:45,866] {processor.py:642} INFO - Processing file /Library/Frameworks/Python.framework/Versions/3.10/lib/python3.10/site-packages/airflow/example_dags/example_task_group.py for tasks to queue
[2022-08-10 11:55:45,866] {logging_mixin.py:109} INFO - [2022-08-10 11:55:45,866] {dagbag.py:500} INFO - Filling up the DagBag from /Library/Frameworks/Python.framework/Versions/3.10/lib/python3.10/site-packages/airflow/example_dags/example_task_group.py
[2022-08-10 11:55:45,871] {processor.py:652} INFO - DAG(s) dict_keys(['example_task_group']) retrieved from /Library/Frameworks/Python.framework/Versions/3.10/lib/python3.10/site-packages/airflow/example_dags/example_task_group.py
[2022-08-10 11:55:45,883] {logging_mixin.py:109} INFO - [2022-08-10 11:55:45,882] {dag.py:2398} INFO - Sync 1 DAGs
[2022-08-10 11:55:45,899] {logging_mixin.py:109} INFO - [2022-08-10 11:55:45,899] {dag.py:2937} INFO - Setting next_dagrun for example_task_group to 2022-08-09T09:55:45.899627+00:00
[2022-08-10 11:55:45,902] {processor.py:171} INFO - Processing /Library/Frameworks/Python.framework/Versions/3.10/lib/python3.10/site-packages/airflow/example_dags/example_task_group.py took 0.037 seconds
[2022-08-10 11:56:25,390] {processor.py:163} INFO - Started process (PID=67984) to work on /Library/Frameworks/Python.framework/Versions/3.10/lib/python3.10/site-packages/airflow/example_dags/example_task_group.py
[2022-08-10 11:56:25,391] {processor.py:642} INFO - Processing file /Library/Frameworks/Python.framework/Versions/3.10/lib/python3.10/site-packages/airflow/example_dags/example_task_group.py for tasks to queue
[2022-08-10 11:56:25,391] {logging_mixin.py:109} INFO - [2022-08-10 11:56:25,391] {dagbag.py:500} INFO - Filling up the DagBag from /Library/Frameworks/Python.framework/Versions/3.10/lib/python3.10/site-packages/airflow/example_dags/example_task_group.py
[2022-08-10 11:56:25,396] {processor.py:652} INFO - DAG(s) dict_keys(['example_task_group']) retrieved from /Library/Frameworks/Python.framework/Versions/3.10/lib/python3.10/site-packages/airflow/example_dags/example_task_group.py
[2022-08-10 11:56:25,408] {logging_mixin.py:109} INFO - [2022-08-10 11:56:25,407] {dag.py:2398} INFO - Sync 1 DAGs
[2022-08-10 11:56:25,426] {logging_mixin.py:109} INFO - [2022-08-10 11:56:25,426] {dag.py:2937} INFO - Setting next_dagrun for example_task_group to 2022-08-09T09:56:25.425986+00:00
[2022-08-10 11:56:25,428] {processor.py:171} INFO - Processing /Library/Frameworks/Python.framework/Versions/3.10/lib/python3.10/site-packages/airflow/example_dags/example_task_group.py took 0.039 seconds
[2022-08-10 11:57:07,700] {processor.py:163} INFO - Started process (PID=68213) to work on /Library/Frameworks/Python.framework/Versions/3.10/lib/python3.10/site-packages/airflow/example_dags/example_task_group.py
[2022-08-10 11:57:07,700] {processor.py:642} INFO - Processing file /Library/Frameworks/Python.framework/Versions/3.10/lib/python3.10/site-packages/airflow/example_dags/example_task_group.py for tasks to queue
[2022-08-10 11:57:07,700] {logging_mixin.py:109} INFO - [2022-08-10 11:57:07,700] {dagbag.py:500} INFO - Filling up the DagBag from /Library/Frameworks/Python.framework/Versions/3.10/lib/python3.10/site-packages/airflow/example_dags/example_task_group.py
[2022-08-10 11:57:07,705] {processor.py:652} INFO - DAG(s) dict_keys(['example_task_group']) retrieved from /Library/Frameworks/Python.framework/Versions/3.10/lib/python3.10/site-packages/airflow/example_dags/example_task_group.py
[2022-08-10 11:57:07,717] {logging_mixin.py:109} INFO - [2022-08-10 11:57:07,717] {dag.py:2398} INFO - Sync 1 DAGs
[2022-08-10 11:57:07,734] {logging_mixin.py:109} INFO - [2022-08-10 11:57:07,734] {dag.py:2937} INFO - Setting next_dagrun for example_task_group to 2022-08-09T09:57:07.734685+00:00
[2022-08-10 11:57:07,737] {processor.py:171} INFO - Processing /Library/Frameworks/Python.framework/Versions/3.10/lib/python3.10/site-packages/airflow/example_dags/example_task_group.py took 0.038 seconds
[2022-08-10 11:57:46,270] {processor.py:163} INFO - Started process (PID=68410) to work on /Library/Frameworks/Python.framework/Versions/3.10/lib/python3.10/site-packages/airflow/example_dags/example_task_group.py
[2022-08-10 11:57:46,270] {processor.py:642} INFO - Processing file /Library/Frameworks/Python.framework/Versions/3.10/lib/python3.10/site-packages/airflow/example_dags/example_task_group.py for tasks to queue
[2022-08-10 11:57:46,271] {logging_mixin.py:109} INFO - [2022-08-10 11:57:46,271] {dagbag.py:500} INFO - Filling up the DagBag from /Library/Frameworks/Python.framework/Versions/3.10/lib/python3.10/site-packages/airflow/example_dags/example_task_group.py
[2022-08-10 11:57:46,275] {processor.py:652} INFO - DAG(s) dict_keys(['example_task_group']) retrieved from /Library/Frameworks/Python.framework/Versions/3.10/lib/python3.10/site-packages/airflow/example_dags/example_task_group.py
[2022-08-10 11:57:46,287] {logging_mixin.py:109} INFO - [2022-08-10 11:57:46,287] {dag.py:2398} INFO - Sync 1 DAGs
[2022-08-10 11:57:46,305] {logging_mixin.py:109} INFO - [2022-08-10 11:57:46,305] {dag.py:2937} INFO - Setting next_dagrun for example_task_group to 2022-08-09T09:57:46.305616+00:00
[2022-08-10 11:57:46,308] {processor.py:171} INFO - Processing /Library/Frameworks/Python.framework/Versions/3.10/lib/python3.10/site-packages/airflow/example_dags/example_task_group.py took 0.038 seconds
[2022-08-10 11:58:28,255] {processor.py:163} INFO - Started process (PID=68634) to work on /Library/Frameworks/Python.framework/Versions/3.10/lib/python3.10/site-packages/airflow/example_dags/example_task_group.py
[2022-08-10 11:58:28,255] {processor.py:642} INFO - Processing file /Library/Frameworks/Python.framework/Versions/3.10/lib/python3.10/site-packages/airflow/example_dags/example_task_group.py for tasks to queue
[2022-08-10 11:58:28,255] {logging_mixin.py:109} INFO - [2022-08-10 11:58:28,255] {dagbag.py:500} INFO - Filling up the DagBag from /Library/Frameworks/Python.framework/Versions/3.10/lib/python3.10/site-packages/airflow/example_dags/example_task_group.py
[2022-08-10 11:58:28,260] {processor.py:652} INFO - DAG(s) dict_keys(['example_task_group']) retrieved from /Library/Frameworks/Python.framework/Versions/3.10/lib/python3.10/site-packages/airflow/example_dags/example_task_group.py
[2022-08-10 11:58:28,272] {logging_mixin.py:109} INFO - [2022-08-10 11:58:28,272] {dag.py:2398} INFO - Sync 1 DAGs
[2022-08-10 11:58:28,289] {logging_mixin.py:109} INFO - [2022-08-10 11:58:28,289] {dag.py:2937} INFO - Setting next_dagrun for example_task_group to 2022-08-09T09:58:28.289303+00:00
[2022-08-10 11:58:28,292] {processor.py:171} INFO - Processing /Library/Frameworks/Python.framework/Versions/3.10/lib/python3.10/site-packages/airflow/example_dags/example_task_group.py took 0.037 seconds
[2022-08-10 11:59:09,784] {processor.py:163} INFO - Started process (PID=68846) to work on /Library/Frameworks/Python.framework/Versions/3.10/lib/python3.10/site-packages/airflow/example_dags/example_task_group.py
[2022-08-10 11:59:09,785] {processor.py:642} INFO - Processing file /Library/Frameworks/Python.framework/Versions/3.10/lib/python3.10/site-packages/airflow/example_dags/example_task_group.py for tasks to queue
[2022-08-10 11:59:09,785] {logging_mixin.py:109} INFO - [2022-08-10 11:59:09,785] {dagbag.py:500} INFO - Filling up the DagBag from /Library/Frameworks/Python.framework/Versions/3.10/lib/python3.10/site-packages/airflow/example_dags/example_task_group.py
[2022-08-10 11:59:09,790] {processor.py:652} INFO - DAG(s) dict_keys(['example_task_group']) retrieved from /Library/Frameworks/Python.framework/Versions/3.10/lib/python3.10/site-packages/airflow/example_dags/example_task_group.py
[2022-08-10 11:59:09,801] {logging_mixin.py:109} INFO - [2022-08-10 11:59:09,801] {dag.py:2398} INFO - Sync 1 DAGs
[2022-08-10 11:59:09,818] {logging_mixin.py:109} INFO - [2022-08-10 11:59:09,818] {dag.py:2937} INFO - Setting next_dagrun for example_task_group to 2022-08-09T09:59:09.818495+00:00
[2022-08-10 11:59:09,821] {processor.py:171} INFO - Processing /Library/Frameworks/Python.framework/Versions/3.10/lib/python3.10/site-packages/airflow/example_dags/example_task_group.py took 0.037 seconds
[2022-08-10 11:59:48,014] {processor.py:163} INFO - Started process (PID=69065) to work on /Library/Frameworks/Python.framework/Versions/3.10/lib/python3.10/site-packages/airflow/example_dags/example_task_group.py
[2022-08-10 11:59:48,014] {processor.py:642} INFO - Processing file /Library/Frameworks/Python.framework/Versions/3.10/lib/python3.10/site-packages/airflow/example_dags/example_task_group.py for tasks to queue
[2022-08-10 11:59:48,014] {logging_mixin.py:109} INFO - [2022-08-10 11:59:48,014] {dagbag.py:500} INFO - Filling up the DagBag from /Library/Frameworks/Python.framework/Versions/3.10/lib/python3.10/site-packages/airflow/example_dags/example_task_group.py
[2022-08-10 11:59:48,019] {processor.py:652} INFO - DAG(s) dict_keys(['example_task_group']) retrieved from /Library/Frameworks/Python.framework/Versions/3.10/lib/python3.10/site-packages/airflow/example_dags/example_task_group.py
[2022-08-10 11:59:48,031] {logging_mixin.py:109} INFO - [2022-08-10 11:59:48,031] {dag.py:2398} INFO - Sync 1 DAGs
[2022-08-10 11:59:48,050] {logging_mixin.py:109} INFO - [2022-08-10 11:59:48,050] {dag.py:2937} INFO - Setting next_dagrun for example_task_group to 2022-08-09T09:59:48.050011+00:00
[2022-08-10 11:59:48,052] {processor.py:171} INFO - Processing /Library/Frameworks/Python.framework/Versions/3.10/lib/python3.10/site-packages/airflow/example_dags/example_task_group.py took 0.038 seconds
[2022-08-10 12:00:27,291] {processor.py:163} INFO - Started process (PID=69276) to work on /Library/Frameworks/Python.framework/Versions/3.10/lib/python3.10/site-packages/airflow/example_dags/example_task_group.py
[2022-08-10 12:00:27,291] {processor.py:642} INFO - Processing file /Library/Frameworks/Python.framework/Versions/3.10/lib/python3.10/site-packages/airflow/example_dags/example_task_group.py for tasks to queue
[2022-08-10 12:00:27,291] {logging_mixin.py:109} INFO - [2022-08-10 12:00:27,291] {dagbag.py:500} INFO - Filling up the DagBag from /Library/Frameworks/Python.framework/Versions/3.10/lib/python3.10/site-packages/airflow/example_dags/example_task_group.py
[2022-08-10 12:00:27,296] {processor.py:652} INFO - DAG(s) dict_keys(['example_task_group']) retrieved from /Library/Frameworks/Python.framework/Versions/3.10/lib/python3.10/site-packages/airflow/example_dags/example_task_group.py
[2022-08-10 12:00:27,308] {logging_mixin.py:109} INFO - [2022-08-10 12:00:27,308] {dag.py:2398} INFO - Sync 1 DAGs
[2022-08-10 12:00:27,325] {logging_mixin.py:109} INFO - [2022-08-10 12:00:27,325] {dag.py:2937} INFO - Setting next_dagrun for example_task_group to 2022-08-09T10:00:27.325787+00:00
[2022-08-10 12:00:27,328] {processor.py:171} INFO - Processing /Library/Frameworks/Python.framework/Versions/3.10/lib/python3.10/site-packages/airflow/example_dags/example_task_group.py took 0.038 seconds
[2022-08-10 12:01:07,764] {processor.py:163} INFO - Started process (PID=69486) to work on /Library/Frameworks/Python.framework/Versions/3.10/lib/python3.10/site-packages/airflow/example_dags/example_task_group.py
[2022-08-10 12:01:07,764] {processor.py:642} INFO - Processing file /Library/Frameworks/Python.framework/Versions/3.10/lib/python3.10/site-packages/airflow/example_dags/example_task_group.py for tasks to queue
[2022-08-10 12:01:07,764] {logging_mixin.py:109} INFO - [2022-08-10 12:01:07,764] {dagbag.py:500} INFO - Filling up the DagBag from /Library/Frameworks/Python.framework/Versions/3.10/lib/python3.10/site-packages/airflow/example_dags/example_task_group.py
[2022-08-10 12:01:07,769] {processor.py:652} INFO - DAG(s) dict_keys(['example_task_group']) retrieved from /Library/Frameworks/Python.framework/Versions/3.10/lib/python3.10/site-packages/airflow/example_dags/example_task_group.py
[2022-08-10 12:01:07,780] {logging_mixin.py:109} INFO - [2022-08-10 12:01:07,780] {dag.py:2398} INFO - Sync 1 DAGs
[2022-08-10 12:01:07,797] {logging_mixin.py:109} INFO - [2022-08-10 12:01:07,797] {dag.py:2937} INFO - Setting next_dagrun for example_task_group to 2022-08-09T10:01:07.797700+00:00
[2022-08-10 12:01:07,800] {processor.py:171} INFO - Processing /Library/Frameworks/Python.framework/Versions/3.10/lib/python3.10/site-packages/airflow/example_dags/example_task_group.py took 0.036 seconds
[2022-08-10 12:01:46,007] {processor.py:163} INFO - Started process (PID=69750) to work on /Library/Frameworks/Python.framework/Versions/3.10/lib/python3.10/site-packages/airflow/example_dags/example_task_group.py
[2022-08-10 12:01:46,007] {processor.py:642} INFO - Processing file /Library/Frameworks/Python.framework/Versions/3.10/lib/python3.10/site-packages/airflow/example_dags/example_task_group.py for tasks to queue
[2022-08-10 12:01:46,007] {logging_mixin.py:109} INFO - [2022-08-10 12:01:46,007] {dagbag.py:500} INFO - Filling up the DagBag from /Library/Frameworks/Python.framework/Versions/3.10/lib/python3.10/site-packages/airflow/example_dags/example_task_group.py
[2022-08-10 12:01:46,011] {processor.py:652} INFO - DAG(s) dict_keys(['example_task_group']) retrieved from /Library/Frameworks/Python.framework/Versions/3.10/lib/python3.10/site-packages/airflow/example_dags/example_task_group.py
[2022-08-10 12:01:46,023] {logging_mixin.py:109} INFO - [2022-08-10 12:01:46,023] {dag.py:2398} INFO - Sync 1 DAGs
[2022-08-10 12:01:46,040] {logging_mixin.py:109} INFO - [2022-08-10 12:01:46,040] {dag.py:2937} INFO - Setting next_dagrun for example_task_group to 2022-08-09T10:01:46.040364+00:00
[2022-08-10 12:01:46,043] {processor.py:171} INFO - Processing /Library/Frameworks/Python.framework/Versions/3.10/lib/python3.10/site-packages/airflow/example_dags/example_task_group.py took 0.036 seconds
