[2022-08-10 11:46:02,631] {processor.py:163} INFO - Started process (PID=66313) to work on /Library/Frameworks/Python.framework/Versions/3.10/lib/python3.10/site-packages/airflow/example_dags/example_task_group_decorator.py
[2022-08-10 11:46:02,631] {processor.py:642} INFO - Processing file /Library/Frameworks/Python.framework/Versions/3.10/lib/python3.10/site-packages/airflow/example_dags/example_task_group_decorator.py for tasks to queue
[2022-08-10 11:46:02,632] {logging_mixin.py:109} INFO - [2022-08-10 11:46:02,632] {dagbag.py:500} INFO - Filling up the DagBag from /Library/Frameworks/Python.framework/Versions/3.10/lib/python3.10/site-packages/airflow/example_dags/example_task_group_decorator.py
[2022-08-10 11:46:02,644] {processor.py:652} INFO - DAG(s) dict_keys(['example_task_group_decorator']) retrieved from /Library/Frameworks/Python.framework/Versions/3.10/lib/python3.10/site-packages/airflow/example_dags/example_task_group_decorator.py
[2022-08-10 11:46:02,648] {logging_mixin.py:109} INFO - [2022-08-10 11:46:02,648] {dag.py:2398} INFO - Sync 1 DAGs
[2022-08-10 11:46:02,674] {logging_mixin.py:109} INFO - [2022-08-10 11:46:02,674] {dag.py:2937} INFO - Setting next_dagrun for example_task_group_decorator to 2022-08-09T09:46:02.674257+00:00
[2022-08-10 11:46:02,677] {processor.py:171} INFO - Processing /Library/Frameworks/Python.framework/Versions/3.10/lib/python3.10/site-packages/airflow/example_dags/example_task_group_decorator.py took 0.046 seconds
[2022-08-10 11:46:45,308] {processor.py:163} INFO - Started process (PID=66556) to work on /Library/Frameworks/Python.framework/Versions/3.10/lib/python3.10/site-packages/airflow/example_dags/example_task_group_decorator.py
[2022-08-10 11:46:45,308] {processor.py:642} INFO - Processing file /Library/Frameworks/Python.framework/Versions/3.10/lib/python3.10/site-packages/airflow/example_dags/example_task_group_decorator.py for tasks to queue
[2022-08-10 11:46:45,308] {logging_mixin.py:109} INFO - [2022-08-10 11:46:45,308] {dagbag.py:500} INFO - Filling up the DagBag from /Library/Frameworks/Python.framework/Versions/3.10/lib/python3.10/site-packages/airflow/example_dags/example_task_group_decorator.py
[2022-08-10 11:46:45,322] {processor.py:652} INFO - DAG(s) dict_keys(['example_task_group_decorator']) retrieved from /Library/Frameworks/Python.framework/Versions/3.10/lib/python3.10/site-packages/airflow/example_dags/example_task_group_decorator.py
[2022-08-10 11:46:45,427] {logging_mixin.py:109} INFO - [2022-08-10 11:46:45,427] {dag.py:2398} INFO - Sync 1 DAGs
[2022-08-10 11:46:45,430] {logging_mixin.py:109} INFO - [2022-08-10 11:46:45,430] {dag.py:2937} INFO - Setting next_dagrun for example_task_group_decorator to 2022-08-09T09:46:45.430648+00:00
[2022-08-10 11:46:45,433] {processor.py:171} INFO - Processing /Library/Frameworks/Python.framework/Versions/3.10/lib/python3.10/site-packages/airflow/example_dags/example_task_group_decorator.py took 0.126 seconds
[2022-08-10 11:53:01,209] {processor.py:163} INFO - Started process (PID=66832) to work on /Library/Frameworks/Python.framework/Versions/3.10/lib/python3.10/site-packages/airflow/example_dags/example_task_group_decorator.py
[2022-08-10 11:53:01,209] {processor.py:642} INFO - Processing file /Library/Frameworks/Python.framework/Versions/3.10/lib/python3.10/site-packages/airflow/example_dags/example_task_group_decorator.py for tasks to queue
[2022-08-10 11:53:01,209] {logging_mixin.py:109} INFO - [2022-08-10 11:53:01,209] {dagbag.py:500} INFO - Filling up the DagBag from /Library/Frameworks/Python.framework/Versions/3.10/lib/python3.10/site-packages/airflow/example_dags/example_task_group_decorator.py
[2022-08-10 11:53:01,221] {processor.py:652} INFO - DAG(s) dict_keys(['example_task_group_decorator']) retrieved from /Library/Frameworks/Python.framework/Versions/3.10/lib/python3.10/site-packages/airflow/example_dags/example_task_group_decorator.py
[2022-08-10 11:53:01,332] {logging_mixin.py:109} INFO - [2022-08-10 11:53:01,332] {dag.py:2398} INFO - Sync 1 DAGs
[2022-08-10 11:53:01,335] {logging_mixin.py:109} INFO - [2022-08-10 11:53:01,335] {dag.py:2937} INFO - Setting next_dagrun for example_task_group_decorator to 2022-08-09T09:53:01.335796+00:00
[2022-08-10 11:53:01,339] {processor.py:171} INFO - Processing /Library/Frameworks/Python.framework/Versions/3.10/lib/python3.10/site-packages/airflow/example_dags/example_task_group_decorator.py took 0.130 seconds
[2022-08-10 11:53:43,648] {processor.py:163} INFO - Started process (PID=67044) to work on /Library/Frameworks/Python.framework/Versions/3.10/lib/python3.10/site-packages/airflow/example_dags/example_task_group_decorator.py
[2022-08-10 11:53:43,648] {processor.py:642} INFO - Processing file /Library/Frameworks/Python.framework/Versions/3.10/lib/python3.10/site-packages/airflow/example_dags/example_task_group_decorator.py for tasks to queue
[2022-08-10 11:53:43,648] {logging_mixin.py:109} INFO - [2022-08-10 11:53:43,648] {dagbag.py:500} INFO - Filling up the DagBag from /Library/Frameworks/Python.framework/Versions/3.10/lib/python3.10/site-packages/airflow/example_dags/example_task_group_decorator.py
[2022-08-10 11:53:43,661] {processor.py:652} INFO - DAG(s) dict_keys(['example_task_group_decorator']) retrieved from /Library/Frameworks/Python.framework/Versions/3.10/lib/python3.10/site-packages/airflow/example_dags/example_task_group_decorator.py
[2022-08-10 11:53:43,772] {logging_mixin.py:109} INFO - [2022-08-10 11:53:43,772] {dag.py:2398} INFO - Sync 1 DAGs
[2022-08-10 11:53:43,775] {logging_mixin.py:109} INFO - [2022-08-10 11:53:43,775] {dag.py:2937} INFO - Setting next_dagrun for example_task_group_decorator to 2022-08-09T09:53:43.775363+00:00
[2022-08-10 11:53:43,778] {processor.py:171} INFO - Processing /Library/Frameworks/Python.framework/Versions/3.10/lib/python3.10/site-packages/airflow/example_dags/example_task_group_decorator.py took 0.131 seconds
[2022-08-10 11:54:25,023] {processor.py:163} INFO - Started process (PID=67316) to work on /Library/Frameworks/Python.framework/Versions/3.10/lib/python3.10/site-packages/airflow/example_dags/example_task_group_decorator.py
[2022-08-10 11:54:25,023] {processor.py:642} INFO - Processing file /Library/Frameworks/Python.framework/Versions/3.10/lib/python3.10/site-packages/airflow/example_dags/example_task_group_decorator.py for tasks to queue
[2022-08-10 11:54:25,023] {logging_mixin.py:109} INFO - [2022-08-10 11:54:25,023] {dagbag.py:500} INFO - Filling up the DagBag from /Library/Frameworks/Python.framework/Versions/3.10/lib/python3.10/site-packages/airflow/example_dags/example_task_group_decorator.py
[2022-08-10 11:54:25,034] {processor.py:652} INFO - DAG(s) dict_keys(['example_task_group_decorator']) retrieved from /Library/Frameworks/Python.framework/Versions/3.10/lib/python3.10/site-packages/airflow/example_dags/example_task_group_decorator.py
[2022-08-10 11:54:25,136] {logging_mixin.py:109} INFO - [2022-08-10 11:54:25,136] {dag.py:2398} INFO - Sync 1 DAGs
[2022-08-10 11:54:25,139] {logging_mixin.py:109} INFO - [2022-08-10 11:54:25,139] {dag.py:2937} INFO - Setting next_dagrun for example_task_group_decorator to 2022-08-09T09:54:25.139346+00:00
[2022-08-10 11:54:25,142] {processor.py:171} INFO - Processing /Library/Frameworks/Python.framework/Versions/3.10/lib/python3.10/site-packages/airflow/example_dags/example_task_group_decorator.py took 0.120 seconds
[2022-08-10 11:55:03,321] {processor.py:163} INFO - Started process (PID=67521) to work on /Library/Frameworks/Python.framework/Versions/3.10/lib/python3.10/site-packages/airflow/example_dags/example_task_group_decorator.py
[2022-08-10 11:55:03,321] {processor.py:642} INFO - Processing file /Library/Frameworks/Python.framework/Versions/3.10/lib/python3.10/site-packages/airflow/example_dags/example_task_group_decorator.py for tasks to queue
[2022-08-10 11:55:03,321] {logging_mixin.py:109} INFO - [2022-08-10 11:55:03,321] {dagbag.py:500} INFO - Filling up the DagBag from /Library/Frameworks/Python.framework/Versions/3.10/lib/python3.10/site-packages/airflow/example_dags/example_task_group_decorator.py
[2022-08-10 11:55:03,333] {processor.py:652} INFO - DAG(s) dict_keys(['example_task_group_decorator']) retrieved from /Library/Frameworks/Python.framework/Versions/3.10/lib/python3.10/site-packages/airflow/example_dags/example_task_group_decorator.py
[2022-08-10 11:55:03,441] {logging_mixin.py:109} INFO - [2022-08-10 11:55:03,441] {dag.py:2398} INFO - Sync 1 DAGs
[2022-08-10 11:55:03,444] {logging_mixin.py:109} INFO - [2022-08-10 11:55:03,444] {dag.py:2937} INFO - Setting next_dagrun for example_task_group_decorator to 2022-08-09T09:55:03.444256+00:00
[2022-08-10 11:55:03,447] {processor.py:171} INFO - Processing /Library/Frameworks/Python.framework/Versions/3.10/lib/python3.10/site-packages/airflow/example_dags/example_task_group_decorator.py took 0.126 seconds
[2022-08-10 11:55:44,251] {processor.py:163} INFO - Started process (PID=67739) to work on /Library/Frameworks/Python.framework/Versions/3.10/lib/python3.10/site-packages/airflow/example_dags/example_task_group_decorator.py
[2022-08-10 11:55:44,252] {processor.py:642} INFO - Processing file /Library/Frameworks/Python.framework/Versions/3.10/lib/python3.10/site-packages/airflow/example_dags/example_task_group_decorator.py for tasks to queue
[2022-08-10 11:55:44,252] {logging_mixin.py:109} INFO - [2022-08-10 11:55:44,252] {dagbag.py:500} INFO - Filling up the DagBag from /Library/Frameworks/Python.framework/Versions/3.10/lib/python3.10/site-packages/airflow/example_dags/example_task_group_decorator.py
[2022-08-10 11:55:44,267] {processor.py:652} INFO - DAG(s) dict_keys(['example_task_group_decorator']) retrieved from /Library/Frameworks/Python.framework/Versions/3.10/lib/python3.10/site-packages/airflow/example_dags/example_task_group_decorator.py
[2022-08-10 11:55:44,411] {logging_mixin.py:109} INFO - [2022-08-10 11:55:44,411] {dag.py:2398} INFO - Sync 1 DAGs
[2022-08-10 11:55:44,414] {logging_mixin.py:109} INFO - [2022-08-10 11:55:44,414] {dag.py:2937} INFO - Setting next_dagrun for example_task_group_decorator to 2022-08-09T09:55:44.414680+00:00
[2022-08-10 11:55:44,418] {processor.py:171} INFO - Processing /Library/Frameworks/Python.framework/Versions/3.10/lib/python3.10/site-packages/airflow/example_dags/example_task_group_decorator.py took 0.167 seconds
[2022-08-10 11:56:23,824] {processor.py:163} INFO - Started process (PID=67975) to work on /Library/Frameworks/Python.framework/Versions/3.10/lib/python3.10/site-packages/airflow/example_dags/example_task_group_decorator.py
[2022-08-10 11:56:23,825] {processor.py:642} INFO - Processing file /Library/Frameworks/Python.framework/Versions/3.10/lib/python3.10/site-packages/airflow/example_dags/example_task_group_decorator.py for tasks to queue
[2022-08-10 11:56:23,825] {logging_mixin.py:109} INFO - [2022-08-10 11:56:23,825] {dagbag.py:500} INFO - Filling up the DagBag from /Library/Frameworks/Python.framework/Versions/3.10/lib/python3.10/site-packages/airflow/example_dags/example_task_group_decorator.py
[2022-08-10 11:56:23,837] {processor.py:652} INFO - DAG(s) dict_keys(['example_task_group_decorator']) retrieved from /Library/Frameworks/Python.framework/Versions/3.10/lib/python3.10/site-packages/airflow/example_dags/example_task_group_decorator.py
[2022-08-10 11:56:23,941] {logging_mixin.py:109} INFO - [2022-08-10 11:56:23,941] {dag.py:2398} INFO - Sync 1 DAGs
[2022-08-10 11:56:23,944] {logging_mixin.py:109} INFO - [2022-08-10 11:56:23,944] {dag.py:2937} INFO - Setting next_dagrun for example_task_group_decorator to 2022-08-09T09:56:23.944794+00:00
[2022-08-10 11:56:23,947] {processor.py:171} INFO - Processing /Library/Frameworks/Python.framework/Versions/3.10/lib/python3.10/site-packages/airflow/example_dags/example_task_group_decorator.py took 0.124 seconds
[2022-08-10 11:57:02,237] {processor.py:163} INFO - Started process (PID=68181) to work on /Library/Frameworks/Python.framework/Versions/3.10/lib/python3.10/site-packages/airflow/example_dags/example_task_group_decorator.py
[2022-08-10 11:57:02,237] {processor.py:642} INFO - Processing file /Library/Frameworks/Python.framework/Versions/3.10/lib/python3.10/site-packages/airflow/example_dags/example_task_group_decorator.py for tasks to queue
[2022-08-10 11:57:02,237] {logging_mixin.py:109} INFO - [2022-08-10 11:57:02,237] {dagbag.py:500} INFO - Filling up the DagBag from /Library/Frameworks/Python.framework/Versions/3.10/lib/python3.10/site-packages/airflow/example_dags/example_task_group_decorator.py
[2022-08-10 11:57:02,248] {processor.py:652} INFO - DAG(s) dict_keys(['example_task_group_decorator']) retrieved from /Library/Frameworks/Python.framework/Versions/3.10/lib/python3.10/site-packages/airflow/example_dags/example_task_group_decorator.py
[2022-08-10 11:57:02,354] {logging_mixin.py:109} INFO - [2022-08-10 11:57:02,354] {dag.py:2398} INFO - Sync 1 DAGs
[2022-08-10 11:57:02,358] {logging_mixin.py:109} INFO - [2022-08-10 11:57:02,358] {dag.py:2937} INFO - Setting next_dagrun for example_task_group_decorator to 2022-08-09T09:57:02.357973+00:00
[2022-08-10 11:57:02,361] {processor.py:171} INFO - Processing /Library/Frameworks/Python.framework/Versions/3.10/lib/python3.10/site-packages/airflow/example_dags/example_task_group_decorator.py took 0.125 seconds
[2022-08-10 11:57:44,683] {processor.py:163} INFO - Started process (PID=68401) to work on /Library/Frameworks/Python.framework/Versions/3.10/lib/python3.10/site-packages/airflow/example_dags/example_task_group_decorator.py
[2022-08-10 11:57:44,684] {processor.py:642} INFO - Processing file /Library/Frameworks/Python.framework/Versions/3.10/lib/python3.10/site-packages/airflow/example_dags/example_task_group_decorator.py for tasks to queue
[2022-08-10 11:57:44,684] {logging_mixin.py:109} INFO - [2022-08-10 11:57:44,684] {dagbag.py:500} INFO - Filling up the DagBag from /Library/Frameworks/Python.framework/Versions/3.10/lib/python3.10/site-packages/airflow/example_dags/example_task_group_decorator.py
[2022-08-10 11:57:44,696] {processor.py:652} INFO - DAG(s) dict_keys(['example_task_group_decorator']) retrieved from /Library/Frameworks/Python.framework/Versions/3.10/lib/python3.10/site-packages/airflow/example_dags/example_task_group_decorator.py
[2022-08-10 11:57:44,803] {logging_mixin.py:109} INFO - [2022-08-10 11:57:44,803] {dag.py:2398} INFO - Sync 1 DAGs
[2022-08-10 11:57:44,807] {logging_mixin.py:109} INFO - [2022-08-10 11:57:44,807] {dag.py:2937} INFO - Setting next_dagrun for example_task_group_decorator to 2022-08-09T09:57:44.807003+00:00
[2022-08-10 11:57:44,810] {processor.py:171} INFO - Processing /Library/Frameworks/Python.framework/Versions/3.10/lib/python3.10/site-packages/airflow/example_dags/example_task_group_decorator.py took 0.127 seconds
[2022-08-10 11:58:27,204] {processor.py:163} INFO - Started process (PID=68631) to work on /Library/Frameworks/Python.framework/Versions/3.10/lib/python3.10/site-packages/airflow/example_dags/example_task_group_decorator.py
[2022-08-10 11:58:27,205] {processor.py:642} INFO - Processing file /Library/Frameworks/Python.framework/Versions/3.10/lib/python3.10/site-packages/airflow/example_dags/example_task_group_decorator.py for tasks to queue
[2022-08-10 11:58:27,205] {logging_mixin.py:109} INFO - [2022-08-10 11:58:27,205] {dagbag.py:500} INFO - Filling up the DagBag from /Library/Frameworks/Python.framework/Versions/3.10/lib/python3.10/site-packages/airflow/example_dags/example_task_group_decorator.py
[2022-08-10 11:58:27,218] {processor.py:652} INFO - DAG(s) dict_keys(['example_task_group_decorator']) retrieved from /Library/Frameworks/Python.framework/Versions/3.10/lib/python3.10/site-packages/airflow/example_dags/example_task_group_decorator.py
[2022-08-10 11:58:27,324] {logging_mixin.py:109} INFO - [2022-08-10 11:58:27,324] {dag.py:2398} INFO - Sync 1 DAGs
[2022-08-10 11:58:27,327] {logging_mixin.py:109} INFO - [2022-08-10 11:58:27,327] {dag.py:2937} INFO - Setting next_dagrun for example_task_group_decorator to 2022-08-09T09:58:27.327198+00:00
[2022-08-10 11:58:27,330] {processor.py:171} INFO - Processing /Library/Frameworks/Python.framework/Versions/3.10/lib/python3.10/site-packages/airflow/example_dags/example_task_group_decorator.py took 0.127 seconds
[2022-08-10 11:59:08,223] {processor.py:163} INFO - Started process (PID=68845) to work on /Library/Frameworks/Python.framework/Versions/3.10/lib/python3.10/site-packages/airflow/example_dags/example_task_group_decorator.py
[2022-08-10 11:59:08,224] {processor.py:642} INFO - Processing file /Library/Frameworks/Python.framework/Versions/3.10/lib/python3.10/site-packages/airflow/example_dags/example_task_group_decorator.py for tasks to queue
[2022-08-10 11:59:08,224] {logging_mixin.py:109} INFO - [2022-08-10 11:59:08,224] {dagbag.py:500} INFO - Filling up the DagBag from /Library/Frameworks/Python.framework/Versions/3.10/lib/python3.10/site-packages/airflow/example_dags/example_task_group_decorator.py
[2022-08-10 11:59:08,235] {processor.py:652} INFO - DAG(s) dict_keys(['example_task_group_decorator']) retrieved from /Library/Frameworks/Python.framework/Versions/3.10/lib/python3.10/site-packages/airflow/example_dags/example_task_group_decorator.py
[2022-08-10 11:59:08,337] {logging_mixin.py:109} INFO - [2022-08-10 11:59:08,337] {dag.py:2398} INFO - Sync 1 DAGs
[2022-08-10 11:59:08,340] {logging_mixin.py:109} INFO - [2022-08-10 11:59:08,340] {dag.py:2937} INFO - Setting next_dagrun for example_task_group_decorator to 2022-08-09T09:59:08.339955+00:00
[2022-08-10 11:59:08,342] {processor.py:171} INFO - Processing /Library/Frameworks/Python.framework/Versions/3.10/lib/python3.10/site-packages/airflow/example_dags/example_task_group_decorator.py took 0.119 seconds
[2022-08-10 11:59:46,402] {processor.py:163} INFO - Started process (PID=69054) to work on /Library/Frameworks/Python.framework/Versions/3.10/lib/python3.10/site-packages/airflow/example_dags/example_task_group_decorator.py
[2022-08-10 11:59:46,403] {processor.py:642} INFO - Processing file /Library/Frameworks/Python.framework/Versions/3.10/lib/python3.10/site-packages/airflow/example_dags/example_task_group_decorator.py for tasks to queue
[2022-08-10 11:59:46,403] {logging_mixin.py:109} INFO - [2022-08-10 11:59:46,403] {dagbag.py:500} INFO - Filling up the DagBag from /Library/Frameworks/Python.framework/Versions/3.10/lib/python3.10/site-packages/airflow/example_dags/example_task_group_decorator.py
[2022-08-10 11:59:46,416] {processor.py:652} INFO - DAG(s) dict_keys(['example_task_group_decorator']) retrieved from /Library/Frameworks/Python.framework/Versions/3.10/lib/python3.10/site-packages/airflow/example_dags/example_task_group_decorator.py
[2022-08-10 11:59:46,529] {logging_mixin.py:109} INFO - [2022-08-10 11:59:46,529] {dag.py:2398} INFO - Sync 1 DAGs
[2022-08-10 11:59:46,533] {logging_mixin.py:109} INFO - [2022-08-10 11:59:46,533] {dag.py:2937} INFO - Setting next_dagrun for example_task_group_decorator to 2022-08-09T09:59:46.533373+00:00
[2022-08-10 11:59:46,536] {processor.py:171} INFO - Processing /Library/Frameworks/Python.framework/Versions/3.10/lib/python3.10/site-packages/airflow/example_dags/example_task_group_decorator.py took 0.134 seconds
[2022-08-10 12:00:25,735] {processor.py:163} INFO - Started process (PID=69261) to work on /Library/Frameworks/Python.framework/Versions/3.10/lib/python3.10/site-packages/airflow/example_dags/example_task_group_decorator.py
[2022-08-10 12:00:25,735] {processor.py:642} INFO - Processing file /Library/Frameworks/Python.framework/Versions/3.10/lib/python3.10/site-packages/airflow/example_dags/example_task_group_decorator.py for tasks to queue
[2022-08-10 12:00:25,735] {logging_mixin.py:109} INFO - [2022-08-10 12:00:25,735] {dagbag.py:500} INFO - Filling up the DagBag from /Library/Frameworks/Python.framework/Versions/3.10/lib/python3.10/site-packages/airflow/example_dags/example_task_group_decorator.py
[2022-08-10 12:00:25,746] {processor.py:652} INFO - DAG(s) dict_keys(['example_task_group_decorator']) retrieved from /Library/Frameworks/Python.framework/Versions/3.10/lib/python3.10/site-packages/airflow/example_dags/example_task_group_decorator.py
[2022-08-10 12:00:25,850] {logging_mixin.py:109} INFO - [2022-08-10 12:00:25,850] {dag.py:2398} INFO - Sync 1 DAGs
[2022-08-10 12:00:25,853] {logging_mixin.py:109} INFO - [2022-08-10 12:00:25,853] {dag.py:2937} INFO - Setting next_dagrun for example_task_group_decorator to 2022-08-09T10:00:25.853463+00:00
[2022-08-10 12:00:25,856] {processor.py:171} INFO - Processing /Library/Frameworks/Python.framework/Versions/3.10/lib/python3.10/site-packages/airflow/example_dags/example_task_group_decorator.py took 0.121 seconds
[2022-08-10 12:01:06,173] {processor.py:163} INFO - Started process (PID=69475) to work on /Library/Frameworks/Python.framework/Versions/3.10/lib/python3.10/site-packages/airflow/example_dags/example_task_group_decorator.py
[2022-08-10 12:01:06,174] {processor.py:642} INFO - Processing file /Library/Frameworks/Python.framework/Versions/3.10/lib/python3.10/site-packages/airflow/example_dags/example_task_group_decorator.py for tasks to queue
[2022-08-10 12:01:06,174] {logging_mixin.py:109} INFO - [2022-08-10 12:01:06,174] {dagbag.py:500} INFO - Filling up the DagBag from /Library/Frameworks/Python.framework/Versions/3.10/lib/python3.10/site-packages/airflow/example_dags/example_task_group_decorator.py
[2022-08-10 12:01:06,185] {processor.py:652} INFO - DAG(s) dict_keys(['example_task_group_decorator']) retrieved from /Library/Frameworks/Python.framework/Versions/3.10/lib/python3.10/site-packages/airflow/example_dags/example_task_group_decorator.py
[2022-08-10 12:01:06,288] {logging_mixin.py:109} INFO - [2022-08-10 12:01:06,288] {dag.py:2398} INFO - Sync 1 DAGs
[2022-08-10 12:01:06,291] {logging_mixin.py:109} INFO - [2022-08-10 12:01:06,291] {dag.py:2937} INFO - Setting next_dagrun for example_task_group_decorator to 2022-08-09T10:01:06.291575+00:00
[2022-08-10 12:01:06,294] {processor.py:171} INFO - Processing /Library/Frameworks/Python.framework/Versions/3.10/lib/python3.10/site-packages/airflow/example_dags/example_task_group_decorator.py took 0.121 seconds
[2022-08-10 12:01:44,462] {processor.py:163} INFO - Started process (PID=69741) to work on /Library/Frameworks/Python.framework/Versions/3.10/lib/python3.10/site-packages/airflow/example_dags/example_task_group_decorator.py
[2022-08-10 12:01:44,462] {processor.py:642} INFO - Processing file /Library/Frameworks/Python.framework/Versions/3.10/lib/python3.10/site-packages/airflow/example_dags/example_task_group_decorator.py for tasks to queue
[2022-08-10 12:01:44,462] {logging_mixin.py:109} INFO - [2022-08-10 12:01:44,462] {dagbag.py:500} INFO - Filling up the DagBag from /Library/Frameworks/Python.framework/Versions/3.10/lib/python3.10/site-packages/airflow/example_dags/example_task_group_decorator.py
[2022-08-10 12:01:44,473] {processor.py:652} INFO - DAG(s) dict_keys(['example_task_group_decorator']) retrieved from /Library/Frameworks/Python.framework/Versions/3.10/lib/python3.10/site-packages/airflow/example_dags/example_task_group_decorator.py
[2022-08-10 12:01:44,574] {logging_mixin.py:109} INFO - [2022-08-10 12:01:44,574] {dag.py:2398} INFO - Sync 1 DAGs
[2022-08-10 12:01:44,577] {logging_mixin.py:109} INFO - [2022-08-10 12:01:44,577] {dag.py:2937} INFO - Setting next_dagrun for example_task_group_decorator to 2022-08-09T10:01:44.577671+00:00
[2022-08-10 12:01:44,580] {processor.py:171} INFO - Processing /Library/Frameworks/Python.framework/Versions/3.10/lib/python3.10/site-packages/airflow/example_dags/example_task_group_decorator.py took 0.119 seconds
