[2022-08-10 11:45:57,169] {processor.py:163} INFO - Started process (PID=66287) to work on /Library/Frameworks/Python.framework/Versions/3.10/lib/python3.10/site-packages/airflow/example_dags/example_xcom.py
[2022-08-10 11:45:57,169] {processor.py:642} INFO - Processing file /Library/Frameworks/Python.framework/Versions/3.10/lib/python3.10/site-packages/airflow/example_dags/example_xcom.py for tasks to queue
[2022-08-10 11:45:57,169] {logging_mixin.py:109} INFO - [2022-08-10 11:45:57,169] {dagbag.py:500} INFO - Filling up the DagBag from /Library/Frameworks/Python.framework/Versions/3.10/lib/python3.10/site-packages/airflow/example_dags/example_xcom.py
[2022-08-10 11:45:57,179] {processor.py:652} INFO - DAG(s) dict_keys(['example_xcom']) retrieved from /Library/Frameworks/Python.framework/Versions/3.10/lib/python3.10/site-packages/airflow/example_dags/example_xcom.py
[2022-08-10 11:45:57,182] {logging_mixin.py:109} INFO - [2022-08-10 11:45:57,182] {dag.py:2398} INFO - Sync 1 DAGs
[2022-08-10 11:45:57,207] {logging_mixin.py:109} INFO - [2022-08-10 11:45:57,207] {dag.py:2937} INFO - Setting next_dagrun for example_xcom to 2021-01-01T00:00:00+00:00
[2022-08-10 11:45:57,210] {processor.py:171} INFO - Processing /Library/Frameworks/Python.framework/Versions/3.10/lib/python3.10/site-packages/airflow/example_dags/example_xcom.py took 0.041 seconds
[2022-08-10 11:46:40,009] {processor.py:163} INFO - Started process (PID=66530) to work on /Library/Frameworks/Python.framework/Versions/3.10/lib/python3.10/site-packages/airflow/example_dags/example_xcom.py
[2022-08-10 11:46:40,009] {processor.py:642} INFO - Processing file /Library/Frameworks/Python.framework/Versions/3.10/lib/python3.10/site-packages/airflow/example_dags/example_xcom.py for tasks to queue
[2022-08-10 11:46:40,009] {logging_mixin.py:109} INFO - [2022-08-10 11:46:40,009] {dagbag.py:500} INFO - Filling up the DagBag from /Library/Frameworks/Python.framework/Versions/3.10/lib/python3.10/site-packages/airflow/example_dags/example_xcom.py
[2022-08-10 11:46:40,020] {processor.py:652} INFO - DAG(s) dict_keys(['example_xcom']) retrieved from /Library/Frameworks/Python.framework/Versions/3.10/lib/python3.10/site-packages/airflow/example_dags/example_xcom.py
[2022-08-10 11:46:40,126] {logging_mixin.py:109} INFO - [2022-08-10 11:46:40,126] {dag.py:2398} INFO - Sync 1 DAGs
[2022-08-10 11:46:40,129] {logging_mixin.py:109} INFO - [2022-08-10 11:46:40,129] {dag.py:2937} INFO - Setting next_dagrun for example_xcom to 2021-01-01T00:00:00+00:00
[2022-08-10 11:46:40,133] {processor.py:171} INFO - Processing /Library/Frameworks/Python.framework/Versions/3.10/lib/python3.10/site-packages/airflow/example_dags/example_xcom.py took 0.125 seconds
[2022-08-10 11:52:55,725] {processor.py:163} INFO - Started process (PID=66806) to work on /Library/Frameworks/Python.framework/Versions/3.10/lib/python3.10/site-packages/airflow/example_dags/example_xcom.py
[2022-08-10 11:52:55,725] {processor.py:642} INFO - Processing file /Library/Frameworks/Python.framework/Versions/3.10/lib/python3.10/site-packages/airflow/example_dags/example_xcom.py for tasks to queue
[2022-08-10 11:52:55,726] {logging_mixin.py:109} INFO - [2022-08-10 11:52:55,726] {dagbag.py:500} INFO - Filling up the DagBag from /Library/Frameworks/Python.framework/Versions/3.10/lib/python3.10/site-packages/airflow/example_dags/example_xcom.py
[2022-08-10 11:52:55,736] {processor.py:652} INFO - DAG(s) dict_keys(['example_xcom']) retrieved from /Library/Frameworks/Python.framework/Versions/3.10/lib/python3.10/site-packages/airflow/example_dags/example_xcom.py
[2022-08-10 11:52:55,842] {logging_mixin.py:109} INFO - [2022-08-10 11:52:55,842] {dag.py:2398} INFO - Sync 1 DAGs
[2022-08-10 11:52:55,845] {logging_mixin.py:109} INFO - [2022-08-10 11:52:55,845] {dag.py:2937} INFO - Setting next_dagrun for example_xcom to 2021-01-01T00:00:00+00:00
[2022-08-10 11:52:55,848] {processor.py:171} INFO - Processing /Library/Frameworks/Python.framework/Versions/3.10/lib/python3.10/site-packages/airflow/example_dags/example_xcom.py took 0.123 seconds
[2022-08-10 11:53:38,039] {processor.py:163} INFO - Started process (PID=67019) to work on /Library/Frameworks/Python.framework/Versions/3.10/lib/python3.10/site-packages/airflow/example_dags/example_xcom.py
[2022-08-10 11:53:38,039] {processor.py:642} INFO - Processing file /Library/Frameworks/Python.framework/Versions/3.10/lib/python3.10/site-packages/airflow/example_dags/example_xcom.py for tasks to queue
[2022-08-10 11:53:38,039] {logging_mixin.py:109} INFO - [2022-08-10 11:53:38,039] {dagbag.py:500} INFO - Filling up the DagBag from /Library/Frameworks/Python.framework/Versions/3.10/lib/python3.10/site-packages/airflow/example_dags/example_xcom.py
[2022-08-10 11:53:38,049] {processor.py:652} INFO - DAG(s) dict_keys(['example_xcom']) retrieved from /Library/Frameworks/Python.framework/Versions/3.10/lib/python3.10/site-packages/airflow/example_dags/example_xcom.py
[2022-08-10 11:53:38,151] {logging_mixin.py:109} INFO - [2022-08-10 11:53:38,151] {dag.py:2398} INFO - Sync 1 DAGs
[2022-08-10 11:53:38,155] {logging_mixin.py:109} INFO - [2022-08-10 11:53:38,155] {dag.py:2937} INFO - Setting next_dagrun for example_xcom to 2021-01-01T00:00:00+00:00
[2022-08-10 11:53:38,158] {processor.py:171} INFO - Processing /Library/Frameworks/Python.framework/Versions/3.10/lib/python3.10/site-packages/airflow/example_dags/example_xcom.py took 0.120 seconds
[2022-08-10 11:54:19,519] {processor.py:163} INFO - Started process (PID=67290) to work on /Library/Frameworks/Python.framework/Versions/3.10/lib/python3.10/site-packages/airflow/example_dags/example_xcom.py
[2022-08-10 11:54:19,519] {processor.py:642} INFO - Processing file /Library/Frameworks/Python.framework/Versions/3.10/lib/python3.10/site-packages/airflow/example_dags/example_xcom.py for tasks to queue
[2022-08-10 11:54:19,520] {logging_mixin.py:109} INFO - [2022-08-10 11:54:19,520] {dagbag.py:500} INFO - Filling up the DagBag from /Library/Frameworks/Python.framework/Versions/3.10/lib/python3.10/site-packages/airflow/example_dags/example_xcom.py
[2022-08-10 11:54:19,529] {processor.py:652} INFO - DAG(s) dict_keys(['example_xcom']) retrieved from /Library/Frameworks/Python.framework/Versions/3.10/lib/python3.10/site-packages/airflow/example_dags/example_xcom.py
[2022-08-10 11:54:19,631] {logging_mixin.py:109} INFO - [2022-08-10 11:54:19,631] {dag.py:2398} INFO - Sync 1 DAGs
[2022-08-10 11:54:19,634] {logging_mixin.py:109} INFO - [2022-08-10 11:54:19,634] {dag.py:2937} INFO - Setting next_dagrun for example_xcom to 2021-01-01T00:00:00+00:00
[2022-08-10 11:54:19,638] {processor.py:171} INFO - Processing /Library/Frameworks/Python.framework/Versions/3.10/lib/python3.10/site-packages/airflow/example_dags/example_xcom.py took 0.119 seconds
[2022-08-10 11:54:57,872] {processor.py:163} INFO - Started process (PID=67498) to work on /Library/Frameworks/Python.framework/Versions/3.10/lib/python3.10/site-packages/airflow/example_dags/example_xcom.py
[2022-08-10 11:54:57,872] {processor.py:642} INFO - Processing file /Library/Frameworks/Python.framework/Versions/3.10/lib/python3.10/site-packages/airflow/example_dags/example_xcom.py for tasks to queue
[2022-08-10 11:54:57,872] {logging_mixin.py:109} INFO - [2022-08-10 11:54:57,872] {dagbag.py:500} INFO - Filling up the DagBag from /Library/Frameworks/Python.framework/Versions/3.10/lib/python3.10/site-packages/airflow/example_dags/example_xcom.py
[2022-08-10 11:54:57,882] {processor.py:652} INFO - DAG(s) dict_keys(['example_xcom']) retrieved from /Library/Frameworks/Python.framework/Versions/3.10/lib/python3.10/site-packages/airflow/example_dags/example_xcom.py
[2022-08-10 11:54:57,985] {logging_mixin.py:109} INFO - [2022-08-10 11:54:57,985] {dag.py:2398} INFO - Sync 1 DAGs
[2022-08-10 11:54:57,988] {logging_mixin.py:109} INFO - [2022-08-10 11:54:57,988] {dag.py:2937} INFO - Setting next_dagrun for example_xcom to 2021-01-01T00:00:00+00:00
[2022-08-10 11:54:57,991] {processor.py:171} INFO - Processing /Library/Frameworks/Python.framework/Versions/3.10/lib/python3.10/site-packages/airflow/example_dags/example_xcom.py took 0.119 seconds
[2022-08-10 11:55:38,670] {processor.py:163} INFO - Started process (PID=67709) to work on /Library/Frameworks/Python.framework/Versions/3.10/lib/python3.10/site-packages/airflow/example_dags/example_xcom.py
[2022-08-10 11:55:38,670] {processor.py:642} INFO - Processing file /Library/Frameworks/Python.framework/Versions/3.10/lib/python3.10/site-packages/airflow/example_dags/example_xcom.py for tasks to queue
[2022-08-10 11:55:38,670] {logging_mixin.py:109} INFO - [2022-08-10 11:55:38,670] {dagbag.py:500} INFO - Filling up the DagBag from /Library/Frameworks/Python.framework/Versions/3.10/lib/python3.10/site-packages/airflow/example_dags/example_xcom.py
[2022-08-10 11:55:38,680] {processor.py:652} INFO - DAG(s) dict_keys(['example_xcom']) retrieved from /Library/Frameworks/Python.framework/Versions/3.10/lib/python3.10/site-packages/airflow/example_dags/example_xcom.py
[2022-08-10 11:55:38,780] {logging_mixin.py:109} INFO - [2022-08-10 11:55:38,780] {dag.py:2398} INFO - Sync 1 DAGs
[2022-08-10 11:55:38,783] {logging_mixin.py:109} INFO - [2022-08-10 11:55:38,783] {dag.py:2937} INFO - Setting next_dagrun for example_xcom to 2021-01-01T00:00:00+00:00
[2022-08-10 11:55:38,786] {processor.py:171} INFO - Processing /Library/Frameworks/Python.framework/Versions/3.10/lib/python3.10/site-packages/airflow/example_dags/example_xcom.py took 0.116 seconds
[2022-08-10 11:56:18,377] {processor.py:163} INFO - Started process (PID=67949) to work on /Library/Frameworks/Python.framework/Versions/3.10/lib/python3.10/site-packages/airflow/example_dags/example_xcom.py
[2022-08-10 11:56:18,377] {processor.py:642} INFO - Processing file /Library/Frameworks/Python.framework/Versions/3.10/lib/python3.10/site-packages/airflow/example_dags/example_xcom.py for tasks to queue
[2022-08-10 11:56:18,378] {logging_mixin.py:109} INFO - [2022-08-10 11:56:18,378] {dagbag.py:500} INFO - Filling up the DagBag from /Library/Frameworks/Python.framework/Versions/3.10/lib/python3.10/site-packages/airflow/example_dags/example_xcom.py
[2022-08-10 11:56:18,388] {processor.py:652} INFO - DAG(s) dict_keys(['example_xcom']) retrieved from /Library/Frameworks/Python.framework/Versions/3.10/lib/python3.10/site-packages/airflow/example_dags/example_xcom.py
[2022-08-10 11:56:18,490] {logging_mixin.py:109} INFO - [2022-08-10 11:56:18,490] {dag.py:2398} INFO - Sync 1 DAGs
[2022-08-10 11:56:18,493] {logging_mixin.py:109} INFO - [2022-08-10 11:56:18,493] {dag.py:2937} INFO - Setting next_dagrun for example_xcom to 2021-01-01T00:00:00+00:00
[2022-08-10 11:56:18,496] {processor.py:171} INFO - Processing /Library/Frameworks/Python.framework/Versions/3.10/lib/python3.10/site-packages/airflow/example_dags/example_xcom.py took 0.119 seconds
[2022-08-10 11:56:56,793] {processor.py:163} INFO - Started process (PID=68153) to work on /Library/Frameworks/Python.framework/Versions/3.10/lib/python3.10/site-packages/airflow/example_dags/example_xcom.py
[2022-08-10 11:56:56,793] {processor.py:642} INFO - Processing file /Library/Frameworks/Python.framework/Versions/3.10/lib/python3.10/site-packages/airflow/example_dags/example_xcom.py for tasks to queue
[2022-08-10 11:56:56,793] {logging_mixin.py:109} INFO - [2022-08-10 11:56:56,793] {dagbag.py:500} INFO - Filling up the DagBag from /Library/Frameworks/Python.framework/Versions/3.10/lib/python3.10/site-packages/airflow/example_dags/example_xcom.py
[2022-08-10 11:56:56,803] {processor.py:652} INFO - DAG(s) dict_keys(['example_xcom']) retrieved from /Library/Frameworks/Python.framework/Versions/3.10/lib/python3.10/site-packages/airflow/example_dags/example_xcom.py
[2022-08-10 11:56:56,910] {logging_mixin.py:109} INFO - [2022-08-10 11:56:56,910] {dag.py:2398} INFO - Sync 1 DAGs
[2022-08-10 11:56:56,914] {logging_mixin.py:109} INFO - [2022-08-10 11:56:56,914] {dag.py:2937} INFO - Setting next_dagrun for example_xcom to 2021-01-01T00:00:00+00:00
[2022-08-10 11:56:56,917] {processor.py:171} INFO - Processing /Library/Frameworks/Python.framework/Versions/3.10/lib/python3.10/site-packages/airflow/example_dags/example_xcom.py took 0.124 seconds
[2022-08-10 11:57:33,642] {processor.py:163} INFO - Started process (PID=68345) to work on /Library/Frameworks/Python.framework/Versions/3.10/lib/python3.10/site-packages/airflow/example_dags/example_xcom.py
[2022-08-10 11:57:33,643] {processor.py:642} INFO - Processing file /Library/Frameworks/Python.framework/Versions/3.10/lib/python3.10/site-packages/airflow/example_dags/example_xcom.py for tasks to queue
[2022-08-10 11:57:33,644] {logging_mixin.py:109} INFO - [2022-08-10 11:57:33,644] {dagbag.py:500} INFO - Filling up the DagBag from /Library/Frameworks/Python.framework/Versions/3.10/lib/python3.10/site-packages/airflow/example_dags/example_xcom.py
[2022-08-10 11:57:33,655] {processor.py:652} INFO - DAG(s) dict_keys(['example_xcom']) retrieved from /Library/Frameworks/Python.framework/Versions/3.10/lib/python3.10/site-packages/airflow/example_dags/example_xcom.py
[2022-08-10 11:57:33,761] {logging_mixin.py:109} INFO - [2022-08-10 11:57:33,761] {dag.py:2398} INFO - Sync 1 DAGs
[2022-08-10 11:57:33,764] {logging_mixin.py:109} INFO - [2022-08-10 11:57:33,764] {dag.py:2937} INFO - Setting next_dagrun for example_xcom to 2021-01-01T00:00:00+00:00
[2022-08-10 11:57:33,767] {processor.py:171} INFO - Processing /Library/Frameworks/Python.framework/Versions/3.10/lib/python3.10/site-packages/airflow/example_dags/example_xcom.py took 0.125 seconds
[2022-08-10 11:58:15,207] {processor.py:163} INFO - Started process (PID=68558) to work on /Library/Frameworks/Python.framework/Versions/3.10/lib/python3.10/site-packages/airflow/example_dags/example_xcom.py
[2022-08-10 11:58:15,207] {processor.py:642} INFO - Processing file /Library/Frameworks/Python.framework/Versions/3.10/lib/python3.10/site-packages/airflow/example_dags/example_xcom.py for tasks to queue
[2022-08-10 11:58:15,207] {logging_mixin.py:109} INFO - [2022-08-10 11:58:15,207] {dagbag.py:500} INFO - Filling up the DagBag from /Library/Frameworks/Python.framework/Versions/3.10/lib/python3.10/site-packages/airflow/example_dags/example_xcom.py
[2022-08-10 11:58:15,217] {processor.py:652} INFO - DAG(s) dict_keys(['example_xcom']) retrieved from /Library/Frameworks/Python.framework/Versions/3.10/lib/python3.10/site-packages/airflow/example_dags/example_xcom.py
[2022-08-10 11:58:15,325] {logging_mixin.py:109} INFO - [2022-08-10 11:58:15,325] {dag.py:2398} INFO - Sync 1 DAGs
[2022-08-10 11:58:15,328] {logging_mixin.py:109} INFO - [2022-08-10 11:58:15,328] {dag.py:2937} INFO - Setting next_dagrun for example_xcom to 2021-01-01T00:00:00+00:00
[2022-08-10 11:58:15,331] {processor.py:171} INFO - Processing /Library/Frameworks/Python.framework/Versions/3.10/lib/python3.10/site-packages/airflow/example_dags/example_xcom.py took 0.125 seconds
[2022-08-10 11:58:55,710] {processor.py:163} INFO - Started process (PID=68776) to work on /Library/Frameworks/Python.framework/Versions/3.10/lib/python3.10/site-packages/airflow/example_dags/example_xcom.py
[2022-08-10 11:58:55,711] {processor.py:642} INFO - Processing file /Library/Frameworks/Python.framework/Versions/3.10/lib/python3.10/site-packages/airflow/example_dags/example_xcom.py for tasks to queue
[2022-08-10 11:58:55,711] {logging_mixin.py:109} INFO - [2022-08-10 11:58:55,711] {dagbag.py:500} INFO - Filling up the DagBag from /Library/Frameworks/Python.framework/Versions/3.10/lib/python3.10/site-packages/airflow/example_dags/example_xcom.py
[2022-08-10 11:58:55,720] {processor.py:652} INFO - DAG(s) dict_keys(['example_xcom']) retrieved from /Library/Frameworks/Python.framework/Versions/3.10/lib/python3.10/site-packages/airflow/example_dags/example_xcom.py
[2022-08-10 11:58:55,822] {logging_mixin.py:109} INFO - [2022-08-10 11:58:55,822] {dag.py:2398} INFO - Sync 1 DAGs
[2022-08-10 11:58:55,825] {logging_mixin.py:109} INFO - [2022-08-10 11:58:55,825] {dag.py:2937} INFO - Setting next_dagrun for example_xcom to 2021-01-01T00:00:00+00:00
[2022-08-10 11:58:55,828] {processor.py:171} INFO - Processing /Library/Frameworks/Python.framework/Versions/3.10/lib/python3.10/site-packages/airflow/example_dags/example_xcom.py took 0.118 seconds
[2022-08-10 11:59:35,709] {processor.py:163} INFO - Started process (PID=68990) to work on /Library/Frameworks/Python.framework/Versions/3.10/lib/python3.10/site-packages/airflow/example_dags/example_xcom.py
[2022-08-10 11:59:35,709] {processor.py:642} INFO - Processing file /Library/Frameworks/Python.framework/Versions/3.10/lib/python3.10/site-packages/airflow/example_dags/example_xcom.py for tasks to queue
[2022-08-10 11:59:35,710] {logging_mixin.py:109} INFO - [2022-08-10 11:59:35,710] {dagbag.py:500} INFO - Filling up the DagBag from /Library/Frameworks/Python.framework/Versions/3.10/lib/python3.10/site-packages/airflow/example_dags/example_xcom.py
[2022-08-10 11:59:35,720] {processor.py:652} INFO - DAG(s) dict_keys(['example_xcom']) retrieved from /Library/Frameworks/Python.framework/Versions/3.10/lib/python3.10/site-packages/airflow/example_dags/example_xcom.py
[2022-08-10 11:59:35,824] {logging_mixin.py:109} INFO - [2022-08-10 11:59:35,824] {dag.py:2398} INFO - Sync 1 DAGs
[2022-08-10 11:59:35,827] {logging_mixin.py:109} INFO - [2022-08-10 11:59:35,827] {dag.py:2937} INFO - Setting next_dagrun for example_xcom to 2021-01-01T00:00:00+00:00
[2022-08-10 11:59:35,830] {processor.py:171} INFO - Processing /Library/Frameworks/Python.framework/Versions/3.10/lib/python3.10/site-packages/airflow/example_dags/example_xcom.py took 0.121 seconds
[2022-08-10 12:00:13,359] {processor.py:163} INFO - Started process (PID=69199) to work on /Library/Frameworks/Python.framework/Versions/3.10/lib/python3.10/site-packages/airflow/example_dags/example_xcom.py
[2022-08-10 12:00:13,360] {processor.py:642} INFO - Processing file /Library/Frameworks/Python.framework/Versions/3.10/lib/python3.10/site-packages/airflow/example_dags/example_xcom.py for tasks to queue
[2022-08-10 12:00:13,360] {logging_mixin.py:109} INFO - [2022-08-10 12:00:13,360] {dagbag.py:500} INFO - Filling up the DagBag from /Library/Frameworks/Python.framework/Versions/3.10/lib/python3.10/site-packages/airflow/example_dags/example_xcom.py
[2022-08-10 12:00:13,370] {processor.py:652} INFO - DAG(s) dict_keys(['example_xcom']) retrieved from /Library/Frameworks/Python.framework/Versions/3.10/lib/python3.10/site-packages/airflow/example_dags/example_xcom.py
[2022-08-10 12:00:13,479] {logging_mixin.py:109} INFO - [2022-08-10 12:00:13,479] {dag.py:2398} INFO - Sync 1 DAGs
[2022-08-10 12:00:13,482] {logging_mixin.py:109} INFO - [2022-08-10 12:00:13,482] {dag.py:2937} INFO - Setting next_dagrun for example_xcom to 2021-01-01T00:00:00+00:00
[2022-08-10 12:00:13,485] {processor.py:171} INFO - Processing /Library/Frameworks/Python.framework/Versions/3.10/lib/python3.10/site-packages/airflow/example_dags/example_xcom.py took 0.126 seconds
[2022-08-10 12:00:53,654] {processor.py:163} INFO - Started process (PID=69408) to work on /Library/Frameworks/Python.framework/Versions/3.10/lib/python3.10/site-packages/airflow/example_dags/example_xcom.py
[2022-08-10 12:00:53,654] {processor.py:642} INFO - Processing file /Library/Frameworks/Python.framework/Versions/3.10/lib/python3.10/site-packages/airflow/example_dags/example_xcom.py for tasks to queue
[2022-08-10 12:00:53,654] {logging_mixin.py:109} INFO - [2022-08-10 12:00:53,654] {dagbag.py:500} INFO - Filling up the DagBag from /Library/Frameworks/Python.framework/Versions/3.10/lib/python3.10/site-packages/airflow/example_dags/example_xcom.py
[2022-08-10 12:00:53,664] {processor.py:652} INFO - DAG(s) dict_keys(['example_xcom']) retrieved from /Library/Frameworks/Python.framework/Versions/3.10/lib/python3.10/site-packages/airflow/example_dags/example_xcom.py
[2022-08-10 12:00:53,765] {logging_mixin.py:109} INFO - [2022-08-10 12:00:53,765] {dag.py:2398} INFO - Sync 1 DAGs
[2022-08-10 12:00:53,768] {logging_mixin.py:109} INFO - [2022-08-10 12:00:53,768] {dag.py:2937} INFO - Setting next_dagrun for example_xcom to 2021-01-01T00:00:00+00:00
[2022-08-10 12:00:53,771] {processor.py:171} INFO - Processing /Library/Frameworks/Python.framework/Versions/3.10/lib/python3.10/site-packages/airflow/example_dags/example_xcom.py took 0.118 seconds
[2022-08-10 12:01:33,499] {processor.py:163} INFO - Started process (PID=69665) to work on /Library/Frameworks/Python.framework/Versions/3.10/lib/python3.10/site-packages/airflow/example_dags/example_xcom.py
[2022-08-10 12:01:33,499] {processor.py:642} INFO - Processing file /Library/Frameworks/Python.framework/Versions/3.10/lib/python3.10/site-packages/airflow/example_dags/example_xcom.py for tasks to queue
[2022-08-10 12:01:33,499] {logging_mixin.py:109} INFO - [2022-08-10 12:01:33,499] {dagbag.py:500} INFO - Filling up the DagBag from /Library/Frameworks/Python.framework/Versions/3.10/lib/python3.10/site-packages/airflow/example_dags/example_xcom.py
[2022-08-10 12:01:33,509] {processor.py:652} INFO - DAG(s) dict_keys(['example_xcom']) retrieved from /Library/Frameworks/Python.framework/Versions/3.10/lib/python3.10/site-packages/airflow/example_dags/example_xcom.py
[2022-08-10 12:01:33,613] {logging_mixin.py:109} INFO - [2022-08-10 12:01:33,613] {dag.py:2398} INFO - Sync 1 DAGs
[2022-08-10 12:01:33,616] {logging_mixin.py:109} INFO - [2022-08-10 12:01:33,616] {dag.py:2937} INFO - Setting next_dagrun for example_xcom to 2021-01-01T00:00:00+00:00
[2022-08-10 12:01:33,619] {processor.py:171} INFO - Processing /Library/Frameworks/Python.framework/Versions/3.10/lib/python3.10/site-packages/airflow/example_dags/example_xcom.py took 0.120 seconds
