[2022-08-10 11:46:23,463] {processor.py:163} INFO - Started process (PID=66419) to work on /Library/Frameworks/Python.framework/Versions/3.10/lib/python3.10/site-packages/airflow/example_dags/example_branch_operator.py
[2022-08-10 11:46:23,463] {processor.py:642} INFO - Processing file /Library/Frameworks/Python.framework/Versions/3.10/lib/python3.10/site-packages/airflow/example_dags/example_branch_operator.py for tasks to queue
[2022-08-10 11:46:23,463] {logging_mixin.py:109} INFO - [2022-08-10 11:46:23,463] {dagbag.py:500} INFO - Filling up the DagBag from /Library/Frameworks/Python.framework/Versions/3.10/lib/python3.10/site-packages/airflow/example_dags/example_branch_operator.py
[2022-08-10 11:46:23,473] {processor.py:652} INFO - DAG(s) dict_keys(['example_branch_operator']) retrieved from /Library/Frameworks/Python.framework/Versions/3.10/lib/python3.10/site-packages/airflow/example_dags/example_branch_operator.py
[2022-08-10 11:46:23,502] {logging_mixin.py:109} INFO - [2022-08-10 11:46:23,502] {dag.py:2398} INFO - Sync 1 DAGs
[2022-08-10 11:46:23,505] {logging_mixin.py:109} INFO - [2022-08-10 11:46:23,505] {dag.py:2937} INFO - Setting next_dagrun for example_branch_operator to 2022-08-09 00:00:00+00:00
[2022-08-10 11:46:23,508] {processor.py:171} INFO - Processing /Library/Frameworks/Python.framework/Versions/3.10/lib/python3.10/site-packages/airflow/example_dags/example_branch_operator.py took 0.046 seconds
[2022-08-10 11:47:07,294] {processor.py:163} INFO - Started process (PID=66664) to work on /Library/Frameworks/Python.framework/Versions/3.10/lib/python3.10/site-packages/airflow/example_dags/example_branch_operator.py
[2022-08-10 11:47:07,295] {processor.py:642} INFO - Processing file /Library/Frameworks/Python.framework/Versions/3.10/lib/python3.10/site-packages/airflow/example_dags/example_branch_operator.py for tasks to queue
[2022-08-10 11:47:07,295] {logging_mixin.py:109} INFO - [2022-08-10 11:47:07,295] {dagbag.py:500} INFO - Filling up the DagBag from /Library/Frameworks/Python.framework/Versions/3.10/lib/python3.10/site-packages/airflow/example_dags/example_branch_operator.py
[2022-08-10 11:47:07,304] {processor.py:652} INFO - DAG(s) dict_keys(['example_branch_operator']) retrieved from /Library/Frameworks/Python.framework/Versions/3.10/lib/python3.10/site-packages/airflow/example_dags/example_branch_operator.py
[2022-08-10 11:47:07,331] {logging_mixin.py:109} INFO - [2022-08-10 11:47:07,331] {dag.py:2398} INFO - Sync 1 DAGs
[2022-08-10 11:47:07,335] {logging_mixin.py:109} INFO - [2022-08-10 11:47:07,335] {dag.py:2937} INFO - Setting next_dagrun for example_branch_operator to 2022-08-09 00:00:00+00:00
[2022-08-10 11:47:07,337] {processor.py:171} INFO - Processing /Library/Frameworks/Python.framework/Versions/3.10/lib/python3.10/site-packages/airflow/example_dags/example_branch_operator.py took 0.043 seconds
[2022-08-10 11:53:21,590] {processor.py:163} INFO - Started process (PID=66938) to work on /Library/Frameworks/Python.framework/Versions/3.10/lib/python3.10/site-packages/airflow/example_dags/example_branch_operator.py
[2022-08-10 11:53:21,590] {processor.py:642} INFO - Processing file /Library/Frameworks/Python.framework/Versions/3.10/lib/python3.10/site-packages/airflow/example_dags/example_branch_operator.py for tasks to queue
[2022-08-10 11:53:21,590] {logging_mixin.py:109} INFO - [2022-08-10 11:53:21,590] {dagbag.py:500} INFO - Filling up the DagBag from /Library/Frameworks/Python.framework/Versions/3.10/lib/python3.10/site-packages/airflow/example_dags/example_branch_operator.py
[2022-08-10 11:53:21,601] {processor.py:652} INFO - DAG(s) dict_keys(['example_branch_operator']) retrieved from /Library/Frameworks/Python.framework/Versions/3.10/lib/python3.10/site-packages/airflow/example_dags/example_branch_operator.py
[2022-08-10 11:53:21,631] {logging_mixin.py:109} INFO - [2022-08-10 11:53:21,631] {dag.py:2398} INFO - Sync 1 DAGs
[2022-08-10 11:53:21,634] {logging_mixin.py:109} INFO - [2022-08-10 11:53:21,634] {dag.py:2937} INFO - Setting next_dagrun for example_branch_operator to 2022-08-09 00:00:00+00:00
[2022-08-10 11:53:21,637] {processor.py:171} INFO - Processing /Library/Frameworks/Python.framework/Versions/3.10/lib/python3.10/site-packages/airflow/example_dags/example_branch_operator.py took 0.048 seconds
[2022-08-10 11:54:15,646] {processor.py:163} INFO - Started process (PID=67270) to work on /Library/Frameworks/Python.framework/Versions/3.10/lib/python3.10/site-packages/airflow/example_dags/example_branch_operator.py
[2022-08-10 11:54:15,646] {processor.py:642} INFO - Processing file /Library/Frameworks/Python.framework/Versions/3.10/lib/python3.10/site-packages/airflow/example_dags/example_branch_operator.py for tasks to queue
[2022-08-10 11:54:15,646] {logging_mixin.py:109} INFO - [2022-08-10 11:54:15,646] {dagbag.py:500} INFO - Filling up the DagBag from /Library/Frameworks/Python.framework/Versions/3.10/lib/python3.10/site-packages/airflow/example_dags/example_branch_operator.py
[2022-08-10 11:54:15,655] {processor.py:652} INFO - DAG(s) dict_keys(['example_branch_operator']) retrieved from /Library/Frameworks/Python.framework/Versions/3.10/lib/python3.10/site-packages/airflow/example_dags/example_branch_operator.py
[2022-08-10 11:54:15,680] {logging_mixin.py:109} INFO - [2022-08-10 11:54:15,680] {dag.py:2398} INFO - Sync 1 DAGs
[2022-08-10 11:54:15,684] {logging_mixin.py:109} INFO - [2022-08-10 11:54:15,684] {dag.py:2937} INFO - Setting next_dagrun for example_branch_operator to 2022-08-09 00:00:00+00:00
[2022-08-10 11:54:15,686] {processor.py:171} INFO - Processing /Library/Frameworks/Python.framework/Versions/3.10/lib/python3.10/site-packages/airflow/example_dags/example_branch_operator.py took 0.041 seconds
[2022-08-10 11:55:05,873] {processor.py:163} INFO - Started process (PID=67537) to work on /Library/Frameworks/Python.framework/Versions/3.10/lib/python3.10/site-packages/airflow/example_dags/example_branch_operator.py
[2022-08-10 11:55:05,873] {processor.py:642} INFO - Processing file /Library/Frameworks/Python.framework/Versions/3.10/lib/python3.10/site-packages/airflow/example_dags/example_branch_operator.py for tasks to queue
[2022-08-10 11:55:05,874] {logging_mixin.py:109} INFO - [2022-08-10 11:55:05,874] {dagbag.py:500} INFO - Filling up the DagBag from /Library/Frameworks/Python.framework/Versions/3.10/lib/python3.10/site-packages/airflow/example_dags/example_branch_operator.py
[2022-08-10 11:55:05,884] {processor.py:652} INFO - DAG(s) dict_keys(['example_branch_operator']) retrieved from /Library/Frameworks/Python.framework/Versions/3.10/lib/python3.10/site-packages/airflow/example_dags/example_branch_operator.py
[2022-08-10 11:55:05,915] {logging_mixin.py:109} INFO - [2022-08-10 11:55:05,915] {dag.py:2398} INFO - Sync 1 DAGs
[2022-08-10 11:55:05,919] {logging_mixin.py:109} INFO - [2022-08-10 11:55:05,919] {dag.py:2937} INFO - Setting next_dagrun for example_branch_operator to 2022-08-09 00:00:00+00:00
[2022-08-10 11:55:05,922] {processor.py:171} INFO - Processing /Library/Frameworks/Python.framework/Versions/3.10/lib/python3.10/site-packages/airflow/example_dags/example_branch_operator.py took 0.049 seconds
[2022-08-10 11:55:49,865] {processor.py:163} INFO - Started process (PID=67767) to work on /Library/Frameworks/Python.framework/Versions/3.10/lib/python3.10/site-packages/airflow/example_dags/example_branch_operator.py
[2022-08-10 11:55:49,865] {processor.py:642} INFO - Processing file /Library/Frameworks/Python.framework/Versions/3.10/lib/python3.10/site-packages/airflow/example_dags/example_branch_operator.py for tasks to queue
[2022-08-10 11:55:49,865] {logging_mixin.py:109} INFO - [2022-08-10 11:55:49,865] {dagbag.py:500} INFO - Filling up the DagBag from /Library/Frameworks/Python.framework/Versions/3.10/lib/python3.10/site-packages/airflow/example_dags/example_branch_operator.py
[2022-08-10 11:55:49,874] {processor.py:652} INFO - DAG(s) dict_keys(['example_branch_operator']) retrieved from /Library/Frameworks/Python.framework/Versions/3.10/lib/python3.10/site-packages/airflow/example_dags/example_branch_operator.py
[2022-08-10 11:55:49,899] {logging_mixin.py:109} INFO - [2022-08-10 11:55:49,899] {dag.py:2398} INFO - Sync 1 DAGs
[2022-08-10 11:55:49,902] {logging_mixin.py:109} INFO - [2022-08-10 11:55:49,902] {dag.py:2937} INFO - Setting next_dagrun for example_branch_operator to 2022-08-09 00:00:00+00:00
[2022-08-10 11:55:49,905] {processor.py:171} INFO - Processing /Library/Frameworks/Python.framework/Versions/3.10/lib/python3.10/site-packages/airflow/example_dags/example_branch_operator.py took 0.040 seconds
[2022-08-10 11:56:40,339] {processor.py:163} INFO - Started process (PID=68060) to work on /Library/Frameworks/Python.framework/Versions/3.10/lib/python3.10/site-packages/airflow/example_dags/example_branch_operator.py
[2022-08-10 11:56:40,339] {processor.py:642} INFO - Processing file /Library/Frameworks/Python.framework/Versions/3.10/lib/python3.10/site-packages/airflow/example_dags/example_branch_operator.py for tasks to queue
[2022-08-10 11:56:40,339] {logging_mixin.py:109} INFO - [2022-08-10 11:56:40,339] {dagbag.py:500} INFO - Filling up the DagBag from /Library/Frameworks/Python.framework/Versions/3.10/lib/python3.10/site-packages/airflow/example_dags/example_branch_operator.py
[2022-08-10 11:56:40,349] {processor.py:652} INFO - DAG(s) dict_keys(['example_branch_operator']) retrieved from /Library/Frameworks/Python.framework/Versions/3.10/lib/python3.10/site-packages/airflow/example_dags/example_branch_operator.py
[2022-08-10 11:56:40,375] {logging_mixin.py:109} INFO - [2022-08-10 11:56:40,375] {dag.py:2398} INFO - Sync 1 DAGs
[2022-08-10 11:56:40,378] {logging_mixin.py:109} INFO - [2022-08-10 11:56:40,378] {dag.py:2937} INFO - Setting next_dagrun for example_branch_operator to 2022-08-09 00:00:00+00:00
[2022-08-10 11:56:40,381] {processor.py:171} INFO - Processing /Library/Frameworks/Python.framework/Versions/3.10/lib/python3.10/site-packages/airflow/example_dags/example_branch_operator.py took 0.042 seconds
[2022-08-10 11:57:31,220] {processor.py:163} INFO - Started process (PID=68332) to work on /Library/Frameworks/Python.framework/Versions/3.10/lib/python3.10/site-packages/airflow/example_dags/example_branch_operator.py
[2022-08-10 11:57:31,221] {processor.py:642} INFO - Processing file /Library/Frameworks/Python.framework/Versions/3.10/lib/python3.10/site-packages/airflow/example_dags/example_branch_operator.py for tasks to queue
[2022-08-10 11:57:31,221] {logging_mixin.py:109} INFO - [2022-08-10 11:57:31,221] {dagbag.py:500} INFO - Filling up the DagBag from /Library/Frameworks/Python.framework/Versions/3.10/lib/python3.10/site-packages/airflow/example_dags/example_branch_operator.py
[2022-08-10 11:57:31,230] {processor.py:652} INFO - DAG(s) dict_keys(['example_branch_operator']) retrieved from /Library/Frameworks/Python.framework/Versions/3.10/lib/python3.10/site-packages/airflow/example_dags/example_branch_operator.py
[2022-08-10 11:57:31,258] {logging_mixin.py:109} INFO - [2022-08-10 11:57:31,258] {dag.py:2398} INFO - Sync 1 DAGs
[2022-08-10 11:57:31,261] {logging_mixin.py:109} INFO - [2022-08-10 11:57:31,261] {dag.py:2937} INFO - Setting next_dagrun for example_branch_operator to 2022-08-09 00:00:00+00:00
[2022-08-10 11:57:31,264] {processor.py:171} INFO - Processing /Library/Frameworks/Python.framework/Versions/3.10/lib/python3.10/site-packages/airflow/example_dags/example_branch_operator.py took 0.044 seconds
[2022-08-10 11:58:24,269] {processor.py:163} INFO - Started process (PID=68609) to work on /Library/Frameworks/Python.framework/Versions/3.10/lib/python3.10/site-packages/airflow/example_dags/example_branch_operator.py
[2022-08-10 11:58:24,270] {processor.py:642} INFO - Processing file /Library/Frameworks/Python.framework/Versions/3.10/lib/python3.10/site-packages/airflow/example_dags/example_branch_operator.py for tasks to queue
[2022-08-10 11:58:24,270] {logging_mixin.py:109} INFO - [2022-08-10 11:58:24,270] {dagbag.py:500} INFO - Filling up the DagBag from /Library/Frameworks/Python.framework/Versions/3.10/lib/python3.10/site-packages/airflow/example_dags/example_branch_operator.py
[2022-08-10 11:58:24,279] {processor.py:652} INFO - DAG(s) dict_keys(['example_branch_operator']) retrieved from /Library/Frameworks/Python.framework/Versions/3.10/lib/python3.10/site-packages/airflow/example_dags/example_branch_operator.py
[2022-08-10 11:58:24,305] {logging_mixin.py:109} INFO - [2022-08-10 11:58:24,305] {dag.py:2398} INFO - Sync 1 DAGs
[2022-08-10 11:58:24,309] {logging_mixin.py:109} INFO - [2022-08-10 11:58:24,309] {dag.py:2937} INFO - Setting next_dagrun for example_branch_operator to 2022-08-09 00:00:00+00:00
[2022-08-10 11:58:24,312] {processor.py:171} INFO - Processing /Library/Frameworks/Python.framework/Versions/3.10/lib/python3.10/site-packages/airflow/example_dags/example_branch_operator.py took 0.043 seconds
[2022-08-10 11:59:19,187] {processor.py:163} INFO - Started process (PID=68900) to work on /Library/Frameworks/Python.framework/Versions/3.10/lib/python3.10/site-packages/airflow/example_dags/example_branch_operator.py
[2022-08-10 11:59:19,187] {processor.py:642} INFO - Processing file /Library/Frameworks/Python.framework/Versions/3.10/lib/python3.10/site-packages/airflow/example_dags/example_branch_operator.py for tasks to queue
[2022-08-10 11:59:19,187] {logging_mixin.py:109} INFO - [2022-08-10 11:59:19,187] {dagbag.py:500} INFO - Filling up the DagBag from /Library/Frameworks/Python.framework/Versions/3.10/lib/python3.10/site-packages/airflow/example_dags/example_branch_operator.py
[2022-08-10 11:59:19,196] {processor.py:652} INFO - DAG(s) dict_keys(['example_branch_operator']) retrieved from /Library/Frameworks/Python.framework/Versions/3.10/lib/python3.10/site-packages/airflow/example_dags/example_branch_operator.py
[2022-08-10 11:59:19,221] {logging_mixin.py:109} INFO - [2022-08-10 11:59:19,221] {dag.py:2398} INFO - Sync 1 DAGs
[2022-08-10 11:59:19,224] {logging_mixin.py:109} INFO - [2022-08-10 11:59:19,224] {dag.py:2937} INFO - Setting next_dagrun for example_branch_operator to 2022-08-09 00:00:00+00:00
[2022-08-10 11:59:19,227] {processor.py:171} INFO - Processing /Library/Frameworks/Python.framework/Versions/3.10/lib/python3.10/site-packages/airflow/example_dags/example_branch_operator.py took 0.041 seconds
[2022-08-10 12:00:08,773] {processor.py:163} INFO - Started process (PID=69174) to work on /Library/Frameworks/Python.framework/Versions/3.10/lib/python3.10/site-packages/airflow/example_dags/example_branch_operator.py
[2022-08-10 12:00:08,773] {processor.py:642} INFO - Processing file /Library/Frameworks/Python.framework/Versions/3.10/lib/python3.10/site-packages/airflow/example_dags/example_branch_operator.py for tasks to queue
[2022-08-10 12:00:08,773] {logging_mixin.py:109} INFO - [2022-08-10 12:00:08,773] {dagbag.py:500} INFO - Filling up the DagBag from /Library/Frameworks/Python.framework/Versions/3.10/lib/python3.10/site-packages/airflow/example_dags/example_branch_operator.py
[2022-08-10 12:00:08,782] {processor.py:652} INFO - DAG(s) dict_keys(['example_branch_operator']) retrieved from /Library/Frameworks/Python.framework/Versions/3.10/lib/python3.10/site-packages/airflow/example_dags/example_branch_operator.py
[2022-08-10 12:00:08,808] {logging_mixin.py:109} INFO - [2022-08-10 12:00:08,807] {dag.py:2398} INFO - Sync 1 DAGs
[2022-08-10 12:00:08,811] {logging_mixin.py:109} INFO - [2022-08-10 12:00:08,811] {dag.py:2937} INFO - Setting next_dagrun for example_branch_operator to 2022-08-09 00:00:00+00:00
[2022-08-10 12:00:08,814] {processor.py:171} INFO - Processing /Library/Frameworks/Python.framework/Versions/3.10/lib/python3.10/site-packages/airflow/example_dags/example_branch_operator.py took 0.041 seconds
[2022-08-10 12:01:03,665] {processor.py:163} INFO - Started process (PID=69461) to work on /Library/Frameworks/Python.framework/Versions/3.10/lib/python3.10/site-packages/airflow/example_dags/example_branch_operator.py
[2022-08-10 12:01:03,666] {processor.py:642} INFO - Processing file /Library/Frameworks/Python.framework/Versions/3.10/lib/python3.10/site-packages/airflow/example_dags/example_branch_operator.py for tasks to queue
[2022-08-10 12:01:03,666] {logging_mixin.py:109} INFO - [2022-08-10 12:01:03,666] {dagbag.py:500} INFO - Filling up the DagBag from /Library/Frameworks/Python.framework/Versions/3.10/lib/python3.10/site-packages/airflow/example_dags/example_branch_operator.py
[2022-08-10 12:01:03,674] {processor.py:652} INFO - DAG(s) dict_keys(['example_branch_operator']) retrieved from /Library/Frameworks/Python.framework/Versions/3.10/lib/python3.10/site-packages/airflow/example_dags/example_branch_operator.py
[2022-08-10 12:01:03,700] {logging_mixin.py:109} INFO - [2022-08-10 12:01:03,700] {dag.py:2398} INFO - Sync 1 DAGs
[2022-08-10 12:01:03,703] {logging_mixin.py:109} INFO - [2022-08-10 12:01:03,703] {dag.py:2937} INFO - Setting next_dagrun for example_branch_operator to 2022-08-09 00:00:00+00:00
[2022-08-10 12:01:03,706] {processor.py:171} INFO - Processing /Library/Frameworks/Python.framework/Versions/3.10/lib/python3.10/site-packages/airflow/example_dags/example_branch_operator.py took 0.041 seconds
[2022-08-10 12:01:54,356] {processor.py:163} INFO - Started process (PID=69818) to work on /Library/Frameworks/Python.framework/Versions/3.10/lib/python3.10/site-packages/airflow/example_dags/example_branch_operator.py
[2022-08-10 12:01:54,356] {processor.py:642} INFO - Processing file /Library/Frameworks/Python.framework/Versions/3.10/lib/python3.10/site-packages/airflow/example_dags/example_branch_operator.py for tasks to queue
[2022-08-10 12:01:54,356] {logging_mixin.py:109} INFO - [2022-08-10 12:01:54,356] {dagbag.py:500} INFO - Filling up the DagBag from /Library/Frameworks/Python.framework/Versions/3.10/lib/python3.10/site-packages/airflow/example_dags/example_branch_operator.py
[2022-08-10 12:01:54,365] {processor.py:652} INFO - DAG(s) dict_keys(['example_branch_operator']) retrieved from /Library/Frameworks/Python.framework/Versions/3.10/lib/python3.10/site-packages/airflow/example_dags/example_branch_operator.py
[2022-08-10 12:01:54,391] {logging_mixin.py:109} INFO - [2022-08-10 12:01:54,390] {dag.py:2398} INFO - Sync 1 DAGs
[2022-08-10 12:01:54,394] {logging_mixin.py:109} INFO - [2022-08-10 12:01:54,394] {dag.py:2937} INFO - Setting next_dagrun for example_branch_operator to 2022-08-09 00:00:00+00:00
[2022-08-10 12:01:54,396] {processor.py:171} INFO - Processing /Library/Frameworks/Python.framework/Versions/3.10/lib/python3.10/site-packages/airflow/example_dags/example_branch_operator.py took 0.041 seconds
