[2022-08-10 11:46:14,998] {processor.py:163} INFO - Started process (PID=66371) to work on /Library/Frameworks/Python.framework/Versions/3.10/lib/python3.10/site-packages/airflow/example_dags/example_latest_only_with_trigger.py
[2022-08-10 11:46:14,998] {processor.py:642} INFO - Processing file /Library/Frameworks/Python.framework/Versions/3.10/lib/python3.10/site-packages/airflow/example_dags/example_latest_only_with_trigger.py for tasks to queue
[2022-08-10 11:46:14,999] {logging_mixin.py:109} INFO - [2022-08-10 11:46:14,999] {dagbag.py:500} INFO - Filling up the DagBag from /Library/Frameworks/Python.framework/Versions/3.10/lib/python3.10/site-packages/airflow/example_dags/example_latest_only_with_trigger.py
[2022-08-10 11:46:15,003] {processor.py:652} INFO - DAG(s) dict_keys(['latest_only_with_trigger']) retrieved from /Library/Frameworks/Python.framework/Versions/3.10/lib/python3.10/site-packages/airflow/example_dags/example_latest_only_with_trigger.py
[2022-08-10 11:46:15,007] {logging_mixin.py:109} INFO - [2022-08-10 11:46:15,007] {dag.py:2398} INFO - Sync 1 DAGs
[2022-08-10 11:46:15,030] {logging_mixin.py:109} INFO - [2022-08-10 11:46:15,030] {dag.py:2937} INFO - Setting next_dagrun for latest_only_with_trigger to 2022-08-10T05:46:15.030873+00:00
[2022-08-10 11:46:15,033] {processor.py:171} INFO - Processing /Library/Frameworks/Python.framework/Versions/3.10/lib/python3.10/site-packages/airflow/example_dags/example_latest_only_with_trigger.py took 0.035 seconds
[2022-08-10 11:46:57,307] {processor.py:163} INFO - Started process (PID=66617) to work on /Library/Frameworks/Python.framework/Versions/3.10/lib/python3.10/site-packages/airflow/example_dags/example_latest_only_with_trigger.py
[2022-08-10 11:46:57,308] {processor.py:642} INFO - Processing file /Library/Frameworks/Python.framework/Versions/3.10/lib/python3.10/site-packages/airflow/example_dags/example_latest_only_with_trigger.py for tasks to queue
[2022-08-10 11:46:57,308] {logging_mixin.py:109} INFO - [2022-08-10 11:46:57,308] {dagbag.py:500} INFO - Filling up the DagBag from /Library/Frameworks/Python.framework/Versions/3.10/lib/python3.10/site-packages/airflow/example_dags/example_latest_only_with_trigger.py
[2022-08-10 11:46:57,314] {processor.py:652} INFO - DAG(s) dict_keys(['latest_only_with_trigger']) retrieved from /Library/Frameworks/Python.framework/Versions/3.10/lib/python3.10/site-packages/airflow/example_dags/example_latest_only_with_trigger.py
[2022-08-10 11:46:57,328] {logging_mixin.py:109} INFO - [2022-08-10 11:46:57,328] {dag.py:2398} INFO - Sync 1 DAGs
[2022-08-10 11:46:57,348] {logging_mixin.py:109} INFO - [2022-08-10 11:46:57,348] {dag.py:2937} INFO - Setting next_dagrun for latest_only_with_trigger to 2022-08-10T05:46:57.348494+00:00
[2022-08-10 11:46:57,351] {processor.py:171} INFO - Processing /Library/Frameworks/Python.framework/Versions/3.10/lib/python3.10/site-packages/airflow/example_dags/example_latest_only_with_trigger.py took 0.044 seconds
[2022-08-10 11:53:12,732] {processor.py:163} INFO - Started process (PID=66894) to work on /Library/Frameworks/Python.framework/Versions/3.10/lib/python3.10/site-packages/airflow/example_dags/example_latest_only_with_trigger.py
[2022-08-10 11:53:12,733] {processor.py:642} INFO - Processing file /Library/Frameworks/Python.framework/Versions/3.10/lib/python3.10/site-packages/airflow/example_dags/example_latest_only_with_trigger.py for tasks to queue
[2022-08-10 11:53:12,733] {logging_mixin.py:109} INFO - [2022-08-10 11:53:12,733] {dagbag.py:500} INFO - Filling up the DagBag from /Library/Frameworks/Python.framework/Versions/3.10/lib/python3.10/site-packages/airflow/example_dags/example_latest_only_with_trigger.py
[2022-08-10 11:53:12,738] {processor.py:652} INFO - DAG(s) dict_keys(['latest_only_with_trigger']) retrieved from /Library/Frameworks/Python.framework/Versions/3.10/lib/python3.10/site-packages/airflow/example_dags/example_latest_only_with_trigger.py
[2022-08-10 11:53:12,750] {logging_mixin.py:109} INFO - [2022-08-10 11:53:12,750] {dag.py:2398} INFO - Sync 1 DAGs
[2022-08-10 11:53:12,768] {logging_mixin.py:109} INFO - [2022-08-10 11:53:12,768] {dag.py:2937} INFO - Setting next_dagrun for latest_only_with_trigger to 2022-08-10T05:53:12.768303+00:00
[2022-08-10 11:53:12,771] {processor.py:171} INFO - Processing /Library/Frameworks/Python.framework/Versions/3.10/lib/python3.10/site-packages/airflow/example_dags/example_latest_only_with_trigger.py took 0.039 seconds
[2022-08-10 11:53:56,213] {processor.py:163} INFO - Started process (PID=67111) to work on /Library/Frameworks/Python.framework/Versions/3.10/lib/python3.10/site-packages/airflow/example_dags/example_latest_only_with_trigger.py
[2022-08-10 11:53:56,213] {processor.py:642} INFO - Processing file /Library/Frameworks/Python.framework/Versions/3.10/lib/python3.10/site-packages/airflow/example_dags/example_latest_only_with_trigger.py for tasks to queue
[2022-08-10 11:53:56,213] {logging_mixin.py:109} INFO - [2022-08-10 11:53:56,213] {dagbag.py:500} INFO - Filling up the DagBag from /Library/Frameworks/Python.framework/Versions/3.10/lib/python3.10/site-packages/airflow/example_dags/example_latest_only_with_trigger.py
[2022-08-10 11:53:56,217] {processor.py:652} INFO - DAG(s) dict_keys(['latest_only_with_trigger']) retrieved from /Library/Frameworks/Python.framework/Versions/3.10/lib/python3.10/site-packages/airflow/example_dags/example_latest_only_with_trigger.py
[2022-08-10 11:53:56,229] {logging_mixin.py:109} INFO - [2022-08-10 11:53:56,229] {dag.py:2398} INFO - Sync 1 DAGs
[2022-08-10 11:53:56,246] {logging_mixin.py:109} INFO - [2022-08-10 11:53:56,246] {dag.py:2937} INFO - Setting next_dagrun for latest_only_with_trigger to 2022-08-10T05:53:56.246636+00:00
[2022-08-10 11:53:56,249] {processor.py:171} INFO - Processing /Library/Frameworks/Python.framework/Versions/3.10/lib/python3.10/site-packages/airflow/example_dags/example_latest_only_with_trigger.py took 0.036 seconds
[2022-08-10 11:54:38,479] {processor.py:163} INFO - Started process (PID=67387) to work on /Library/Frameworks/Python.framework/Versions/3.10/lib/python3.10/site-packages/airflow/example_dags/example_latest_only_with_trigger.py
[2022-08-10 11:54:38,479] {processor.py:642} INFO - Processing file /Library/Frameworks/Python.framework/Versions/3.10/lib/python3.10/site-packages/airflow/example_dags/example_latest_only_with_trigger.py for tasks to queue
[2022-08-10 11:54:38,479] {logging_mixin.py:109} INFO - [2022-08-10 11:54:38,479] {dagbag.py:500} INFO - Filling up the DagBag from /Library/Frameworks/Python.framework/Versions/3.10/lib/python3.10/site-packages/airflow/example_dags/example_latest_only_with_trigger.py
[2022-08-10 11:54:38,484] {processor.py:652} INFO - DAG(s) dict_keys(['latest_only_with_trigger']) retrieved from /Library/Frameworks/Python.framework/Versions/3.10/lib/python3.10/site-packages/airflow/example_dags/example_latest_only_with_trigger.py
[2022-08-10 11:54:38,498] {logging_mixin.py:109} INFO - [2022-08-10 11:54:38,498] {dag.py:2398} INFO - Sync 1 DAGs
[2022-08-10 11:54:38,520] {logging_mixin.py:109} INFO - [2022-08-10 11:54:38,520] {dag.py:2937} INFO - Setting next_dagrun for latest_only_with_trigger to 2022-08-10T05:54:38.520776+00:00
[2022-08-10 11:54:38,524] {processor.py:171} INFO - Processing /Library/Frameworks/Python.framework/Versions/3.10/lib/python3.10/site-packages/airflow/example_dags/example_latest_only_with_trigger.py took 0.045 seconds
[2022-08-10 11:55:19,713] {processor.py:163} INFO - Started process (PID=67604) to work on /Library/Frameworks/Python.framework/Versions/3.10/lib/python3.10/site-packages/airflow/example_dags/example_latest_only_with_trigger.py
[2022-08-10 11:55:19,714] {processor.py:642} INFO - Processing file /Library/Frameworks/Python.framework/Versions/3.10/lib/python3.10/site-packages/airflow/example_dags/example_latest_only_with_trigger.py for tasks to queue
[2022-08-10 11:55:19,714] {logging_mixin.py:109} INFO - [2022-08-10 11:55:19,714] {dagbag.py:500} INFO - Filling up the DagBag from /Library/Frameworks/Python.framework/Versions/3.10/lib/python3.10/site-packages/airflow/example_dags/example_latest_only_with_trigger.py
[2022-08-10 11:55:19,718] {processor.py:652} INFO - DAG(s) dict_keys(['latest_only_with_trigger']) retrieved from /Library/Frameworks/Python.framework/Versions/3.10/lib/python3.10/site-packages/airflow/example_dags/example_latest_only_with_trigger.py
[2022-08-10 11:55:19,730] {logging_mixin.py:109} INFO - [2022-08-10 11:55:19,730] {dag.py:2398} INFO - Sync 1 DAGs
[2022-08-10 11:55:19,748] {logging_mixin.py:109} INFO - [2022-08-10 11:55:19,748] {dag.py:2937} INFO - Setting next_dagrun for latest_only_with_trigger to 2022-08-10T05:55:19.748290+00:00
[2022-08-10 11:55:19,751] {processor.py:171} INFO - Processing /Library/Frameworks/Python.framework/Versions/3.10/lib/python3.10/site-packages/airflow/example_dags/example_latest_only_with_trigger.py took 0.037 seconds
[2022-08-10 11:56:00,779] {processor.py:163} INFO - Started process (PID=67837) to work on /Library/Frameworks/Python.framework/Versions/3.10/lib/python3.10/site-packages/airflow/example_dags/example_latest_only_with_trigger.py
[2022-08-10 11:56:00,779] {processor.py:642} INFO - Processing file /Library/Frameworks/Python.framework/Versions/3.10/lib/python3.10/site-packages/airflow/example_dags/example_latest_only_with_trigger.py for tasks to queue
[2022-08-10 11:56:00,780] {logging_mixin.py:109} INFO - [2022-08-10 11:56:00,780] {dagbag.py:500} INFO - Filling up the DagBag from /Library/Frameworks/Python.framework/Versions/3.10/lib/python3.10/site-packages/airflow/example_dags/example_latest_only_with_trigger.py
[2022-08-10 11:56:00,784] {processor.py:652} INFO - DAG(s) dict_keys(['latest_only_with_trigger']) retrieved from /Library/Frameworks/Python.framework/Versions/3.10/lib/python3.10/site-packages/airflow/example_dags/example_latest_only_with_trigger.py
[2022-08-10 11:56:00,795] {logging_mixin.py:109} INFO - [2022-08-10 11:56:00,795] {dag.py:2398} INFO - Sync 1 DAGs
[2022-08-10 11:56:00,813] {logging_mixin.py:109} INFO - [2022-08-10 11:56:00,813] {dag.py:2937} INFO - Setting next_dagrun for latest_only_with_trigger to 2022-08-10T05:56:00.812951+00:00
[2022-08-10 11:56:00,815] {processor.py:171} INFO - Processing /Library/Frameworks/Python.framework/Versions/3.10/lib/python3.10/site-packages/airflow/example_dags/example_latest_only_with_trigger.py took 0.036 seconds
[2022-08-10 11:56:51,226] {processor.py:163} INFO - Started process (PID=68122) to work on /Library/Frameworks/Python.framework/Versions/3.10/lib/python3.10/site-packages/airflow/example_dags/example_latest_only_with_trigger.py
[2022-08-10 11:56:51,227] {processor.py:642} INFO - Processing file /Library/Frameworks/Python.framework/Versions/3.10/lib/python3.10/site-packages/airflow/example_dags/example_latest_only_with_trigger.py for tasks to queue
[2022-08-10 11:56:51,227] {logging_mixin.py:109} INFO - [2022-08-10 11:56:51,227] {dagbag.py:500} INFO - Filling up the DagBag from /Library/Frameworks/Python.framework/Versions/3.10/lib/python3.10/site-packages/airflow/example_dags/example_latest_only_with_trigger.py
[2022-08-10 11:56:51,232] {processor.py:652} INFO - DAG(s) dict_keys(['latest_only_with_trigger']) retrieved from /Library/Frameworks/Python.framework/Versions/3.10/lib/python3.10/site-packages/airflow/example_dags/example_latest_only_with_trigger.py
[2022-08-10 11:56:51,244] {logging_mixin.py:109} INFO - [2022-08-10 11:56:51,244] {dag.py:2398} INFO - Sync 1 DAGs
[2022-08-10 11:56:51,261] {logging_mixin.py:109} INFO - [2022-08-10 11:56:51,261] {dag.py:2937} INFO - Setting next_dagrun for latest_only_with_trigger to 2022-08-10T05:56:51.261895+00:00
[2022-08-10 11:56:51,264] {processor.py:171} INFO - Processing /Library/Frameworks/Python.framework/Versions/3.10/lib/python3.10/site-packages/airflow/example_dags/example_latest_only_with_trigger.py took 0.038 seconds
[2022-08-10 11:57:40,718] {processor.py:163} INFO - Started process (PID=68380) to work on /Library/Frameworks/Python.framework/Versions/3.10/lib/python3.10/site-packages/airflow/example_dags/example_latest_only_with_trigger.py
[2022-08-10 11:57:40,718] {processor.py:642} INFO - Processing file /Library/Frameworks/Python.framework/Versions/3.10/lib/python3.10/site-packages/airflow/example_dags/example_latest_only_with_trigger.py for tasks to queue
[2022-08-10 11:57:40,719] {logging_mixin.py:109} INFO - [2022-08-10 11:57:40,719] {dagbag.py:500} INFO - Filling up the DagBag from /Library/Frameworks/Python.framework/Versions/3.10/lib/python3.10/site-packages/airflow/example_dags/example_latest_only_with_trigger.py
[2022-08-10 11:57:40,724] {processor.py:652} INFO - DAG(s) dict_keys(['latest_only_with_trigger']) retrieved from /Library/Frameworks/Python.framework/Versions/3.10/lib/python3.10/site-packages/airflow/example_dags/example_latest_only_with_trigger.py
[2022-08-10 11:57:40,735] {logging_mixin.py:109} INFO - [2022-08-10 11:57:40,735] {dag.py:2398} INFO - Sync 1 DAGs
[2022-08-10 11:57:40,753] {logging_mixin.py:109} INFO - [2022-08-10 11:57:40,753] {dag.py:2937} INFO - Setting next_dagrun for latest_only_with_trigger to 2022-08-10T05:57:40.753455+00:00
[2022-08-10 11:57:40,756] {processor.py:171} INFO - Processing /Library/Frameworks/Python.framework/Versions/3.10/lib/python3.10/site-packages/airflow/example_dags/example_latest_only_with_trigger.py took 0.038 seconds
[2022-08-10 11:58:21,175] {processor.py:163} INFO - Started process (PID=68595) to work on /Library/Frameworks/Python.framework/Versions/3.10/lib/python3.10/site-packages/airflow/example_dags/example_latest_only_with_trigger.py
[2022-08-10 11:58:21,176] {processor.py:642} INFO - Processing file /Library/Frameworks/Python.framework/Versions/3.10/lib/python3.10/site-packages/airflow/example_dags/example_latest_only_with_trigger.py for tasks to queue
[2022-08-10 11:58:21,176] {logging_mixin.py:109} INFO - [2022-08-10 11:58:21,176] {dagbag.py:500} INFO - Filling up the DagBag from /Library/Frameworks/Python.framework/Versions/3.10/lib/python3.10/site-packages/airflow/example_dags/example_latest_only_with_trigger.py
[2022-08-10 11:58:21,180] {processor.py:652} INFO - DAG(s) dict_keys(['latest_only_with_trigger']) retrieved from /Library/Frameworks/Python.framework/Versions/3.10/lib/python3.10/site-packages/airflow/example_dags/example_latest_only_with_trigger.py
[2022-08-10 11:58:21,192] {logging_mixin.py:109} INFO - [2022-08-10 11:58:21,192] {dag.py:2398} INFO - Sync 1 DAGs
[2022-08-10 11:58:21,208] {logging_mixin.py:109} INFO - [2022-08-10 11:58:21,208] {dag.py:2937} INFO - Setting next_dagrun for latest_only_with_trigger to 2022-08-10T05:58:21.208889+00:00
[2022-08-10 11:58:21,211] {processor.py:171} INFO - Processing /Library/Frameworks/Python.framework/Versions/3.10/lib/python3.10/site-packages/airflow/example_dags/example_latest_only_with_trigger.py took 0.036 seconds
[2022-08-10 11:59:02,768] {processor.py:163} INFO - Started process (PID=68817) to work on /Library/Frameworks/Python.framework/Versions/3.10/lib/python3.10/site-packages/airflow/example_dags/example_latest_only_with_trigger.py
[2022-08-10 11:59:02,768] {processor.py:642} INFO - Processing file /Library/Frameworks/Python.framework/Versions/3.10/lib/python3.10/site-packages/airflow/example_dags/example_latest_only_with_trigger.py for tasks to queue
[2022-08-10 11:59:02,768] {logging_mixin.py:109} INFO - [2022-08-10 11:59:02,768] {dagbag.py:500} INFO - Filling up the DagBag from /Library/Frameworks/Python.framework/Versions/3.10/lib/python3.10/site-packages/airflow/example_dags/example_latest_only_with_trigger.py
[2022-08-10 11:59:02,773] {processor.py:652} INFO - DAG(s) dict_keys(['latest_only_with_trigger']) retrieved from /Library/Frameworks/Python.framework/Versions/3.10/lib/python3.10/site-packages/airflow/example_dags/example_latest_only_with_trigger.py
[2022-08-10 11:59:02,785] {logging_mixin.py:109} INFO - [2022-08-10 11:59:02,785] {dag.py:2398} INFO - Sync 1 DAGs
[2022-08-10 11:59:02,802] {logging_mixin.py:109} INFO - [2022-08-10 11:59:02,802] {dag.py:2937} INFO - Setting next_dagrun for latest_only_with_trigger to 2022-08-10T05:59:02.802173+00:00
[2022-08-10 11:59:02,804] {processor.py:171} INFO - Processing /Library/Frameworks/Python.framework/Versions/3.10/lib/python3.10/site-packages/airflow/example_dags/example_latest_only_with_trigger.py took 0.037 seconds
[2022-08-10 11:59:42,360] {processor.py:163} INFO - Started process (PID=69033) to work on /Library/Frameworks/Python.framework/Versions/3.10/lib/python3.10/site-packages/airflow/example_dags/example_latest_only_with_trigger.py
[2022-08-10 11:59:42,360] {processor.py:642} INFO - Processing file /Library/Frameworks/Python.framework/Versions/3.10/lib/python3.10/site-packages/airflow/example_dags/example_latest_only_with_trigger.py for tasks to queue
[2022-08-10 11:59:42,360] {logging_mixin.py:109} INFO - [2022-08-10 11:59:42,360] {dagbag.py:500} INFO - Filling up the DagBag from /Library/Frameworks/Python.framework/Versions/3.10/lib/python3.10/site-packages/airflow/example_dags/example_latest_only_with_trigger.py
[2022-08-10 11:59:42,364] {processor.py:652} INFO - DAG(s) dict_keys(['latest_only_with_trigger']) retrieved from /Library/Frameworks/Python.framework/Versions/3.10/lib/python3.10/site-packages/airflow/example_dags/example_latest_only_with_trigger.py
[2022-08-10 11:59:42,376] {logging_mixin.py:109} INFO - [2022-08-10 11:59:42,376] {dag.py:2398} INFO - Sync 1 DAGs
[2022-08-10 11:59:42,393] {logging_mixin.py:109} INFO - [2022-08-10 11:59:42,393] {dag.py:2937} INFO - Setting next_dagrun for latest_only_with_trigger to 2022-08-10T05:59:42.392959+00:00
[2022-08-10 11:59:42,395] {processor.py:171} INFO - Processing /Library/Frameworks/Python.framework/Versions/3.10/lib/python3.10/site-packages/airflow/example_dags/example_latest_only_with_trigger.py took 0.036 seconds
[2022-08-10 12:00:33,739] {processor.py:163} INFO - Started process (PID=69304) to work on /Library/Frameworks/Python.framework/Versions/3.10/lib/python3.10/site-packages/airflow/example_dags/example_latest_only_with_trigger.py
[2022-08-10 12:00:33,739] {processor.py:642} INFO - Processing file /Library/Frameworks/Python.framework/Versions/3.10/lib/python3.10/site-packages/airflow/example_dags/example_latest_only_with_trigger.py for tasks to queue
[2022-08-10 12:00:33,739] {logging_mixin.py:109} INFO - [2022-08-10 12:00:33,739] {dagbag.py:500} INFO - Filling up the DagBag from /Library/Frameworks/Python.framework/Versions/3.10/lib/python3.10/site-packages/airflow/example_dags/example_latest_only_with_trigger.py
[2022-08-10 12:00:33,743] {processor.py:652} INFO - DAG(s) dict_keys(['latest_only_with_trigger']) retrieved from /Library/Frameworks/Python.framework/Versions/3.10/lib/python3.10/site-packages/airflow/example_dags/example_latest_only_with_trigger.py
[2022-08-10 12:00:33,755] {logging_mixin.py:109} INFO - [2022-08-10 12:00:33,755] {dag.py:2398} INFO - Sync 1 DAGs
[2022-08-10 12:00:33,772] {logging_mixin.py:109} INFO - [2022-08-10 12:00:33,772] {dag.py:2937} INFO - Setting next_dagrun for latest_only_with_trigger to 2022-08-10T06:00:33.772353+00:00
[2022-08-10 12:00:33,775] {processor.py:171} INFO - Processing /Library/Frameworks/Python.framework/Versions/3.10/lib/python3.10/site-packages/airflow/example_dags/example_latest_only_with_trigger.py took 0.036 seconds
[2022-08-10 12:01:14,731] {processor.py:163} INFO - Started process (PID=69518) to work on /Library/Frameworks/Python.framework/Versions/3.10/lib/python3.10/site-packages/airflow/example_dags/example_latest_only_with_trigger.py
[2022-08-10 12:01:14,732] {processor.py:642} INFO - Processing file /Library/Frameworks/Python.framework/Versions/3.10/lib/python3.10/site-packages/airflow/example_dags/example_latest_only_with_trigger.py for tasks to queue
[2022-08-10 12:01:14,732] {logging_mixin.py:109} INFO - [2022-08-10 12:01:14,732] {dagbag.py:500} INFO - Filling up the DagBag from /Library/Frameworks/Python.framework/Versions/3.10/lib/python3.10/site-packages/airflow/example_dags/example_latest_only_with_trigger.py
[2022-08-10 12:01:14,736] {processor.py:652} INFO - DAG(s) dict_keys(['latest_only_with_trigger']) retrieved from /Library/Frameworks/Python.framework/Versions/3.10/lib/python3.10/site-packages/airflow/example_dags/example_latest_only_with_trigger.py
[2022-08-10 12:01:14,750] {logging_mixin.py:109} INFO - [2022-08-10 12:01:14,750] {dag.py:2398} INFO - Sync 1 DAGs
[2022-08-10 12:01:14,777] {logging_mixin.py:109} INFO - [2022-08-10 12:01:14,777] {dag.py:2937} INFO - Setting next_dagrun for latest_only_with_trigger to 2022-08-10T06:01:14.777472+00:00
[2022-08-10 12:01:14,780] {processor.py:171} INFO - Processing /Library/Frameworks/Python.framework/Versions/3.10/lib/python3.10/site-packages/airflow/example_dags/example_latest_only_with_trigger.py took 0.049 seconds
[2022-08-10 12:02:05,359] {processor.py:163} INFO - Started process (PID=69891) to work on /Library/Frameworks/Python.framework/Versions/3.10/lib/python3.10/site-packages/airflow/example_dags/example_latest_only_with_trigger.py
[2022-08-10 12:02:05,359] {processor.py:642} INFO - Processing file /Library/Frameworks/Python.framework/Versions/3.10/lib/python3.10/site-packages/airflow/example_dags/example_latest_only_with_trigger.py for tasks to queue
[2022-08-10 12:02:05,359] {logging_mixin.py:109} INFO - [2022-08-10 12:02:05,359] {dagbag.py:500} INFO - Filling up the DagBag from /Library/Frameworks/Python.framework/Versions/3.10/lib/python3.10/site-packages/airflow/example_dags/example_latest_only_with_trigger.py
[2022-08-10 12:02:05,364] {processor.py:652} INFO - DAG(s) dict_keys(['latest_only_with_trigger']) retrieved from /Library/Frameworks/Python.framework/Versions/3.10/lib/python3.10/site-packages/airflow/example_dags/example_latest_only_with_trigger.py
[2022-08-10 12:02:05,375] {logging_mixin.py:109} INFO - [2022-08-10 12:02:05,375] {dag.py:2398} INFO - Sync 1 DAGs
[2022-08-10 12:02:05,392] {logging_mixin.py:109} INFO - [2022-08-10 12:02:05,392] {dag.py:2937} INFO - Setting next_dagrun for latest_only_with_trigger to 2022-08-10T06:02:05.392767+00:00
[2022-08-10 12:02:05,395] {processor.py:171} INFO - Processing /Library/Frameworks/Python.framework/Versions/3.10/lib/python3.10/site-packages/airflow/example_dags/example_latest_only_with_trigger.py took 0.036 seconds
