[2022-08-10 11:46:27,447] {processor.py:163} INFO - Started process (PID=66434) to work on /Library/Frameworks/Python.framework/Versions/3.10/lib/python3.10/site-packages/airflow/example_dags/example_branch_datetime_operator.py
[2022-08-10 11:46:27,447] {processor.py:642} INFO - Processing file /Library/Frameworks/Python.framework/Versions/3.10/lib/python3.10/site-packages/airflow/example_dags/example_branch_datetime_operator.py for tasks to queue
[2022-08-10 11:46:27,447] {logging_mixin.py:109} INFO - [2022-08-10 11:46:27,447] {dagbag.py:500} INFO - Filling up the DagBag from /Library/Frameworks/Python.framework/Versions/3.10/lib/python3.10/site-packages/airflow/example_dags/example_branch_datetime_operator.py
[2022-08-10 11:46:27,452] {processor.py:652} INFO - DAG(s) dict_keys(['example_branch_datetime_operator_2']) retrieved from /Library/Frameworks/Python.framework/Versions/3.10/lib/python3.10/site-packages/airflow/example_dags/example_branch_datetime_operator.py
[2022-08-10 11:46:27,464] {logging_mixin.py:109} INFO - [2022-08-10 11:46:27,464] {dag.py:2398} INFO - Sync 1 DAGs
[2022-08-10 11:46:27,481] {logging_mixin.py:109} INFO - [2022-08-10 11:46:27,481] {dag.py:2937} INFO - Setting next_dagrun for example_branch_datetime_operator_2 to 2022-08-09 00:00:00+00:00
[2022-08-10 11:46:27,484] {processor.py:171} INFO - Processing /Library/Frameworks/Python.framework/Versions/3.10/lib/python3.10/site-packages/airflow/example_dags/example_branch_datetime_operator.py took 0.037 seconds
[2022-08-10 11:52:22,002] {processor.py:163} INFO - Started process (PID=66731) to work on /Library/Frameworks/Python.framework/Versions/3.10/lib/python3.10/site-packages/airflow/example_dags/example_branch_datetime_operator.py
[2022-08-10 11:52:22,005] {processor.py:642} INFO - Processing file /Library/Frameworks/Python.framework/Versions/3.10/lib/python3.10/site-packages/airflow/example_dags/example_branch_datetime_operator.py for tasks to queue
[2022-08-10 11:52:22,005] {logging_mixin.py:109} INFO - [2022-08-10 11:52:22,005] {dagbag.py:500} INFO - Filling up the DagBag from /Library/Frameworks/Python.framework/Versions/3.10/lib/python3.10/site-packages/airflow/example_dags/example_branch_datetime_operator.py
[2022-08-10 11:52:22,011] {processor.py:652} INFO - DAG(s) dict_keys(['example_branch_datetime_operator_2']) retrieved from /Library/Frameworks/Python.framework/Versions/3.10/lib/python3.10/site-packages/airflow/example_dags/example_branch_datetime_operator.py
[2022-08-10 11:52:22,051] {logging_mixin.py:109} INFO - [2022-08-10 11:52:22,051] {dag.py:2398} INFO - Sync 1 DAGs
[2022-08-10 11:52:22,128] {logging_mixin.py:109} INFO - [2022-08-10 11:52:22,128] {dag.py:2937} INFO - Setting next_dagrun for example_branch_datetime_operator_2 to 2022-08-09 00:00:00+00:00
[2022-08-10 11:52:22,131] {processor.py:171} INFO - Processing /Library/Frameworks/Python.framework/Versions/3.10/lib/python3.10/site-packages/airflow/example_dags/example_branch_datetime_operator.py took 0.130 seconds
[2022-08-10 11:53:35,580] {processor.py:163} INFO - Started process (PID=67003) to work on /Library/Frameworks/Python.framework/Versions/3.10/lib/python3.10/site-packages/airflow/example_dags/example_branch_datetime_operator.py
[2022-08-10 11:53:35,580] {processor.py:642} INFO - Processing file /Library/Frameworks/Python.framework/Versions/3.10/lib/python3.10/site-packages/airflow/example_dags/example_branch_datetime_operator.py for tasks to queue
[2022-08-10 11:53:35,580] {logging_mixin.py:109} INFO - [2022-08-10 11:53:35,580] {dagbag.py:500} INFO - Filling up the DagBag from /Library/Frameworks/Python.framework/Versions/3.10/lib/python3.10/site-packages/airflow/example_dags/example_branch_datetime_operator.py
[2022-08-10 11:53:35,585] {processor.py:652} INFO - DAG(s) dict_keys(['example_branch_datetime_operator_2']) retrieved from /Library/Frameworks/Python.framework/Versions/3.10/lib/python3.10/site-packages/airflow/example_dags/example_branch_datetime_operator.py
[2022-08-10 11:53:35,596] {logging_mixin.py:109} INFO - [2022-08-10 11:53:35,596] {dag.py:2398} INFO - Sync 1 DAGs
[2022-08-10 11:53:35,614] {logging_mixin.py:109} INFO - [2022-08-10 11:53:35,614] {dag.py:2937} INFO - Setting next_dagrun for example_branch_datetime_operator_2 to 2022-08-09 00:00:00+00:00
[2022-08-10 11:53:35,617] {processor.py:171} INFO - Processing /Library/Frameworks/Python.framework/Versions/3.10/lib/python3.10/site-packages/airflow/example_dags/example_branch_datetime_operator.py took 0.037 seconds
[2022-08-10 11:54:29,649] {processor.py:163} INFO - Started process (PID=67339) to work on /Library/Frameworks/Python.framework/Versions/3.10/lib/python3.10/site-packages/airflow/example_dags/example_branch_datetime_operator.py
[2022-08-10 11:54:29,649] {processor.py:642} INFO - Processing file /Library/Frameworks/Python.framework/Versions/3.10/lib/python3.10/site-packages/airflow/example_dags/example_branch_datetime_operator.py for tasks to queue
[2022-08-10 11:54:29,649] {logging_mixin.py:109} INFO - [2022-08-10 11:54:29,649] {dagbag.py:500} INFO - Filling up the DagBag from /Library/Frameworks/Python.framework/Versions/3.10/lib/python3.10/site-packages/airflow/example_dags/example_branch_datetime_operator.py
[2022-08-10 11:54:29,654] {processor.py:652} INFO - DAG(s) dict_keys(['example_branch_datetime_operator_2']) retrieved from /Library/Frameworks/Python.framework/Versions/3.10/lib/python3.10/site-packages/airflow/example_dags/example_branch_datetime_operator.py
[2022-08-10 11:54:29,666] {logging_mixin.py:109} INFO - [2022-08-10 11:54:29,666] {dag.py:2398} INFO - Sync 1 DAGs
[2022-08-10 11:54:29,684] {logging_mixin.py:109} INFO - [2022-08-10 11:54:29,684] {dag.py:2937} INFO - Setting next_dagrun for example_branch_datetime_operator_2 to 2022-08-09 00:00:00+00:00
[2022-08-10 11:54:29,687] {processor.py:171} INFO - Processing /Library/Frameworks/Python.framework/Versions/3.10/lib/python3.10/site-packages/airflow/example_dags/example_branch_datetime_operator.py took 0.039 seconds
[2022-08-10 11:55:21,167] {processor.py:163} INFO - Started process (PID=67613) to work on /Library/Frameworks/Python.framework/Versions/3.10/lib/python3.10/site-packages/airflow/example_dags/example_branch_datetime_operator.py
[2022-08-10 11:55:21,167] {processor.py:642} INFO - Processing file /Library/Frameworks/Python.framework/Versions/3.10/lib/python3.10/site-packages/airflow/example_dags/example_branch_datetime_operator.py for tasks to queue
[2022-08-10 11:55:21,168] {logging_mixin.py:109} INFO - [2022-08-10 11:55:21,168] {dagbag.py:500} INFO - Filling up the DagBag from /Library/Frameworks/Python.framework/Versions/3.10/lib/python3.10/site-packages/airflow/example_dags/example_branch_datetime_operator.py
[2022-08-10 11:55:21,172] {processor.py:652} INFO - DAG(s) dict_keys(['example_branch_datetime_operator_2']) retrieved from /Library/Frameworks/Python.framework/Versions/3.10/lib/python3.10/site-packages/airflow/example_dags/example_branch_datetime_operator.py
[2022-08-10 11:55:21,184] {logging_mixin.py:109} INFO - [2022-08-10 11:55:21,184] {dag.py:2398} INFO - Sync 1 DAGs
[2022-08-10 11:55:21,201] {logging_mixin.py:109} INFO - [2022-08-10 11:55:21,201] {dag.py:2937} INFO - Setting next_dagrun for example_branch_datetime_operator_2 to 2022-08-09 00:00:00+00:00
[2022-08-10 11:55:21,204] {processor.py:171} INFO - Processing /Library/Frameworks/Python.framework/Versions/3.10/lib/python3.10/site-packages/airflow/example_dags/example_branch_datetime_operator.py took 0.037 seconds
[2022-08-10 11:56:14,721] {processor.py:163} INFO - Started process (PID=67927) to work on /Library/Frameworks/Python.framework/Versions/3.10/lib/python3.10/site-packages/airflow/example_dags/example_branch_datetime_operator.py
[2022-08-10 11:56:14,721] {processor.py:642} INFO - Processing file /Library/Frameworks/Python.framework/Versions/3.10/lib/python3.10/site-packages/airflow/example_dags/example_branch_datetime_operator.py for tasks to queue
[2022-08-10 11:56:14,722] {logging_mixin.py:109} INFO - [2022-08-10 11:56:14,722] {dagbag.py:500} INFO - Filling up the DagBag from /Library/Frameworks/Python.framework/Versions/3.10/lib/python3.10/site-packages/airflow/example_dags/example_branch_datetime_operator.py
[2022-08-10 11:56:14,726] {processor.py:652} INFO - DAG(s) dict_keys(['example_branch_datetime_operator_2']) retrieved from /Library/Frameworks/Python.framework/Versions/3.10/lib/python3.10/site-packages/airflow/example_dags/example_branch_datetime_operator.py
[2022-08-10 11:56:14,738] {logging_mixin.py:109} INFO - [2022-08-10 11:56:14,738] {dag.py:2398} INFO - Sync 1 DAGs
[2022-08-10 11:56:14,756] {logging_mixin.py:109} INFO - [2022-08-10 11:56:14,756] {dag.py:2937} INFO - Setting next_dagrun for example_branch_datetime_operator_2 to 2022-08-09 00:00:00+00:00
[2022-08-10 11:56:14,759] {processor.py:171} INFO - Processing /Library/Frameworks/Python.framework/Versions/3.10/lib/python3.10/site-packages/airflow/example_dags/example_branch_datetime_operator.py took 0.038 seconds
[2022-08-10 11:57:05,697] {processor.py:163} INFO - Started process (PID=68197) to work on /Library/Frameworks/Python.framework/Versions/3.10/lib/python3.10/site-packages/airflow/example_dags/example_branch_datetime_operator.py
[2022-08-10 11:57:05,698] {processor.py:642} INFO - Processing file /Library/Frameworks/Python.framework/Versions/3.10/lib/python3.10/site-packages/airflow/example_dags/example_branch_datetime_operator.py for tasks to queue
[2022-08-10 11:57:05,698] {logging_mixin.py:109} INFO - [2022-08-10 11:57:05,698] {dagbag.py:500} INFO - Filling up the DagBag from /Library/Frameworks/Python.framework/Versions/3.10/lib/python3.10/site-packages/airflow/example_dags/example_branch_datetime_operator.py
[2022-08-10 11:57:05,702] {processor.py:652} INFO - DAG(s) dict_keys(['example_branch_datetime_operator_2']) retrieved from /Library/Frameworks/Python.framework/Versions/3.10/lib/python3.10/site-packages/airflow/example_dags/example_branch_datetime_operator.py
[2022-08-10 11:57:05,714] {logging_mixin.py:109} INFO - [2022-08-10 11:57:05,714] {dag.py:2398} INFO - Sync 1 DAGs
[2022-08-10 11:57:05,732] {logging_mixin.py:109} INFO - [2022-08-10 11:57:05,732] {dag.py:2937} INFO - Setting next_dagrun for example_branch_datetime_operator_2 to 2022-08-09 00:00:00+00:00
[2022-08-10 11:57:05,735] {processor.py:171} INFO - Processing /Library/Frameworks/Python.framework/Versions/3.10/lib/python3.10/site-packages/airflow/example_dags/example_branch_datetime_operator.py took 0.038 seconds
[2022-08-10 11:57:55,748] {processor.py:163} INFO - Started process (PID=68459) to work on /Library/Frameworks/Python.framework/Versions/3.10/lib/python3.10/site-packages/airflow/example_dags/example_branch_datetime_operator.py
[2022-08-10 11:57:55,748] {processor.py:642} INFO - Processing file /Library/Frameworks/Python.framework/Versions/3.10/lib/python3.10/site-packages/airflow/example_dags/example_branch_datetime_operator.py for tasks to queue
[2022-08-10 11:57:55,748] {logging_mixin.py:109} INFO - [2022-08-10 11:57:55,748] {dagbag.py:500} INFO - Filling up the DagBag from /Library/Frameworks/Python.framework/Versions/3.10/lib/python3.10/site-packages/airflow/example_dags/example_branch_datetime_operator.py
[2022-08-10 11:57:55,753] {processor.py:652} INFO - DAG(s) dict_keys(['example_branch_datetime_operator_2']) retrieved from /Library/Frameworks/Python.framework/Versions/3.10/lib/python3.10/site-packages/airflow/example_dags/example_branch_datetime_operator.py
[2022-08-10 11:57:55,765] {logging_mixin.py:109} INFO - [2022-08-10 11:57:55,765] {dag.py:2398} INFO - Sync 1 DAGs
[2022-08-10 11:57:55,782] {logging_mixin.py:109} INFO - [2022-08-10 11:57:55,782] {dag.py:2937} INFO - Setting next_dagrun for example_branch_datetime_operator_2 to 2022-08-09 00:00:00+00:00
[2022-08-10 11:57:55,785] {processor.py:171} INFO - Processing /Library/Frameworks/Python.framework/Versions/3.10/lib/python3.10/site-packages/airflow/example_dags/example_branch_datetime_operator.py took 0.037 seconds
[2022-08-10 11:58:39,189] {processor.py:163} INFO - Started process (PID=68689) to work on /Library/Frameworks/Python.framework/Versions/3.10/lib/python3.10/site-packages/airflow/example_dags/example_branch_datetime_operator.py
[2022-08-10 11:58:39,189] {processor.py:642} INFO - Processing file /Library/Frameworks/Python.framework/Versions/3.10/lib/python3.10/site-packages/airflow/example_dags/example_branch_datetime_operator.py for tasks to queue
[2022-08-10 11:58:39,190] {logging_mixin.py:109} INFO - [2022-08-10 11:58:39,189] {dagbag.py:500} INFO - Filling up the DagBag from /Library/Frameworks/Python.framework/Versions/3.10/lib/python3.10/site-packages/airflow/example_dags/example_branch_datetime_operator.py
[2022-08-10 11:58:39,194] {processor.py:652} INFO - DAG(s) dict_keys(['example_branch_datetime_operator_2']) retrieved from /Library/Frameworks/Python.framework/Versions/3.10/lib/python3.10/site-packages/airflow/example_dags/example_branch_datetime_operator.py
[2022-08-10 11:58:39,206] {logging_mixin.py:109} INFO - [2022-08-10 11:58:39,206] {dag.py:2398} INFO - Sync 1 DAGs
[2022-08-10 11:58:39,224] {logging_mixin.py:109} INFO - [2022-08-10 11:58:39,224] {dag.py:2937} INFO - Setting next_dagrun for example_branch_datetime_operator_2 to 2022-08-09 00:00:00+00:00
[2022-08-10 11:58:39,226] {processor.py:171} INFO - Processing /Library/Frameworks/Python.framework/Versions/3.10/lib/python3.10/site-packages/airflow/example_dags/example_branch_datetime_operator.py took 0.038 seconds
[2022-08-10 11:59:33,065] {processor.py:163} INFO - Started process (PID=68980) to work on /Library/Frameworks/Python.framework/Versions/3.10/lib/python3.10/site-packages/airflow/example_dags/example_branch_datetime_operator.py
[2022-08-10 11:59:33,065] {processor.py:642} INFO - Processing file /Library/Frameworks/Python.framework/Versions/3.10/lib/python3.10/site-packages/airflow/example_dags/example_branch_datetime_operator.py for tasks to queue
[2022-08-10 11:59:33,066] {logging_mixin.py:109} INFO - [2022-08-10 11:59:33,066] {dagbag.py:500} INFO - Filling up the DagBag from /Library/Frameworks/Python.framework/Versions/3.10/lib/python3.10/site-packages/airflow/example_dags/example_branch_datetime_operator.py
[2022-08-10 11:59:33,071] {processor.py:652} INFO - DAG(s) dict_keys(['example_branch_datetime_operator_2']) retrieved from /Library/Frameworks/Python.framework/Versions/3.10/lib/python3.10/site-packages/airflow/example_dags/example_branch_datetime_operator.py
[2022-08-10 11:59:33,084] {logging_mixin.py:109} INFO - [2022-08-10 11:59:33,084] {dag.py:2398} INFO - Sync 1 DAGs
[2022-08-10 11:59:33,105] {logging_mixin.py:109} INFO - [2022-08-10 11:59:33,105] {dag.py:2937} INFO - Setting next_dagrun for example_branch_datetime_operator_2 to 2022-08-09 00:00:00+00:00
[2022-08-10 11:59:33,108] {processor.py:171} INFO - Processing /Library/Frameworks/Python.framework/Versions/3.10/lib/python3.10/site-packages/airflow/example_dags/example_branch_datetime_operator.py took 0.043 seconds
[2022-08-10 12:00:24,260] {processor.py:163} INFO - Started process (PID=69252) to work on /Library/Frameworks/Python.framework/Versions/3.10/lib/python3.10/site-packages/airflow/example_dags/example_branch_datetime_operator.py
[2022-08-10 12:00:24,260] {processor.py:642} INFO - Processing file /Library/Frameworks/Python.framework/Versions/3.10/lib/python3.10/site-packages/airflow/example_dags/example_branch_datetime_operator.py for tasks to queue
[2022-08-10 12:00:24,260] {logging_mixin.py:109} INFO - [2022-08-10 12:00:24,260] {dagbag.py:500} INFO - Filling up the DagBag from /Library/Frameworks/Python.framework/Versions/3.10/lib/python3.10/site-packages/airflow/example_dags/example_branch_datetime_operator.py
[2022-08-10 12:00:24,265] {processor.py:652} INFO - DAG(s) dict_keys(['example_branch_datetime_operator_2']) retrieved from /Library/Frameworks/Python.framework/Versions/3.10/lib/python3.10/site-packages/airflow/example_dags/example_branch_datetime_operator.py
[2022-08-10 12:00:24,277] {logging_mixin.py:109} INFO - [2022-08-10 12:00:24,277] {dag.py:2398} INFO - Sync 1 DAGs
[2022-08-10 12:00:24,294] {logging_mixin.py:109} INFO - [2022-08-10 12:00:24,294] {dag.py:2937} INFO - Setting next_dagrun for example_branch_datetime_operator_2 to 2022-08-09 00:00:00+00:00
[2022-08-10 12:00:24,296] {processor.py:171} INFO - Processing /Library/Frameworks/Python.framework/Versions/3.10/lib/python3.10/site-packages/airflow/example_dags/example_branch_datetime_operator.py took 0.037 seconds
[2022-08-10 12:01:18,659] {processor.py:163} INFO - Started process (PID=69552) to work on /Library/Frameworks/Python.framework/Versions/3.10/lib/python3.10/site-packages/airflow/example_dags/example_branch_datetime_operator.py
[2022-08-10 12:01:18,659] {processor.py:642} INFO - Processing file /Library/Frameworks/Python.framework/Versions/3.10/lib/python3.10/site-packages/airflow/example_dags/example_branch_datetime_operator.py for tasks to queue
[2022-08-10 12:01:18,659] {logging_mixin.py:109} INFO - [2022-08-10 12:01:18,659] {dagbag.py:500} INFO - Filling up the DagBag from /Library/Frameworks/Python.framework/Versions/3.10/lib/python3.10/site-packages/airflow/example_dags/example_branch_datetime_operator.py
[2022-08-10 12:01:18,664] {processor.py:652} INFO - DAG(s) dict_keys(['example_branch_datetime_operator_2']) retrieved from /Library/Frameworks/Python.framework/Versions/3.10/lib/python3.10/site-packages/airflow/example_dags/example_branch_datetime_operator.py
[2022-08-10 12:01:18,675] {logging_mixin.py:109} INFO - [2022-08-10 12:01:18,675] {dag.py:2398} INFO - Sync 1 DAGs
[2022-08-10 12:01:18,692] {logging_mixin.py:109} INFO - [2022-08-10 12:01:18,692] {dag.py:2937} INFO - Setting next_dagrun for example_branch_datetime_operator_2 to 2022-08-09 00:00:00+00:00
[2022-08-10 12:01:18,695] {processor.py:171} INFO - Processing /Library/Frameworks/Python.framework/Versions/3.10/lib/python3.10/site-packages/airflow/example_dags/example_branch_datetime_operator.py took 0.036 seconds
[2022-08-10 12:02:09,363] {processor.py:163} INFO - Started process (PID=69914) to work on /Library/Frameworks/Python.framework/Versions/3.10/lib/python3.10/site-packages/airflow/example_dags/example_branch_datetime_operator.py
[2022-08-10 12:02:09,363] {processor.py:642} INFO - Processing file /Library/Frameworks/Python.framework/Versions/3.10/lib/python3.10/site-packages/airflow/example_dags/example_branch_datetime_operator.py for tasks to queue
[2022-08-10 12:02:09,364] {logging_mixin.py:109} INFO - [2022-08-10 12:02:09,364] {dagbag.py:500} INFO - Filling up the DagBag from /Library/Frameworks/Python.framework/Versions/3.10/lib/python3.10/site-packages/airflow/example_dags/example_branch_datetime_operator.py
[2022-08-10 12:02:09,368] {processor.py:652} INFO - DAG(s) dict_keys(['example_branch_datetime_operator_2']) retrieved from /Library/Frameworks/Python.framework/Versions/3.10/lib/python3.10/site-packages/airflow/example_dags/example_branch_datetime_operator.py
[2022-08-10 12:02:09,379] {logging_mixin.py:109} INFO - [2022-08-10 12:02:09,379] {dag.py:2398} INFO - Sync 1 DAGs
[2022-08-10 12:02:09,396] {logging_mixin.py:109} INFO - [2022-08-10 12:02:09,396] {dag.py:2937} INFO - Setting next_dagrun for example_branch_datetime_operator_2 to 2022-08-09 00:00:00+00:00
[2022-08-10 12:02:09,399] {processor.py:171} INFO - Processing /Library/Frameworks/Python.framework/Versions/3.10/lib/python3.10/site-packages/airflow/example_dags/example_branch_datetime_operator.py took 0.036 seconds
