[2022-08-10 11:45:54,611] {processor.py:163} INFO - Started process (PID=66275) to work on /Library/Frameworks/Python.framework/Versions/3.10/lib/python3.10/site-packages/airflow/example_dags/tutorial.py
[2022-08-10 11:45:54,611] {processor.py:642} INFO - Processing file /Library/Frameworks/Python.framework/Versions/3.10/lib/python3.10/site-packages/airflow/example_dags/tutorial.py for tasks to queue
[2022-08-10 11:45:54,611] {logging_mixin.py:109} INFO - [2022-08-10 11:45:54,611] {dagbag.py:500} INFO - Filling up the DagBag from /Library/Frameworks/Python.framework/Versions/3.10/lib/python3.10/site-packages/airflow/example_dags/tutorial.py
[2022-08-10 11:45:54,615] {processor.py:652} INFO - DAG(s) dict_keys(['tutorial']) retrieved from /Library/Frameworks/Python.framework/Versions/3.10/lib/python3.10/site-packages/airflow/example_dags/tutorial.py
[2022-08-10 11:45:54,620] {logging_mixin.py:109} INFO - [2022-08-10 11:45:54,620] {dag.py:2398} INFO - Sync 1 DAGs
[2022-08-10 11:45:54,643] {logging_mixin.py:109} INFO - [2022-08-10 11:45:54,643] {dag.py:2937} INFO - Setting next_dagrun for tutorial to 2022-08-09T09:45:54.643761+00:00
[2022-08-10 11:45:54,646] {processor.py:171} INFO - Processing /Library/Frameworks/Python.framework/Versions/3.10/lib/python3.10/site-packages/airflow/example_dags/tutorial.py took 0.035 seconds
[2022-08-10 11:46:36,976] {processor.py:163} INFO - Started process (PID=66507) to work on /Library/Frameworks/Python.framework/Versions/3.10/lib/python3.10/site-packages/airflow/example_dags/tutorial.py
[2022-08-10 11:46:36,976] {processor.py:642} INFO - Processing file /Library/Frameworks/Python.framework/Versions/3.10/lib/python3.10/site-packages/airflow/example_dags/tutorial.py for tasks to queue
[2022-08-10 11:46:36,978] {logging_mixin.py:109} INFO - [2022-08-10 11:46:36,978] {dagbag.py:500} INFO - Filling up the DagBag from /Library/Frameworks/Python.framework/Versions/3.10/lib/python3.10/site-packages/airflow/example_dags/tutorial.py
[2022-08-10 11:46:36,983] {processor.py:652} INFO - DAG(s) dict_keys(['tutorial']) retrieved from /Library/Frameworks/Python.framework/Versions/3.10/lib/python3.10/site-packages/airflow/example_dags/tutorial.py
[2022-08-10 11:46:36,997] {logging_mixin.py:109} INFO - [2022-08-10 11:46:36,997] {dag.py:2398} INFO - Sync 1 DAGs
[2022-08-10 11:46:37,017] {logging_mixin.py:109} INFO - [2022-08-10 11:46:37,017] {dag.py:2937} INFO - Setting next_dagrun for tutorial to 2022-08-09T09:46:37.017401+00:00
[2022-08-10 11:46:37,021] {processor.py:171} INFO - Processing /Library/Frameworks/Python.framework/Versions/3.10/lib/python3.10/site-packages/airflow/example_dags/tutorial.py took 0.046 seconds
[2022-08-10 11:47:15,314] {processor.py:163} INFO - Started process (PID=66706) to work on /Library/Frameworks/Python.framework/Versions/3.10/lib/python3.10/site-packages/airflow/example_dags/tutorial.py
[2022-08-10 11:47:15,316] {processor.py:642} INFO - Processing file /Library/Frameworks/Python.framework/Versions/3.10/lib/python3.10/site-packages/airflow/example_dags/tutorial.py for tasks to queue
[2022-08-10 11:47:15,316] {logging_mixin.py:109} INFO - [2022-08-10 11:47:15,316] {dagbag.py:500} INFO - Filling up the DagBag from /Library/Frameworks/Python.framework/Versions/3.10/lib/python3.10/site-packages/airflow/example_dags/tutorial.py
[2022-08-10 11:47:15,321] {processor.py:652} INFO - DAG(s) dict_keys(['tutorial']) retrieved from /Library/Frameworks/Python.framework/Versions/3.10/lib/python3.10/site-packages/airflow/example_dags/tutorial.py
[2022-08-10 11:47:15,333] {logging_mixin.py:109} INFO - [2022-08-10 11:47:15,333] {dag.py:2398} INFO - Sync 1 DAGs
[2022-08-10 11:47:15,350] {logging_mixin.py:109} INFO - [2022-08-10 11:47:15,350] {dag.py:2937} INFO - Setting next_dagrun for tutorial to 2022-08-09T09:47:15.350617+00:00
[2022-08-10 11:47:15,353] {processor.py:171} INFO - Processing /Library/Frameworks/Python.framework/Versions/3.10/lib/python3.10/site-packages/airflow/example_dags/tutorial.py took 0.039 seconds
[2022-08-10 11:52:53,177] {processor.py:163} INFO - Started process (PID=66792) to work on /Library/Frameworks/Python.framework/Versions/3.10/lib/python3.10/site-packages/airflow/example_dags/tutorial.py
[2022-08-10 11:52:53,177] {processor.py:642} INFO - Processing file /Library/Frameworks/Python.framework/Versions/3.10/lib/python3.10/site-packages/airflow/example_dags/tutorial.py for tasks to queue
[2022-08-10 11:52:53,177] {logging_mixin.py:109} INFO - [2022-08-10 11:52:53,177] {dagbag.py:500} INFO - Filling up the DagBag from /Library/Frameworks/Python.framework/Versions/3.10/lib/python3.10/site-packages/airflow/example_dags/tutorial.py
[2022-08-10 11:52:53,181] {processor.py:652} INFO - DAG(s) dict_keys(['tutorial']) retrieved from /Library/Frameworks/Python.framework/Versions/3.10/lib/python3.10/site-packages/airflow/example_dags/tutorial.py
[2022-08-10 11:52:53,193] {logging_mixin.py:109} INFO - [2022-08-10 11:52:53,193] {dag.py:2398} INFO - Sync 1 DAGs
[2022-08-10 11:52:53,210] {logging_mixin.py:109} INFO - [2022-08-10 11:52:53,210] {dag.py:2937} INFO - Setting next_dagrun for tutorial to 2022-08-09T09:52:53.210468+00:00
[2022-08-10 11:52:53,213] {processor.py:171} INFO - Processing /Library/Frameworks/Python.framework/Versions/3.10/lib/python3.10/site-packages/airflow/example_dags/tutorial.py took 0.036 seconds
[2022-08-10 11:53:32,526] {processor.py:163} INFO - Started process (PID=66988) to work on /Library/Frameworks/Python.framework/Versions/3.10/lib/python3.10/site-packages/airflow/example_dags/tutorial.py
[2022-08-10 11:53:32,527] {processor.py:642} INFO - Processing file /Library/Frameworks/Python.framework/Versions/3.10/lib/python3.10/site-packages/airflow/example_dags/tutorial.py for tasks to queue
[2022-08-10 11:53:32,527] {logging_mixin.py:109} INFO - [2022-08-10 11:53:32,527] {dagbag.py:500} INFO - Filling up the DagBag from /Library/Frameworks/Python.framework/Versions/3.10/lib/python3.10/site-packages/airflow/example_dags/tutorial.py
[2022-08-10 11:53:32,531] {processor.py:652} INFO - DAG(s) dict_keys(['tutorial']) retrieved from /Library/Frameworks/Python.framework/Versions/3.10/lib/python3.10/site-packages/airflow/example_dags/tutorial.py
[2022-08-10 11:53:32,544] {logging_mixin.py:109} INFO - [2022-08-10 11:53:32,544] {dag.py:2398} INFO - Sync 1 DAGs
[2022-08-10 11:53:32,563] {logging_mixin.py:109} INFO - [2022-08-10 11:53:32,563] {dag.py:2937} INFO - Setting next_dagrun for tutorial to 2022-08-09T09:53:32.563135+00:00
[2022-08-10 11:53:32,566] {processor.py:171} INFO - Processing /Library/Frameworks/Python.framework/Versions/3.10/lib/python3.10/site-packages/airflow/example_dags/tutorial.py took 0.040 seconds
[2022-08-10 11:54:11,130] {processor.py:163} INFO - Started process (PID=67246) to work on /Library/Frameworks/Python.framework/Versions/3.10/lib/python3.10/site-packages/airflow/example_dags/tutorial.py
[2022-08-10 11:54:11,130] {processor.py:642} INFO - Processing file /Library/Frameworks/Python.framework/Versions/3.10/lib/python3.10/site-packages/airflow/example_dags/tutorial.py for tasks to queue
[2022-08-10 11:54:11,130] {logging_mixin.py:109} INFO - [2022-08-10 11:54:11,130] {dagbag.py:500} INFO - Filling up the DagBag from /Library/Frameworks/Python.framework/Versions/3.10/lib/python3.10/site-packages/airflow/example_dags/tutorial.py
[2022-08-10 11:54:11,134] {processor.py:652} INFO - DAG(s) dict_keys(['tutorial']) retrieved from /Library/Frameworks/Python.framework/Versions/3.10/lib/python3.10/site-packages/airflow/example_dags/tutorial.py
[2022-08-10 11:54:11,146] {logging_mixin.py:109} INFO - [2022-08-10 11:54:11,146] {dag.py:2398} INFO - Sync 1 DAGs
[2022-08-10 11:54:11,163] {logging_mixin.py:109} INFO - [2022-08-10 11:54:11,163] {dag.py:2937} INFO - Setting next_dagrun for tutorial to 2022-08-09T09:54:11.163716+00:00
[2022-08-10 11:54:11,166] {processor.py:171} INFO - Processing /Library/Frameworks/Python.framework/Versions/3.10/lib/python3.10/site-packages/airflow/example_dags/tutorial.py took 0.036 seconds
[2022-08-10 11:54:52,403] {processor.py:163} INFO - Started process (PID=67468) to work on /Library/Frameworks/Python.framework/Versions/3.10/lib/python3.10/site-packages/airflow/example_dags/tutorial.py
[2022-08-10 11:54:52,403] {processor.py:642} INFO - Processing file /Library/Frameworks/Python.framework/Versions/3.10/lib/python3.10/site-packages/airflow/example_dags/tutorial.py for tasks to queue
[2022-08-10 11:54:52,403] {logging_mixin.py:109} INFO - [2022-08-10 11:54:52,403] {dagbag.py:500} INFO - Filling up the DagBag from /Library/Frameworks/Python.framework/Versions/3.10/lib/python3.10/site-packages/airflow/example_dags/tutorial.py
[2022-08-10 11:54:52,407] {processor.py:652} INFO - DAG(s) dict_keys(['tutorial']) retrieved from /Library/Frameworks/Python.framework/Versions/3.10/lib/python3.10/site-packages/airflow/example_dags/tutorial.py
[2022-08-10 11:54:52,419] {logging_mixin.py:109} INFO - [2022-08-10 11:54:52,419] {dag.py:2398} INFO - Sync 1 DAGs
[2022-08-10 11:54:52,437] {logging_mixin.py:109} INFO - [2022-08-10 11:54:52,437] {dag.py:2937} INFO - Setting next_dagrun for tutorial to 2022-08-09T09:54:52.437031+00:00
[2022-08-10 11:54:52,439] {processor.py:171} INFO - Processing /Library/Frameworks/Python.framework/Versions/3.10/lib/python3.10/site-packages/airflow/example_dags/tutorial.py took 0.037 seconds
[2022-08-10 11:55:30,712] {processor.py:163} INFO - Started process (PID=67660) to work on /Library/Frameworks/Python.framework/Versions/3.10/lib/python3.10/site-packages/airflow/example_dags/tutorial.py
[2022-08-10 11:55:30,712] {processor.py:642} INFO - Processing file /Library/Frameworks/Python.framework/Versions/3.10/lib/python3.10/site-packages/airflow/example_dags/tutorial.py for tasks to queue
[2022-08-10 11:55:30,712] {logging_mixin.py:109} INFO - [2022-08-10 11:55:30,712] {dagbag.py:500} INFO - Filling up the DagBag from /Library/Frameworks/Python.framework/Versions/3.10/lib/python3.10/site-packages/airflow/example_dags/tutorial.py
[2022-08-10 11:55:30,716] {processor.py:652} INFO - DAG(s) dict_keys(['tutorial']) retrieved from /Library/Frameworks/Python.framework/Versions/3.10/lib/python3.10/site-packages/airflow/example_dags/tutorial.py
[2022-08-10 11:55:30,728] {logging_mixin.py:109} INFO - [2022-08-10 11:55:30,728] {dag.py:2398} INFO - Sync 1 DAGs
[2022-08-10 11:55:30,744] {logging_mixin.py:109} INFO - [2022-08-10 11:55:30,744] {dag.py:2937} INFO - Setting next_dagrun for tutorial to 2022-08-09T09:55:30.744784+00:00
[2022-08-10 11:55:30,747] {processor.py:171} INFO - Processing /Library/Frameworks/Python.framework/Versions/3.10/lib/python3.10/site-packages/airflow/example_dags/tutorial.py took 0.036 seconds
[2022-08-10 11:56:10,554] {processor.py:163} INFO - Started process (PID=67893) to work on /Library/Frameworks/Python.framework/Versions/3.10/lib/python3.10/site-packages/airflow/example_dags/tutorial.py
[2022-08-10 11:56:10,555] {processor.py:642} INFO - Processing file /Library/Frameworks/Python.framework/Versions/3.10/lib/python3.10/site-packages/airflow/example_dags/tutorial.py for tasks to queue
[2022-08-10 11:56:10,555] {logging_mixin.py:109} INFO - [2022-08-10 11:56:10,555] {dagbag.py:500} INFO - Filling up the DagBag from /Library/Frameworks/Python.framework/Versions/3.10/lib/python3.10/site-packages/airflow/example_dags/tutorial.py
[2022-08-10 11:56:10,562] {processor.py:652} INFO - DAG(s) dict_keys(['tutorial']) retrieved from /Library/Frameworks/Python.framework/Versions/3.10/lib/python3.10/site-packages/airflow/example_dags/tutorial.py
[2022-08-10 11:56:10,575] {logging_mixin.py:109} INFO - [2022-08-10 11:56:10,575] {dag.py:2398} INFO - Sync 1 DAGs
[2022-08-10 11:56:10,594] {logging_mixin.py:109} INFO - [2022-08-10 11:56:10,593] {dag.py:2937} INFO - Setting next_dagrun for tutorial to 2022-08-09T09:56:10.593929+00:00
[2022-08-10 11:56:10,596] {processor.py:171} INFO - Processing /Library/Frameworks/Python.framework/Versions/3.10/lib/python3.10/site-packages/airflow/example_dags/tutorial.py took 0.042 seconds
[2022-08-10 11:56:48,794] {processor.py:163} INFO - Started process (PID=68108) to work on /Library/Frameworks/Python.framework/Versions/3.10/lib/python3.10/site-packages/airflow/example_dags/tutorial.py
[2022-08-10 11:56:48,794] {processor.py:642} INFO - Processing file /Library/Frameworks/Python.framework/Versions/3.10/lib/python3.10/site-packages/airflow/example_dags/tutorial.py for tasks to queue
[2022-08-10 11:56:48,794] {logging_mixin.py:109} INFO - [2022-08-10 11:56:48,794] {dagbag.py:500} INFO - Filling up the DagBag from /Library/Frameworks/Python.framework/Versions/3.10/lib/python3.10/site-packages/airflow/example_dags/tutorial.py
[2022-08-10 11:56:48,799] {processor.py:652} INFO - DAG(s) dict_keys(['tutorial']) retrieved from /Library/Frameworks/Python.framework/Versions/3.10/lib/python3.10/site-packages/airflow/example_dags/tutorial.py
[2022-08-10 11:56:48,811] {logging_mixin.py:109} INFO - [2022-08-10 11:56:48,811] {dag.py:2398} INFO - Sync 1 DAGs
[2022-08-10 11:56:48,828] {logging_mixin.py:109} INFO - [2022-08-10 11:56:48,828] {dag.py:2937} INFO - Setting next_dagrun for tutorial to 2022-08-09T09:56:48.828078+00:00
[2022-08-10 11:56:48,830] {processor.py:171} INFO - Processing /Library/Frameworks/Python.framework/Versions/3.10/lib/python3.10/site-packages/airflow/example_dags/tutorial.py took 0.037 seconds
[2022-08-10 11:57:27,207] {processor.py:163} INFO - Started process (PID=68315) to work on /Library/Frameworks/Python.framework/Versions/3.10/lib/python3.10/site-packages/airflow/example_dags/tutorial.py
[2022-08-10 11:57:27,207] {processor.py:642} INFO - Processing file /Library/Frameworks/Python.framework/Versions/3.10/lib/python3.10/site-packages/airflow/example_dags/tutorial.py for tasks to queue
[2022-08-10 11:57:27,207] {logging_mixin.py:109} INFO - [2022-08-10 11:57:27,207] {dagbag.py:500} INFO - Filling up the DagBag from /Library/Frameworks/Python.framework/Versions/3.10/lib/python3.10/site-packages/airflow/example_dags/tutorial.py
[2022-08-10 11:57:27,211] {processor.py:652} INFO - DAG(s) dict_keys(['tutorial']) retrieved from /Library/Frameworks/Python.framework/Versions/3.10/lib/python3.10/site-packages/airflow/example_dags/tutorial.py
[2022-08-10 11:57:27,223] {logging_mixin.py:109} INFO - [2022-08-10 11:57:27,223] {dag.py:2398} INFO - Sync 1 DAGs
[2022-08-10 11:57:27,241] {logging_mixin.py:109} INFO - [2022-08-10 11:57:27,240] {dag.py:2937} INFO - Setting next_dagrun for tutorial to 2022-08-09T09:57:27.240920+00:00
[2022-08-10 11:57:27,243] {processor.py:171} INFO - Processing /Library/Frameworks/Python.framework/Versions/3.10/lib/python3.10/site-packages/airflow/example_dags/tutorial.py took 0.037 seconds
[2022-08-10 11:58:05,732] {processor.py:163} INFO - Started process (PID=68511) to work on /Library/Frameworks/Python.framework/Versions/3.10/lib/python3.10/site-packages/airflow/example_dags/tutorial.py
[2022-08-10 11:58:05,732] {processor.py:642} INFO - Processing file /Library/Frameworks/Python.framework/Versions/3.10/lib/python3.10/site-packages/airflow/example_dags/tutorial.py for tasks to queue
[2022-08-10 11:58:05,732] {logging_mixin.py:109} INFO - [2022-08-10 11:58:05,732] {dagbag.py:500} INFO - Filling up the DagBag from /Library/Frameworks/Python.framework/Versions/3.10/lib/python3.10/site-packages/airflow/example_dags/tutorial.py
[2022-08-10 11:58:05,737] {processor.py:652} INFO - DAG(s) dict_keys(['tutorial']) retrieved from /Library/Frameworks/Python.framework/Versions/3.10/lib/python3.10/site-packages/airflow/example_dags/tutorial.py
[2022-08-10 11:58:05,750] {logging_mixin.py:109} INFO - [2022-08-10 11:58:05,750] {dag.py:2398} INFO - Sync 1 DAGs
[2022-08-10 11:58:05,770] {logging_mixin.py:109} INFO - [2022-08-10 11:58:05,770] {dag.py:2937} INFO - Setting next_dagrun for tutorial to 2022-08-09T09:58:05.770658+00:00
[2022-08-10 11:58:05,773] {processor.py:171} INFO - Processing /Library/Frameworks/Python.framework/Versions/3.10/lib/python3.10/site-packages/airflow/example_dags/tutorial.py took 0.042 seconds
[2022-08-10 11:58:47,736] {processor.py:163} INFO - Started process (PID=68739) to work on /Library/Frameworks/Python.framework/Versions/3.10/lib/python3.10/site-packages/airflow/example_dags/tutorial.py
[2022-08-10 11:58:47,736] {processor.py:642} INFO - Processing file /Library/Frameworks/Python.framework/Versions/3.10/lib/python3.10/site-packages/airflow/example_dags/tutorial.py for tasks to queue
[2022-08-10 11:58:47,737] {logging_mixin.py:109} INFO - [2022-08-10 11:58:47,737] {dagbag.py:500} INFO - Filling up the DagBag from /Library/Frameworks/Python.framework/Versions/3.10/lib/python3.10/site-packages/airflow/example_dags/tutorial.py
[2022-08-10 11:58:47,741] {processor.py:652} INFO - DAG(s) dict_keys(['tutorial']) retrieved from /Library/Frameworks/Python.framework/Versions/3.10/lib/python3.10/site-packages/airflow/example_dags/tutorial.py
[2022-08-10 11:58:47,753] {logging_mixin.py:109} INFO - [2022-08-10 11:58:47,753] {dag.py:2398} INFO - Sync 1 DAGs
[2022-08-10 11:58:47,770] {logging_mixin.py:109} INFO - [2022-08-10 11:58:47,770] {dag.py:2937} INFO - Setting next_dagrun for tutorial to 2022-08-09T09:58:47.770503+00:00
[2022-08-10 11:58:47,773] {processor.py:171} INFO - Processing /Library/Frameworks/Python.framework/Versions/3.10/lib/python3.10/site-packages/airflow/example_dags/tutorial.py took 0.037 seconds
[2022-08-10 11:59:27,742] {processor.py:163} INFO - Started process (PID=68953) to work on /Library/Frameworks/Python.framework/Versions/3.10/lib/python3.10/site-packages/airflow/example_dags/tutorial.py
[2022-08-10 11:59:27,743] {processor.py:642} INFO - Processing file /Library/Frameworks/Python.framework/Versions/3.10/lib/python3.10/site-packages/airflow/example_dags/tutorial.py for tasks to queue
[2022-08-10 11:59:27,743] {logging_mixin.py:109} INFO - [2022-08-10 11:59:27,743] {dagbag.py:500} INFO - Filling up the DagBag from /Library/Frameworks/Python.framework/Versions/3.10/lib/python3.10/site-packages/airflow/example_dags/tutorial.py
[2022-08-10 11:59:27,748] {processor.py:652} INFO - DAG(s) dict_keys(['tutorial']) retrieved from /Library/Frameworks/Python.framework/Versions/3.10/lib/python3.10/site-packages/airflow/example_dags/tutorial.py
[2022-08-10 11:59:27,762] {logging_mixin.py:109} INFO - [2022-08-10 11:59:27,762] {dag.py:2398} INFO - Sync 1 DAGs
[2022-08-10 11:59:27,783] {logging_mixin.py:109} INFO - [2022-08-10 11:59:27,783] {dag.py:2937} INFO - Setting next_dagrun for tutorial to 2022-08-09T09:59:27.783477+00:00
[2022-08-10 11:59:27,793] {processor.py:171} INFO - Processing /Library/Frameworks/Python.framework/Versions/3.10/lib/python3.10/site-packages/airflow/example_dags/tutorial.py took 0.051 seconds
[2022-08-10 12:00:05,893] {processor.py:163} INFO - Started process (PID=69161) to work on /Library/Frameworks/Python.framework/Versions/3.10/lib/python3.10/site-packages/airflow/example_dags/tutorial.py
[2022-08-10 12:00:05,893] {processor.py:642} INFO - Processing file /Library/Frameworks/Python.framework/Versions/3.10/lib/python3.10/site-packages/airflow/example_dags/tutorial.py for tasks to queue
[2022-08-10 12:00:05,894] {logging_mixin.py:109} INFO - [2022-08-10 12:00:05,894] {dagbag.py:500} INFO - Filling up the DagBag from /Library/Frameworks/Python.framework/Versions/3.10/lib/python3.10/site-packages/airflow/example_dags/tutorial.py
[2022-08-10 12:00:05,898] {processor.py:652} INFO - DAG(s) dict_keys(['tutorial']) retrieved from /Library/Frameworks/Python.framework/Versions/3.10/lib/python3.10/site-packages/airflow/example_dags/tutorial.py
[2022-08-10 12:00:05,910] {logging_mixin.py:109} INFO - [2022-08-10 12:00:05,910] {dag.py:2398} INFO - Sync 1 DAGs
[2022-08-10 12:00:05,928] {logging_mixin.py:109} INFO - [2022-08-10 12:00:05,928] {dag.py:2937} INFO - Setting next_dagrun for tutorial to 2022-08-09T10:00:05.928061+00:00
[2022-08-10 12:00:05,930] {processor.py:171} INFO - Processing /Library/Frameworks/Python.framework/Versions/3.10/lib/python3.10/site-packages/airflow/example_dags/tutorial.py took 0.037 seconds
[2022-08-10 12:00:46,160] {processor.py:163} INFO - Started process (PID=69369) to work on /Library/Frameworks/Python.framework/Versions/3.10/lib/python3.10/site-packages/airflow/example_dags/tutorial.py
[2022-08-10 12:00:46,160] {processor.py:642} INFO - Processing file /Library/Frameworks/Python.framework/Versions/3.10/lib/python3.10/site-packages/airflow/example_dags/tutorial.py for tasks to queue
[2022-08-10 12:00:46,160] {logging_mixin.py:109} INFO - [2022-08-10 12:00:46,160] {dagbag.py:500} INFO - Filling up the DagBag from /Library/Frameworks/Python.framework/Versions/3.10/lib/python3.10/site-packages/airflow/example_dags/tutorial.py
[2022-08-10 12:00:46,164] {processor.py:652} INFO - DAG(s) dict_keys(['tutorial']) retrieved from /Library/Frameworks/Python.framework/Versions/3.10/lib/python3.10/site-packages/airflow/example_dags/tutorial.py
[2022-08-10 12:00:46,176] {logging_mixin.py:109} INFO - [2022-08-10 12:00:46,176] {dag.py:2398} INFO - Sync 1 DAGs
[2022-08-10 12:00:46,194] {logging_mixin.py:109} INFO - [2022-08-10 12:00:46,194] {dag.py:2937} INFO - Setting next_dagrun for tutorial to 2022-08-09T10:00:46.194529+00:00
[2022-08-10 12:00:46,197] {processor.py:171} INFO - Processing /Library/Frameworks/Python.framework/Versions/3.10/lib/python3.10/site-packages/airflow/example_dags/tutorial.py took 0.037 seconds
[2022-08-10 12:01:26,098] {processor.py:163} INFO - Started process (PID=69618) to work on /Library/Frameworks/Python.framework/Versions/3.10/lib/python3.10/site-packages/airflow/example_dags/tutorial.py
[2022-08-10 12:01:26,098] {processor.py:642} INFO - Processing file /Library/Frameworks/Python.framework/Versions/3.10/lib/python3.10/site-packages/airflow/example_dags/tutorial.py for tasks to queue
[2022-08-10 12:01:26,098] {logging_mixin.py:109} INFO - [2022-08-10 12:01:26,098] {dagbag.py:500} INFO - Filling up the DagBag from /Library/Frameworks/Python.framework/Versions/3.10/lib/python3.10/site-packages/airflow/example_dags/tutorial.py
[2022-08-10 12:01:26,102] {processor.py:652} INFO - DAG(s) dict_keys(['tutorial']) retrieved from /Library/Frameworks/Python.framework/Versions/3.10/lib/python3.10/site-packages/airflow/example_dags/tutorial.py
[2022-08-10 12:01:26,114] {logging_mixin.py:109} INFO - [2022-08-10 12:01:26,114] {dag.py:2398} INFO - Sync 1 DAGs
[2022-08-10 12:01:26,131] {logging_mixin.py:109} INFO - [2022-08-10 12:01:26,131] {dag.py:2937} INFO - Setting next_dagrun for tutorial to 2022-08-09T10:01:26.131382+00:00
[2022-08-10 12:01:26,134] {processor.py:171} INFO - Processing /Library/Frameworks/Python.framework/Versions/3.10/lib/python3.10/site-packages/airflow/example_dags/tutorial.py took 0.036 seconds
[2022-08-10 12:02:03,901] {processor.py:163} INFO - Started process (PID=69876) to work on /Library/Frameworks/Python.framework/Versions/3.10/lib/python3.10/site-packages/airflow/example_dags/tutorial.py
[2022-08-10 12:02:03,901] {processor.py:642} INFO - Processing file /Library/Frameworks/Python.framework/Versions/3.10/lib/python3.10/site-packages/airflow/example_dags/tutorial.py for tasks to queue
[2022-08-10 12:02:03,901] {logging_mixin.py:109} INFO - [2022-08-10 12:02:03,901] {dagbag.py:500} INFO - Filling up the DagBag from /Library/Frameworks/Python.framework/Versions/3.10/lib/python3.10/site-packages/airflow/example_dags/tutorial.py
[2022-08-10 12:02:03,906] {processor.py:652} INFO - DAG(s) dict_keys(['tutorial']) retrieved from /Library/Frameworks/Python.framework/Versions/3.10/lib/python3.10/site-packages/airflow/example_dags/tutorial.py
[2022-08-10 12:02:03,918] {logging_mixin.py:109} INFO - [2022-08-10 12:02:03,918] {dag.py:2398} INFO - Sync 1 DAGs
[2022-08-10 12:02:03,937] {logging_mixin.py:109} INFO - [2022-08-10 12:02:03,937] {dag.py:2937} INFO - Setting next_dagrun for tutorial to 2022-08-09T10:02:03.937470+00:00
[2022-08-10 12:02:03,940] {processor.py:171} INFO - Processing /Library/Frameworks/Python.framework/Versions/3.10/lib/python3.10/site-packages/airflow/example_dags/tutorial.py took 0.039 seconds
