[2022-08-10 11:45:51,698] {processor.py:163} INFO - Started process (PID=66256) to work on /Library/Frameworks/Python.framework/Versions/3.10/lib/python3.10/site-packages/airflow/example_dags/tutorial_taskflow_api_etl.py
[2022-08-10 11:45:51,698] {processor.py:642} INFO - Processing file /Library/Frameworks/Python.framework/Versions/3.10/lib/python3.10/site-packages/airflow/example_dags/tutorial_taskflow_api_etl.py for tasks to queue
[2022-08-10 11:45:51,698] {logging_mixin.py:109} INFO - [2022-08-10 11:45:51,698] {dagbag.py:500} INFO - Filling up the DagBag from /Library/Frameworks/Python.framework/Versions/3.10/lib/python3.10/site-packages/airflow/example_dags/tutorial_taskflow_api_etl.py
[2022-08-10 11:45:51,707] {processor.py:652} INFO - DAG(s) dict_keys(['tutorial_taskflow_api_etl']) retrieved from /Library/Frameworks/Python.framework/Versions/3.10/lib/python3.10/site-packages/airflow/example_dags/tutorial_taskflow_api_etl.py
[2022-08-10 11:45:51,712] {logging_mixin.py:109} INFO - [2022-08-10 11:45:51,712] {dag.py:2398} INFO - Sync 1 DAGs
[2022-08-10 11:45:51,735] {logging_mixin.py:109} INFO - [2022-08-10 11:45:51,735] {dag.py:2937} INFO - Setting next_dagrun for tutorial_taskflow_api_etl to None
[2022-08-10 11:45:51,738] {processor.py:171} INFO - Processing /Library/Frameworks/Python.framework/Versions/3.10/lib/python3.10/site-packages/airflow/example_dags/tutorial_taskflow_api_etl.py took 0.040 seconds
[2022-08-10 11:46:33,890] {processor.py:163} INFO - Started process (PID=66469) to work on /Library/Frameworks/Python.framework/Versions/3.10/lib/python3.10/site-packages/airflow/example_dags/tutorial_taskflow_api_etl.py
[2022-08-10 11:46:33,891] {processor.py:642} INFO - Processing file /Library/Frameworks/Python.framework/Versions/3.10/lib/python3.10/site-packages/airflow/example_dags/tutorial_taskflow_api_etl.py for tasks to queue
[2022-08-10 11:46:33,891] {logging_mixin.py:109} INFO - [2022-08-10 11:46:33,891] {dagbag.py:500} INFO - Filling up the DagBag from /Library/Frameworks/Python.framework/Versions/3.10/lib/python3.10/site-packages/airflow/example_dags/tutorial_taskflow_api_etl.py
[2022-08-10 11:46:33,900] {processor.py:652} INFO - DAG(s) dict_keys(['tutorial_taskflow_api_etl']) retrieved from /Library/Frameworks/Python.framework/Versions/3.10/lib/python3.10/site-packages/airflow/example_dags/tutorial_taskflow_api_etl.py
[2022-08-10 11:46:34,003] {logging_mixin.py:109} INFO - [2022-08-10 11:46:34,003] {dag.py:2398} INFO - Sync 1 DAGs
[2022-08-10 11:46:34,006] {logging_mixin.py:109} INFO - [2022-08-10 11:46:34,006] {dag.py:2937} INFO - Setting next_dagrun for tutorial_taskflow_api_etl to None
[2022-08-10 11:46:34,009] {processor.py:171} INFO - Processing /Library/Frameworks/Python.framework/Versions/3.10/lib/python3.10/site-packages/airflow/example_dags/tutorial_taskflow_api_etl.py took 0.119 seconds
[2022-08-10 11:47:12,726] {processor.py:163} INFO - Started process (PID=66693) to work on /Library/Frameworks/Python.framework/Versions/3.10/lib/python3.10/site-packages/airflow/example_dags/tutorial_taskflow_api_etl.py
[2022-08-10 11:47:12,727] {processor.py:642} INFO - Processing file /Library/Frameworks/Python.framework/Versions/3.10/lib/python3.10/site-packages/airflow/example_dags/tutorial_taskflow_api_etl.py for tasks to queue
[2022-08-10 11:47:12,727] {logging_mixin.py:109} INFO - [2022-08-10 11:47:12,727] {dagbag.py:500} INFO - Filling up the DagBag from /Library/Frameworks/Python.framework/Versions/3.10/lib/python3.10/site-packages/airflow/example_dags/tutorial_taskflow_api_etl.py
[2022-08-10 11:47:12,737] {processor.py:652} INFO - DAG(s) dict_keys(['tutorial_taskflow_api_etl']) retrieved from /Library/Frameworks/Python.framework/Versions/3.10/lib/python3.10/site-packages/airflow/example_dags/tutorial_taskflow_api_etl.py
[2022-08-10 11:47:12,883] {logging_mixin.py:109} INFO - [2022-08-10 11:47:12,883] {dag.py:2398} INFO - Sync 1 DAGs
[2022-08-10 11:47:12,886] {logging_mixin.py:109} INFO - [2022-08-10 11:47:12,885] {dag.py:2937} INFO - Setting next_dagrun for tutorial_taskflow_api_etl to None
[2022-08-10 11:47:12,888] {processor.py:171} INFO - Processing /Library/Frameworks/Python.framework/Versions/3.10/lib/python3.10/site-packages/airflow/example_dags/tutorial_taskflow_api_etl.py took 0.162 seconds
[2022-08-10 11:52:29,165] {processor.py:163} INFO - Started process (PID=66766) to work on /Library/Frameworks/Python.framework/Versions/3.10/lib/python3.10/site-packages/airflow/example_dags/tutorial_taskflow_api_etl.py
[2022-08-10 11:52:29,166] {processor.py:642} INFO - Processing file /Library/Frameworks/Python.framework/Versions/3.10/lib/python3.10/site-packages/airflow/example_dags/tutorial_taskflow_api_etl.py for tasks to queue
[2022-08-10 11:52:29,166] {logging_mixin.py:109} INFO - [2022-08-10 11:52:29,166] {dagbag.py:500} INFO - Filling up the DagBag from /Library/Frameworks/Python.framework/Versions/3.10/lib/python3.10/site-packages/airflow/example_dags/tutorial_taskflow_api_etl.py
[2022-08-10 11:52:29,175] {processor.py:652} INFO - DAG(s) dict_keys(['tutorial_taskflow_api_etl']) retrieved from /Library/Frameworks/Python.framework/Versions/3.10/lib/python3.10/site-packages/airflow/example_dags/tutorial_taskflow_api_etl.py
[2022-08-10 11:52:29,279] {logging_mixin.py:109} INFO - [2022-08-10 11:52:29,279] {dag.py:2398} INFO - Sync 1 DAGs
[2022-08-10 11:52:29,282] {logging_mixin.py:109} INFO - [2022-08-10 11:52:29,282] {dag.py:2937} INFO - Setting next_dagrun for tutorial_taskflow_api_etl to None
[2022-08-10 11:52:29,285] {processor.py:171} INFO - Processing /Library/Frameworks/Python.framework/Versions/3.10/lib/python3.10/site-packages/airflow/example_dags/tutorial_taskflow_api_etl.py took 0.119 seconds
[2022-08-10 11:53:29,659] {processor.py:163} INFO - Started process (PID=66972) to work on /Library/Frameworks/Python.framework/Versions/3.10/lib/python3.10/site-packages/airflow/example_dags/tutorial_taskflow_api_etl.py
[2022-08-10 11:53:29,659] {processor.py:642} INFO - Processing file /Library/Frameworks/Python.framework/Versions/3.10/lib/python3.10/site-packages/airflow/example_dags/tutorial_taskflow_api_etl.py for tasks to queue
[2022-08-10 11:53:29,659] {logging_mixin.py:109} INFO - [2022-08-10 11:53:29,659] {dagbag.py:500} INFO - Filling up the DagBag from /Library/Frameworks/Python.framework/Versions/3.10/lib/python3.10/site-packages/airflow/example_dags/tutorial_taskflow_api_etl.py
[2022-08-10 11:53:29,669] {processor.py:652} INFO - DAG(s) dict_keys(['tutorial_taskflow_api_etl']) retrieved from /Library/Frameworks/Python.framework/Versions/3.10/lib/python3.10/site-packages/airflow/example_dags/tutorial_taskflow_api_etl.py
[2022-08-10 11:53:29,771] {logging_mixin.py:109} INFO - [2022-08-10 11:53:29,771] {dag.py:2398} INFO - Sync 1 DAGs
[2022-08-10 11:53:29,774] {logging_mixin.py:109} INFO - [2022-08-10 11:53:29,774] {dag.py:2937} INFO - Setting next_dagrun for tutorial_taskflow_api_etl to None
[2022-08-10 11:53:29,777] {processor.py:171} INFO - Processing /Library/Frameworks/Python.framework/Versions/3.10/lib/python3.10/site-packages/airflow/example_dags/tutorial_taskflow_api_etl.py took 0.119 seconds
[2022-08-10 11:54:08,622] {processor.py:163} INFO - Started process (PID=67236) to work on /Library/Frameworks/Python.framework/Versions/3.10/lib/python3.10/site-packages/airflow/example_dags/tutorial_taskflow_api_etl.py
[2022-08-10 11:54:08,622] {processor.py:642} INFO - Processing file /Library/Frameworks/Python.framework/Versions/3.10/lib/python3.10/site-packages/airflow/example_dags/tutorial_taskflow_api_etl.py for tasks to queue
[2022-08-10 11:54:08,622] {logging_mixin.py:109} INFO - [2022-08-10 11:54:08,622] {dagbag.py:500} INFO - Filling up the DagBag from /Library/Frameworks/Python.framework/Versions/3.10/lib/python3.10/site-packages/airflow/example_dags/tutorial_taskflow_api_etl.py
[2022-08-10 11:54:08,632] {processor.py:652} INFO - DAG(s) dict_keys(['tutorial_taskflow_api_etl']) retrieved from /Library/Frameworks/Python.framework/Versions/3.10/lib/python3.10/site-packages/airflow/example_dags/tutorial_taskflow_api_etl.py
[2022-08-10 11:54:08,738] {logging_mixin.py:109} INFO - [2022-08-10 11:54:08,738] {dag.py:2398} INFO - Sync 1 DAGs
[2022-08-10 11:54:08,742] {logging_mixin.py:109} INFO - [2022-08-10 11:54:08,742] {dag.py:2937} INFO - Setting next_dagrun for tutorial_taskflow_api_etl to None
[2022-08-10 11:54:08,745] {processor.py:171} INFO - Processing /Library/Frameworks/Python.framework/Versions/3.10/lib/python3.10/site-packages/airflow/example_dags/tutorial_taskflow_api_etl.py took 0.123 seconds
[2022-08-10 11:54:49,358] {processor.py:163} INFO - Started process (PID=67452) to work on /Library/Frameworks/Python.framework/Versions/3.10/lib/python3.10/site-packages/airflow/example_dags/tutorial_taskflow_api_etl.py
[2022-08-10 11:54:49,358] {processor.py:642} INFO - Processing file /Library/Frameworks/Python.framework/Versions/3.10/lib/python3.10/site-packages/airflow/example_dags/tutorial_taskflow_api_etl.py for tasks to queue
[2022-08-10 11:54:49,359] {logging_mixin.py:109} INFO - [2022-08-10 11:54:49,359] {dagbag.py:500} INFO - Filling up the DagBag from /Library/Frameworks/Python.framework/Versions/3.10/lib/python3.10/site-packages/airflow/example_dags/tutorial_taskflow_api_etl.py
[2022-08-10 11:54:49,369] {processor.py:652} INFO - DAG(s) dict_keys(['tutorial_taskflow_api_etl']) retrieved from /Library/Frameworks/Python.framework/Versions/3.10/lib/python3.10/site-packages/airflow/example_dags/tutorial_taskflow_api_etl.py
[2022-08-10 11:54:49,485] {logging_mixin.py:109} INFO - [2022-08-10 11:54:49,485] {dag.py:2398} INFO - Sync 1 DAGs
[2022-08-10 11:54:49,488] {logging_mixin.py:109} INFO - [2022-08-10 11:54:49,488] {dag.py:2937} INFO - Setting next_dagrun for tutorial_taskflow_api_etl to None
[2022-08-10 11:54:49,491] {processor.py:171} INFO - Processing /Library/Frameworks/Python.framework/Versions/3.10/lib/python3.10/site-packages/airflow/example_dags/tutorial_taskflow_api_etl.py took 0.134 seconds
[2022-08-10 11:55:27,691] {processor.py:163} INFO - Started process (PID=67650) to work on /Library/Frameworks/Python.framework/Versions/3.10/lib/python3.10/site-packages/airflow/example_dags/tutorial_taskflow_api_etl.py
[2022-08-10 11:55:27,691] {processor.py:642} INFO - Processing file /Library/Frameworks/Python.framework/Versions/3.10/lib/python3.10/site-packages/airflow/example_dags/tutorial_taskflow_api_etl.py for tasks to queue
[2022-08-10 11:55:27,691] {logging_mixin.py:109} INFO - [2022-08-10 11:55:27,691] {dagbag.py:500} INFO - Filling up the DagBag from /Library/Frameworks/Python.framework/Versions/3.10/lib/python3.10/site-packages/airflow/example_dags/tutorial_taskflow_api_etl.py
[2022-08-10 11:55:27,700] {processor.py:652} INFO - DAG(s) dict_keys(['tutorial_taskflow_api_etl']) retrieved from /Library/Frameworks/Python.framework/Versions/3.10/lib/python3.10/site-packages/airflow/example_dags/tutorial_taskflow_api_etl.py
[2022-08-10 11:55:27,805] {logging_mixin.py:109} INFO - [2022-08-10 11:55:27,805] {dag.py:2398} INFO - Sync 1 DAGs
[2022-08-10 11:55:27,808] {logging_mixin.py:109} INFO - [2022-08-10 11:55:27,808] {dag.py:2937} INFO - Setting next_dagrun for tutorial_taskflow_api_etl to None
[2022-08-10 11:55:27,811] {processor.py:171} INFO - Processing /Library/Frameworks/Python.framework/Versions/3.10/lib/python3.10/site-packages/airflow/example_dags/tutorial_taskflow_api_etl.py took 0.121 seconds
[2022-08-10 11:56:07,696] {processor.py:163} INFO - Started process (PID=67882) to work on /Library/Frameworks/Python.framework/Versions/3.10/lib/python3.10/site-packages/airflow/example_dags/tutorial_taskflow_api_etl.py
[2022-08-10 11:56:07,697] {processor.py:642} INFO - Processing file /Library/Frameworks/Python.framework/Versions/3.10/lib/python3.10/site-packages/airflow/example_dags/tutorial_taskflow_api_etl.py for tasks to queue
[2022-08-10 11:56:07,697] {logging_mixin.py:109} INFO - [2022-08-10 11:56:07,697] {dagbag.py:500} INFO - Filling up the DagBag from /Library/Frameworks/Python.framework/Versions/3.10/lib/python3.10/site-packages/airflow/example_dags/tutorial_taskflow_api_etl.py
[2022-08-10 11:56:07,707] {processor.py:652} INFO - DAG(s) dict_keys(['tutorial_taskflow_api_etl']) retrieved from /Library/Frameworks/Python.framework/Versions/3.10/lib/python3.10/site-packages/airflow/example_dags/tutorial_taskflow_api_etl.py
[2022-08-10 11:56:07,811] {logging_mixin.py:109} INFO - [2022-08-10 11:56:07,811] {dag.py:2398} INFO - Sync 1 DAGs
[2022-08-10 11:56:07,814] {logging_mixin.py:109} INFO - [2022-08-10 11:56:07,813] {dag.py:2937} INFO - Setting next_dagrun for tutorial_taskflow_api_etl to None
[2022-08-10 11:56:07,816] {processor.py:171} INFO - Processing /Library/Frameworks/Python.framework/Versions/3.10/lib/python3.10/site-packages/airflow/example_dags/tutorial_taskflow_api_etl.py took 0.120 seconds
[2022-08-10 11:56:45,771] {processor.py:163} INFO - Started process (PID=68094) to work on /Library/Frameworks/Python.framework/Versions/3.10/lib/python3.10/site-packages/airflow/example_dags/tutorial_taskflow_api_etl.py
[2022-08-10 11:56:45,772] {processor.py:642} INFO - Processing file /Library/Frameworks/Python.framework/Versions/3.10/lib/python3.10/site-packages/airflow/example_dags/tutorial_taskflow_api_etl.py for tasks to queue
[2022-08-10 11:56:45,772] {logging_mixin.py:109} INFO - [2022-08-10 11:56:45,772] {dagbag.py:500} INFO - Filling up the DagBag from /Library/Frameworks/Python.framework/Versions/3.10/lib/python3.10/site-packages/airflow/example_dags/tutorial_taskflow_api_etl.py
[2022-08-10 11:56:45,782] {processor.py:652} INFO - DAG(s) dict_keys(['tutorial_taskflow_api_etl']) retrieved from /Library/Frameworks/Python.framework/Versions/3.10/lib/python3.10/site-packages/airflow/example_dags/tutorial_taskflow_api_etl.py
[2022-08-10 11:56:45,887] {logging_mixin.py:109} INFO - [2022-08-10 11:56:45,887] {dag.py:2398} INFO - Sync 1 DAGs
[2022-08-10 11:56:45,890] {logging_mixin.py:109} INFO - [2022-08-10 11:56:45,890] {dag.py:2937} INFO - Setting next_dagrun for tutorial_taskflow_api_etl to None
[2022-08-10 11:56:45,893] {processor.py:171} INFO - Processing /Library/Frameworks/Python.framework/Versions/3.10/lib/python3.10/site-packages/airflow/example_dags/tutorial_taskflow_api_etl.py took 0.122 seconds
[2022-08-10 11:57:24,160] {processor.py:163} INFO - Started process (PID=68293) to work on /Library/Frameworks/Python.framework/Versions/3.10/lib/python3.10/site-packages/airflow/example_dags/tutorial_taskflow_api_etl.py
[2022-08-10 11:57:24,160] {processor.py:642} INFO - Processing file /Library/Frameworks/Python.framework/Versions/3.10/lib/python3.10/site-packages/airflow/example_dags/tutorial_taskflow_api_etl.py for tasks to queue
[2022-08-10 11:57:24,160] {logging_mixin.py:109} INFO - [2022-08-10 11:57:24,160] {dagbag.py:500} INFO - Filling up the DagBag from /Library/Frameworks/Python.framework/Versions/3.10/lib/python3.10/site-packages/airflow/example_dags/tutorial_taskflow_api_etl.py
[2022-08-10 11:57:24,170] {processor.py:652} INFO - DAG(s) dict_keys(['tutorial_taskflow_api_etl']) retrieved from /Library/Frameworks/Python.framework/Versions/3.10/lib/python3.10/site-packages/airflow/example_dags/tutorial_taskflow_api_etl.py
[2022-08-10 11:57:24,272] {logging_mixin.py:109} INFO - [2022-08-10 11:57:24,272] {dag.py:2398} INFO - Sync 1 DAGs
[2022-08-10 11:57:24,275] {logging_mixin.py:109} INFO - [2022-08-10 11:57:24,275] {dag.py:2937} INFO - Setting next_dagrun for tutorial_taskflow_api_etl to None
[2022-08-10 11:57:24,279] {processor.py:171} INFO - Processing /Library/Frameworks/Python.framework/Versions/3.10/lib/python3.10/site-packages/airflow/example_dags/tutorial_taskflow_api_etl.py took 0.119 seconds
[2022-08-10 11:58:02,674] {processor.py:163} INFO - Started process (PID=68496) to work on /Library/Frameworks/Python.framework/Versions/3.10/lib/python3.10/site-packages/airflow/example_dags/tutorial_taskflow_api_etl.py
[2022-08-10 11:58:02,674] {processor.py:642} INFO - Processing file /Library/Frameworks/Python.framework/Versions/3.10/lib/python3.10/site-packages/airflow/example_dags/tutorial_taskflow_api_etl.py for tasks to queue
[2022-08-10 11:58:02,674] {logging_mixin.py:109} INFO - [2022-08-10 11:58:02,674] {dagbag.py:500} INFO - Filling up the DagBag from /Library/Frameworks/Python.framework/Versions/3.10/lib/python3.10/site-packages/airflow/example_dags/tutorial_taskflow_api_etl.py
[2022-08-10 11:58:02,684] {processor.py:652} INFO - DAG(s) dict_keys(['tutorial_taskflow_api_etl']) retrieved from /Library/Frameworks/Python.framework/Versions/3.10/lib/python3.10/site-packages/airflow/example_dags/tutorial_taskflow_api_etl.py
[2022-08-10 11:58:02,790] {logging_mixin.py:109} INFO - [2022-08-10 11:58:02,790] {dag.py:2398} INFO - Sync 1 DAGs
[2022-08-10 11:58:02,793] {logging_mixin.py:109} INFO - [2022-08-10 11:58:02,792] {dag.py:2937} INFO - Setting next_dagrun for tutorial_taskflow_api_etl to None
[2022-08-10 11:58:02,795] {processor.py:171} INFO - Processing /Library/Frameworks/Python.framework/Versions/3.10/lib/python3.10/site-packages/airflow/example_dags/tutorial_taskflow_api_etl.py took 0.121 seconds
[2022-08-10 11:58:44,663] {processor.py:163} INFO - Started process (PID=68719) to work on /Library/Frameworks/Python.framework/Versions/3.10/lib/python3.10/site-packages/airflow/example_dags/tutorial_taskflow_api_etl.py
[2022-08-10 11:58:44,663] {processor.py:642} INFO - Processing file /Library/Frameworks/Python.framework/Versions/3.10/lib/python3.10/site-packages/airflow/example_dags/tutorial_taskflow_api_etl.py for tasks to queue
[2022-08-10 11:58:44,663] {logging_mixin.py:109} INFO - [2022-08-10 11:58:44,663] {dagbag.py:500} INFO - Filling up the DagBag from /Library/Frameworks/Python.framework/Versions/3.10/lib/python3.10/site-packages/airflow/example_dags/tutorial_taskflow_api_etl.py
[2022-08-10 11:58:44,673] {processor.py:652} INFO - DAG(s) dict_keys(['tutorial_taskflow_api_etl']) retrieved from /Library/Frameworks/Python.framework/Versions/3.10/lib/python3.10/site-packages/airflow/example_dags/tutorial_taskflow_api_etl.py
[2022-08-10 11:58:44,775] {logging_mixin.py:109} INFO - [2022-08-10 11:58:44,775] {dag.py:2398} INFO - Sync 1 DAGs
[2022-08-10 11:58:44,778] {logging_mixin.py:109} INFO - [2022-08-10 11:58:44,778] {dag.py:2937} INFO - Setting next_dagrun for tutorial_taskflow_api_etl to None
[2022-08-10 11:58:44,781] {processor.py:171} INFO - Processing /Library/Frameworks/Python.framework/Versions/3.10/lib/python3.10/site-packages/airflow/example_dags/tutorial_taskflow_api_etl.py took 0.118 seconds
[2022-08-10 11:59:24,637] {processor.py:163} INFO - Started process (PID=68931) to work on /Library/Frameworks/Python.framework/Versions/3.10/lib/python3.10/site-packages/airflow/example_dags/tutorial_taskflow_api_etl.py
[2022-08-10 11:59:24,637] {processor.py:642} INFO - Processing file /Library/Frameworks/Python.framework/Versions/3.10/lib/python3.10/site-packages/airflow/example_dags/tutorial_taskflow_api_etl.py for tasks to queue
[2022-08-10 11:59:24,637] {logging_mixin.py:109} INFO - [2022-08-10 11:59:24,637] {dagbag.py:500} INFO - Filling up the DagBag from /Library/Frameworks/Python.framework/Versions/3.10/lib/python3.10/site-packages/airflow/example_dags/tutorial_taskflow_api_etl.py
[2022-08-10 11:59:24,646] {processor.py:652} INFO - DAG(s) dict_keys(['tutorial_taskflow_api_etl']) retrieved from /Library/Frameworks/Python.framework/Versions/3.10/lib/python3.10/site-packages/airflow/example_dags/tutorial_taskflow_api_etl.py
[2022-08-10 11:59:24,750] {logging_mixin.py:109} INFO - [2022-08-10 11:59:24,750] {dag.py:2398} INFO - Sync 1 DAGs
[2022-08-10 11:59:24,753] {logging_mixin.py:109} INFO - [2022-08-10 11:59:24,753] {dag.py:2937} INFO - Setting next_dagrun for tutorial_taskflow_api_etl to None
[2022-08-10 11:59:24,756] {processor.py:171} INFO - Processing /Library/Frameworks/Python.framework/Versions/3.10/lib/python3.10/site-packages/airflow/example_dags/tutorial_taskflow_api_etl.py took 0.120 seconds
[2022-08-10 12:00:02,833] {processor.py:163} INFO - Started process (PID=69146) to work on /Library/Frameworks/Python.framework/Versions/3.10/lib/python3.10/site-packages/airflow/example_dags/tutorial_taskflow_api_etl.py
[2022-08-10 12:00:02,833] {processor.py:642} INFO - Processing file /Library/Frameworks/Python.framework/Versions/3.10/lib/python3.10/site-packages/airflow/example_dags/tutorial_taskflow_api_etl.py for tasks to queue
[2022-08-10 12:00:02,833] {logging_mixin.py:109} INFO - [2022-08-10 12:00:02,833] {dagbag.py:500} INFO - Filling up the DagBag from /Library/Frameworks/Python.framework/Versions/3.10/lib/python3.10/site-packages/airflow/example_dags/tutorial_taskflow_api_etl.py
[2022-08-10 12:00:02,842] {processor.py:652} INFO - DAG(s) dict_keys(['tutorial_taskflow_api_etl']) retrieved from /Library/Frameworks/Python.framework/Versions/3.10/lib/python3.10/site-packages/airflow/example_dags/tutorial_taskflow_api_etl.py
[2022-08-10 12:00:02,945] {logging_mixin.py:109} INFO - [2022-08-10 12:00:02,945] {dag.py:2398} INFO - Sync 1 DAGs
[2022-08-10 12:00:02,948] {logging_mixin.py:109} INFO - [2022-08-10 12:00:02,948] {dag.py:2937} INFO - Setting next_dagrun for tutorial_taskflow_api_etl to None
[2022-08-10 12:00:02,951] {processor.py:171} INFO - Processing /Library/Frameworks/Python.framework/Versions/3.10/lib/python3.10/site-packages/airflow/example_dags/tutorial_taskflow_api_etl.py took 0.119 seconds
[2022-08-10 12:00:43,600] {processor.py:163} INFO - Started process (PID=69355) to work on /Library/Frameworks/Python.framework/Versions/3.10/lib/python3.10/site-packages/airflow/example_dags/tutorial_taskflow_api_etl.py
[2022-08-10 12:00:43,600] {processor.py:642} INFO - Processing file /Library/Frameworks/Python.framework/Versions/3.10/lib/python3.10/site-packages/airflow/example_dags/tutorial_taskflow_api_etl.py for tasks to queue
[2022-08-10 12:00:43,600] {logging_mixin.py:109} INFO - [2022-08-10 12:00:43,600] {dagbag.py:500} INFO - Filling up the DagBag from /Library/Frameworks/Python.framework/Versions/3.10/lib/python3.10/site-packages/airflow/example_dags/tutorial_taskflow_api_etl.py
[2022-08-10 12:00:43,609] {processor.py:652} INFO - DAG(s) dict_keys(['tutorial_taskflow_api_etl']) retrieved from /Library/Frameworks/Python.framework/Versions/3.10/lib/python3.10/site-packages/airflow/example_dags/tutorial_taskflow_api_etl.py
[2022-08-10 12:00:43,714] {logging_mixin.py:109} INFO - [2022-08-10 12:00:43,714] {dag.py:2398} INFO - Sync 1 DAGs
[2022-08-10 12:00:43,717] {logging_mixin.py:109} INFO - [2022-08-10 12:00:43,717] {dag.py:2937} INFO - Setting next_dagrun for tutorial_taskflow_api_etl to None
[2022-08-10 12:00:43,720] {processor.py:171} INFO - Processing /Library/Frameworks/Python.framework/Versions/3.10/lib/python3.10/site-packages/airflow/example_dags/tutorial_taskflow_api_etl.py took 0.120 seconds
[2022-08-10 12:01:24,097] {processor.py:163} INFO - Started process (PID=69602) to work on /Library/Frameworks/Python.framework/Versions/3.10/lib/python3.10/site-packages/airflow/example_dags/tutorial_taskflow_api_etl.py
[2022-08-10 12:01:24,097] {processor.py:642} INFO - Processing file /Library/Frameworks/Python.framework/Versions/3.10/lib/python3.10/site-packages/airflow/example_dags/tutorial_taskflow_api_etl.py for tasks to queue
[2022-08-10 12:01:24,097] {logging_mixin.py:109} INFO - [2022-08-10 12:01:24,097] {dagbag.py:500} INFO - Filling up the DagBag from /Library/Frameworks/Python.framework/Versions/3.10/lib/python3.10/site-packages/airflow/example_dags/tutorial_taskflow_api_etl.py
[2022-08-10 12:01:24,107] {processor.py:652} INFO - DAG(s) dict_keys(['tutorial_taskflow_api_etl']) retrieved from /Library/Frameworks/Python.framework/Versions/3.10/lib/python3.10/site-packages/airflow/example_dags/tutorial_taskflow_api_etl.py
[2022-08-10 12:01:24,208] {logging_mixin.py:109} INFO - [2022-08-10 12:01:24,208] {dag.py:2398} INFO - Sync 1 DAGs
[2022-08-10 12:01:24,211] {logging_mixin.py:109} INFO - [2022-08-10 12:01:24,211] {dag.py:2937} INFO - Setting next_dagrun for tutorial_taskflow_api_etl to None
[2022-08-10 12:01:24,215] {processor.py:171} INFO - Processing /Library/Frameworks/Python.framework/Versions/3.10/lib/python3.10/site-packages/airflow/example_dags/tutorial_taskflow_api_etl.py took 0.118 seconds
[2022-08-10 12:02:00,912] {processor.py:163} INFO - Started process (PID=69859) to work on /Library/Frameworks/Python.framework/Versions/3.10/lib/python3.10/site-packages/airflow/example_dags/tutorial_taskflow_api_etl.py
[2022-08-10 12:02:00,912] {processor.py:642} INFO - Processing file /Library/Frameworks/Python.framework/Versions/3.10/lib/python3.10/site-packages/airflow/example_dags/tutorial_taskflow_api_etl.py for tasks to queue
[2022-08-10 12:02:00,912] {logging_mixin.py:109} INFO - [2022-08-10 12:02:00,912] {dagbag.py:500} INFO - Filling up the DagBag from /Library/Frameworks/Python.framework/Versions/3.10/lib/python3.10/site-packages/airflow/example_dags/tutorial_taskflow_api_etl.py
[2022-08-10 12:02:00,922] {processor.py:652} INFO - DAG(s) dict_keys(['tutorial_taskflow_api_etl']) retrieved from /Library/Frameworks/Python.framework/Versions/3.10/lib/python3.10/site-packages/airflow/example_dags/tutorial_taskflow_api_etl.py
[2022-08-10 12:02:01,022] {logging_mixin.py:109} INFO - [2022-08-10 12:02:01,022] {dag.py:2398} INFO - Sync 1 DAGs
[2022-08-10 12:02:01,025] {logging_mixin.py:109} INFO - [2022-08-10 12:02:01,025] {dag.py:2937} INFO - Setting next_dagrun for tutorial_taskflow_api_etl to None
[2022-08-10 12:02:01,028] {processor.py:171} INFO - Processing /Library/Frameworks/Python.framework/Versions/3.10/lib/python3.10/site-packages/airflow/example_dags/tutorial_taskflow_api_etl.py took 0.116 seconds
