[2022-08-10 11:45:47,367] {processor.py:163} INFO - Started process (PID=66238) to work on /Library/Frameworks/Python.framework/Versions/3.10/lib/python3.10/site-packages/airflow/example_dags/subdags/subdag.py
[2022-08-10 11:45:47,368] {processor.py:642} INFO - Processing file /Library/Frameworks/Python.framework/Versions/3.10/lib/python3.10/site-packages/airflow/example_dags/subdags/subdag.py for tasks to queue
[2022-08-10 11:45:47,368] {logging_mixin.py:109} INFO - [2022-08-10 11:45:47,368] {dagbag.py:500} INFO - Filling up the DagBag from /Library/Frameworks/Python.framework/Versions/3.10/lib/python3.10/site-packages/airflow/example_dags/subdags/subdag.py
[2022-08-10 11:45:47,369] {processor.py:654} WARNING - No viable dags retrieved from /Library/Frameworks/Python.framework/Versions/3.10/lib/python3.10/site-packages/airflow/example_dags/subdags/subdag.py
[2022-08-10 11:45:47,376] {processor.py:171} INFO - Processing /Library/Frameworks/Python.framework/Versions/3.10/lib/python3.10/site-packages/airflow/example_dags/subdags/subdag.py took 0.009 seconds
[2022-08-10 11:46:29,988] {processor.py:163} INFO - Started process (PID=66444) to work on /Library/Frameworks/Python.framework/Versions/3.10/lib/python3.10/site-packages/airflow/example_dags/subdags/subdag.py
[2022-08-10 11:46:29,989] {processor.py:642} INFO - Processing file /Library/Frameworks/Python.framework/Versions/3.10/lib/python3.10/site-packages/airflow/example_dags/subdags/subdag.py for tasks to queue
[2022-08-10 11:46:29,989] {logging_mixin.py:109} INFO - [2022-08-10 11:46:29,989] {dagbag.py:500} INFO - Filling up the DagBag from /Library/Frameworks/Python.framework/Versions/3.10/lib/python3.10/site-packages/airflow/example_dags/subdags/subdag.py
[2022-08-10 11:46:29,990] {processor.py:654} WARNING - No viable dags retrieved from /Library/Frameworks/Python.framework/Versions/3.10/lib/python3.10/site-packages/airflow/example_dags/subdags/subdag.py
[2022-08-10 11:46:29,998] {processor.py:171} INFO - Processing /Library/Frameworks/Python.framework/Versions/3.10/lib/python3.10/site-packages/airflow/example_dags/subdags/subdag.py took 0.010 seconds
[2022-08-10 11:47:08,358] {processor.py:163} INFO - Started process (PID=66669) to work on /Library/Frameworks/Python.framework/Versions/3.10/lib/python3.10/site-packages/airflow/example_dags/subdags/subdag.py
[2022-08-10 11:47:08,358] {processor.py:642} INFO - Processing file /Library/Frameworks/Python.framework/Versions/3.10/lib/python3.10/site-packages/airflow/example_dags/subdags/subdag.py for tasks to queue
[2022-08-10 11:47:08,358] {logging_mixin.py:109} INFO - [2022-08-10 11:47:08,358] {dagbag.py:500} INFO - Filling up the DagBag from /Library/Frameworks/Python.framework/Versions/3.10/lib/python3.10/site-packages/airflow/example_dags/subdags/subdag.py
[2022-08-10 11:47:08,359] {processor.py:654} WARNING - No viable dags retrieved from /Library/Frameworks/Python.framework/Versions/3.10/lib/python3.10/site-packages/airflow/example_dags/subdags/subdag.py
[2022-08-10 11:47:08,366] {processor.py:171} INFO - Processing /Library/Frameworks/Python.framework/Versions/3.10/lib/python3.10/site-packages/airflow/example_dags/subdags/subdag.py took 0.009 seconds
[2022-08-10 11:52:25,229] {processor.py:163} INFO - Started process (PID=66752) to work on /Library/Frameworks/Python.framework/Versions/3.10/lib/python3.10/site-packages/airflow/example_dags/subdags/subdag.py
[2022-08-10 11:52:25,229] {processor.py:642} INFO - Processing file /Library/Frameworks/Python.framework/Versions/3.10/lib/python3.10/site-packages/airflow/example_dags/subdags/subdag.py for tasks to queue
[2022-08-10 11:52:25,229] {logging_mixin.py:109} INFO - [2022-08-10 11:52:25,229] {dagbag.py:500} INFO - Filling up the DagBag from /Library/Frameworks/Python.framework/Versions/3.10/lib/python3.10/site-packages/airflow/example_dags/subdags/subdag.py
[2022-08-10 11:52:25,230] {processor.py:654} WARNING - No viable dags retrieved from /Library/Frameworks/Python.framework/Versions/3.10/lib/python3.10/site-packages/airflow/example_dags/subdags/subdag.py
[2022-08-10 11:52:25,237] {processor.py:171} INFO - Processing /Library/Frameworks/Python.framework/Versions/3.10/lib/python3.10/site-packages/airflow/example_dags/subdags/subdag.py took 0.008 seconds
[2022-08-10 11:53:25,975] {processor.py:163} INFO - Started process (PID=66959) to work on /Library/Frameworks/Python.framework/Versions/3.10/lib/python3.10/site-packages/airflow/example_dags/subdags/subdag.py
[2022-08-10 11:53:25,976] {processor.py:642} INFO - Processing file /Library/Frameworks/Python.framework/Versions/3.10/lib/python3.10/site-packages/airflow/example_dags/subdags/subdag.py for tasks to queue
[2022-08-10 11:53:25,976] {logging_mixin.py:109} INFO - [2022-08-10 11:53:25,976] {dagbag.py:500} INFO - Filling up the DagBag from /Library/Frameworks/Python.framework/Versions/3.10/lib/python3.10/site-packages/airflow/example_dags/subdags/subdag.py
[2022-08-10 11:53:25,976] {processor.py:654} WARNING - No viable dags retrieved from /Library/Frameworks/Python.framework/Versions/3.10/lib/python3.10/site-packages/airflow/example_dags/subdags/subdag.py
[2022-08-10 11:53:25,984] {processor.py:171} INFO - Processing /Library/Frameworks/Python.framework/Versions/3.10/lib/python3.10/site-packages/airflow/example_dags/subdags/subdag.py took 0.009 seconds
[2022-08-10 11:54:04,719] {processor.py:163} INFO - Started process (PID=67195) to work on /Library/Frameworks/Python.framework/Versions/3.10/lib/python3.10/site-packages/airflow/example_dags/subdags/subdag.py
[2022-08-10 11:54:04,719] {processor.py:642} INFO - Processing file /Library/Frameworks/Python.framework/Versions/3.10/lib/python3.10/site-packages/airflow/example_dags/subdags/subdag.py for tasks to queue
[2022-08-10 11:54:04,719] {logging_mixin.py:109} INFO - [2022-08-10 11:54:04,719] {dagbag.py:500} INFO - Filling up the DagBag from /Library/Frameworks/Python.framework/Versions/3.10/lib/python3.10/site-packages/airflow/example_dags/subdags/subdag.py
[2022-08-10 11:54:04,720] {processor.py:654} WARNING - No viable dags retrieved from /Library/Frameworks/Python.framework/Versions/3.10/lib/python3.10/site-packages/airflow/example_dags/subdags/subdag.py
[2022-08-10 11:54:04,727] {processor.py:171} INFO - Processing /Library/Frameworks/Python.framework/Versions/3.10/lib/python3.10/site-packages/airflow/example_dags/subdags/subdag.py took 0.008 seconds
[2022-08-10 11:54:45,084] {processor.py:163} INFO - Started process (PID=67430) to work on /Library/Frameworks/Python.framework/Versions/3.10/lib/python3.10/site-packages/airflow/example_dags/subdags/subdag.py
[2022-08-10 11:54:45,085] {processor.py:642} INFO - Processing file /Library/Frameworks/Python.framework/Versions/3.10/lib/python3.10/site-packages/airflow/example_dags/subdags/subdag.py for tasks to queue
[2022-08-10 11:54:45,085] {logging_mixin.py:109} INFO - [2022-08-10 11:54:45,085] {dagbag.py:500} INFO - Filling up the DagBag from /Library/Frameworks/Python.framework/Versions/3.10/lib/python3.10/site-packages/airflow/example_dags/subdags/subdag.py
[2022-08-10 11:54:45,085] {processor.py:654} WARNING - No viable dags retrieved from /Library/Frameworks/Python.framework/Versions/3.10/lib/python3.10/site-packages/airflow/example_dags/subdags/subdag.py
[2022-08-10 11:54:45,093] {processor.py:171} INFO - Processing /Library/Frameworks/Python.framework/Versions/3.10/lib/python3.10/site-packages/airflow/example_dags/subdags/subdag.py took 0.009 seconds
[2022-08-10 11:55:23,691] {processor.py:163} INFO - Started process (PID=67625) to work on /Library/Frameworks/Python.framework/Versions/3.10/lib/python3.10/site-packages/airflow/example_dags/subdags/subdag.py
[2022-08-10 11:55:23,692] {processor.py:642} INFO - Processing file /Library/Frameworks/Python.framework/Versions/3.10/lib/python3.10/site-packages/airflow/example_dags/subdags/subdag.py for tasks to queue
[2022-08-10 11:55:23,692] {logging_mixin.py:109} INFO - [2022-08-10 11:55:23,692] {dagbag.py:500} INFO - Filling up the DagBag from /Library/Frameworks/Python.framework/Versions/3.10/lib/python3.10/site-packages/airflow/example_dags/subdags/subdag.py
[2022-08-10 11:55:23,692] {processor.py:654} WARNING - No viable dags retrieved from /Library/Frameworks/Python.framework/Versions/3.10/lib/python3.10/site-packages/airflow/example_dags/subdags/subdag.py
[2022-08-10 11:55:23,700] {processor.py:171} INFO - Processing /Library/Frameworks/Python.framework/Versions/3.10/lib/python3.10/site-packages/airflow/example_dags/subdags/subdag.py took 0.009 seconds
[2022-08-10 11:56:04,225] {processor.py:163} INFO - Started process (PID=67857) to work on /Library/Frameworks/Python.framework/Versions/3.10/lib/python3.10/site-packages/airflow/example_dags/subdags/subdag.py
[2022-08-10 11:56:04,225] {processor.py:642} INFO - Processing file /Library/Frameworks/Python.framework/Versions/3.10/lib/python3.10/site-packages/airflow/example_dags/subdags/subdag.py for tasks to queue
[2022-08-10 11:56:04,226] {logging_mixin.py:109} INFO - [2022-08-10 11:56:04,226] {dagbag.py:500} INFO - Filling up the DagBag from /Library/Frameworks/Python.framework/Versions/3.10/lib/python3.10/site-packages/airflow/example_dags/subdags/subdag.py
[2022-08-10 11:56:04,226] {processor.py:654} WARNING - No viable dags retrieved from /Library/Frameworks/Python.framework/Versions/3.10/lib/python3.10/site-packages/airflow/example_dags/subdags/subdag.py
[2022-08-10 11:56:04,233] {processor.py:171} INFO - Processing /Library/Frameworks/Python.framework/Versions/3.10/lib/python3.10/site-packages/airflow/example_dags/subdags/subdag.py took 0.008 seconds
[2022-08-10 11:56:41,830] {processor.py:163} INFO - Started process (PID=68073) to work on /Library/Frameworks/Python.framework/Versions/3.10/lib/python3.10/site-packages/airflow/example_dags/subdags/subdag.py
[2022-08-10 11:56:41,831] {processor.py:642} INFO - Processing file /Library/Frameworks/Python.framework/Versions/3.10/lib/python3.10/site-packages/airflow/example_dags/subdags/subdag.py for tasks to queue
[2022-08-10 11:56:41,831] {logging_mixin.py:109} INFO - [2022-08-10 11:56:41,831] {dagbag.py:500} INFO - Filling up the DagBag from /Library/Frameworks/Python.framework/Versions/3.10/lib/python3.10/site-packages/airflow/example_dags/subdags/subdag.py
[2022-08-10 11:56:41,832] {processor.py:654} WARNING - No viable dags retrieved from /Library/Frameworks/Python.framework/Versions/3.10/lib/python3.10/site-packages/airflow/example_dags/subdags/subdag.py
[2022-08-10 11:56:41,840] {processor.py:171} INFO - Processing /Library/Frameworks/Python.framework/Versions/3.10/lib/python3.10/site-packages/airflow/example_dags/subdags/subdag.py took 0.010 seconds
[2022-08-10 11:57:19,857] {processor.py:163} INFO - Started process (PID=68267) to work on /Library/Frameworks/Python.framework/Versions/3.10/lib/python3.10/site-packages/airflow/example_dags/subdags/subdag.py
[2022-08-10 11:57:19,857] {processor.py:642} INFO - Processing file /Library/Frameworks/Python.framework/Versions/3.10/lib/python3.10/site-packages/airflow/example_dags/subdags/subdag.py for tasks to queue
[2022-08-10 11:57:19,857] {logging_mixin.py:109} INFO - [2022-08-10 11:57:19,857] {dagbag.py:500} INFO - Filling up the DagBag from /Library/Frameworks/Python.framework/Versions/3.10/lib/python3.10/site-packages/airflow/example_dags/subdags/subdag.py
[2022-08-10 11:57:19,857] {processor.py:654} WARNING - No viable dags retrieved from /Library/Frameworks/Python.framework/Versions/3.10/lib/python3.10/site-packages/airflow/example_dags/subdags/subdag.py
[2022-08-10 11:57:19,865] {processor.py:171} INFO - Processing /Library/Frameworks/Python.framework/Versions/3.10/lib/python3.10/site-packages/airflow/example_dags/subdags/subdag.py took 0.008 seconds
[2022-08-10 11:57:58,690] {processor.py:163} INFO - Started process (PID=68475) to work on /Library/Frameworks/Python.framework/Versions/3.10/lib/python3.10/site-packages/airflow/example_dags/subdags/subdag.py
[2022-08-10 11:57:58,691] {processor.py:642} INFO - Processing file /Library/Frameworks/Python.framework/Versions/3.10/lib/python3.10/site-packages/airflow/example_dags/subdags/subdag.py for tasks to queue
[2022-08-10 11:57:58,691] {logging_mixin.py:109} INFO - [2022-08-10 11:57:58,691] {dagbag.py:500} INFO - Filling up the DagBag from /Library/Frameworks/Python.framework/Versions/3.10/lib/python3.10/site-packages/airflow/example_dags/subdags/subdag.py
[2022-08-10 11:57:58,692] {processor.py:654} WARNING - No viable dags retrieved from /Library/Frameworks/Python.framework/Versions/3.10/lib/python3.10/site-packages/airflow/example_dags/subdags/subdag.py
[2022-08-10 11:57:58,699] {processor.py:171} INFO - Processing /Library/Frameworks/Python.framework/Versions/3.10/lib/python3.10/site-packages/airflow/example_dags/subdags/subdag.py took 0.009 seconds
[2022-08-10 11:58:40,651] {processor.py:163} INFO - Started process (PID=68698) to work on /Library/Frameworks/Python.framework/Versions/3.10/lib/python3.10/site-packages/airflow/example_dags/subdags/subdag.py
[2022-08-10 11:58:40,652] {processor.py:642} INFO - Processing file /Library/Frameworks/Python.framework/Versions/3.10/lib/python3.10/site-packages/airflow/example_dags/subdags/subdag.py for tasks to queue
[2022-08-10 11:58:40,652] {logging_mixin.py:109} INFO - [2022-08-10 11:58:40,652] {dagbag.py:500} INFO - Filling up the DagBag from /Library/Frameworks/Python.framework/Versions/3.10/lib/python3.10/site-packages/airflow/example_dags/subdags/subdag.py
[2022-08-10 11:58:40,652] {processor.py:654} WARNING - No viable dags retrieved from /Library/Frameworks/Python.framework/Versions/3.10/lib/python3.10/site-packages/airflow/example_dags/subdags/subdag.py
[2022-08-10 11:58:40,660] {processor.py:171} INFO - Processing /Library/Frameworks/Python.framework/Versions/3.10/lib/python3.10/site-packages/airflow/example_dags/subdags/subdag.py took 0.009 seconds
[2022-08-10 11:59:21,135] {processor.py:163} INFO - Started process (PID=68914) to work on /Library/Frameworks/Python.framework/Versions/3.10/lib/python3.10/site-packages/airflow/example_dags/subdags/subdag.py
[2022-08-10 11:59:21,136] {processor.py:642} INFO - Processing file /Library/Frameworks/Python.framework/Versions/3.10/lib/python3.10/site-packages/airflow/example_dags/subdags/subdag.py for tasks to queue
[2022-08-10 11:59:21,136] {logging_mixin.py:109} INFO - [2022-08-10 11:59:21,136] {dagbag.py:500} INFO - Filling up the DagBag from /Library/Frameworks/Python.framework/Versions/3.10/lib/python3.10/site-packages/airflow/example_dags/subdags/subdag.py
[2022-08-10 11:59:21,136] {processor.py:654} WARNING - No viable dags retrieved from /Library/Frameworks/Python.framework/Versions/3.10/lib/python3.10/site-packages/airflow/example_dags/subdags/subdag.py
[2022-08-10 11:59:21,144] {processor.py:171} INFO - Processing /Library/Frameworks/Python.framework/Versions/3.10/lib/python3.10/site-packages/airflow/example_dags/subdags/subdag.py took 0.009 seconds
[2022-08-10 11:59:58,816] {processor.py:163} INFO - Started process (PID=69120) to work on /Library/Frameworks/Python.framework/Versions/3.10/lib/python3.10/site-packages/airflow/example_dags/subdags/subdag.py
[2022-08-10 11:59:58,817] {processor.py:642} INFO - Processing file /Library/Frameworks/Python.framework/Versions/3.10/lib/python3.10/site-packages/airflow/example_dags/subdags/subdag.py for tasks to queue
[2022-08-10 11:59:58,817] {logging_mixin.py:109} INFO - [2022-08-10 11:59:58,817] {dagbag.py:500} INFO - Filling up the DagBag from /Library/Frameworks/Python.framework/Versions/3.10/lib/python3.10/site-packages/airflow/example_dags/subdags/subdag.py
[2022-08-10 11:59:58,817] {processor.py:654} WARNING - No viable dags retrieved from /Library/Frameworks/Python.framework/Versions/3.10/lib/python3.10/site-packages/airflow/example_dags/subdags/subdag.py
[2022-08-10 11:59:58,825] {processor.py:171} INFO - Processing /Library/Frameworks/Python.framework/Versions/3.10/lib/python3.10/site-packages/airflow/example_dags/subdags/subdag.py took 0.009 seconds
[2022-08-10 12:00:39,230] {processor.py:163} INFO - Started process (PID=69330) to work on /Library/Frameworks/Python.framework/Versions/3.10/lib/python3.10/site-packages/airflow/example_dags/subdags/subdag.py
[2022-08-10 12:00:39,231] {processor.py:642} INFO - Processing file /Library/Frameworks/Python.framework/Versions/3.10/lib/python3.10/site-packages/airflow/example_dags/subdags/subdag.py for tasks to queue
[2022-08-10 12:00:39,231] {logging_mixin.py:109} INFO - [2022-08-10 12:00:39,231] {dagbag.py:500} INFO - Filling up the DagBag from /Library/Frameworks/Python.framework/Versions/3.10/lib/python3.10/site-packages/airflow/example_dags/subdags/subdag.py
[2022-08-10 12:00:39,232] {processor.py:654} WARNING - No viable dags retrieved from /Library/Frameworks/Python.framework/Versions/3.10/lib/python3.10/site-packages/airflow/example_dags/subdags/subdag.py
[2022-08-10 12:00:39,239] {processor.py:171} INFO - Processing /Library/Frameworks/Python.framework/Versions/3.10/lib/python3.10/site-packages/airflow/example_dags/subdags/subdag.py took 0.009 seconds
[2022-08-10 12:01:20,093] {processor.py:163} INFO - Started process (PID=69563) to work on /Library/Frameworks/Python.framework/Versions/3.10/lib/python3.10/site-packages/airflow/example_dags/subdags/subdag.py
[2022-08-10 12:01:20,093] {processor.py:642} INFO - Processing file /Library/Frameworks/Python.framework/Versions/3.10/lib/python3.10/site-packages/airflow/example_dags/subdags/subdag.py for tasks to queue
[2022-08-10 12:01:20,093] {logging_mixin.py:109} INFO - [2022-08-10 12:01:20,093] {dagbag.py:500} INFO - Filling up the DagBag from /Library/Frameworks/Python.framework/Versions/3.10/lib/python3.10/site-packages/airflow/example_dags/subdags/subdag.py
[2022-08-10 12:01:20,094] {processor.py:654} WARNING - No viable dags retrieved from /Library/Frameworks/Python.framework/Versions/3.10/lib/python3.10/site-packages/airflow/example_dags/subdags/subdag.py
[2022-08-10 12:01:20,101] {processor.py:171} INFO - Processing /Library/Frameworks/Python.framework/Versions/3.10/lib/python3.10/site-packages/airflow/example_dags/subdags/subdag.py took 0.008 seconds
[2022-08-10 12:01:56,924] {processor.py:163} INFO - Started process (PID=69840) to work on /Library/Frameworks/Python.framework/Versions/3.10/lib/python3.10/site-packages/airflow/example_dags/subdags/subdag.py
[2022-08-10 12:01:56,924] {processor.py:642} INFO - Processing file /Library/Frameworks/Python.framework/Versions/3.10/lib/python3.10/site-packages/airflow/example_dags/subdags/subdag.py for tasks to queue
[2022-08-10 12:01:56,924] {logging_mixin.py:109} INFO - [2022-08-10 12:01:56,924] {dagbag.py:500} INFO - Filling up the DagBag from /Library/Frameworks/Python.framework/Versions/3.10/lib/python3.10/site-packages/airflow/example_dags/subdags/subdag.py
[2022-08-10 12:01:56,926] {processor.py:654} WARNING - No viable dags retrieved from /Library/Frameworks/Python.framework/Versions/3.10/lib/python3.10/site-packages/airflow/example_dags/subdags/subdag.py
[2022-08-10 12:01:56,934] {processor.py:171} INFO - Processing /Library/Frameworks/Python.framework/Versions/3.10/lib/python3.10/site-packages/airflow/example_dags/subdags/subdag.py took 0.010 seconds
