[2022-08-10 11:45:48,819] {processor.py:163} INFO - Started process (PID=66244) to work on /Library/Frameworks/Python.framework/Versions/3.10/lib/python3.10/site-packages/airflow/example_dags/plugins/workday.py
[2022-08-10 11:45:48,819] {processor.py:642} INFO - Processing file /Library/Frameworks/Python.framework/Versions/3.10/lib/python3.10/site-packages/airflow/example_dags/plugins/workday.py for tasks to queue
[2022-08-10 11:45:48,820] {logging_mixin.py:109} INFO - [2022-08-10 11:45:48,820] {dagbag.py:500} INFO - Filling up the DagBag from /Library/Frameworks/Python.framework/Versions/3.10/lib/python3.10/site-packages/airflow/example_dags/plugins/workday.py
[2022-08-10 11:45:48,820] {processor.py:654} WARNING - No viable dags retrieved from /Library/Frameworks/Python.framework/Versions/3.10/lib/python3.10/site-packages/airflow/example_dags/plugins/workday.py
[2022-08-10 11:45:48,828] {processor.py:171} INFO - Processing /Library/Frameworks/Python.framework/Versions/3.10/lib/python3.10/site-packages/airflow/example_dags/plugins/workday.py took 0.009 seconds
[2022-08-10 11:46:31,468] {processor.py:163} INFO - Started process (PID=66449) to work on /Library/Frameworks/Python.framework/Versions/3.10/lib/python3.10/site-packages/airflow/example_dags/plugins/workday.py
[2022-08-10 11:46:31,468] {processor.py:642} INFO - Processing file /Library/Frameworks/Python.framework/Versions/3.10/lib/python3.10/site-packages/airflow/example_dags/plugins/workday.py for tasks to queue
[2022-08-10 11:46:31,468] {logging_mixin.py:109} INFO - [2022-08-10 11:46:31,468] {dagbag.py:500} INFO - Filling up the DagBag from /Library/Frameworks/Python.framework/Versions/3.10/lib/python3.10/site-packages/airflow/example_dags/plugins/workday.py
[2022-08-10 11:46:31,469] {processor.py:654} WARNING - No viable dags retrieved from /Library/Frameworks/Python.framework/Versions/3.10/lib/python3.10/site-packages/airflow/example_dags/plugins/workday.py
[2022-08-10 11:46:31,477] {processor.py:171} INFO - Processing /Library/Frameworks/Python.framework/Versions/3.10/lib/python3.10/site-packages/airflow/example_dags/plugins/workday.py took 0.009 seconds
[2022-08-10 11:47:09,823] {processor.py:163} INFO - Started process (PID=66675) to work on /Library/Frameworks/Python.framework/Versions/3.10/lib/python3.10/site-packages/airflow/example_dags/plugins/workday.py
[2022-08-10 11:47:09,823] {processor.py:642} INFO - Processing file /Library/Frameworks/Python.framework/Versions/3.10/lib/python3.10/site-packages/airflow/example_dags/plugins/workday.py for tasks to queue
[2022-08-10 11:47:09,823] {logging_mixin.py:109} INFO - [2022-08-10 11:47:09,823] {dagbag.py:500} INFO - Filling up the DagBag from /Library/Frameworks/Python.framework/Versions/3.10/lib/python3.10/site-packages/airflow/example_dags/plugins/workday.py
[2022-08-10 11:47:09,825] {processor.py:654} WARNING - No viable dags retrieved from /Library/Frameworks/Python.framework/Versions/3.10/lib/python3.10/site-packages/airflow/example_dags/plugins/workday.py
[2022-08-10 11:47:09,832] {processor.py:171} INFO - Processing /Library/Frameworks/Python.framework/Versions/3.10/lib/python3.10/site-packages/airflow/example_dags/plugins/workday.py took 0.010 seconds
[2022-08-10 11:52:26,637] {processor.py:163} INFO - Started process (PID=66761) to work on /Library/Frameworks/Python.framework/Versions/3.10/lib/python3.10/site-packages/airflow/example_dags/plugins/workday.py
[2022-08-10 11:52:26,637] {processor.py:642} INFO - Processing file /Library/Frameworks/Python.framework/Versions/3.10/lib/python3.10/site-packages/airflow/example_dags/plugins/workday.py for tasks to queue
[2022-08-10 11:52:26,637] {logging_mixin.py:109} INFO - [2022-08-10 11:52:26,637] {dagbag.py:500} INFO - Filling up the DagBag from /Library/Frameworks/Python.framework/Versions/3.10/lib/python3.10/site-packages/airflow/example_dags/plugins/workday.py
[2022-08-10 11:52:26,638] {processor.py:654} WARNING - No viable dags retrieved from /Library/Frameworks/Python.framework/Versions/3.10/lib/python3.10/site-packages/airflow/example_dags/plugins/workday.py
[2022-08-10 11:52:26,645] {processor.py:171} INFO - Processing /Library/Frameworks/Python.framework/Versions/3.10/lib/python3.10/site-packages/airflow/example_dags/plugins/workday.py took 0.009 seconds
[2022-08-10 11:53:27,070] {processor.py:163} INFO - Started process (PID=66968) to work on /Library/Frameworks/Python.framework/Versions/3.10/lib/python3.10/site-packages/airflow/example_dags/plugins/workday.py
[2022-08-10 11:53:27,070] {processor.py:642} INFO - Processing file /Library/Frameworks/Python.framework/Versions/3.10/lib/python3.10/site-packages/airflow/example_dags/plugins/workday.py for tasks to queue
[2022-08-10 11:53:27,070] {logging_mixin.py:109} INFO - [2022-08-10 11:53:27,070] {dagbag.py:500} INFO - Filling up the DagBag from /Library/Frameworks/Python.framework/Versions/3.10/lib/python3.10/site-packages/airflow/example_dags/plugins/workday.py
[2022-08-10 11:53:27,070] {processor.py:654} WARNING - No viable dags retrieved from /Library/Frameworks/Python.framework/Versions/3.10/lib/python3.10/site-packages/airflow/example_dags/plugins/workday.py
[2022-08-10 11:53:27,078] {processor.py:171} INFO - Processing /Library/Frameworks/Python.framework/Versions/3.10/lib/python3.10/site-packages/airflow/example_dags/plugins/workday.py took 0.009 seconds
[2022-08-10 11:54:05,674] {processor.py:163} INFO - Started process (PID=67204) to work on /Library/Frameworks/Python.framework/Versions/3.10/lib/python3.10/site-packages/airflow/example_dags/plugins/workday.py
[2022-08-10 11:54:05,674] {processor.py:642} INFO - Processing file /Library/Frameworks/Python.framework/Versions/3.10/lib/python3.10/site-packages/airflow/example_dags/plugins/workday.py for tasks to queue
[2022-08-10 11:54:05,675] {logging_mixin.py:109} INFO - [2022-08-10 11:54:05,675] {dagbag.py:500} INFO - Filling up the DagBag from /Library/Frameworks/Python.framework/Versions/3.10/lib/python3.10/site-packages/airflow/example_dags/plugins/workday.py
[2022-08-10 11:54:05,675] {processor.py:654} WARNING - No viable dags retrieved from /Library/Frameworks/Python.framework/Versions/3.10/lib/python3.10/site-packages/airflow/example_dags/plugins/workday.py
[2022-08-10 11:54:05,682] {processor.py:171} INFO - Processing /Library/Frameworks/Python.framework/Versions/3.10/lib/python3.10/site-packages/airflow/example_dags/plugins/workday.py took 0.008 seconds
[2022-08-10 11:54:46,487] {processor.py:163} INFO - Started process (PID=67439) to work on /Library/Frameworks/Python.framework/Versions/3.10/lib/python3.10/site-packages/airflow/example_dags/plugins/workday.py
[2022-08-10 11:54:46,487] {processor.py:642} INFO - Processing file /Library/Frameworks/Python.framework/Versions/3.10/lib/python3.10/site-packages/airflow/example_dags/plugins/workday.py for tasks to queue
[2022-08-10 11:54:46,487] {logging_mixin.py:109} INFO - [2022-08-10 11:54:46,487] {dagbag.py:500} INFO - Filling up the DagBag from /Library/Frameworks/Python.framework/Versions/3.10/lib/python3.10/site-packages/airflow/example_dags/plugins/workday.py
[2022-08-10 11:54:46,488] {processor.py:654} WARNING - No viable dags retrieved from /Library/Frameworks/Python.framework/Versions/3.10/lib/python3.10/site-packages/airflow/example_dags/plugins/workday.py
[2022-08-10 11:54:46,495] {processor.py:171} INFO - Processing /Library/Frameworks/Python.framework/Versions/3.10/lib/python3.10/site-packages/airflow/example_dags/plugins/workday.py took 0.009 seconds
[2022-08-10 11:55:25,124] {processor.py:163} INFO - Started process (PID=67630) to work on /Library/Frameworks/Python.framework/Versions/3.10/lib/python3.10/site-packages/airflow/example_dags/plugins/workday.py
[2022-08-10 11:55:25,124] {processor.py:642} INFO - Processing file /Library/Frameworks/Python.framework/Versions/3.10/lib/python3.10/site-packages/airflow/example_dags/plugins/workday.py for tasks to queue
[2022-08-10 11:55:25,124] {logging_mixin.py:109} INFO - [2022-08-10 11:55:25,124] {dagbag.py:500} INFO - Filling up the DagBag from /Library/Frameworks/Python.framework/Versions/3.10/lib/python3.10/site-packages/airflow/example_dags/plugins/workday.py
[2022-08-10 11:55:25,124] {processor.py:654} WARNING - No viable dags retrieved from /Library/Frameworks/Python.framework/Versions/3.10/lib/python3.10/site-packages/airflow/example_dags/plugins/workday.py
[2022-08-10 11:55:25,132] {processor.py:171} INFO - Processing /Library/Frameworks/Python.framework/Versions/3.10/lib/python3.10/site-packages/airflow/example_dags/plugins/workday.py took 0.008 seconds
[2022-08-10 11:56:05,677] {processor.py:163} INFO - Started process (PID=67866) to work on /Library/Frameworks/Python.framework/Versions/3.10/lib/python3.10/site-packages/airflow/example_dags/plugins/workday.py
[2022-08-10 11:56:05,677] {processor.py:642} INFO - Processing file /Library/Frameworks/Python.framework/Versions/3.10/lib/python3.10/site-packages/airflow/example_dags/plugins/workday.py for tasks to queue
[2022-08-10 11:56:05,677] {logging_mixin.py:109} INFO - [2022-08-10 11:56:05,677] {dagbag.py:500} INFO - Filling up the DagBag from /Library/Frameworks/Python.framework/Versions/3.10/lib/python3.10/site-packages/airflow/example_dags/plugins/workday.py
[2022-08-10 11:56:05,677] {processor.py:654} WARNING - No viable dags retrieved from /Library/Frameworks/Python.framework/Versions/3.10/lib/python3.10/site-packages/airflow/example_dags/plugins/workday.py
[2022-08-10 11:56:05,685] {processor.py:171} INFO - Processing /Library/Frameworks/Python.framework/Versions/3.10/lib/python3.10/site-packages/airflow/example_dags/plugins/workday.py took 0.009 seconds
[2022-08-10 11:56:43,262] {processor.py:163} INFO - Started process (PID=68080) to work on /Library/Frameworks/Python.framework/Versions/3.10/lib/python3.10/site-packages/airflow/example_dags/plugins/workday.py
[2022-08-10 11:56:43,263] {processor.py:642} INFO - Processing file /Library/Frameworks/Python.framework/Versions/3.10/lib/python3.10/site-packages/airflow/example_dags/plugins/workday.py for tasks to queue
[2022-08-10 11:56:43,263] {logging_mixin.py:109} INFO - [2022-08-10 11:56:43,263] {dagbag.py:500} INFO - Filling up the DagBag from /Library/Frameworks/Python.framework/Versions/3.10/lib/python3.10/site-packages/airflow/example_dags/plugins/workday.py
[2022-08-10 11:56:43,264] {processor.py:654} WARNING - No viable dags retrieved from /Library/Frameworks/Python.framework/Versions/3.10/lib/python3.10/site-packages/airflow/example_dags/plugins/workday.py
[2022-08-10 11:56:43,271] {processor.py:171} INFO - Processing /Library/Frameworks/Python.framework/Versions/3.10/lib/python3.10/site-packages/airflow/example_dags/plugins/workday.py took 0.009 seconds
[2022-08-10 11:57:21,311] {processor.py:163} INFO - Started process (PID=68284) to work on /Library/Frameworks/Python.framework/Versions/3.10/lib/python3.10/site-packages/airflow/example_dags/plugins/workday.py
[2022-08-10 11:57:21,312] {processor.py:642} INFO - Processing file /Library/Frameworks/Python.framework/Versions/3.10/lib/python3.10/site-packages/airflow/example_dags/plugins/workday.py for tasks to queue
[2022-08-10 11:57:21,312] {logging_mixin.py:109} INFO - [2022-08-10 11:57:21,312] {dagbag.py:500} INFO - Filling up the DagBag from /Library/Frameworks/Python.framework/Versions/3.10/lib/python3.10/site-packages/airflow/example_dags/plugins/workday.py
[2022-08-10 11:57:21,312] {processor.py:654} WARNING - No viable dags retrieved from /Library/Frameworks/Python.framework/Versions/3.10/lib/python3.10/site-packages/airflow/example_dags/plugins/workday.py
[2022-08-10 11:57:21,320] {processor.py:171} INFO - Processing /Library/Frameworks/Python.framework/Versions/3.10/lib/python3.10/site-packages/airflow/example_dags/plugins/workday.py took 0.009 seconds
[2022-08-10 11:58:00,148] {processor.py:163} INFO - Started process (PID=68476) to work on /Library/Frameworks/Python.framework/Versions/3.10/lib/python3.10/site-packages/airflow/example_dags/plugins/workday.py
[2022-08-10 11:58:00,149] {processor.py:642} INFO - Processing file /Library/Frameworks/Python.framework/Versions/3.10/lib/python3.10/site-packages/airflow/example_dags/plugins/workday.py for tasks to queue
[2022-08-10 11:58:00,150] {logging_mixin.py:109} INFO - [2022-08-10 11:58:00,150] {dagbag.py:500} INFO - Filling up the DagBag from /Library/Frameworks/Python.framework/Versions/3.10/lib/python3.10/site-packages/airflow/example_dags/plugins/workday.py
[2022-08-10 11:58:00,150] {processor.py:654} WARNING - No viable dags retrieved from /Library/Frameworks/Python.framework/Versions/3.10/lib/python3.10/site-packages/airflow/example_dags/plugins/workday.py
[2022-08-10 11:58:00,157] {processor.py:171} INFO - Processing /Library/Frameworks/Python.framework/Versions/3.10/lib/python3.10/site-packages/airflow/example_dags/plugins/workday.py took 0.009 seconds
[2022-08-10 11:58:42,122] {processor.py:163} INFO - Started process (PID=68707) to work on /Library/Frameworks/Python.framework/Versions/3.10/lib/python3.10/site-packages/airflow/example_dags/plugins/workday.py
[2022-08-10 11:58:42,122] {processor.py:642} INFO - Processing file /Library/Frameworks/Python.framework/Versions/3.10/lib/python3.10/site-packages/airflow/example_dags/plugins/workday.py for tasks to queue
[2022-08-10 11:58:42,122] {logging_mixin.py:109} INFO - [2022-08-10 11:58:42,122] {dagbag.py:500} INFO - Filling up the DagBag from /Library/Frameworks/Python.framework/Versions/3.10/lib/python3.10/site-packages/airflow/example_dags/plugins/workday.py
[2022-08-10 11:58:42,123] {processor.py:654} WARNING - No viable dags retrieved from /Library/Frameworks/Python.framework/Versions/3.10/lib/python3.10/site-packages/airflow/example_dags/plugins/workday.py
[2022-08-10 11:58:42,130] {processor.py:171} INFO - Processing /Library/Frameworks/Python.framework/Versions/3.10/lib/python3.10/site-packages/airflow/example_dags/plugins/workday.py took 0.009 seconds
[2022-08-10 11:59:22,574] {processor.py:163} INFO - Started process (PID=68921) to work on /Library/Frameworks/Python.framework/Versions/3.10/lib/python3.10/site-packages/airflow/example_dags/plugins/workday.py
[2022-08-10 11:59:22,574] {processor.py:642} INFO - Processing file /Library/Frameworks/Python.framework/Versions/3.10/lib/python3.10/site-packages/airflow/example_dags/plugins/workday.py for tasks to queue
[2022-08-10 11:59:22,574] {logging_mixin.py:109} INFO - [2022-08-10 11:59:22,574] {dagbag.py:500} INFO - Filling up the DagBag from /Library/Frameworks/Python.framework/Versions/3.10/lib/python3.10/site-packages/airflow/example_dags/plugins/workday.py
[2022-08-10 11:59:22,574] {processor.py:654} WARNING - No viable dags retrieved from /Library/Frameworks/Python.framework/Versions/3.10/lib/python3.10/site-packages/airflow/example_dags/plugins/workday.py
[2022-08-10 11:59:22,582] {processor.py:171} INFO - Processing /Library/Frameworks/Python.framework/Versions/3.10/lib/python3.10/site-packages/airflow/example_dags/plugins/workday.py took 0.008 seconds
[2022-08-10 12:00:00,294] {processor.py:163} INFO - Started process (PID=69121) to work on /Library/Frameworks/Python.framework/Versions/3.10/lib/python3.10/site-packages/airflow/example_dags/plugins/workday.py
[2022-08-10 12:00:00,294] {processor.py:642} INFO - Processing file /Library/Frameworks/Python.framework/Versions/3.10/lib/python3.10/site-packages/airflow/example_dags/plugins/workday.py for tasks to queue
[2022-08-10 12:00:00,294] {logging_mixin.py:109} INFO - [2022-08-10 12:00:00,294] {dagbag.py:500} INFO - Filling up the DagBag from /Library/Frameworks/Python.framework/Versions/3.10/lib/python3.10/site-packages/airflow/example_dags/plugins/workday.py
[2022-08-10 12:00:00,295] {processor.py:654} WARNING - No viable dags retrieved from /Library/Frameworks/Python.framework/Versions/3.10/lib/python3.10/site-packages/airflow/example_dags/plugins/workday.py
[2022-08-10 12:00:00,302] {processor.py:171} INFO - Processing /Library/Frameworks/Python.framework/Versions/3.10/lib/python3.10/site-packages/airflow/example_dags/plugins/workday.py took 0.008 seconds
[2022-08-10 12:00:40,680] {processor.py:163} INFO - Started process (PID=69339) to work on /Library/Frameworks/Python.framework/Versions/3.10/lib/python3.10/site-packages/airflow/example_dags/plugins/workday.py
[2022-08-10 12:00:40,680] {processor.py:642} INFO - Processing file /Library/Frameworks/Python.framework/Versions/3.10/lib/python3.10/site-packages/airflow/example_dags/plugins/workday.py for tasks to queue
[2022-08-10 12:00:40,680] {logging_mixin.py:109} INFO - [2022-08-10 12:00:40,680] {dagbag.py:500} INFO - Filling up the DagBag from /Library/Frameworks/Python.framework/Versions/3.10/lib/python3.10/site-packages/airflow/example_dags/plugins/workday.py
[2022-08-10 12:00:40,681] {processor.py:654} WARNING - No viable dags retrieved from /Library/Frameworks/Python.framework/Versions/3.10/lib/python3.10/site-packages/airflow/example_dags/plugins/workday.py
[2022-08-10 12:00:40,689] {processor.py:171} INFO - Processing /Library/Frameworks/Python.framework/Versions/3.10/lib/python3.10/site-packages/airflow/example_dags/plugins/workday.py took 0.009 seconds
[2022-08-10 12:01:21,501] {processor.py:163} INFO - Started process (PID=69581) to work on /Library/Frameworks/Python.framework/Versions/3.10/lib/python3.10/site-packages/airflow/example_dags/plugins/workday.py
[2022-08-10 12:01:21,502] {processor.py:642} INFO - Processing file /Library/Frameworks/Python.framework/Versions/3.10/lib/python3.10/site-packages/airflow/example_dags/plugins/workday.py for tasks to queue
[2022-08-10 12:01:21,502] {logging_mixin.py:109} INFO - [2022-08-10 12:01:21,502] {dagbag.py:500} INFO - Filling up the DagBag from /Library/Frameworks/Python.framework/Versions/3.10/lib/python3.10/site-packages/airflow/example_dags/plugins/workday.py
[2022-08-10 12:01:21,502] {processor.py:654} WARNING - No viable dags retrieved from /Library/Frameworks/Python.framework/Versions/3.10/lib/python3.10/site-packages/airflow/example_dags/plugins/workday.py
[2022-08-10 12:01:21,510] {processor.py:171} INFO - Processing /Library/Frameworks/Python.framework/Versions/3.10/lib/python3.10/site-packages/airflow/example_dags/plugins/workday.py took 0.008 seconds
[2022-08-10 12:01:58,343] {processor.py:163} INFO - Started process (PID=69843) to work on /Library/Frameworks/Python.framework/Versions/3.10/lib/python3.10/site-packages/airflow/example_dags/plugins/workday.py
[2022-08-10 12:01:58,343] {processor.py:642} INFO - Processing file /Library/Frameworks/Python.framework/Versions/3.10/lib/python3.10/site-packages/airflow/example_dags/plugins/workday.py for tasks to queue
[2022-08-10 12:01:58,343] {logging_mixin.py:109} INFO - [2022-08-10 12:01:58,343] {dagbag.py:500} INFO - Filling up the DagBag from /Library/Frameworks/Python.framework/Versions/3.10/lib/python3.10/site-packages/airflow/example_dags/plugins/workday.py
[2022-08-10 12:01:58,344] {processor.py:654} WARNING - No viable dags retrieved from /Library/Frameworks/Python.framework/Versions/3.10/lib/python3.10/site-packages/airflow/example_dags/plugins/workday.py
[2022-08-10 12:01:58,351] {processor.py:171} INFO - Processing /Library/Frameworks/Python.framework/Versions/3.10/lib/python3.10/site-packages/airflow/example_dags/plugins/workday.py took 0.009 seconds
